#
# There is insufficient memory for the Java Runtime Environment to continue.
# Native memory allocation (malloc) failed to allocate 1048576 bytes for AllocateHeap
# Possible reasons:
#   The system is out of physical RAM or swap space
#   The process is running with CompressedOops enabled, and the Java Heap may be blocking the growth of the native heap
# Possible solutions:
#   Reduce memory load on the system
#   Increase physical memory or swap space
#   Check if swap backing store is full
#   Decrease Java heap size (-Xmx/-Xms)
#   Decrease number of Java threads
#   Decrease Java thread stack sizes (-Xss)
#   Set larger code cache with -XX:ReservedCodeCacheSize=
#   JVM is running with Zero Based Compressed Oops mode in which the Java heap is
#     placed in the first 32GB address space. The Java Heap base address is the
#     maximum limit for the native heap growth. Please use -XX:HeapBaseMinAddress
#     to set the Java Heap base and to place the Java Heap above 32GB virtual address.
# This output file may be truncated or incomplete.
#
#  Out of Memory Error (./open/src/hotspot/share/memory/allocation.cpp:44), pid=25204, tid=30680
#
# JRE version: OpenJDK Runtime Environment (15.0.2+7) (build 15.0.2+7-27)
# Java VM: OpenJDK 64-Bit Server VM (15.0.2+7-27, mixed mode, tiered, compressed oops, g1 gc, windows-amd64)
# No core dump will be written. Minidumps are not enabled by default on client versions of Windows
#

---------------  S U M M A R Y ------------

Command Line: -XX:+ShowCodeDetailsInExceptionMessages -agentlib:jdwp=transport=dt_socket,suspend=y,address=localhost:60550 -Xms512m -Xmx4096m -javaagent:C:\Users\Lukas\eclipse\java-2021-03\eclipse\configuration\org.eclipse.osgi\222\0\.cp\lib\javaagent-shaded.jar -Dfile.encoding=UTF-8 --module-path=C:\Users\Lukas\git\PlaneSpotter\src\libs\gson-2.8.6.jar;C:\Users\Lukas\Desktop\code\PlaneSpotter\src\libs\sqlite-jdbc-3.34.0.jar;C:\Users\Lukas\Desktop\code\mysql-connector-java-8.0.28.jar planespotter.TestMain

Host: AMD Ryzen 7 3800X 8-Core Processor             , 16 cores, 31G,  Windows 10 , 64 bit Build 19041 (10.0.19041.1202)
Time: Thu Apr  7 17:48:06 2022 Mitteleuropäische Sommerzeit elapsed time: 3275.811025 seconds (0d 0h 54m 35s)

---------------  T H R E A D  ---------------

Current thread (0x0000018f7fd8cae0):  VMThread "VM Thread" [stack: 0x00000052d4900000,0x00000052d4a00000] [id=30680]

Stack: [0x00000052d4900000,0x00000052d4a00000]
[error occurred during error reporting (printing stack bounds), id 0xc0000005, EXCEPTION_ACCESS_VIOLATION (0xc0000005) at pc=0x0000018f635210ad]

Native frames: (J=compiled Java code, j=interpreted, Vv=VM code, C=native code)
V  [jvm.dll+0x62ae9a]
V  [jvm.dll+0x7817a9]
V  [jvm.dll+0x782f03]
V  [jvm.dll+0x7834c5]
V  [jvm.dll+0x78347b]
V  [jvm.dll+0x62a2b9]
V  [jvm.dll+0x62aa88]
C  [ntdll.dll+0xa20cf]
C  [ntdll.dll+0x51454]
C  [ntdll.dll+0xa0bfe]
C  0x0000018f635210ad

VM_Operation (0x00000052d6afee20): G1CollectFull, mode: safepoint, requested by thread 0x0000018f01a025e0


---------------  P R O C E S S  ---------------

Threads class SMR info:
_java_thread_list=0x0000018f0b48b3f0, length=34, elements={
0x0000018f00923010, 0x0000018f009240d0, 0x0000018f009115c0, 0x0000018f00952e80,
0x0000018f00955b50, 0x0000018f0093ce10, 0x0000018f0095f720, 0x0000018f009703f0,
0x0000018f7fd35790, 0x0000018f00e06cd0, 0x0000018f010bf250, 0x0000018f010bf740,
0x0000018f011a5880, 0x0000018f019f7be0, 0x0000018f01a025e0, 0x0000018f01a02ec0,
0x0000018f01a048c0, 0x0000018f011807a0, 0x0000018f01180c70, 0x0000018f01a38cf0,
0x0000018f01962c80, 0x0000018f01961e10, 0x0000018f01960fa0, 0x0000018f01960600,
0x0000018f00ba18e0, 0x0000018f00b9fc00, 0x0000018f00ba1410, 0x0000018f00ba52a0,
0x0000018f00b9f260, 0x0000018f00ba5770, 0x0000018f011cd7a0, 0x0000018f00a61430,
0x0000018f00a61940, 0x0000018f00ba00d0
}

Java Threads: ( => current thread )
  0x0000018f00923010 JavaThread "Reference Handler" daemon [_thread_blocked, id=4672, stack(0x00000052d4a00000,0x00000052d4b00000)]
  0x0000018f009240d0 JavaThread "Finalizer" daemon [_thread_blocked, id=18896, stack(0x00000052d4b00000,0x00000052d4c00000)]
  0x0000018f009115c0 JavaThread "Signal Dispatcher" daemon [_thread_blocked, id=33796, stack(0x00000052d4c00000,0x00000052d4d00000)]
  0x0000018f00952e80 JavaThread "Attach Listener" daemon [_thread_blocked, id=12368, stack(0x00000052d4d00000,0x00000052d4e00000)]
  0x0000018f00955b50 JavaThread "Service Thread" daemon [_thread_blocked, id=34164, stack(0x00000052d4e00000,0x00000052d4f00000)]
  0x0000018f0093ce10 JavaThread "C2 CompilerThread0" daemon [_thread_blocked, id=29868, stack(0x00000052d4f00000,0x00000052d5000000)]
  0x0000018f0095f720 JavaThread "C1 CompilerThread0" daemon [_thread_blocked, id=20852, stack(0x00000052d5000000,0x00000052d5100000)]
  0x0000018f009703f0 JavaThread "Sweeper thread" daemon [_thread_blocked, id=20924, stack(0x00000052d5100000,0x00000052d5200000)]
  0x0000018f7fd35790 JavaThread "Common-Cleaner" daemon [_thread_blocked, id=24404, stack(0x00000052d5200000,0x00000052d5300000)]
  0x0000018f00e06cd0 JavaThread "JDWP Transport Listener: dt_socket" daemon [_thread_blocked, id=28652, stack(0x00000052d5900000,0x00000052d5a00000)]
  0x0000018f010bf250 JavaThread "JDWP Event Helper Thread" daemon [_thread_blocked, id=27816, stack(0x00000052d5a00000,0x00000052d5b00000)]
  0x0000018f010bf740 JavaThread "JDWP Command Reader" daemon [_thread_in_native, id=1496, stack(0x00000052d5b00000,0x00000052d5c00000)]
  0x0000018f011a5880 JavaThread "Notification Thread" daemon [_thread_blocked, id=25844, stack(0x00000052d5c00000,0x00000052d5d00000)]
  0x0000018f019f7be0 JavaThread "HttpClient-1-SelectorManager" daemon [_thread_in_native, id=22572, stack(0x00000052d6900000,0x00000052d6a00000)]
  0x0000018f01a025e0 JavaThread "pool-2-thread-1" [_thread_blocked, id=15588, stack(0x00000052d6a00000,0x00000052d6b00000)]
  0x0000018f01a02ec0 JavaThread "HttpClient-2-SelectorManager" daemon [_thread_in_native, id=7928, stack(0x00000052d6b00000,0x00000052d6c00000)]
  0x0000018f01a048c0 JavaThread "pool-2-thread-2" [_thread_blocked, id=13880, stack(0x00000052d6c00000,0x00000052d6d00000)]
  0x0000018f011807a0 JavaThread "HttpClient-3-SelectorManager" daemon [_thread_in_native, id=24308, stack(0x00000052d6d00000,0x00000052d6e00000)]
  0x0000018f01180c70 JavaThread "HttpClient-4-SelectorManager" daemon [_thread_in_native, id=652, stack(0x00000052d6e00000,0x00000052d6f00000)]
  0x0000018f01a38cf0 JavaThread "HttpClient-5-SelectorManager" daemon [_thread_in_native, id=8752, stack(0x00000052d6f00000,0x00000052d7000000)]
  0x0000018f01962c80 JavaThread "HttpClient-6-SelectorManager" daemon [_thread_in_native, id=14280, stack(0x00000052d7000000,0x00000052d7100000)]
  0x0000018f01961e10 JavaThread "HttpClient-7-SelectorManager" daemon [_thread_in_native, id=33140, stack(0x00000052d7100000,0x00000052d7200000)]
  0x0000018f01960fa0 JavaThread "DestroyJavaVM" [_thread_blocked, id=23840, stack(0x00000052d4300000,0x00000052d4400000)]
  0x0000018f01960600 JavaThread "mysql-cj-abandoned-connection-cleanup" daemon [_thread_blocked, id=35524, stack(0x00000052d7200000,0x00000052d7300000)]
  0x0000018f00ba18e0 JavaThread "HttpClient-5-Worker-18" daemon [_thread_blocked, id=34032, stack(0x00000052d4000000,0x00000052d4100000)]
  0x0000018f00b9fc00 JavaThread "HttpClient-7-Worker-16" daemon [_thread_blocked, id=14396, stack(0x00000052d4200000,0x00000052d4300000)]
  0x0000018f00ba1410 JavaThread "HttpClient-2-Worker-19" daemon [_thread_blocked, id=4144, stack(0x00000052d5500000,0x00000052d5600000)]
  0x0000018f00ba52a0 JavaThread "HttpClient-1-Worker-18" daemon [_thread_blocked, id=8264, stack(0x00000052d5300000,0x00000052d5400000)]
  0x0000018f00b9f260 JavaThread "HttpClient-3-Worker-20" daemon [_thread_blocked, id=20904, stack(0x00000052d5400000,0x00000052d5500000)]
  0x0000018f00ba5770 JavaThread "HttpClient-4-Worker-19" daemon [_thread_blocked, id=4932, stack(0x00000052d4100000,0x00000052d4200000)]
  0x0000018f011cd7a0 JavaThread "C1 CompilerThread1" daemon [_thread_blocked, id=16516, stack(0x00000052d5700000,0x00000052d5800000)]
  0x0000018f00a61430 JavaThread "C1 CompilerThread2" daemon [_thread_blocked, id=25712, stack(0x00000052d5800000,0x00000052d5900000)]
  0x0000018f00a61940 JavaThread "C1 CompilerThread3" daemon [_thread_blocked, id=6004, stack(0x00000052d7500000,0x00000052d7600000)]
  0x0000018f00ba00d0 JavaThread "HttpClient-6-Worker-20" daemon [_thread_blocked, id=23376, stack(0x00000052d5600000,0x00000052d5700000)]

Other Threads:
=>0x0000018f7fd8cae0 VMThread "VM Thread" [stack: 0x00000052d4900000,0x00000052d4a00000] [id=30680]
  0x0000018f5e319c10 WatcherThread [stack: 0x00000052d5d00000,0x00000052d5e00000] [id=33492]
  0x0000018f5e36cb30 GCTaskThread "GC Thread#0" [stack: 0x00000052d4400000,0x00000052d4500000] [id=23832]
  0x0000018f0115e370 GCTaskThread "GC Thread#1" [stack: 0x00000052d5e00000,0x00000052d5f00000] [id=32848]
  0x0000018f01a464e0 GCTaskThread "GC Thread#2" [stack: 0x00000052d5f00000,0x00000052d6000000] [id=22316]
  0x0000018f01a49180 GCTaskThread "GC Thread#3" [stack: 0x00000052d6000000,0x00000052d6100000] [id=31632]
  0x0000018f01a474d0 GCTaskThread "GC Thread#4" [stack: 0x00000052d6100000,0x00000052d6200000] [id=26632]
  0x0000018f01a48b20 GCTaskThread "GC Thread#5" [stack: 0x00000052d6200000,0x00000052d6300000] [id=34048]
  0x0000018f01a461b0 GCTaskThread "GC Thread#6" [stack: 0x00000052d6300000,0x00000052d6400000] [id=29228]
  0x0000018f01a47800 GCTaskThread "GC Thread#7" [stack: 0x00000052d6400000,0x00000052d6500000] [id=15116]
  0x0000018f01a45b50 GCTaskThread "GC Thread#8" [stack: 0x00000052d6500000,0x00000052d6600000] [id=13924]
  0x0000018f01a46810 GCTaskThread "GC Thread#9" [stack: 0x00000052d6600000,0x00000052d6700000] [id=25404]
  0x0000018f01a494b0 GCTaskThread "GC Thread#10" [stack: 0x00000052d6700000,0x00000052d6800000] [id=29964]
  0x0000018f01a48190 GCTaskThread "GC Thread#11" [stack: 0x00000052d6800000,0x00000052d6900000] [id=18476]
  0x0000018f5e37d960 ConcurrentGCThread "G1 Main Marker" [stack: 0x00000052d4500000,0x00000052d4600000] [id=17392]
  0x0000018f5e37e550 ConcurrentGCThread "G1 Conc#0" [stack: 0x00000052d4600000,0x00000052d4700000] [id=6700]
  0x0000018f01a46b40 ConcurrentGCThread "G1 Conc#1" [stack: 0x00000052d7300000,0x00000052d7400000] [id=31592]
  0x0000018f01a487f0 ConcurrentGCThread "G1 Conc#2" [stack: 0x00000052d7400000,0x00000052d7500000] [id=33072]
  0x0000018f5e3ee830 ConcurrentGCThread "G1 Refine#0" [stack: 0x00000052d4700000,0x00000052d4800000] [id=34908]
  0x0000018f7fca0a10 ConcurrentGCThread "G1 Young RemSet Sampling" [stack: 0x00000052d4800000,0x00000052d4900000] [id=27540]

Threads with active compile tasks:

VM state: at safepoint (normal execution)

VM Mutex/Monitor currently owned by a thread:  ([mutex/lock_event])
[0x0000018f5e3159e0] Threads_lock - owner thread: 0x0000018f7fd8cae0
[0x0000018f5e314990] Heap_lock - owner thread: 0x0000018f01a025e0

Heap address: 0x0000000700000000, size: 4096 MB, Compressed Oops mode: Zero based, Oop shift amount: 3
CDS disabled.
Compressed class space mapped at: 0x0000000800000000-0x0000000840000000, size: 1073741824
Narrow klass base: 0x0000000800000000, Narrow klass shift: 0, Narrow klass range: 0x40000000

GC Precious Log:
 CPUs: 16 total, 16 available
 Memory: 32677M
 Large Page Support: Disabled
 NUMA Support: Disabled
 Compressed Oops: Enabled (Zero based)
 Heap Region Size: 2M
 Heap Min Capacity: 512M
 Heap Initial Capacity: 512M
 Heap Max Capacity: 4G
 Pre-touch: Disabled
 Parallel Workers: 13
 Concurrent Workers: 3
 Concurrent Refinement Workers: 13
 Periodic GC: Disabled

Heap:
 garbage-first heap   total 524288K, used 30431K [0x0000000700000000, 0x0000000800000000)
  region size 2048K, 4 young (8192K), 0 survivors (0K)
 Metaspace       used 22771K, capacity 23089K, committed 23472K, reserved 1071104K
  class space    used 2085K, capacity 2192K, committed 2304K, reserved 1048576K

Heap Regions: E=young(eden), S=young(survivor), O=old, HS=humongous(starts), HC=humongous(continues), CS=collection set, F=free, OA=open archive, CA=closed archive, TAMS=top-at-mark-start (previous, next)
|   0|0x0000000700000000, 0x00000007001f9d98, 0x0000000700200000| 98%| O|  |TAMS 0x0000000700000000, 0x0000000700000000| Untracked 
|   1|0x0000000700200000, 0x00000007003386e0, 0x0000000700400000| 61%| O|  |TAMS 0x0000000700200000, 0x0000000700200000| Untracked 
|   2|0x0000000700400000, 0x0000000700406d78, 0x0000000700600000|  1%| O|  |TAMS 0x0000000700400000, 0x0000000700400000| Untracked 
|   3|0x0000000700600000, 0x000000070060ec88, 0x0000000700800000|  2%| O|  |TAMS 0x0000000700600000, 0x0000000700600000| Untracked 
|   4|0x0000000700800000, 0x000000070081d978, 0x0000000700a00000|  5%| O|  |TAMS 0x0000000700800000, 0x0000000700800000| Untracked 
|   5|0x0000000700a00000, 0x0000000700a1ee40, 0x0000000700c00000|  6%| O|  |TAMS 0x0000000700a00000, 0x0000000700a00000| Untracked 
|   6|0x0000000700c00000, 0x0000000700df01f0, 0x0000000700e00000| 96%| O|  |TAMS 0x0000000700c00000, 0x0000000700c00000| Untracked 
|   7|0x0000000700e00000, 0x0000000700e1daf0, 0x0000000701000000|  5%| O|  |TAMS 0x0000000700e00000, 0x0000000700e00000| Untracked 
|   8|0x0000000701000000, 0x000000070100a138, 0x0000000701200000|  1%| O|  |TAMS 0x0000000701000000, 0x0000000701000000| Untracked 
|   9|0x0000000701200000, 0x0000000701214178, 0x0000000701400000|  3%| O|  |TAMS 0x0000000701200000, 0x0000000701200000| Untracked 
|  10|0x0000000701400000, 0x00000007014055a8, 0x0000000701600000|  1%| O|  |TAMS 0x0000000701400000, 0x0000000701400000| Untracked 
|  11|0x0000000701600000, 0x0000000701602468, 0x0000000701800000|  0%| O|  |TAMS 0x0000000701600000, 0x0000000701600000| Untracked 
|  12|0x0000000701800000, 0x0000000701a00000, 0x0000000701a00000|100%|HS|  |TAMS 0x0000000701800000, 0x0000000701800000| Complete 
|  13|0x0000000701a00000, 0x0000000701c00000, 0x0000000701c00000|100%|HC|  |TAMS 0x0000000701a00000, 0x0000000701a00000| Complete 
|  14|0x0000000701c00000, 0x0000000701e00000, 0x0000000701e00000|100%|HC|  |TAMS 0x0000000701c00000, 0x0000000701c00000| Complete 
|  15|0x0000000701e00000, 0x0000000702000000, 0x0000000702000000|100%|HC|  |TAMS 0x0000000701e00000, 0x0000000701e00000| Complete 
|  16|0x0000000702000000, 0x0000000702200000, 0x0000000702200000|100%|HC|  |TAMS 0x0000000702000000, 0x0000000702000000| Complete 
|  17|0x0000000702200000, 0x0000000702400000, 0x0000000702400000|100%|HC|  |TAMS 0x0000000702200000, 0x0000000702200000| Complete 
|  18|0x0000000702400000, 0x0000000702600000, 0x0000000702600000|100%|HC|  |TAMS 0x0000000702400000, 0x0000000702400000| Complete 
|  19|0x0000000702600000, 0x0000000702800000, 0x0000000702800000|100%|HC|  |TAMS 0x0000000702600000, 0x0000000702600000| Complete 
|  20|0x0000000702800000, 0x0000000702a00000, 0x0000000702a00000|100%|HC|  |TAMS 0x0000000702800000, 0x0000000702800000| Complete 
|  21|0x0000000702a00000, 0x0000000702a00000, 0x0000000702c00000|  0%| F|  |TAMS 0x0000000702a00000, 0x0000000702a00000| Untracked 
|  22|0x0000000702c00000, 0x0000000702c00000, 0x0000000702e00000|  0%| F|  |TAMS 0x0000000702c00000, 0x0000000702c00000| Untracked 
|  23|0x0000000702e00000, 0x0000000702e00000, 0x0000000703000000|  0%| F|  |TAMS 0x0000000702e00000, 0x0000000702e00000| Untracked 
|  24|0x0000000703000000, 0x0000000703000000, 0x0000000703200000|  0%| F|  |TAMS 0x0000000703000000, 0x0000000703000000| Untracked 
|  25|0x0000000703200000, 0x0000000703200000, 0x0000000703400000|  0%| F|  |TAMS 0x0000000703200000, 0x0000000703200000| Untracked 
|  26|0x0000000703400000, 0x0000000703400000, 0x0000000703600000|  0%| F|  |TAMS 0x0000000703400000, 0x0000000703400000| Untracked 
|  27|0x0000000703600000, 0x0000000703600000, 0x0000000703800000|  0%| F|  |TAMS 0x0000000703600000, 0x0000000703600000| Untracked 
|  28|0x0000000703800000, 0x0000000703800000, 0x0000000703a00000|  0%| F|  |TAMS 0x0000000703800000, 0x0000000703800000| Untracked 
|  29|0x0000000703a00000, 0x0000000703a00000, 0x0000000703c00000|  0%| F|  |TAMS 0x0000000703a00000, 0x0000000703a00000| Untracked 
|  30|0x0000000703c00000, 0x0000000703c00000, 0x0000000703e00000|  0%| F|  |TAMS 0x0000000703c00000, 0x0000000703c00000| Untracked 
|  31|0x0000000703e00000, 0x0000000703e00000, 0x0000000704000000|  0%| F|  |TAMS 0x0000000703e00000, 0x0000000703e00000| Untracked 
|  32|0x0000000704000000, 0x0000000704000000, 0x0000000704200000|  0%| F|  |TAMS 0x0000000704000000, 0x0000000704000000| Untracked 
|  33|0x0000000704200000, 0x0000000704200000, 0x0000000704400000|  0%| F|  |TAMS 0x0000000704200000, 0x0000000704200000| Untracked 
|  34|0x0000000704400000, 0x0000000704400000, 0x0000000704600000|  0%| F|  |TAMS 0x0000000704400000, 0x0000000704400000| Untracked 
|  35|0x0000000704600000, 0x0000000704600000, 0x0000000704800000|  0%| F|  |TAMS 0x0000000704600000, 0x0000000704600000| Untracked 
|  36|0x0000000704800000, 0x0000000704800000, 0x0000000704a00000|  0%| F|  |TAMS 0x0000000704800000, 0x0000000704800000| Untracked 
|  37|0x0000000704a00000, 0x0000000704a00000, 0x0000000704c00000|  0%| F|  |TAMS 0x0000000704a00000, 0x0000000704a00000| Untracked 
|  38|0x0000000704c00000, 0x0000000704c00000, 0x0000000704e00000|  0%| F|  |TAMS 0x0000000704c00000, 0x0000000704c00000| Untracked 
|  39|0x0000000704e00000, 0x0000000704e00000, 0x0000000705000000|  0%| F|  |TAMS 0x0000000704e00000, 0x0000000704e00000| Untracked 
|  40|0x0000000705000000, 0x0000000705000000, 0x0000000705200000|  0%| F|  |TAMS 0x0000000705000000, 0x0000000705000000| Untracked 
|  41|0x0000000705200000, 0x0000000705200000, 0x0000000705400000|  0%| F|  |TAMS 0x0000000705200000, 0x0000000705200000| Untracked 
|  42|0x0000000705400000, 0x0000000705400000, 0x0000000705600000|  0%| F|  |TAMS 0x0000000705400000, 0x0000000705400000| Untracked 
|  43|0x0000000705600000, 0x0000000705600000, 0x0000000705800000|  0%| F|  |TAMS 0x0000000705600000, 0x0000000705600000| Untracked 
|  44|0x0000000705800000, 0x0000000705800000, 0x0000000705a00000|  0%| F|  |TAMS 0x0000000705800000, 0x0000000705800000| Untracked 
|  45|0x0000000705a00000, 0x0000000705a00000, 0x0000000705c00000|  0%| F|  |TAMS 0x0000000705a00000, 0x0000000705a00000| Untracked 
|  46|0x0000000705c00000, 0x0000000705c00000, 0x0000000705e00000|  0%| F|  |TAMS 0x0000000705c00000, 0x0000000705c00000| Untracked 
|  47|0x0000000705e00000, 0x0000000705e00000, 0x0000000706000000|  0%| F|  |TAMS 0x0000000705e00000, 0x0000000705e00000| Untracked 
|  48|0x0000000706000000, 0x0000000706000000, 0x0000000706200000|  0%| F|  |TAMS 0x0000000706000000, 0x0000000706000000| Untracked 
|  49|0x0000000706200000, 0x0000000706200000, 0x0000000706400000|  0%| F|  |TAMS 0x0000000706200000, 0x0000000706200000| Untracked 
|  50|0x0000000706400000, 0x0000000706400000, 0x0000000706600000|  0%| F|  |TAMS 0x0000000706400000, 0x0000000706400000| Untracked 
|  51|0x0000000706600000, 0x0000000706600000, 0x0000000706800000|  0%| F|  |TAMS 0x0000000706600000, 0x0000000706600000| Untracked 
|  52|0x0000000706800000, 0x0000000706800000, 0x0000000706a00000|  0%| F|  |TAMS 0x0000000706800000, 0x0000000706800000| Untracked 
|  53|0x0000000706a00000, 0x0000000706a00000, 0x0000000706c00000|  0%| F|  |TAMS 0x0000000706a00000, 0x0000000706a00000| Untracked 
|  54|0x0000000706c00000, 0x0000000706c00000, 0x0000000706e00000|  0%| F|  |TAMS 0x0000000706c00000, 0x0000000706c00000| Untracked 
|  55|0x0000000706e00000, 0x0000000706e00000, 0x0000000707000000|  0%| F|  |TAMS 0x0000000706e00000, 0x0000000706e00000| Untracked 
|  56|0x0000000707000000, 0x0000000707000000, 0x0000000707200000|  0%| F|  |TAMS 0x0000000707000000, 0x0000000707000000| Untracked 
|  57|0x0000000707200000, 0x0000000707200000, 0x0000000707400000|  0%| F|  |TAMS 0x0000000707200000, 0x0000000707200000| Untracked 
|  58|0x0000000707400000, 0x0000000707400000, 0x0000000707600000|  0%| F|  |TAMS 0x0000000707400000, 0x0000000707400000| Untracked 
|  59|0x0000000707600000, 0x0000000707600000, 0x0000000707800000|  0%| F|  |TAMS 0x0000000707600000, 0x0000000707600000| Untracked 
|  60|0x0000000707800000, 0x0000000707800000, 0x0000000707a00000|  0%| F|  |TAMS 0x0000000707800000, 0x0000000707800000| Untracked 
|  61|0x0000000707a00000, 0x0000000707a00000, 0x0000000707c00000|  0%| F|  |TAMS 0x0000000707a00000, 0x0000000707a00000| Untracked 
|  62|0x0000000707c00000, 0x0000000707c00000, 0x0000000707e00000|  0%| F|  |TAMS 0x0000000707c00000, 0x0000000707c00000| Untracked 
|  63|0x0000000707e00000, 0x0000000707e00000, 0x0000000708000000|  0%| F|  |TAMS 0x0000000707e00000, 0x0000000707e00000| Untracked 
|  64|0x0000000708000000, 0x0000000708000000, 0x0000000708200000|  0%| F|  |TAMS 0x0000000708000000, 0x0000000708000000| Untracked 
|  65|0x0000000708200000, 0x0000000708200000, 0x0000000708400000|  0%| F|  |TAMS 0x0000000708200000, 0x0000000708200000| Untracked 
|  66|0x0000000708400000, 0x0000000708400000, 0x0000000708600000|  0%| F|  |TAMS 0x0000000708400000, 0x0000000708400000| Untracked 
|  67|0x0000000708600000, 0x0000000708600000, 0x0000000708800000|  0%| F|  |TAMS 0x0000000708600000, 0x0000000708600000| Untracked 
|  68|0x0000000708800000, 0x0000000708800000, 0x0000000708a00000|  0%| F|  |TAMS 0x0000000708800000, 0x0000000708800000| Untracked 
|  69|0x0000000708a00000, 0x0000000708a00000, 0x0000000708c00000|  0%| F|  |TAMS 0x0000000708a00000, 0x0000000708a00000| Untracked 
|  70|0x0000000708c00000, 0x0000000708c00000, 0x0000000708e00000|  0%| F|  |TAMS 0x0000000708c00000, 0x0000000708c00000| Untracked 
|  71|0x0000000708e00000, 0x0000000708e00000, 0x0000000709000000|  0%| F|  |TAMS 0x0000000708e00000, 0x0000000708e00000| Untracked 
|  72|0x0000000709000000, 0x0000000709000000, 0x0000000709200000|  0%| F|  |TAMS 0x0000000709000000, 0x0000000709000000| Untracked 
|  73|0x0000000709200000, 0x0000000709200000, 0x0000000709400000|  0%| F|  |TAMS 0x0000000709200000, 0x0000000709200000| Untracked 
|  74|0x0000000709400000, 0x0000000709400000, 0x0000000709600000|  0%| F|  |TAMS 0x0000000709400000, 0x0000000709400000| Untracked 
|  75|0x0000000709600000, 0x0000000709600000, 0x0000000709800000|  0%| F|  |TAMS 0x0000000709600000, 0x0000000709600000| Untracked 
|  76|0x0000000709800000, 0x0000000709800000, 0x0000000709a00000|  0%| F|  |TAMS 0x0000000709800000, 0x0000000709800000| Untracked 
|  77|0x0000000709a00000, 0x0000000709a00000, 0x0000000709c00000|  0%| F|  |TAMS 0x0000000709a00000, 0x0000000709a00000| Untracked 
|  78|0x0000000709c00000, 0x0000000709c00000, 0x0000000709e00000|  0%| F|  |TAMS 0x0000000709c00000, 0x0000000709c00000| Untracked 
|  79|0x0000000709e00000, 0x0000000709e00000, 0x000000070a000000|  0%| F|  |TAMS 0x0000000709e00000, 0x0000000709e00000| Untracked 
|  80|0x000000070a000000, 0x000000070a000000, 0x000000070a200000|  0%| F|  |TAMS 0x000000070a000000, 0x000000070a000000| Untracked 
|  81|0x000000070a200000, 0x000000070a200000, 0x000000070a400000|  0%| F|  |TAMS 0x000000070a200000, 0x000000070a200000| Untracked 
|  82|0x000000070a400000, 0x000000070a400000, 0x000000070a600000|  0%| F|  |TAMS 0x000000070a400000, 0x000000070a400000| Untracked 
|  83|0x000000070a600000, 0x000000070a600000, 0x000000070a800000|  0%| F|  |TAMS 0x000000070a600000, 0x000000070a600000| Untracked 
|  84|0x000000070a800000, 0x000000070a800000, 0x000000070aa00000|  0%| F|  |TAMS 0x000000070a800000, 0x000000070a800000| Untracked 
|  85|0x000000070aa00000, 0x000000070aa00000, 0x000000070ac00000|  0%| F|  |TAMS 0x000000070aa00000, 0x000000070aa00000| Untracked 
|  86|0x000000070ac00000, 0x000000070ac00000, 0x000000070ae00000|  0%| F|  |TAMS 0x000000070ac00000, 0x000000070ac00000| Untracked 
|  87|0x000000070ae00000, 0x000000070ae00000, 0x000000070b000000|  0%| F|  |TAMS 0x000000070ae00000, 0x000000070ae00000| Untracked 
|  88|0x000000070b000000, 0x000000070b000000, 0x000000070b200000|  0%| F|  |TAMS 0x000000070b000000, 0x000000070b000000| Untracked 
|  89|0x000000070b200000, 0x000000070b200000, 0x000000070b400000|  0%| F|  |TAMS 0x000000070b200000, 0x000000070b200000| Untracked 
|  90|0x000000070b400000, 0x000000070b400000, 0x000000070b600000|  0%| F|  |TAMS 0x000000070b400000, 0x000000070b400000| Untracked 
|  91|0x000000070b600000, 0x000000070b600000, 0x000000070b800000|  0%| F|  |TAMS 0x000000070b600000, 0x000000070b600000| Untracked 
|  92|0x000000070b800000, 0x000000070b800000, 0x000000070ba00000|  0%| F|  |TAMS 0x000000070b800000, 0x000000070b800000| Untracked 
|  93|0x000000070ba00000, 0x000000070ba00000, 0x000000070bc00000|  0%| F|  |TAMS 0x000000070ba00000, 0x000000070ba00000| Untracked 
|  94|0x000000070bc00000, 0x000000070bc00000, 0x000000070be00000|  0%| F|  |TAMS 0x000000070bc00000, 0x000000070bc00000| Untracked 
|  95|0x000000070be00000, 0x000000070be00000, 0x000000070c000000|  0%| F|  |TAMS 0x000000070be00000, 0x000000070be00000| Untracked 
|  96|0x000000070c000000, 0x000000070c000000, 0x000000070c200000|  0%| F|  |TAMS 0x000000070c000000, 0x000000070c000000| Untracked 
|  97|0x000000070c200000, 0x000000070c200000, 0x000000070c400000|  0%| F|  |TAMS 0x000000070c200000, 0x000000070c200000| Untracked 
|  98|0x000000070c400000, 0x000000070c400000, 0x000000070c600000|  0%| F|  |TAMS 0x000000070c400000, 0x000000070c400000| Untracked 
|  99|0x000000070c600000, 0x000000070c600000, 0x000000070c800000|  0%| F|  |TAMS 0x000000070c600000, 0x000000070c600000| Untracked 
| 100|0x000000070c800000, 0x000000070c800000, 0x000000070ca00000|  0%| F|  |TAMS 0x000000070c800000, 0x000000070c800000| Untracked 
| 101|0x000000070ca00000, 0x000000070ca00000, 0x000000070cc00000|  0%| F|  |TAMS 0x000000070ca00000, 0x000000070ca00000| Untracked 
| 102|0x000000070cc00000, 0x000000070cc00000, 0x000000070ce00000|  0%| F|  |TAMS 0x000000070cc00000, 0x000000070cc00000| Untracked 
| 103|0x000000070ce00000, 0x000000070ce00000, 0x000000070d000000|  0%| F|  |TAMS 0x000000070ce00000, 0x000000070ce00000| Untracked 
| 104|0x000000070d000000, 0x000000070d000000, 0x000000070d200000|  0%| F|  |TAMS 0x000000070d000000, 0x000000070d000000| Untracked 
| 105|0x000000070d200000, 0x000000070d200000, 0x000000070d400000|  0%| F|  |TAMS 0x000000070d200000, 0x000000070d200000| Untracked 
| 106|0x000000070d400000, 0x000000070d400000, 0x000000070d600000|  0%| F|  |TAMS 0x000000070d400000, 0x000000070d400000| Untracked 
| 107|0x000000070d600000, 0x000000070d600000, 0x000000070d800000|  0%| F|  |TAMS 0x000000070d600000, 0x000000070d600000| Untracked 
| 108|0x000000070d800000, 0x000000070d800000, 0x000000070da00000|  0%| F|  |TAMS 0x000000070d800000, 0x000000070d800000| Untracked 
| 109|0x000000070da00000, 0x000000070da00000, 0x000000070dc00000|  0%| F|  |TAMS 0x000000070da00000, 0x000000070da00000| Untracked 
| 110|0x000000070dc00000, 0x000000070dc00000, 0x000000070de00000|  0%| F|  |TAMS 0x000000070dc00000, 0x000000070dc00000| Untracked 
| 111|0x000000070de00000, 0x000000070de00000, 0x000000070e000000|  0%| F|  |TAMS 0x000000070de00000, 0x000000070de00000| Untracked 
| 112|0x000000070e000000, 0x000000070e000000, 0x000000070e200000|  0%| F|  |TAMS 0x000000070e000000, 0x000000070e000000| Untracked 
| 113|0x000000070e200000, 0x000000070e200000, 0x000000070e400000|  0%| F|  |TAMS 0x000000070e200000, 0x000000070e200000| Untracked 
| 114|0x000000070e400000, 0x000000070e400000, 0x000000070e600000|  0%| F|  |TAMS 0x000000070e400000, 0x000000070e400000| Untracked 
| 115|0x000000070e600000, 0x000000070e600000, 0x000000070e800000|  0%| F|  |TAMS 0x000000070e600000, 0x000000070e600000| Untracked 
| 116|0x000000070e800000, 0x000000070e800000, 0x000000070ea00000|  0%| F|  |TAMS 0x000000070e800000, 0x000000070e800000| Untracked 
| 117|0x000000070ea00000, 0x000000070ea00000, 0x000000070ec00000|  0%| F|  |TAMS 0x000000070ea00000, 0x000000070ea00000| Untracked 
| 118|0x000000070ec00000, 0x000000070ec00000, 0x000000070ee00000|  0%| F|  |TAMS 0x000000070ec00000, 0x000000070ec00000| Untracked 
| 119|0x000000070ee00000, 0x000000070ee00000, 0x000000070f000000|  0%| F|  |TAMS 0x000000070ee00000, 0x000000070ee00000| Untracked 
| 120|0x000000070f000000, 0x000000070f000000, 0x000000070f200000|  0%| F|  |TAMS 0x000000070f000000, 0x000000070f000000| Untracked 
| 121|0x000000070f200000, 0x000000070f200000, 0x000000070f400000|  0%| F|  |TAMS 0x000000070f200000, 0x000000070f200000| Untracked 
| 122|0x000000070f400000, 0x000000070f400000, 0x000000070f600000|  0%| F|  |TAMS 0x000000070f400000, 0x000000070f400000| Untracked 
| 123|0x000000070f600000, 0x000000070f600000, 0x000000070f800000|  0%| F|  |TAMS 0x000000070f600000, 0x000000070f600000| Untracked 
| 124|0x000000070f800000, 0x000000070f800000, 0x000000070fa00000|  0%| F|  |TAMS 0x000000070f800000, 0x000000070f800000| Untracked 
| 125|0x000000070fa00000, 0x000000070fa00000, 0x000000070fc00000|  0%| F|  |TAMS 0x000000070fa00000, 0x000000070fa00000| Untracked 
| 126|0x000000070fc00000, 0x000000070fc00000, 0x000000070fe00000|  0%| F|  |TAMS 0x000000070fc00000, 0x000000070fc00000| Untracked 
| 127|0x000000070fe00000, 0x000000070fe00000, 0x0000000710000000|  0%| F|  |TAMS 0x000000070fe00000, 0x000000070fe00000| Untracked 
| 128|0x0000000710000000, 0x0000000710000000, 0x0000000710200000|  0%| F|  |TAMS 0x0000000710000000, 0x0000000710000000| Untracked 
| 129|0x0000000710200000, 0x0000000710200000, 0x0000000710400000|  0%| F|  |TAMS 0x0000000710200000, 0x0000000710200000| Untracked 
| 130|0x0000000710400000, 0x0000000710400000, 0x0000000710600000|  0%| F|  |TAMS 0x0000000710400000, 0x0000000710400000| Untracked 
| 131|0x0000000710600000, 0x0000000710600000, 0x0000000710800000|  0%| F|  |TAMS 0x0000000710600000, 0x0000000710600000| Untracked 
| 132|0x0000000710800000, 0x0000000710800000, 0x0000000710a00000|  0%| F|  |TAMS 0x0000000710800000, 0x0000000710800000| Untracked 
| 133|0x0000000710a00000, 0x0000000710a00000, 0x0000000710c00000|  0%| F|  |TAMS 0x0000000710a00000, 0x0000000710a00000| Untracked 
| 134|0x0000000710c00000, 0x0000000710c00000, 0x0000000710e00000|  0%| F|  |TAMS 0x0000000710c00000, 0x0000000710c00000| Untracked 
| 135|0x0000000710e00000, 0x0000000710e00000, 0x0000000711000000|  0%| F|  |TAMS 0x0000000710e00000, 0x0000000710e00000| Untracked 
| 136|0x0000000711000000, 0x0000000711000000, 0x0000000711200000|  0%| F|  |TAMS 0x0000000711000000, 0x0000000711000000| Untracked 
| 137|0x0000000711200000, 0x0000000711200000, 0x0000000711400000|  0%| F|  |TAMS 0x0000000711200000, 0x0000000711200000| Untracked 
| 138|0x0000000711400000, 0x0000000711400000, 0x0000000711600000|  0%| F|  |TAMS 0x0000000711400000, 0x0000000711400000| Untracked 
| 139|0x0000000711600000, 0x0000000711600000, 0x0000000711800000|  0%| F|  |TAMS 0x0000000711600000, 0x0000000711600000| Untracked 
| 140|0x0000000711800000, 0x0000000711800000, 0x0000000711a00000|  0%| F|  |TAMS 0x0000000711800000, 0x0000000711800000| Untracked 
| 141|0x0000000711a00000, 0x0000000711a00000, 0x0000000711c00000|  0%| F|  |TAMS 0x0000000711a00000, 0x0000000711a00000| Untracked 
| 142|0x0000000711c00000, 0x0000000711c00000, 0x0000000711e00000|  0%| F|  |TAMS 0x0000000711c00000, 0x0000000711c00000| Untracked 
| 143|0x0000000711e00000, 0x0000000711e00000, 0x0000000712000000|  0%| F|  |TAMS 0x0000000711e00000, 0x0000000711e00000| Untracked 
| 144|0x0000000712000000, 0x0000000712000000, 0x0000000712200000|  0%| F|  |TAMS 0x0000000712000000, 0x0000000712000000| Untracked 
| 145|0x0000000712200000, 0x0000000712200000, 0x0000000712400000|  0%| F|  |TAMS 0x0000000712200000, 0x0000000712200000| Untracked 
| 146|0x0000000712400000, 0x0000000712400000, 0x0000000712600000|  0%| F|  |TAMS 0x0000000712400000, 0x0000000712400000| Untracked 
| 147|0x0000000712600000, 0x0000000712600000, 0x0000000712800000|  0%| F|  |TAMS 0x0000000712600000, 0x0000000712600000| Untracked 
| 148|0x0000000712800000, 0x0000000712800000, 0x0000000712a00000|  0%| F|  |TAMS 0x0000000712800000, 0x0000000712800000| Untracked 
| 149|0x0000000712a00000, 0x0000000712a00000, 0x0000000712c00000|  0%| F|  |TAMS 0x0000000712a00000, 0x0000000712a00000| Untracked 
| 150|0x0000000712c00000, 0x0000000712c00000, 0x0000000712e00000|  0%| F|  |TAMS 0x0000000712c00000, 0x0000000712c00000| Untracked 
| 151|0x0000000712e00000, 0x0000000712e00000, 0x0000000713000000|  0%| F|  |TAMS 0x0000000712e00000, 0x0000000712e00000| Untracked 
| 152|0x0000000713000000, 0x0000000713000000, 0x0000000713200000|  0%| F|  |TAMS 0x0000000713000000, 0x0000000713000000| Untracked 
| 153|0x0000000713200000, 0x0000000713200000, 0x0000000713400000|  0%| F|  |TAMS 0x0000000713200000, 0x0000000713200000| Untracked 
| 154|0x0000000713400000, 0x0000000713400000, 0x0000000713600000|  0%| F|  |TAMS 0x0000000713400000, 0x0000000713400000| Untracked 
| 155|0x0000000713600000, 0x0000000713600000, 0x0000000713800000|  0%| F|  |TAMS 0x0000000713600000, 0x0000000713600000| Untracked 
| 156|0x0000000713800000, 0x0000000713800000, 0x0000000713a00000|  0%| F|  |TAMS 0x0000000713800000, 0x0000000713800000| Untracked 
| 157|0x0000000713a00000, 0x0000000713a00000, 0x0000000713c00000|  0%| F|  |TAMS 0x0000000713a00000, 0x0000000713a00000| Untracked 
| 158|0x0000000713c00000, 0x0000000713c00000, 0x0000000713e00000|  0%| F|  |TAMS 0x0000000713c00000, 0x0000000713c00000| Untracked 
| 159|0x0000000713e00000, 0x0000000713e00000, 0x0000000714000000|  0%| F|  |TAMS 0x0000000713e00000, 0x0000000713e00000| Untracked 
| 160|0x0000000714000000, 0x0000000714000000, 0x0000000714200000|  0%| F|  |TAMS 0x0000000714000000, 0x0000000714000000| Untracked 
| 161|0x0000000714200000, 0x0000000714200000, 0x0000000714400000|  0%| F|  |TAMS 0x0000000714200000, 0x0000000714200000| Untracked 
| 162|0x0000000714400000, 0x0000000714400000, 0x0000000714600000|  0%| F|  |TAMS 0x0000000714400000, 0x0000000714400000| Untracked 
| 163|0x0000000714600000, 0x0000000714600000, 0x0000000714800000|  0%| F|  |TAMS 0x0000000714600000, 0x0000000714600000| Untracked 
| 164|0x0000000714800000, 0x0000000714800000, 0x0000000714a00000|  0%| F|  |TAMS 0x0000000714800000, 0x0000000714800000| Untracked 
| 165|0x0000000714a00000, 0x0000000714a00000, 0x0000000714c00000|  0%| F|  |TAMS 0x0000000714a00000, 0x0000000714a00000| Untracked 
| 166|0x0000000714c00000, 0x0000000714c00000, 0x0000000714e00000|  0%| F|  |TAMS 0x0000000714c00000, 0x0000000714c00000| Untracked 
| 167|0x0000000714e00000, 0x0000000714e00000, 0x0000000715000000|  0%| F|  |TAMS 0x0000000714e00000, 0x0000000714e00000| Untracked 
| 168|0x0000000715000000, 0x0000000715000000, 0x0000000715200000|  0%| F|  |TAMS 0x0000000715000000, 0x0000000715000000| Untracked 
| 169|0x0000000715200000, 0x0000000715200000, 0x0000000715400000|  0%| F|  |TAMS 0x0000000715200000, 0x0000000715200000| Untracked 
| 170|0x0000000715400000, 0x0000000715400000, 0x0000000715600000|  0%| F|  |TAMS 0x0000000715400000, 0x0000000715400000| Untracked 
| 171|0x0000000715600000, 0x0000000715600000, 0x0000000715800000|  0%| F|  |TAMS 0x0000000715600000, 0x0000000715600000| Untracked 
| 172|0x0000000715800000, 0x0000000715800000, 0x0000000715a00000|  0%| F|  |TAMS 0x0000000715800000, 0x0000000715800000| Untracked 
| 173|0x0000000715a00000, 0x0000000715a00000, 0x0000000715c00000|  0%| F|  |TAMS 0x0000000715a00000, 0x0000000715a00000| Untracked 
| 174|0x0000000715c00000, 0x0000000715c00000, 0x0000000715e00000|  0%| F|  |TAMS 0x0000000715c00000, 0x0000000715c00000| Untracked 
| 175|0x0000000715e00000, 0x0000000715e00000, 0x0000000716000000|  0%| F|  |TAMS 0x0000000715e00000, 0x0000000715e00000| Untracked 
| 176|0x0000000716000000, 0x0000000716000000, 0x0000000716200000|  0%| F|  |TAMS 0x0000000716000000, 0x0000000716000000| Untracked 
| 177|0x0000000716200000, 0x0000000716200000, 0x0000000716400000|  0%| F|  |TAMS 0x0000000716200000, 0x0000000716200000| Untracked 
| 178|0x0000000716400000, 0x0000000716400000, 0x0000000716600000|  0%| F|  |TAMS 0x0000000716400000, 0x0000000716400000| Untracked 
| 179|0x0000000716600000, 0x0000000716600000, 0x0000000716800000|  0%| F|  |TAMS 0x0000000716600000, 0x0000000716600000| Untracked 
| 180|0x0000000716800000, 0x0000000716800000, 0x0000000716a00000|  0%| F|  |TAMS 0x0000000716800000, 0x0000000716800000| Untracked 
| 181|0x0000000716a00000, 0x0000000716a00000, 0x0000000716c00000|  0%| F|  |TAMS 0x0000000716a00000, 0x0000000716a00000| Untracked 
| 182|0x0000000716c00000, 0x0000000716c00000, 0x0000000716e00000|  0%| F|  |TAMS 0x0000000716c00000, 0x0000000716c00000| Untracked 
| 183|0x0000000716e00000, 0x0000000716e00000, 0x0000000717000000|  0%| F|  |TAMS 0x0000000716e00000, 0x0000000716e00000| Untracked 
| 184|0x0000000717000000, 0x0000000717000000, 0x0000000717200000|  0%| F|  |TAMS 0x0000000717000000, 0x0000000717000000| Untracked 
| 185|0x0000000717200000, 0x0000000717200000, 0x0000000717400000|  0%| F|  |TAMS 0x0000000717200000, 0x0000000717200000| Untracked 
| 186|0x0000000717400000, 0x0000000717400000, 0x0000000717600000|  0%| F|  |TAMS 0x0000000717400000, 0x0000000717400000| Untracked 
| 187|0x0000000717600000, 0x0000000717600000, 0x0000000717800000|  0%| F|  |TAMS 0x0000000717600000, 0x0000000717600000| Untracked 
| 188|0x0000000717800000, 0x0000000717800000, 0x0000000717a00000|  0%| F|  |TAMS 0x0000000717800000, 0x0000000717800000| Untracked 
| 189|0x0000000717a00000, 0x0000000717a00000, 0x0000000717c00000|  0%| F|  |TAMS 0x0000000717a00000, 0x0000000717a00000| Untracked 
| 190|0x0000000717c00000, 0x0000000717c00000, 0x0000000717e00000|  0%| F|  |TAMS 0x0000000717c00000, 0x0000000717c00000| Untracked 
| 191|0x0000000717e00000, 0x0000000717e00000, 0x0000000718000000|  0%| F|  |TAMS 0x0000000717e00000, 0x0000000717e00000| Untracked 
| 192|0x0000000718000000, 0x0000000718000000, 0x0000000718200000|  0%| F|  |TAMS 0x0000000718000000, 0x0000000718000000| Untracked 
| 193|0x0000000718200000, 0x0000000718200000, 0x0000000718400000|  0%| F|  |TAMS 0x0000000718200000, 0x0000000718200000| Untracked 
| 194|0x0000000718400000, 0x0000000718400000, 0x0000000718600000|  0%| F|  |TAMS 0x0000000718400000, 0x0000000718400000| Untracked 
| 195|0x0000000718600000, 0x0000000718600000, 0x0000000718800000|  0%| F|  |TAMS 0x0000000718600000, 0x0000000718600000| Untracked 
| 196|0x0000000718800000, 0x0000000718800000, 0x0000000718a00000|  0%| F|  |TAMS 0x0000000718800000, 0x0000000718800000| Untracked 
| 197|0x0000000718a00000, 0x0000000718a00000, 0x0000000718c00000|  0%| F|  |TAMS 0x0000000718a00000, 0x0000000718a00000| Untracked 
| 198|0x0000000718c00000, 0x0000000718c00000, 0x0000000718e00000|  0%| F|  |TAMS 0x0000000718c00000, 0x0000000718c00000| Untracked 
| 199|0x0000000718e00000, 0x0000000718e00000, 0x0000000719000000|  0%| F|  |TAMS 0x0000000718e00000, 0x0000000718e00000| Untracked 
| 200|0x0000000719000000, 0x0000000719000000, 0x0000000719200000|  0%| F|  |TAMS 0x0000000719000000, 0x0000000719000000| Untracked 
| 201|0x0000000719200000, 0x0000000719200000, 0x0000000719400000|  0%| F|  |TAMS 0x0000000719200000, 0x0000000719200000| Untracked 
| 202|0x0000000719400000, 0x0000000719400000, 0x0000000719600000|  0%| F|  |TAMS 0x0000000719400000, 0x0000000719400000| Untracked 
| 203|0x0000000719600000, 0x0000000719600000, 0x0000000719800000|  0%| F|  |TAMS 0x0000000719600000, 0x0000000719600000| Untracked 
| 204|0x0000000719800000, 0x0000000719800000, 0x0000000719a00000|  0%| F|  |TAMS 0x0000000719800000, 0x0000000719800000| Untracked 
| 205|0x0000000719a00000, 0x0000000719a00000, 0x0000000719c00000|  0%| F|  |TAMS 0x0000000719a00000, 0x0000000719a00000| Untracked 
| 206|0x0000000719c00000, 0x0000000719c00000, 0x0000000719e00000|  0%| F|  |TAMS 0x0000000719c00000, 0x0000000719c00000| Untracked 
| 207|0x0000000719e00000, 0x0000000719e00000, 0x000000071a000000|  0%| F|  |TAMS 0x0000000719e00000, 0x0000000719e00000| Untracked 
| 208|0x000000071a000000, 0x000000071a000000, 0x000000071a200000|  0%| F|  |TAMS 0x000000071a000000, 0x000000071a000000| Untracked 
| 209|0x000000071a200000, 0x000000071a200000, 0x000000071a400000|  0%| F|  |TAMS 0x000000071a200000, 0x000000071a200000| Untracked 
| 210|0x000000071a400000, 0x000000071a400000, 0x000000071a600000|  0%| F|  |TAMS 0x000000071a400000, 0x000000071a400000| Untracked 
| 211|0x000000071a600000, 0x000000071a600000, 0x000000071a800000|  0%| F|  |TAMS 0x000000071a600000, 0x000000071a600000| Untracked 
| 212|0x000000071a800000, 0x000000071a800000, 0x000000071aa00000|  0%| F|  |TAMS 0x000000071a800000, 0x000000071a800000| Untracked 
| 213|0x000000071aa00000, 0x000000071aa00000, 0x000000071ac00000|  0%| F|  |TAMS 0x000000071aa00000, 0x000000071aa00000| Untracked 
| 214|0x000000071ac00000, 0x000000071ac00000, 0x000000071ae00000|  0%| F|  |TAMS 0x000000071ac00000, 0x000000071ac00000| Untracked 
| 215|0x000000071ae00000, 0x000000071ae00000, 0x000000071b000000|  0%| F|  |TAMS 0x000000071ae00000, 0x000000071ae00000| Untracked 
| 216|0x000000071b000000, 0x000000071b000000, 0x000000071b200000|  0%| F|  |TAMS 0x000000071b000000, 0x000000071b000000| Untracked 
| 217|0x000000071b200000, 0x000000071b200000, 0x000000071b400000|  0%| F|  |TAMS 0x000000071b200000, 0x000000071b200000| Untracked 
| 218|0x000000071b400000, 0x000000071b400000, 0x000000071b600000|  0%| F|  |TAMS 0x000000071b400000, 0x000000071b400000| Untracked 
| 219|0x000000071b600000, 0x000000071b600000, 0x000000071b800000|  0%| F|  |TAMS 0x000000071b600000, 0x000000071b600000| Untracked 
| 220|0x000000071b800000, 0x000000071b800000, 0x000000071ba00000|  0%| F|  |TAMS 0x000000071b800000, 0x000000071b800000| Untracked 
| 221|0x000000071ba00000, 0x000000071ba00000, 0x000000071bc00000|  0%| F|  |TAMS 0x000000071ba00000, 0x000000071ba00000| Untracked 
| 222|0x000000071bc00000, 0x000000071bc00000, 0x000000071be00000|  0%| F|  |TAMS 0x000000071bc00000, 0x000000071bc00000| Untracked 
| 223|0x000000071be00000, 0x000000071be00000, 0x000000071c000000|  0%| F|  |TAMS 0x000000071be00000, 0x000000071be00000| Untracked 
| 224|0x000000071c000000, 0x000000071c000000, 0x000000071c200000|  0%| F|  |TAMS 0x000000071c000000, 0x000000071c000000| Untracked 
| 225|0x000000071c200000, 0x000000071c200000, 0x000000071c400000|  0%| F|  |TAMS 0x000000071c200000, 0x000000071c200000| Untracked 
| 226|0x000000071c400000, 0x000000071c400000, 0x000000071c600000|  0%| F|  |TAMS 0x000000071c400000, 0x000000071c400000| Untracked 
| 227|0x000000071c600000, 0x000000071c600000, 0x000000071c800000|  0%| F|  |TAMS 0x000000071c600000, 0x000000071c600000| Untracked 
| 228|0x000000071c800000, 0x000000071c800000, 0x000000071ca00000|  0%| F|  |TAMS 0x000000071c800000, 0x000000071c800000| Untracked 
| 229|0x000000071ca00000, 0x000000071ca00000, 0x000000071cc00000|  0%| F|  |TAMS 0x000000071ca00000, 0x000000071ca00000| Untracked 
| 230|0x000000071cc00000, 0x000000071cc00000, 0x000000071ce00000|  0%| F|  |TAMS 0x000000071cc00000, 0x000000071cc00000| Untracked 
| 231|0x000000071ce00000, 0x000000071ce00000, 0x000000071d000000|  0%| F|  |TAMS 0x000000071ce00000, 0x000000071ce00000| Untracked 
| 232|0x000000071d000000, 0x000000071d000000, 0x000000071d200000|  0%| F|  |TAMS 0x000000071d000000, 0x000000071d000000| Untracked 
| 233|0x000000071d200000, 0x000000071d200000, 0x000000071d400000|  0%| F|  |TAMS 0x000000071d200000, 0x000000071d200000| Untracked 
| 234|0x000000071d400000, 0x000000071d400000, 0x000000071d600000|  0%| F|  |TAMS 0x000000071d400000, 0x000000071d400000| Untracked 
| 235|0x000000071d600000, 0x000000071d600000, 0x000000071d800000|  0%| F|  |TAMS 0x000000071d600000, 0x000000071d600000| Untracked 
| 236|0x000000071d800000, 0x000000071d800000, 0x000000071da00000|  0%| F|  |TAMS 0x000000071d800000, 0x000000071d800000| Untracked 
| 237|0x000000071da00000, 0x000000071da00000, 0x000000071dc00000|  0%| F|  |TAMS 0x000000071da00000, 0x000000071da00000| Untracked 
| 238|0x000000071dc00000, 0x000000071dc00000, 0x000000071de00000|  0%| F|  |TAMS 0x000000071dc00000, 0x000000071dc00000| Untracked 
| 239|0x000000071de00000, 0x000000071de00000, 0x000000071e000000|  0%| F|  |TAMS 0x000000071de00000, 0x000000071de00000| Untracked 
| 240|0x000000071e000000, 0x000000071e000000, 0x000000071e200000|  0%| F|  |TAMS 0x000000071e000000, 0x000000071e000000| Untracked 
| 241|0x000000071e200000, 0x000000071e200000, 0x000000071e400000|  0%| F|  |TAMS 0x000000071e200000, 0x000000071e200000| Untracked 
| 242|0x000000071e400000, 0x000000071e400000, 0x000000071e600000|  0%| F|  |TAMS 0x000000071e400000, 0x000000071e400000| Untracked 
| 243|0x000000071e600000, 0x000000071e600000, 0x000000071e800000|  0%| F|  |TAMS 0x000000071e600000, 0x000000071e600000| Untracked 
| 244|0x000000071e800000, 0x000000071e800000, 0x000000071ea00000|  0%| F|  |TAMS 0x000000071e800000, 0x000000071e800000| Untracked 
| 245|0x000000071ea00000, 0x000000071ea00000, 0x000000071ec00000|  0%| F|  |TAMS 0x000000071ea00000, 0x000000071ea00000| Untracked 
| 246|0x000000071ec00000, 0x000000071ec00000, 0x000000071ee00000|  0%| F|  |TAMS 0x000000071ec00000, 0x000000071ec00000| Untracked 
| 247|0x000000071ee00000, 0x000000071ee00000, 0x000000071f000000|  0%| F|  |TAMS 0x000000071ee00000, 0x000000071ee00000| Untracked 
| 248|0x000000071f000000, 0x000000071f000000, 0x000000071f200000|  0%| F|  |TAMS 0x000000071f000000, 0x000000071f000000| Untracked 
| 249|0x000000071f200000, 0x000000071f200000, 0x000000071f400000|  0%| F|  |TAMS 0x000000071f200000, 0x000000071f200000| Untracked 
| 250|0x000000071f400000, 0x000000071f400000, 0x000000071f600000|  0%| F|  |TAMS 0x000000071f400000, 0x000000071f400000| Untracked 
| 251|0x000000071f600000, 0x000000071f600000, 0x000000071f800000|  0%| F|  |TAMS 0x000000071f600000, 0x000000071f600000| Untracked 
| 252|0x000000071f800000, 0x000000071f984b58, 0x000000071fa00000| 75%| E|  |TAMS 0x000000071f800000, 0x000000071f800000| Complete 
| 253|0x000000071fa00000, 0x000000071fc00000, 0x000000071fc00000|100%| E|CS|TAMS 0x000000071fa00000, 0x000000071fa00000| Complete 
| 254|0x000000071fc00000, 0x000000071fe00000, 0x000000071fe00000|100%| E|CS|TAMS 0x000000071fc00000, 0x000000071fc00000| Complete 
| 255|0x000000071fe00000, 0x0000000720000000, 0x0000000720000000|100%| E|CS|TAMS 0x000000071fe00000, 0x000000071fe00000| Complete 

Card table byte_map: [0x0000018f73cf0000,0x0000018f744f0000] _byte_map_base: 0x0000018f704f0000

Marking Bits (Prev, Next): (CMBitMap*) 0x0000018f5e11ac50, (CMBitMap*) 0x0000018f5e11ac10
 Prev Bits: [0x0000018f78cf0000, 0x0000018f7ccf0000)
 Next Bits: [0x0000018f74cf0000, 0x0000018f78cf0000)

Polling page: 0x0000018f5e3f0000

Metaspace:

Usage:
  Non-class:     20.41 MB capacity,    20.20 MB ( 99%) used,   181.12 KB ( <1%) free+waste,    29.38 KB ( <1%) overhead. 
      Class:      2.14 MB capacity,     2.04 MB ( 95%) used,    97.34 KB (  4%) free+waste,     9.62 KB ( <1%) overhead. 
       Both:     22.55 MB capacity,    22.24 MB ( 99%) used,   278.46 KB (  1%) free+waste,    39.00 KB ( <1%) overhead. 

Virtual space:
  Non-class space:       22.00 MB reserved,      20.67 MB ( 94%) committed 
      Class space:        1.00 GB reserved,       2.25 MB ( <1%) committed 
             Both:        1.02 GB reserved,      22.92 MB (  2%) committed 

Chunk freelists:
   Non-Class:  79.00 KB
       Class:  16.00 KB
        Both:  95.00 KB

MaxMetaspaceSize: 17179869184.00 GB
CompressedClassSpaceSize: 1.00 GB

CodeHeap 'non-profiled nmethods': size=119168Kb used=2263Kb max_used=2263Kb free=116904Kb
 bounds [0x0000018f6b0c0000, 0x0000018f6b330000, 0x0000018f72520000]
CodeHeap 'profiled nmethods': size=119104Kb used=9796Kb max_used=9796Kb free=109307Kb
 bounds [0x0000018f63c70000, 0x0000018f64610000, 0x0000018f6b0c0000]
CodeHeap 'non-nmethods': size=7488Kb used=2985Kb max_used=3005Kb free=4502Kb
 bounds [0x0000018f63520000, 0x0000018f63820000, 0x0000018f63c70000]
 total_blobs=4840 nmethods=4368 adapters=381
 compilation: enabled
              stopped_count=0, restarted_count=0
 full_count=0

Compilation events (20 events):
Event: 3275.634 Thread 0x0000018f00a61430 4360       3       jdk.internal.net.http.MultiExchange$$Lambda$137/0x0000000800185918::apply (12 bytes)
Event: 3275.634 Thread 0x0000018f00a61940 nmethod 4346 0x0000018f645e9a10 code [0x0000018f645e9fa0, 0x0000018f645ed618]
Event: 3275.634 Thread 0x0000018f00a61430 nmethod 4360 0x0000018f645eee90 code [0x0000018f645ef040, 0x0000018f645ef288]
Event: 3275.634 Thread 0x0000018f011cd7a0 nmethod 4358 0x0000018f645ef390 code [0x0000018f645ef660, 0x0000018f645f04c8]
Event: 3275.634 Thread 0x0000018f011cd7a0 4361       3       jdk.internal.net.http.MultiExchange::lambda$responseAsync0$4 (68 bytes)
Event: 3275.634 Thread 0x0000018f00a61940 4362       3       jdk.internal.net.http.MultiExchange::bodyNotPermitted (16 bytes)
Event: 3275.634 Thread 0x0000018f00a61430 4363       3       jdk.internal.net.http.Exchange::readBodyAsync (49 bytes)
Event: 3275.634 Thread 0x0000018f00a61940 nmethod 4362 0x0000018f645f0b10 code [0x0000018f645f0ca0, 0x0000018f645f0dd8]
Event: 3275.634 Thread 0x0000018f00a61940 4364   !   3       jdk.internal.net.http.Stream::readBodyAsync (110 bytes)
Event: 3275.634 Thread 0x0000018f011cd7a0 nmethod 4361 0x0000018f645f0e90 code [0x0000018f645f1160, 0x0000018f645f20e8]
Event: 3275.634 Thread 0x0000018f011cd7a0 4365       3       jdk.internal.net.http.Response::toString (115 bytes)
Event: 3275.635 Thread 0x0000018f00a61430 nmethod 4363 0x0000018f645f2690 code [0x0000018f645f29c0, 0x0000018f645f3d28]
Event: 3275.635 Thread 0x0000018f00a61430 4366       3       jdk.internal.net.http.ResponseInfoImpl::<init> (29 bytes)
Event: 3275.635 Thread 0x0000018f00a61430 nmethod 4366 0x0000018f645f4490 code [0x0000018f645f4640, 0x0000018f645f48f8]
Event: 3275.635 Thread 0x0000018f00a61430 4367       3       java.net.http.HttpResponse$BodyHandlers$$Lambda$131/0x0000000800183248::apply (5 bytes)
Event: 3275.635 Thread 0x0000018f0095f720 nmethod 4356 0x0000018f645f4a10 code [0x0000018f645f5120, 0x0000018f645f8f38]
Event: 3275.635 Thread 0x0000018f00a61430 nmethod 4367 0x0000018f645fad90 code [0x0000018f645fafe0, 0x0000018f645fb978]
Event: 3275.635 Thread 0x0000018f011cd7a0 nmethod 4365 0x0000018f645fbd90 code [0x0000018f645fc0c0, 0x0000018f645fcff8]
Event: 3275.636 Thread 0x0000018f00a61940 nmethod 4364 0x0000018f645fd690 code [0x0000018f645fdb40, 0x0000018f645fffd8]
Event: 3275.651 Thread 0x0000018f0093ce10 nmethod 4368 0x0000018f6b2f3010 code [0x0000018f6b2f32c0, 0x0000018f6b2f4c18]

GC Heap History (20 events):
Event: 3200.753 GC heap before
{Heap before GC invocations=377 (full 373):
 garbage-first heap   total 524288K, used 28382K [0x0000000700000000, 0x0000000800000000)
  region size 2048K, 3 young (6144K), 0 survivors (0K)
 Metaspace       used 22679K, capacity 22961K, committed 23216K, reserved 1071104K
  class space    used 2084K, capacity 2192K, committed 2304K, reserved 1048576K
}
Event: 3200.760 GC heap after
{Heap after GC invocations=378 (full 374):
 garbage-first heap   total 524288K, used 5854K [0x0000000700000000, 0x0000000800000000)
  region size 2048K, 0 young (0K), 0 survivors (0K)
 Metaspace       used 22679K, capacity 22961K, committed 23216K, reserved 1071104K
  class space    used 2084K, capacity 2192K, committed 2304K, reserved 1048576K
}
Event: 3205.663 GC heap before
{Heap before GC invocations=378 (full 374):
 garbage-first heap   total 524288K, used 28382K [0x0000000700000000, 0x0000000800000000)
  region size 2048K, 3 young (6144K), 0 survivors (0K)
 Metaspace       used 22679K, capacity 22961K, committed 23216K, reserved 1071104K
  class space    used 2084K, capacity 2192K, committed 2304K, reserved 1048576K
}
Event: 3205.671 GC heap after
{Heap after GC invocations=379 (full 375):
 garbage-first heap   total 524288K, used 5854K [0x0000000700000000, 0x0000000800000000)
  region size 2048K, 0 young (0K), 0 survivors (0K)
 Metaspace       used 22679K, capacity 22961K, committed 23216K, reserved 1071104K
  class space    used 2084K, capacity 2192K, committed 2304K, reserved 1048576K
}
Event: 3210.691 GC heap before
{Heap before GC invocations=379 (full 375):
 garbage-first heap   total 524288K, used 28382K [0x0000000700000000, 0x0000000800000000)
  region size 2048K, 3 young (6144K), 0 survivors (0K)
 Metaspace       used 22679K, capacity 22961K, committed 23216K, reserved 1071104K
  class space    used 2084K, capacity 2192K, committed 2304K, reserved 1048576K
}
Event: 3210.699 GC heap after
{Heap after GC invocations=380 (full 376):
 garbage-first heap   total 524288K, used 5854K [0x0000000700000000, 0x0000000800000000)
  region size 2048K, 0 young (0K), 0 survivors (0K)
 Metaspace       used 22679K, capacity 22961K, committed 23216K, reserved 1071104K
  class space    used 2084K, capacity 2192K, committed 2304K, reserved 1048576K
}
Event: 3215.778 GC heap before
{Heap before GC invocations=380 (full 376):
 garbage-first heap   total 524288K, used 30430K [0x0000000700000000, 0x0000000800000000)
  region size 2048K, 4 young (8192K), 0 survivors (0K)
 Metaspace       used 22685K, capacity 22961K, committed 23216K, reserved 1071104K
  class space    used 2084K, capacity 2192K, committed 2304K, reserved 1048576K
}
Event: 3215.785 GC heap after
{Heap after GC invocations=381 (full 377):
 garbage-first heap   total 524288K, used 5855K [0x0000000700000000, 0x0000000800000000)
  region size 2048K, 0 young (0K), 0 survivors (0K)
 Metaspace       used 22685K, capacity 22961K, committed 23216K, reserved 1071104K
  class space    used 2084K, capacity 2192K, committed 2304K, reserved 1048576K
}
Event: 3221.975 GC heap before
{Heap before GC invocations=381 (full 377):
 garbage-first heap   total 524288K, used 36575K [0x0000000700000000, 0x0000000800000000)
  region size 2048K, 7 young (14336K), 0 survivors (0K)
 Metaspace       used 22685K, capacity 22961K, committed 23216K, reserved 1071104K
  class space    used 2084K, capacity 2192K, committed 2304K, reserved 1048576K
}
Event: 3221.982 GC heap after
{Heap after GC invocations=382 (full 378):
 garbage-first heap   total 524288K, used 5857K [0x0000000700000000, 0x0000000800000000)
  region size 2048K, 0 young (0K), 0 survivors (0K)
 Metaspace       used 22685K, capacity 22961K, committed 23216K, reserved 1071104K
  class space    used 2084K, capacity 2192K, committed 2304K, reserved 1048576K
}
Event: 3251.140 GC heap before
{Heap before GC invocations=382 (full 378):
 garbage-first heap   total 524288K, used 32481K [0x0000000700000000, 0x0000000800000000)
  region size 2048K, 5 young (10240K), 0 survivors (0K)
 Metaspace       used 22685K, capacity 22961K, committed 23216K, reserved 1071104K
  class space    used 2084K, capacity 2192K, committed 2304K, reserved 1048576K
}
Event: 3251.148 GC heap after
{Heap after GC invocations=383 (full 379):
 garbage-first heap   total 524288K, used 5856K [0x0000000700000000, 0x0000000800000000)
  region size 2048K, 0 young (0K), 0 survivors (0K)
 Metaspace       used 22685K, capacity 22961K, committed 23216K, reserved 1071104K
  class space    used 2084K, capacity 2192K, committed 2304K, reserved 1048576K
}
Event: 3256.105 GC heap before
{Heap before GC invocations=383 (full 379):
 garbage-first heap   total 524288K, used 30432K [0x0000000700000000, 0x0000000800000000)
  region size 2048K, 4 young (8192K), 0 survivors (0K)
 Metaspace       used 22685K, capacity 22961K, committed 23216K, reserved 1071104K
  class space    used 2084K, capacity 2192K, committed 2304K, reserved 1048576K
}
Event: 3256.112 GC heap after
{Heap after GC invocations=384 (full 380):
 garbage-first heap   total 524288K, used 5855K [0x0000000700000000, 0x0000000800000000)
  region size 2048K, 0 young (0K), 0 survivors (0K)
 Metaspace       used 22685K, capacity 22961K, committed 23216K, reserved 1071104K
  class space    used 2084K, capacity 2192K, committed 2304K, reserved 1048576K
}
Event: 3260.713 GC heap before
{Heap before GC invocations=384 (full 380):
 garbage-first heap   total 524288K, used 28383K [0x0000000700000000, 0x0000000800000000)
  region size 2048K, 3 young (6144K), 0 survivors (0K)
 Metaspace       used 22685K, capacity 22961K, committed 23216K, reserved 1071104K
  class space    used 2084K, capacity 2192K, committed 2304K, reserved 1048576K
}
Event: 3260.720 GC heap after
{Heap after GC invocations=385 (full 381):
 garbage-first heap   total 524288K, used 5855K [0x0000000700000000, 0x0000000800000000)
  region size 2048K, 0 young (0K), 0 survivors (0K)
 Metaspace       used 22685K, capacity 22961K, committed 23216K, reserved 1071104K
  class space    used 2084K, capacity 2192K, committed 2304K, reserved 1048576K
}
Event: 3265.679 GC heap before
{Heap before GC invocations=385 (full 381):
 garbage-first heap   total 524288K, used 28383K [0x0000000700000000, 0x0000000800000000)
  region size 2048K, 3 young (6144K), 0 survivors (0K)
 Metaspace       used 22685K, capacity 22961K, committed 23216K, reserved 1071104K
  class space    used 2084K, capacity 2192K, committed 2304K, reserved 1048576K
}
Event: 3265.687 GC heap after
{Heap after GC invocations=386 (full 382):
 garbage-first heap   total 524288K, used 5855K [0x0000000700000000, 0x0000000800000000)
  region size 2048K, 0 young (0K), 0 survivors (0K)
 Metaspace       used 22685K, capacity 22961K, committed 23216K, reserved 1071104K
  class space    used 2084K, capacity 2192K, committed 2304K, reserved 1048576K
}
Event: 3270.693 GC heap before
{Heap before GC invocations=386 (full 382):
 garbage-first heap   total 524288K, used 28383K [0x0000000700000000, 0x0000000800000000)
  region size 2048K, 3 young (6144K), 0 survivors (0K)
 Metaspace       used 22685K, capacity 22961K, committed 23216K, reserved 1071104K
  class space    used 2084K, capacity 2192K, committed 2304K, reserved 1048576K
}
Event: 3270.701 GC heap after
{Heap after GC invocations=387 (full 383):
 garbage-first heap   total 524288K, used 5855K [0x0000000700000000, 0x0000000800000000)
  region size 2048K, 0 young (0K), 0 survivors (0K)
 Metaspace       used 22685K, capacity 22961K, committed 23216K, reserved 1071104K
  class space    used 2084K, capacity 2192K, committed 2304K, reserved 1048576K
}

Deoptimization events (20 events):
Event: 505.621 Thread 0x0000018f01a025e0 Uncommon trap: trap_request=0xffffffbe fr.pc=0x0000018f6b2685b8 relative=0x0000000000001318
Event: 505.621 Thread 0x0000018f01a025e0 Uncommon trap: reason=profile_predicate action=maybe_recompile pc=0x0000018f6b2685b8 method=java.util.regex.Pattern$BnM.optimize(Ljava/util/regex/Pattern$Node;)Ljava/util/regex/Pattern$Node; @ 67 c2
Event: 505.621 Thread 0x0000018f01a025e0 DEOPT PACKING pc=0x0000018f6b2685b8 sp=0x00000052d6afee30
Event: 505.621 Thread 0x0000018f01a025e0 DEOPT UNPACKING pc=0x0000018f6356e42f sp=0x00000052d6afed90 mode 2
Event: 510.595 Thread 0x0000018f01a048c0 Uncommon trap: trap_request=0xffffffbe fr.pc=0x0000018f6b2685b8 relative=0x0000000000001318
Event: 510.595 Thread 0x0000018f01a048c0 Uncommon trap: reason=profile_predicate action=maybe_recompile pc=0x0000018f6b2685b8 method=java.util.regex.Pattern$BnM.optimize(Ljava/util/regex/Pattern$Node;)Ljava/util/regex/Pattern$Node; @ 67 c2
Event: 510.595 Thread 0x0000018f01a048c0 DEOPT PACKING pc=0x0000018f6b2685b8 sp=0x00000052d6cfee00
Event: 510.595 Thread 0x0000018f01a048c0 DEOPT UNPACKING pc=0x0000018f6356e42f sp=0x00000052d6cfed60 mode 2
Event: 515.633 Thread 0x0000018f01a025e0 Uncommon trap: trap_request=0xffffffbe fr.pc=0x0000018f6b2685b8 relative=0x0000000000001318
Event: 515.633 Thread 0x0000018f01a025e0 Uncommon trap: reason=profile_predicate action=maybe_recompile pc=0x0000018f6b2685b8 method=java.util.regex.Pattern$BnM.optimize(Ljava/util/regex/Pattern$Node;)Ljava/util/regex/Pattern$Node; @ 67 c2
Event: 515.633 Thread 0x0000018f01a025e0 DEOPT PACKING pc=0x0000018f6b2685b8 sp=0x00000052d6afee30
Event: 515.633 Thread 0x0000018f01a025e0 DEOPT UNPACKING pc=0x0000018f6356e42f sp=0x00000052d6afed90 mode 2
Event: 940.529 Thread 0x0000018f01a025e0 DEOPT PACKING pc=0x0000018f64286a52 sp=0x00000052d6afdb80
Event: 940.529 Thread 0x0000018f01a025e0 DEOPT UNPACKING pc=0x0000018f6356e23f sp=0x00000052d6afd060 mode 0
Event: 1765.528 Thread 0x0000018f01a025e0 DEOPT PACKING pc=0x0000018f6434551e sp=0x00000052d6afdb10
Event: 1765.528 Thread 0x0000018f01a025e0 DEOPT UNPACKING pc=0x0000018f6356e23f sp=0x00000052d6afcff0 mode 0
Event: 2835.634 Thread 0x0000018f00ba1410 Uncommon trap: trap_request=0xffffff45 fr.pc=0x0000018f6b2ca638 relative=0x0000000000000178
Event: 2835.634 Thread 0x0000018f00ba1410 Uncommon trap: reason=unstable_if action=reinterpret pc=0x0000018f6b2ca638 method=java.util.concurrent.SynchronousQueue$TransferStack.shouldSpin(Ljava/util/concurrent/SynchronousQueue$TransferStack$SNode;)Z @ 7 c2
Event: 2835.634 Thread 0x0000018f00ba1410 DEOPT PACKING pc=0x0000018f6b2ca638 sp=0x00000052d55ff1d0
Event: 2835.634 Thread 0x0000018f00ba1410 DEOPT UNPACKING pc=0x0000018f6356e42f sp=0x00000052d55ff118 mode 2

Classes unloaded (0 events):
No events

Classes redefined (0 events):
No events

Internal exceptions (20 events):
Event: 0.324 Thread 0x0000018f5e318e30 Exception <a 'java/lang/NoSuchMethodError'{0x000000071f7eb130}: 'java.lang.Object java.lang.invoke.DirectMethodHandle$Holder.newInvokeSpecial(java.lang.Object, java.lang.Object, int)'> (0x000000071f7eb130) 
thrown [./open/src/hotspot/share/interpreter/linkResolver.cpp, line 782]
Event: 0.326 Thread 0x0000018f5e318e30 Exception <a 'java/lang/NoSuchMethodError'{0x000000071f7fc780}: 'int java.lang.invoke.DirectMethodHandle$Holder.invokeStaticInit(java.lang.Object, java.lang.Object, java.lang.Object)'> (0x000000071f7fc780) 
thrown [./open/src/hotspot/share/interpreter/linkResolver.cpp, line 782]
Event: 0.327 Thread 0x0000018f5e318e30 Exception <a 'java/lang/NoSuchMethodError'{0x000000071f40df88}: 'int java.lang.invoke.DirectMethodHandle$Holder.invokeSpecial(java.lang.Object, java.lang.Object, java.lang.Object)'> (0x000000071f40df88) 
thrown [./open/src/hotspot/share/interpreter/linkResolver.cpp, line 782]
Event: 0.328 Thread 0x0000018f5e318e30 Exception <a 'java/lang/NoSuchMethodError'{0x000000071f413f20}: 'int java.lang.invoke.DirectMethodHandle$Holder.invokeStaticInit(java.lang.Object, java.lang.Object)'> (0x000000071f413f20) 
thrown [./open/src/hotspot/share/interpreter/linkResolver.cpp, line 782]
Event: 0.328 Thread 0x0000018f5e318e30 Exception <a 'java/lang/NoSuchMethodError'{0x000000071f41a0e8}: 'int java.lang.invoke.DirectMethodHandle$Holder.invokeSpecialIFC(java.lang.Object, java.lang.Object, java.lang.Object)'> (0x000000071f41a0e8) 
thrown [./open/src/hotspot/share/interpreter/linkResolver.cpp, line 782]
Event: 0.360 Thread 0x0000018f5e318e30 Exception <a 'java/lang/NoSuchMethodError'{0x000000071f234b78}: 'java.lang.Object java.lang.invoke.DirectMethodHandle$Holder.invokeStaticInit(java.lang.Object, int, int, int, int)'> (0x000000071f234b78) 
thrown [./open/src/hotspot/share/interpreter/linkResolver.cpp, line 782]
Event: 0.361 Thread 0x0000018f5e318e30 Exception <a 'sun/nio/fs/WindowsException'{0x000000071f23f600}> (0x000000071f23f600) 
thrown [./open/src/hotspot/share/prims/jni.cpp, line 578]
Event: 0.370 Thread 0x0000018f5e318e30 Exception <a 'java/lang/NoSuchMethodError'{0x000000071f2a5ba0}: 'int java.lang.invoke.DirectMethodHandle$Holder.invokeStaticInit(java.lang.Object, java.lang.Object, java.lang.Object, java.lang.Object)'> (0x000000071f2a5ba0) 
thrown [./open/src/hotspot/share/interpreter/linkResolver.cpp, line 782]
Event: 0.370 Thread 0x0000018f5e318e30 Exception <a 'java/lang/IncompatibleClassChangeError'{0x000000071f2af2b8}: Found class java.lang.Object, but interface was expected> (0x000000071f2af2b8) 
thrown [./open/src/hotspot/share/interpreter/linkResolver.cpp, line 848]
Event: 0.466 Thread 0x0000018f5e318e30 Exception <a 'java/lang/NoSuchMethodError'{0x000000071eaedf18}: 'java.lang.Object java.lang.invoke.DirectMethodHandle$Holder.invokeStaticInit(java.lang.Object, java.lang.Object, int, int, int, int)'> (0x000000071eaedf18) 
thrown [./open/src/hotspot/share/interpreter/linkResolver.cpp, line 782]
Event: 0.471 Thread 0x0000018f5e318e30 Exception <a 'java/lang/NoSuchMethodError'{0x000000071eb4bee0}: 'java.lang.Object java.lang.invoke.DirectMethodHandle$Holder.invokeStaticInit(java.lang.Object)'> (0x000000071eb4bee0) 
thrown [./open/src/hotspot/share/interpreter/linkResolver.cpp, line 782]
Event: 10.526 Thread 0x0000018f01a048c0 Exception <a 'java/lang/NoSuchMethodError'{0x000000071ecbb1d8}: 'java.lang.Object java.lang.invoke.DirectMethodHandle$Holder.newInvokeSpecial(java.lang.Object, java.lang.Object, java.lang.Object, java.lang.Object, java.lang.Object)'> (0x000000071ecbb1d8) 
thrown [./open/src/hotspot/share/interpreter/linkResolver.cpp, line 782]
Event: 10.543 Thread 0x0000018f01a048c0 Exception <a 'java/lang/NoSuchMethodError'{0x000000071e85ccc8}: 'java.lang.Object java.lang.invoke.DirectMethodHandle$Holder.invokeSpecial(java.lang.Object, java.lang.Object, java.lang.Object, java.lang.Object, int)'> (0x000000071e85ccc8) 
thrown [./open/src/hotspot/share/interpreter/linkResolver.cpp, line 782]
Event: 10.544 Thread 0x0000018f01a048c0 Exception <a 'java/lang/NoSuchMethodError'{0x000000071e860a88}: 'java.lang.Object java.lang.invoke.Invokers$Holder.linkToTargetMethod(java.lang.Object, java.lang.Object, int, java.lang.Object)'> (0x000000071e860a88) 
thrown [./open/src/hotspot/share/interpreter/linkResolver.cpp, line 782]
Event: 10.591 Thread 0x0000018f019f7be0 Exception <a 'java/lang/NoSuchMethodError'{0x000000071e3c3020}: 'void java.lang.invoke.DirectMethodHandle$Holder.invokeStatic(java.lang.Object, java.lang.Object, int)'> (0x000000071e3c3020) 
thrown [./open/src/hotspot/share/interpreter/linkResolver.cpp, line 782]
Event: 10.595 Thread 0x0000018f01960ad0 Exception <a 'java/lang/NoSuchMethodError'{0x000000071e0e39a0}: 'void java.lang.invoke.DirectMethodHandle$Holder.invokeInterface(java.lang.Object, java.lang.Object, java.lang.Object)'> (0x000000071e0e39a0) 
thrown [./open/src/hotspot/share/interpreter/linkResolver.cpp, line 782]
Event: 10.596 Thread 0x0000018f01960ad0 Exception <a 'java/lang/NoSuchMethodError'{0x000000071e112180}: 'int java.lang.invoke.DirectMethodHandle$Holder.invokeStaticInit(java.lang.Object, int, int)'> (0x000000071e112180) 
thrown [./open/src/hotspot/share/interpreter/linkResolver.cpp, line 782]
Event: 10.599 Thread 0x0000018f01960ad0 Exception <a 'java/lang/NoSuchMethodError'{0x000000071e1a9e00}: 'void java.lang.invoke.DirectMethodHandle$Holder.invokeVirtual(java.lang.Object, java.lang.Object)'> (0x000000071e1a9e00) 
thrown [./open/src/hotspot/share/interpreter/linkResolver.cpp, line 782]
Event: 10.653 Thread 0x0000018f01960ad0 Exception <a 'java/lang/NoSuchMethodError'{0x000000071ddde1d8}: 'void java.lang.invoke.DirectMethodHandle$Holder.invokeInterface(java.lang.Object, java.lang.Object)'> (0x000000071ddde1d8) 
thrown [./open/src/hotspot/share/interpreter/linkResolver.cpp, line 782]
Event: 10.654 Thread 0x0000018f01960ad0 Exception <a 'java/lang/NoSuchMethodError'{0x000000071ddefed0}: 'void java.lang.invoke.DirectMethodHandle$Holder.invokeStatic(java.lang.Object, java.lang.Object, java.lang.Object)'> (0x000000071ddefed0) 
thrown [./open/src/hotspot/share/interpreter/linkResolver.cpp, line 782]

Events (20 events):
Event: 3221.974 Executing VM operation: G1CollectFull
Event: 3221.982 Executing VM operation: G1CollectFull done
Event: 3251.140 Executing VM operation: G1CollectFull
Event: 3251.148 Executing VM operation: G1CollectFull done
Event: 3256.105 Executing VM operation: G1CollectFull
Event: 3256.113 Executing VM operation: G1CollectFull done
Event: 3260.712 Executing VM operation: G1CollectFull
Event: 3260.720 Executing VM operation: G1CollectFull done
Event: 3265.595 Thread 0x0000018f00ba4430 Thread exited: 0x0000018f00ba4430
Event: 3265.609 Thread 0x0000018f00ba5770 Thread added: 0x0000018f00ba5770
Event: 3265.679 Executing VM operation: G1CollectFull
Event: 3265.687 Executing VM operation: G1CollectFull done
Event: 3270.678 Executing VM operation: G1CollectFull
Event: 3270.701 Executing VM operation: G1CollectFull done
Event: 3275.534 Thread 0x0000018f011cd7a0 Thread added: 0x0000018f011cd7a0
Event: 3275.534 Thread 0x0000018f00a61430 Thread added: 0x0000018f00a61430
Event: 3275.534 Thread 0x0000018f00a61940 Thread added: 0x0000018f00a61940
Event: 3275.609 Thread 0x0000018f00ba3a90 Thread exited: 0x0000018f00ba3a90
Event: 3275.631 Thread 0x0000018f00ba00d0 Thread added: 0x0000018f00ba00d0
Event: 3275.809 Executing VM operation: G1CollectFull


Dynamic libraries:
0x00007ff62ba00000 - 0x00007ff62ba0d000 	C:\Users\Lukas\.p2\pool\plugins\org.eclipse.justj.openjdk.hotspot.jre.full.win32.x86_64_15.0.2.v20210201-0955\jre\bin\javaw.exe
0x00007ffc7b1b0000 - 0x00007ffc7b3a5000 	C:\WINDOWS\SYSTEM32\ntdll.dll
0x00007ffc7af40000 - 0x00007ffc7affe000 	C:\WINDOWS\System32\KERNEL32.DLL
0x00007ffc78c40000 - 0x00007ffc78f09000 	C:\WINDOWS\System32\KERNELBASE.dll
0x00007ffc79060000 - 0x00007ffc79160000 	C:\WINDOWS\System32\ucrtbase.dll
0x00007ffc74080000 - 0x00007ffc74098000 	C:\Users\Lukas\.p2\pool\plugins\org.eclipse.justj.openjdk.hotspot.jre.full.win32.x86_64_15.0.2.v20210201-0955\jre\bin\jli.dll
0x00007ffc654f0000 - 0x00007ffc65509000 	C:\Users\Lukas\.p2\pool\plugins\org.eclipse.justj.openjdk.hotspot.jre.full.win32.x86_64_15.0.2.v20210201-0955\jre\bin\VCRUNTIME140.dll
0x00007ffc7a160000 - 0x00007ffc7a301000 	C:\WINDOWS\System32\USER32.dll
0x00007ffc63e60000 - 0x00007ffc640fa000 	C:\WINDOWS\WinSxS\amd64_microsoft.windows.common-controls_6595b64144ccf1df_6.0.19041.1110_none_60b5254171f9507e\COMCTL32.dll
0x00007ffc78fa0000 - 0x00007ffc78fc2000 	C:\WINDOWS\System32\win32u.dll
0x00007ffc79710000 - 0x00007ffc7973b000 	C:\WINDOWS\System32\GDI32.dll
0x00007ffc7aea0000 - 0x00007ffc7af3e000 	C:\WINDOWS\System32\msvcrt.dll
0x00007ffc78b30000 - 0x00007ffc78c3b000 	C:\WINDOWS\System32\gdi32full.dll
0x00007ffc79160000 - 0x00007ffc791fd000 	C:\WINDOWS\System32\msvcp_win.dll
0x00007ffc7a7a0000 - 0x00007ffc7a7d0000 	C:\WINDOWS\System32\IMM32.DLL
0x00007ffc6e100000 - 0x00007ffc6e10c000 	C:\Users\Lukas\.p2\pool\plugins\org.eclipse.justj.openjdk.hotspot.jre.full.win32.x86_64_15.0.2.v20210201-0955\jre\bin\vcruntime140_1.dll
0x00007ffc44890000 - 0x00007ffc44921000 	C:\Users\Lukas\.p2\pool\plugins\org.eclipse.justj.openjdk.hotspot.jre.full.win32.x86_64_15.0.2.v20210201-0955\jre\bin\msvcp140.dll
0x00007ffc28e20000 - 0x00007ffc2997e000 	C:\Users\Lukas\.p2\pool\plugins\org.eclipse.justj.openjdk.hotspot.jre.full.win32.x86_64_15.0.2.v20210201-0955\jre\bin\server\jvm.dll
0x00007ffc79600000 - 0x00007ffc796ac000 	C:\WINDOWS\System32\ADVAPI32.dll
0x00007ffc7a3a0000 - 0x00007ffc7a43b000 	C:\WINDOWS\System32\sechost.dll
0x00007ffc793b0000 - 0x00007ffc794da000 	C:\WINDOWS\System32\RPCRT4.dll
0x00007ffc7b0d0000 - 0x00007ffc7b0d8000 	C:\WINDOWS\System32\PSAPI.DLL
0x00007ffc60210000 - 0x00007ffc60219000 	C:\WINDOWS\SYSTEM32\WSOCK32.dll
0x00007ffc723e0000 - 0x00007ffc723ea000 	C:\WINDOWS\SYSTEM32\VERSION.dll
0x00007ffc6ea90000 - 0x00007ffc6eab7000 	C:\WINDOWS\SYSTEM32\WINMM.dll
0x00007ffc79590000 - 0x00007ffc795fb000 	C:\WINDOWS\System32\WS2_32.dll
0x00007ffc767f0000 - 0x00007ffc76802000 	C:\WINDOWS\SYSTEM32\kernel.appcore.dll
0x00007ffc72dd0000 - 0x00007ffc72dda000 	C:\Users\Lukas\.p2\pool\plugins\org.eclipse.justj.openjdk.hotspot.jre.full.win32.x86_64_15.0.2.v20210201-0955\jre\bin\jimage.dll
0x00007ffc6f210000 - 0x00007ffc6f3f4000 	C:\WINDOWS\SYSTEM32\DBGHELP.DLL
0x00007ffc6f1e0000 - 0x00007ffc6f20c000 	C:\WINDOWS\SYSTEM32\dbgcore.DLL
0x00007ffc78f10000 - 0x00007ffc78f93000 	C:\WINDOWS\System32\bcryptPrimitives.dll
0x00007ffc64e10000 - 0x00007ffc64e49000 	C:\Users\Lukas\.p2\pool\plugins\org.eclipse.justj.openjdk.hotspot.jre.full.win32.x86_64_15.0.2.v20210201-0955\jre\bin\jdwp.dll
0x00007ffc65780000 - 0x00007ffc6578e000 	C:\Users\Lukas\.p2\pool\plugins\org.eclipse.justj.openjdk.hotspot.jre.full.win32.x86_64_15.0.2.v20210201-0955\jre\bin\instrument.dll
0x00007ffc65800000 - 0x00007ffc65825000 	C:\Users\Lukas\.p2\pool\plugins\org.eclipse.justj.openjdk.hotspot.jre.full.win32.x86_64_15.0.2.v20210201-0955\jre\bin\java.dll
0x00007ffc65750000 - 0x00007ffc65768000 	C:\Users\Lukas\.p2\pool\plugins\org.eclipse.justj.openjdk.hotspot.jre.full.win32.x86_64_15.0.2.v20210201-0955\jre\bin\zip.dll
0x00007ffc79880000 - 0x00007ffc79fbf000 	C:\WINDOWS\System32\SHELL32.dll
0x00007ffc769f0000 - 0x00007ffc77180000 	C:\WINDOWS\SYSTEM32\windows.storage.dll
0x00007ffc7a440000 - 0x00007ffc7a795000 	C:\WINDOWS\System32\combase.dll
0x00007ffc78320000 - 0x00007ffc7834c000 	C:\WINDOWS\SYSTEM32\Wldp.dll
0x00007ffc794e0000 - 0x00007ffc7958d000 	C:\WINDOWS\System32\SHCORE.dll
0x00007ffc796b0000 - 0x00007ffc79705000 	C:\WINDOWS\System32\shlwapi.dll
0x00007ffc78810000 - 0x00007ffc7882f000 	C:\WINDOWS\SYSTEM32\profapi.dll
0x00007ffc65730000 - 0x00007ffc65749000 	C:\Users\Lukas\.p2\pool\plugins\org.eclipse.justj.openjdk.hotspot.jre.full.win32.x86_64_15.0.2.v20210201-0955\jre\bin\net.dll
0x00007ffc707d0000 - 0x00007ffc708d8000 	C:\WINDOWS\SYSTEM32\WINHTTP.dll
0x00007ffc78080000 - 0x00007ffc780ea000 	C:\WINDOWS\system32\mswsock.dll
0x00007ffc65700000 - 0x00007ffc65712000 	C:\Users\Lukas\.p2\pool\plugins\org.eclipse.justj.openjdk.hotspot.jre.full.win32.x86_64_15.0.2.v20210201-0955\jre\bin\nio.dll
0x00007ffc64ef0000 - 0x00007ffc64efb000 	C:\Users\Lukas\.p2\pool\plugins\org.eclipse.justj.openjdk.hotspot.jre.full.win32.x86_64_15.0.2.v20210201-0955\jre\bin\dt_socket.dll
0x00007ffc77d20000 - 0x00007ffc77d5b000 	C:\WINDOWS\SYSTEM32\IPHLPAPI.DLL
0x00007ffc77d60000 - 0x00007ffc77e2c000 	C:\WINDOWS\SYSTEM32\DNSAPI.dll
0x00007ffc79fc0000 - 0x00007ffc79fc8000 	C:\WINDOWS\System32\NSI.dll
0x00007ffc6fb90000 - 0x00007ffc6fb9a000 	C:\Windows\System32\rasadhlp.dll
0x00007ffc6f7a0000 - 0x00007ffc6f81f000 	C:\WINDOWS\System32\fwpuclnt.dll
0x00007ffc78fd0000 - 0x00007ffc78ff7000 	C:\WINDOWS\System32\bcrypt.dll
0x00007ffc72680000 - 0x00007ffc72690000 	C:\Users\Lukas\.p2\pool\plugins\org.eclipse.justj.openjdk.hotspot.jre.full.win32.x86_64_15.0.2.v20210201-0955\jre\bin\verify.dll
0x00007ffc78270000 - 0x00007ffc78288000 	C:\WINDOWS\SYSTEM32\CRYPTSP.dll
0x00007ffc77990000 - 0x00007ffc779c4000 	C:\WINDOWS\system32\rsaenh.dll
0x00007ffc78790000 - 0x00007ffc787be000 	C:\WINDOWS\SYSTEM32\USERENV.dll
0x00007ffc78290000 - 0x00007ffc7829c000 	C:\WINDOWS\SYSTEM32\CRYPTBASE.dll
0x00007ffc72a40000 - 0x00007ffc72a57000 	C:\WINDOWS\SYSTEM32\dhcpcsvc6.DLL
0x00007ffc72760000 - 0x00007ffc7277d000 	C:\WINDOWS\SYSTEM32\dhcpcsvc.DLL
0x00007ffc72600000 - 0x00007ffc7260d000 	C:\Users\Lukas\.p2\pool\plugins\org.eclipse.justj.openjdk.hotspot.jre.full.win32.x86_64_15.0.2.v20210201-0955\jre\bin\sunmscapi.dll
0x00007ffc789d0000 - 0x00007ffc78b26000 	C:\WINDOWS\System32\CRYPT32.dll
0x00007ffc78390000 - 0x00007ffc783b7000 	C:\WINDOWS\SYSTEM32\ncrypt.dll
0x00007ffc78350000 - 0x00007ffc7838b000 	C:\WINDOWS\SYSTEM32\NTASN1.dll
0x0000000067740000 - 0x0000000067818000 	C:\Users\Lukas\AppData\Local\Temp\sqlite-3.34.0-66076077-1c2d-4668-b612-47a18f81869d-sqlitejdbc.dll

dbghelp: loaded successfully - version: 4.0.5 - missing functions: none
symbol engine: initialized successfully - sym options: 0x614 - pdb path: .;C:\Users\Lukas\.p2\pool\plugins\org.eclipse.justj.openjdk.hotspot.jre.full.win32.x86_64_15.0.2.v20210201-0955\jre\bin;C:\WINDOWS\SYSTEM32;C:\WINDOWS\WinSxS\amd64_microsoft.windows.common-controls_6595b64144ccf1df_6.0.19041.1110_none_60b5254171f9507e;C:\Users\Lukas\.p2\pool\plugins\org.eclipse.justj.openjdk.hotspot.jre.full.win32.x86_64_15.0.2.v20210201-0955\jre\bin\server;C:\Users\Lukas\AppData\Local\Temp

VM Arguments:
jvm_args: -XX:+ShowCodeDetailsInExceptionMessages -agentlib:jdwp=transport=dt_socket,suspend=y,address=localhost:60550 -Xms512m -Xmx4096m -javaagent:C:\Users\Lukas\eclipse\java-2021-03\eclipse\configuration\org.eclipse.osgi\222\0\.cp\lib\javaagent-shaded.jar -Dfile.encoding=UTF-8 --module-path=C:\Users\Lukas\git\PlaneSpotter\src\libs\gson-2.8.6.jar;C:\Users\Lukas\Desktop\code\PlaneSpotter\src\libs\sqlite-jdbc-3.34.0.jar;C:\Users\Lukas\Desktop\code\mysql-connector-java-8.0.28.jar 
java_command: planespotter.TestMain
java_class_path (initial): C:\Users\Lukas\git\PlaneSpotter\bin;C:\Users\Lukas\.p2\pool\plugins\org.junit.jupiter.api_5.7.1.v20210222-1948.jar;C:\Users\Lukas\.p2\pool\plugins\org.junit.jupiter.engine_5.7.1.v20210222-1948.jar;C:\Users\Lukas\.p2\pool\plugins\org.junit.jupiter.migrationsupport_5.7.1.v20210222-1948.jar;C:\Users\Lukas\.p2\pool\plugins\org.junit.jupiter.params_5.7.1.v20210222-1948.jar;C:\Users\Lukas\.p2\pool\plugins\org.junit.platform.commons_1.7.1.v20210222-1948.jar;C:\Users\Lukas\.p2\pool\plugins\org.junit.platform.engine_1.7.1.v20210222-1948.jar;C:\Users\Lukas\.p2\pool\plugins\org.junit.platform.launcher_1.7.1.v20210222-1948.jar;C:\Users\Lukas\.p2\pool\plugins\org.junit.platform.runner_1.7.1.v20210222-1948.jar;C:\Users\Lukas\.p2\pool\plugins\org.junit.platform.suite.api_1.7.1.v20210222-1948.jar;C:\Users\Lukas\.p2\pool\plugins\org.junit.vintage.engine_5.7.1.v20210222-1948.jar;C:\Users\Lukas\.p2\pool\plugins\org.opentest4j_1.2.0.v20190826-0900.jar;C:\Users\Lukas\.p2\pool\plugins\org.apiguardian_1.1.0.v20190826-0900.jar;C:\Users\Lukas\.p2\pool\plugins\org.junit_4.13.0.v20200204-1500.jar;C:\Users\Lukas\.p2\pool\plugins\org.hamcrest.core_1.3.0.v20180420-1519.jar
Launcher Type: SUN_STANDARD

[Global flags]
     intx CICompilerCount                          = 12                                        {product} {ergonomic}
     uint ConcGCThreads                            = 3                                         {product} {ergonomic}
     uint G1ConcRefinementThreads                  = 13                                        {product} {ergonomic}
   size_t G1HeapRegionSize                         = 2097152                                   {product} {ergonomic}
    uintx GCDrainStackTargetSize                   = 64                                        {product} {ergonomic}
   size_t InitialHeapSize                          = 536870912                                 {product} {command line}
   size_t MarkStackSize                            = 4194304                                   {product} {ergonomic}
   size_t MaxHeapSize                              = 4294967296                                {product} {command line}
   size_t MaxNewSize                               = 2575302656                                {product} {ergonomic}
   size_t MinHeapDeltaBytes                        = 2097152                                   {product} {ergonomic}
   size_t MinHeapSize                              = 536870912                                 {product} {command line}
    uintx NonNMethodCodeHeapSize                   = 7602480                                {pd product} {ergonomic}
    uintx NonProfiledCodeHeapSize                  = 122027880                              {pd product} {ergonomic}
    uintx ProfiledCodeHeapSize                     = 122027880                              {pd product} {ergonomic}
    uintx ReservedCodeCacheSize                    = 251658240                              {pd product} {ergonomic}
     bool SegmentedCodeCache                       = true                                      {product} {ergonomic}
     bool ShowCodeDetailsInExceptionMessages       = true                                   {manageable} {command line}
   size_t SoftMaxHeapSize                          = 4294967296                             {manageable} {ergonomic}
     bool UseCompressedClassPointers               = true                                 {lp64_product} {ergonomic}
     bool UseCompressedOops                        = true                                 {lp64_product} {ergonomic}
     bool UseG1GC                                  = true                                      {product} {ergonomic}
     bool UseLargePagesIndividualAllocation        = false                                  {pd product} {ergonomic}

Logging:
Log output configuration:
 #0: stdout all=warning uptime,level,tags
 #1: stderr all=off uptime,level,tags

Environment Variables:
PATH=C:\Users\Lukas\.p2\pool\plugins\org.eclipse.justj.openjdk.hotspot.jre.full.win32.x86_64_15.0.2.v20210201-0955\jre\bin;C:/Users/Lukas/.p2/pool/plugins/org.eclipse.justj.openjdk.hotspot.jre.full.win32.x86_64_15.0.2.v20210201-0955/jre/bin/server;C:/Users/Lukas/.p2/pool/plugins/org.eclipse.justj.openjdk.hotspot.jre.full.win32.x86_64_15.0.2.v20210201-0955/jre/bin;C:\Program Files\Common Files\Oracle\Java\javapath;C:\Program Files (x86)\Common Files\Oracle\Java\javapath;C:\Windows\system32;C:\Windows;C:\Windows\System32\Wbem;C:\Windows\System32\WindowsPowerShell\v1.0\;C:\Windows\System32\OpenSSH\;C:\Program Files\NVIDIA Corporation\NVIDIA NvDLISR;C:\Program Files (x86)\NVIDIA Corporation\PhysX\Common;C:\Program Files\PuTTY\;C:\Program Files (x86)\Gpg4win\..\GnuPG\bin;C:\Program Files\dotnet\;C:\Program Files (x86)\dotnet\;C:\WINDOWS\system32;C:\WINDOWS;C:\WINDOWS\System32\Wbem;C:\WINDOWS\System32\WindowsPowerShell\v1.0\;C:\WINDOWS\System32\OpenSSH\;C:\Program Files\Git\cmd;C:\Users\Lukas\AppData\Local\Programs\Python\Python310\Scripts\;C:\Users\Lukas\AppData\Local\Programs\Python\Python310\;C:\Users\Lukas\AppData\Local\Programs\Python\Python38\Scripts\;C:\Users\Lukas\AppData\Local\Programs\Python\Python38\;C:\Users\Lukas\AppData\Local\Microsoft\WindowsApps;C:\Users\Lukas\AppData\Local\Programs\MiKTeX\miktex\bin\x64\;C:\Users\Lukas\AppData\Local\Programs\Microsoft VS Code\bin;C:\Users\Lukas\.dotnet\tools;C:\Users\Lukas\Desktop;
USERNAME=Lukas
OS=Windows_NT
PROCESSOR_IDENTIFIER=AMD64 Family 23 Model 113 Stepping 0, AuthenticAMD



---------------  S Y S T E M  ---------------

OS:
 Windows 10 , 64 bit Build 19041 (10.0.19041.1202)
OS uptime: 18 days 3:39 hours

CPU: total 16 (initial active 16) (16 cores per cpu, 2 threads per core) family 23 model 113 stepping 0 microcode 0x0, cmov, cx8, fxsr, mmx, sse, sse2, sse3, ssse3, sse4.1, sse4.2, popcnt, vzeroupper, avx, avx2, aes, clmul, 3dnowpref, lzcnt, sse4a, ht, tsc, tscinvbit, tscinv, bmi1, bmi2, adx, sha, fma, clflush, clflushopt

Memory: 4k page, system-wide physical 32677M (1308M free)
TotalPageFile size 43369M (AvailPageFile size 5M)
current process WorkingSet (physical memory assigned to process): 23193M, peak: 23193M
current process commit charge ("private bytes"): 24044M, peak: 24045M

vm_info: OpenJDK 64-Bit Server VM (15.0.2+7-27) for windows-amd64 JRE (15.0.2+7-27), built on Dec  7 2020 20:02:38 by "mach5one" with unknown MS VC++:1925

END.
