#
# There is insufficient memory for the Java Runtime Environment to continue.
# Native memory allocation (malloc) failed to allocate 108432 bytes for Chunk::new
# Possible reasons:
#   The system is out of physical RAM or swap space
#   The process is running with CompressedOops enabled, and the Java Heap may be blocking the growth of the native heap
# Possible solutions:
#   Reduce memory load on the system
#   Increase physical memory or swap space
#   Check if swap backing store is full
#   Decrease Java heap size (-Xmx/-Xms)
#   Decrease number of Java threads
#   Decrease Java thread stack sizes (-Xss)
#   Set larger code cache with -XX:ReservedCodeCacheSize=
#   JVM is running with Unscaled Compressed Oops mode in which the Java heap is
#     placed in the first 4GB address space. The Java Heap base address is the
#     maximum limit for the native heap growth. Please use -XX:HeapBaseMinAddress
#     to set the Java Heap base and to place the Java Heap above 4GB virtual address.
# This output file may be truncated or incomplete.
#
#  Out of Memory Error (arena.cpp:189), pid=13860, tid=10148
#
# JRE version: Java(TM) SE Runtime Environment (17.0.1+12) (build 17.0.1+12-LTS-39)
# Java VM: Java HotSpot(TM) 64-Bit Server VM (17.0.1+12-LTS-39, mixed mode, sharing, tiered, compressed oops, compressed class ptrs, g1 gc, windows-amd64)
# No core dump will be written. Minidumps are not enabled by default on client versions of Windows
#

---------------  S U M M A R Y ------------

Command Line: -javaagent:C:\Program Files\JetBrains\IntelliJ IDEA Community Edition 2021.3\lib\idea_rt.jar=50347:C:\Program Files\JetBrains\IntelliJ IDEA Community Edition 2021.3\bin -Dfile.encoding=UTF-8 planespotter.Main

Host: Intel(R) Core(TM) i7-9750H CPU @ 2.60GHz, 12 cores, 7G,  Windows 10 , 64 bit Build 22000 (10.0.22000.613)
Time: Thu May  5 17:36:23 2022 Mitteleuropäische Sommerzeit elapsed time: 239.673545 seconds (0d 0h 3m 59s)

---------------  T H R E A D  ---------------

Current thread (0x000001fdff09e7a0):  JavaThread "C2 CompilerThread0" daemon [_thread_in_native, id=10148, stack(0x0000001368200000,0x0000001368300000)]


Current CompileTask:
C2: 239674 2617       4       java.security.AccessControlContext::optimize (319 bytes)

Stack: [0x0000001368200000,0x0000001368300000]
Native frames: (J=compiled Java code, j=interpreted, Vv=VM code, C=native code)
V  [jvm.dll+0x66fa1a]
V  [jvm.dll+0x7ce5a4]
V  [jvm.dll+0x7cfd4e]
V  [jvm.dll+0x7d03b3]
V  [jvm.dll+0x242b05]
V  [jvm.dll+0xaa05b]
V  [jvm.dll+0xaa5ec]
V  [jvm.dll+0x35fa07]
V  [jvm.dll+0x329f51]
V  [jvm.dll+0x3293fa]
V  [jvm.dll+0x215bf1]
V  [jvm.dll+0x215011]
V  [jvm.dll+0x1a168d]
V  [jvm.dll+0x224848]
V  [jvm.dll+0x2229ac]
V  [jvm.dll+0x78435b]
V  [jvm.dll+0x77e91a]
V  [jvm.dll+0x66e845]
C  [ucrtbase.dll+0x26c0c]
C  [KERNEL32.DLL+0x154e0]
C  [ntdll.dll+0x485b]


---------------  P R O C E S S  ---------------

Threads class SMR info:
_java_thread_list=0x000001fd9da2d530, length=84, elements={
0x000001fdfd2317e0, 0x000001fdff084920, 0x000001fdff085790, 0x000001fdff09acf0,
0x000001fdff09b6a0, 0x000001fdff09c050, 0x000001fdff09ca00, 0x000001fdff09e7a0,
0x000001fdff0aa750, 0x000001fdff0ad560, 0x000001fdffc86100, 0x000001fdffdebff0,
0x000001fdffdec4c0, 0x000001fdffe0ce60, 0x000001fdfffe80b0, 0x000001fdfffe8a00,
0x000001fdffff25e0, 0x000001fdfffe9220, 0x000001fd9c76c1e0, 0x000001fd9d7d07e0,
0x000001fd9d7d1650, 0x000001fd9d7d1180, 0x000001fd9d7d1b20, 0x000001fd9d7d1ff0,
0x000001fd9d7cf970, 0x000001fd9d7d24c0, 0x000001fd9d7d0cb0, 0x000001fd9d7d0310,
0x000001fd9d7ceb00, 0x000001fd9d7cfe40, 0x000001fd9d7cefd0, 0x000001fd9d7cf4a0,
0x000001fd9cd54680, 0x000001fd9cd57b70, 0x000001fd9cd576a0, 0x000001fd9cd507f0,
0x000001fd9cd50cc0, 0x000001fd9cd55020, 0x000001fd9cd54b50, 0x000001fd9cd529a0,
0x000001fd9cd52e70, 0x000001fd9cd559c0, 0x000001fd9cd554f0, 0x000001fd9cd52000,
0x000001fd9cd51190, 0x000001fd9cd55e90, 0x000001fd9cd56360, 0x000001fd9cd56830,
0x000001fd9cd53340, 0x000001fd9cd53ce0, 0x000001fd9cd56d00, 0x000001fd9cd571d0,
0x000001fd9cd51660, 0x000001fd9cd50320, 0x000001fd9cd541b0, 0x000001fd9cd51b30,
0x000001fd9cd524d0, 0x000001fd9cd53810, 0x000001fd9fddaca0, 0x000001fd9fddbfe0,
0x000001fd9fddb170, 0x000001fd9fdda7d0, 0x000001fd9fddbb10, 0x000001fd9fddb640,
0x000001fd9fdde190, 0x000001fd9fddd7f0, 0x000001fd9fdddcc0, 0x000001fd9fddd320,
0x000001fd9fddc4b0, 0x000001fd9fddc980, 0x000001fd9fddce50, 0x000001fd9c906320,
0x000001fd9c907b30, 0x000001fd9c90b4f0, 0x000001fd9c90c360, 0x000001fd9c908000,
0x000001fd9c90b9c0, 0x000001fd9c907190, 0x000001fd9c90ab50, 0x000001fd9c90be90,
0x000001fd9c90c830, 0x000001fd9c90a680, 0x000001fd9c9089a0, 0x000001fd9c90b020
}

Java Threads: ( => current thread )
  0x000001fdfd2317e0 JavaThread "planespotter-main" [_thread_blocked, id=7548, stack(0x0000001367500000,0x0000001367600000)]
  0x000001fdff084920 JavaThread "Reference Handler" daemon [_thread_blocked, id=10188, stack(0x0000001367c00000,0x0000001367d00000)]
  0x000001fdff085790 JavaThread "Finalizer" daemon [_thread_blocked, id=2748, stack(0x0000001367d00000,0x0000001367e00000)]
  0x000001fdff09acf0 JavaThread "Signal Dispatcher" daemon [_thread_blocked, id=14884, stack(0x0000001367e00000,0x0000001367f00000)]
  0x000001fdff09b6a0 JavaThread "Attach Listener" daemon [_thread_blocked, id=14532, stack(0x0000001367f00000,0x0000001368000000)]
  0x000001fdff09c050 JavaThread "Service Thread" daemon [_thread_blocked, id=1184, stack(0x0000001368000000,0x0000001368100000)]
  0x000001fdff09ca00 JavaThread "Monitor Deflation Thread" daemon [_thread_blocked, id=6468, stack(0x0000001368100000,0x0000001368200000)]
=>0x000001fdff09e7a0 JavaThread "C2 CompilerThread0" daemon [_thread_in_native, id=10148, stack(0x0000001368200000,0x0000001368300000)]
  0x000001fdff0aa750 JavaThread "C1 CompilerThread0" daemon [_thread_blocked, id=11524, stack(0x0000001368300000,0x0000001368400000)]
  0x000001fdff0ad560 JavaThread "Sweeper thread" daemon [_thread_blocked, id=5452, stack(0x0000001368400000,0x0000001368500000)]
  0x000001fdffc86100 JavaThread "Common-Cleaner" daemon [_thread_blocked, id=8612, stack(0x0000001368500000,0x0000001368600000)]
  0x000001fdffdebff0 JavaThread "Monitor Ctrl-Break" daemon [_thread_in_native, id=10216, stack(0x0000001368600000,0x0000001368700000)]
  0x000001fdffdec4c0 JavaThread "Notification Thread" daemon [_thread_blocked, id=7224, stack(0x0000001368700000,0x0000001368800000)]
  0x000001fdffe0ce60 JavaThread "pool-2-thread-1" [_thread_blocked, id=9280, stack(0x0000001368900000,0x0000001368a00000)]
  0x000001fdfffe80b0 JavaThread "Java2D Disposer" daemon [_thread_blocked, id=10836, stack(0x0000001368a00000,0x0000001368b00000)]
  0x000001fdfffe8a00 JavaThread "AWT-Shutdown" [_thread_blocked, id=13332, stack(0x0000001368b00000,0x0000001368c00000)]
  0x000001fdffff25e0 JavaThread "AWT-Windows" daemon [_thread_blocked, id=12040, stack(0x0000001368c00000,0x0000001368d00000)]
  0x000001fdfffe9220 JavaThread "Image Animator 3" daemon [_thread_blocked, id=12964, stack(0x0000001368d00000,0x0000001368e00000)]
  0x000001fd9c76c1e0 JavaThread "AWT-EventQueue-0" [_thread_blocked, id=8976, stack(0x0000001369600000,0x0000001369700000)]
  0x000001fd9d7d07e0 JavaThread "output-wizard9" [_thread_blocked, id=13972, stack(0x0000001369900000,0x0000001369a00000)]
  0x000001fd9d7d1650 JavaThread "output-wizard10" [_thread_blocked, id=6400, stack(0x0000001369a00000,0x0000001369b00000)]
  0x000001fd9d7d1180 JavaThread "output-wizard8" [_thread_blocked, id=5896, stack(0x0000001369b00000,0x0000001369c00000)]
  0x000001fd9d7d1b20 JavaThread "output-wizard9" [_thread_blocked, id=5216, stack(0x0000001369c00000,0x0000001369d00000)]
  0x000001fd9d7d1ff0 JavaThread "output-wizard10" [_thread_blocked, id=3016, stack(0x0000001369d00000,0x0000001369e00000)]
  0x000001fd9d7cf970 JavaThread "output-wizard9" [_thread_blocked, id=4948, stack(0x0000001369e00000,0x0000001369f00000)]
  0x000001fd9d7d24c0 JavaThread "output-wizard9" [_thread_blocked, id=2228, stack(0x0000001369f00000,0x000000136a000000)]
  0x000001fd9d7d0cb0 JavaThread "output-wizard9" [_thread_blocked, id=9664, stack(0x000000136a000000,0x000000136a100000)]
  0x000001fd9d7d0310 JavaThread "output-wizard10" [_thread_blocked, id=14452, stack(0x000000136a200000,0x000000136a300000)]
  0x000001fd9d7ceb00 JavaThread "output-wizard10" [_thread_blocked, id=2760, stack(0x000000136a300000,0x000000136a400000)]
  0x000001fd9d7cfe40 JavaThread "output-wizard11" [_thread_blocked, id=13704, stack(0x000000136a400000,0x000000136a500000)]
  0x000001fd9d7cefd0 JavaThread "output-wizard9" [_thread_blocked, id=8836, stack(0x000000136a500000,0x000000136a600000)]
  0x000001fd9d7cf4a0 JavaThread "output-wizard10" [_thread_blocked, id=2916, stack(0x000000136a600000,0x000000136a700000)]
  0x000001fd9cd54680 JavaThread "output-wizard10" [_thread_blocked, id=1976, stack(0x000000136a700000,0x000000136a800000)]
  0x000001fd9cd57b70 JavaThread "output-wizard9" [_thread_blocked, id=14520, stack(0x000000136a800000,0x000000136a900000)]
  0x000001fd9cd576a0 JavaThread "output-wizard9" [_thread_blocked, id=13436, stack(0x000000136a900000,0x000000136aa00000)]
  0x000001fd9cd507f0 JavaThread "output-wizard11" [_thread_blocked, id=4692, stack(0x000000136aa00000,0x000000136ab00000)]
  0x000001fd9cd50cc0 JavaThread "output-wizard11" [_thread_blocked, id=1256, stack(0x000000136ab00000,0x000000136ac00000)]
  0x000001fd9cd55020 JavaThread "output-wizard9" [_thread_blocked, id=2216, stack(0x000000136ac00000,0x000000136ad00000)]
  0x000001fd9cd54b50 JavaThread "output-wizard10" [_thread_blocked, id=16424, stack(0x000000136ad00000,0x000000136ae00000)]
  0x000001fd9cd529a0 JavaThread "output-wizard11" [_thread_blocked, id=11552, stack(0x000000136ae00000,0x000000136af00000)]
  0x000001fd9cd52e70 JavaThread "output-wizard10" [_thread_blocked, id=11648, stack(0x000000136af00000,0x000000136b000000)]
  0x000001fd9cd559c0 JavaThread "output-wizard12" [_thread_blocked, id=15132, stack(0x000000136b000000,0x000000136b100000)]
  0x000001fd9cd554f0 JavaThread "output-wizard10" [_thread_blocked, id=2380, stack(0x000000136b100000,0x000000136b200000)]
  0x000001fd9cd52000 JavaThread "output-wizard8" [_thread_blocked, id=15128, stack(0x000000136b200000,0x000000136b300000)]
  0x000001fd9cd51190 JavaThread "output-wizard8" [_thread_blocked, id=8448, stack(0x000000136b300000,0x000000136b400000)]
  0x000001fd9cd55e90 JavaThread "output-wizard10" [_thread_blocked, id=6220, stack(0x000000136b400000,0x000000136b500000)]
  0x000001fd9cd56360 JavaThread "output-wizard9" [_thread_blocked, id=10664, stack(0x000000136b500000,0x000000136b600000)]
  0x000001fd9cd56830 JavaThread "output-wizard10" [_thread_blocked, id=12684, stack(0x000000136b600000,0x000000136b700000)]
  0x000001fd9cd53340 JavaThread "output-wizard8" [_thread_blocked, id=2768, stack(0x000000136b700000,0x000000136b800000)]
  0x000001fd9cd53ce0 JavaThread "output-wizard11" [_thread_blocked, id=10532, stack(0x000000136b800000,0x000000136b900000)]
  0x000001fd9cd56d00 JavaThread "output-wizard7" [_thread_blocked, id=7472, stack(0x000000136b900000,0x000000136ba00000)]
  0x000001fd9cd571d0 JavaThread "output-wizard9" [_thread_blocked, id=932, stack(0x000000136ba00000,0x000000136bb00000)]
  0x000001fd9cd51660 JavaThread "output-wizard7" [_thread_blocked, id=3732, stack(0x000000136bb00000,0x000000136bc00000)]
  0x000001fd9cd50320 JavaThread "output-wizard9" [_thread_blocked, id=14528, stack(0x000000136bc00000,0x000000136bd00000)]
  0x000001fd9cd541b0 JavaThread "output-wizard8" [_thread_blocked, id=3404, stack(0x000000136bd00000,0x000000136be00000)]
  0x000001fd9cd51b30 JavaThread "output-wizard10" [_thread_blocked, id=9872, stack(0x000000136be00000,0x000000136bf00000)]
  0x000001fd9cd524d0 JavaThread "output-wizard10" [_thread_blocked, id=9204, stack(0x000000136bf00000,0x000000136c000000)]
  0x000001fd9cd53810 JavaThread "output-wizard7" [_thread_blocked, id=11460, stack(0x000000136c000000,0x000000136c100000)]
  0x000001fd9fddaca0 JavaThread "output-wizard6" [_thread_blocked, id=15564, stack(0x000000136c100000,0x000000136c200000)]
  0x000001fd9fddbfe0 JavaThread "output-wizard7" [_thread_blocked, id=5628, stack(0x000000136c200000,0x000000136c300000)]
  0x000001fd9fddb170 JavaThread "output-wizard9" [_thread_blocked, id=14500, stack(0x000000136c300000,0x000000136c400000)]
  0x000001fd9fdda7d0 JavaThread "output-wizard7" [_thread_blocked, id=14120, stack(0x000000136c400000,0x000000136c500000)]
  0x000001fd9fddbb10 JavaThread "output-wizard9" [_thread_blocked, id=5956, stack(0x000000136c500000,0x000000136c600000)]
  0x000001fd9fddb640 JavaThread "output-wizard8" [_thread_blocked, id=8732, stack(0x000000136c600000,0x000000136c700000)]
  0x000001fd9fdde190 JavaThread "output-wizard7" [_thread_blocked, id=2292, stack(0x000000136c700000,0x000000136c800000)]
  0x000001fd9fddd7f0 JavaThread "output-wizard10" [_thread_blocked, id=8464, stack(0x000000136c800000,0x000000136c900000)]
  0x000001fd9fdddcc0 JavaThread "output-wizard8" [_thread_blocked, id=3912, stack(0x000000136c900000,0x000000136ca00000)]
  0x000001fd9fddd320 JavaThread "output-wizard8" [_thread_blocked, id=5656, stack(0x000000136ca00000,0x000000136cb00000)]
  0x000001fd9fddc4b0 JavaThread "output-wizard8" [_thread_blocked, id=12508, stack(0x000000136cb00000,0x000000136cc00000)]
  0x000001fd9fddc980 JavaThread "output-wizard9" [_thread_blocked, id=1920, stack(0x000000136cc00000,0x000000136cd00000)]
  0x000001fd9fddce50 JavaThread "output-wizard8" [_thread_blocked, id=8176, stack(0x000000136cd00000,0x000000136ce00000)]
  0x000001fd9c906320 JavaThread "output-wizard9" [_thread_blocked, id=10480, stack(0x000000136cf00000,0x000000136d000000)]
  0x000001fd9c907b30 JavaThread "output-wizard11" [_thread_blocked, id=3948, stack(0x000000136d000000,0x000000136d100000)]
  0x000001fd9c90b4f0 JavaThread "output-wizard10" [_thread_blocked, id=15400, stack(0x000000136d100000,0x000000136d200000)]
  0x000001fd9c90c360 JavaThread "output-wizard9" [_thread_blocked, id=12584, stack(0x000000136d200000,0x000000136d300000)]
  0x000001fd9c908000 JavaThread "output-wizard9" [_thread_blocked, id=16564, stack(0x000000136d500000,0x000000136d600000)]
  0x000001fd9c90b9c0 JavaThread "output-wizard9" [_thread_blocked, id=3060, stack(0x000000136d600000,0x000000136d700000)]
  0x000001fd9c907190 JavaThread "output-wizard8" [_thread_blocked, id=12212, stack(0x000000136d700000,0x000000136d800000)]
  0x000001fd9c90ab50 JavaThread "output-wizard9" [_thread_blocked, id=3172, stack(0x000000136d800000,0x000000136d900000)]
  0x000001fd9c90be90 JavaThread "output-wizard8" [_thread_blocked, id=15212, stack(0x000000136d900000,0x000000136da00000)]
  0x000001fd9c90c830 JavaThread "output-wizard8" [_thread_blocked, id=11392, stack(0x000000136da00000,0x000000136db00000)]
  0x000001fd9c90a680 JavaThread "output-wizard8" [_thread_blocked, id=3096, stack(0x000000136db00000,0x000000136dc00000)]
  0x000001fd9c9089a0 JavaThread "output-wizard8" [_thread_blocked, id=10284, stack(0x000000136dc00000,0x000000136dd00000)]
  0x000001fd9c90b020 JavaThread "mysql-cj-abandoned-connection-cleanup" daemon [_thread_blocked, id=8580, stack(0x000000136dd00000,0x000000136de00000)]

Other Threads:
  0x000001fdff07fd20 VMThread "VM Thread" [stack: 0x0000001367b00000,0x0000001367c00000] [id=4456]
  0x000001fdfd2e7c40 WatcherThread [stack: 0x0000001368800000,0x0000001368900000] [id=2136]
  0x000001fdfd272270 GCTaskThread "GC Thread#0" [stack: 0x0000001367600000,0x0000001367700000] [id=4264]
  0x000001fd9c915110 GCTaskThread "GC Thread#1" [stack: 0x0000001368f00000,0x0000001369000000] [id=14012]
  0x000001fd9cc57cd0 GCTaskThread "GC Thread#2" [stack: 0x0000001369000000,0x0000001369100000] [id=10144]
  0x000001fd9c73c900 GCTaskThread "GC Thread#3" [stack: 0x0000001369100000,0x0000001369200000] [id=11136]
  0x000001fd9c8b3ee0 GCTaskThread "GC Thread#4" [stack: 0x0000001369200000,0x0000001369300000] [id=10416]
  0x000001fd9ce0ea50 GCTaskThread "GC Thread#5" [stack: 0x0000001369300000,0x0000001369400000] [id=6348]
  0x000001fd9c9144c0 GCTaskThread "GC Thread#6" [stack: 0x0000001369400000,0x0000001369500000] [id=6212]
  0x000001fd9cd898b0 GCTaskThread "GC Thread#7" [stack: 0x0000001369500000,0x0000001369600000] [id=2772]
  0x000001fd9fd103e0 GCTaskThread "GC Thread#8" [stack: 0x0000001369700000,0x0000001369800000] [id=14648]
  0x000001fd9fd23400 GCTaskThread "GC Thread#9" [stack: 0x0000001369800000,0x0000001369900000] [id=14104]
  0x000001fdfd2c0010 ConcurrentGCThread "G1 Main Marker" [stack: 0x0000001367700000,0x0000001367800000] [id=1792]
  0x000001fdfd2c11c0 ConcurrentGCThread "G1 Conc#0" [stack: 0x0000001367800000,0x0000001367900000] [id=3828]
  0x000001fd9d7b2870 ConcurrentGCThread "G1 Conc#1" [stack: 0x0000001368e00000,0x0000001368f00000] [id=9776]
  0x000001fd9d7b2060 ConcurrentGCThread "G1 Conc#2" [stack: 0x000000136a100000,0x000000136a200000] [id=9016]
  0x000001fdfd30dc60 ConcurrentGCThread "G1 Refine#0" [stack: 0x0000001367900000,0x0000001367a00000] [id=3972]
  0x000001fdfd30e680 ConcurrentGCThread "G1 Service" [stack: 0x0000001367a00000,0x0000001367b00000] [id=14916]

Threads with active compile tasks:
C2 CompilerThread0   244238 2617       4       java.security.AccessControlContext::optimize (319 bytes)

VM state: at safepoint (normal execution)

VM Mutex/Monitor currently owned by a thread:  ([mutex/lock_event])
[0x000001fdfd22c2d0] Threads_lock - owner thread: 0x000001fdff07fd20
[0x000001fdfd22d170] Heap_lock - owner thread: 0x000001fdfd2317e0

Heap address: 0x0000000082400000, size: 2012 MB, Compressed Oops mode: 32-bit

CDS archive(s) mapped at: [0x0000000800000000-0x0000000800bc0000-0x0000000800bc0000), size 12320768, SharedBaseAddress: 0x0000000800000000, ArchiveRelocationMode: 0.
Compressed class space mapped at: 0x0000000800c00000-0x0000000840c00000, reserved size: 1073741824
Narrow klass base: 0x0000000800000000, Narrow klass shift: 0, Narrow klass range: 0x100000000

GC Precious Log:
 CPUs: 12 total, 12 available
 Memory: 8043M
 Large Page Support: Disabled
 NUMA Support: Disabled
 Compressed Oops: Enabled (32-bit)
 Heap Region Size: 1M
 Heap Min Capacity: 8M
 Heap Initial Capacity: 126M
 Heap Max Capacity: 2012M
 Pre-touch: Disabled
 Parallel Workers: 10
 Concurrent Workers: 3
 Concurrent Refinement Workers: 10
 Periodic GC: Disabled

Heap:
 garbage-first heap   total 239616K, used 66383K [0x0000000082400000, 0x0000000100000000)
  region size 1024K, 1 young (1024K), 1 survivors (1024K)
 Metaspace       used 14178K, committed 14528K, reserved 1064960K
  class space    used 1592K, committed 1792K, reserved 1048576K

Heap Regions: E=young(eden), S=young(survivor), O=old, HS=humongous(starts), HC=humongous(continues), CS=collection set, F=free, OA=open archive, CA=closed archive, TAMS=top-at-mark-start (previous, next)
|   0|0x0000000082400000, 0x0000000082500000, 0x0000000082500000|100%|HS|  |TAMS 0x0000000082500000, 0x0000000082400000| Untracked 
|   1|0x0000000082500000, 0x0000000082600000, 0x0000000082600000|100%|HC|  |TAMS 0x0000000082600000, 0x0000000082500000| Untracked 
|   2|0x0000000082600000, 0x0000000082700000, 0x0000000082700000|100%|HC|  |TAMS 0x0000000082700000, 0x0000000082600000| Untracked 
|   3|0x0000000082700000, 0x0000000082800000, 0x0000000082800000|100%|HC|  |TAMS 0x0000000082800000, 0x0000000082700000| Untracked 
|   4|0x0000000082800000, 0x0000000082900000, 0x0000000082900000|100%|HC|  |TAMS 0x0000000082900000, 0x0000000082800000| Untracked 
|   5|0x0000000082900000, 0x0000000082a00000, 0x0000000082a00000|100%|HC|  |TAMS 0x0000000082a00000, 0x0000000082900000| Untracked 
|   6|0x0000000082a00000, 0x0000000082b00000, 0x0000000082b00000|100%|HC|  |TAMS 0x0000000082b00000, 0x0000000082a00000| Untracked 
|   7|0x0000000082b00000, 0x0000000082c00000, 0x0000000082c00000|100%|HC|  |TAMS 0x0000000082c00000, 0x0000000082b00000| Untracked 
|   8|0x0000000082c00000, 0x0000000082d00000, 0x0000000082d00000|100%|HC|  |TAMS 0x0000000082d00000, 0x0000000082c00000| Untracked 
|   9|0x0000000082d00000, 0x0000000082e00000, 0x0000000082e00000|100%|HC|  |TAMS 0x0000000082e00000, 0x0000000082d00000| Untracked 
|  10|0x0000000082e00000, 0x0000000082f00000, 0x0000000082f00000|100%|HC|  |TAMS 0x0000000082f00000, 0x0000000082e00000| Untracked 
|  11|0x0000000082f00000, 0x0000000083000000, 0x0000000083000000|100%|HC|  |TAMS 0x0000000083000000, 0x0000000082f00000| Untracked 
|  12|0x0000000083000000, 0x0000000083100000, 0x0000000083100000|100%|HC|  |TAMS 0x0000000083100000, 0x0000000083000000| Untracked 
|  13|0x0000000083100000, 0x0000000083200000, 0x0000000083200000|100%|HC|  |TAMS 0x0000000083200000, 0x0000000083100000| Untracked 
|  14|0x0000000083200000, 0x0000000083300000, 0x0000000083300000|100%|HC|  |TAMS 0x0000000083300000, 0x0000000083200000| Untracked 
|  15|0x0000000083300000, 0x0000000083400000, 0x0000000083400000|100%|HC|  |TAMS 0x0000000083400000, 0x0000000083300000| Untracked 
|  16|0x0000000083400000, 0x0000000083500000, 0x0000000083500000|100%|HC|  |TAMS 0x0000000083500000, 0x0000000083400000| Untracked 
|  17|0x0000000083500000, 0x0000000083600000, 0x0000000083600000|100%|HC|  |TAMS 0x0000000083600000, 0x0000000083500000| Untracked 
|  18|0x0000000083600000, 0x0000000083700000, 0x0000000083700000|100%|HC|  |TAMS 0x0000000083700000, 0x0000000083600000| Untracked 
|  19|0x0000000083700000, 0x0000000083800000, 0x0000000083800000|100%|HC|  |TAMS 0x0000000083800000, 0x0000000083700000| Untracked 
|  20|0x0000000083800000, 0x0000000083900000, 0x0000000083900000|100%|HC|  |TAMS 0x0000000083900000, 0x0000000083800000| Untracked 
|  21|0x0000000083900000, 0x0000000083a00000, 0x0000000083a00000|100%|HC|  |TAMS 0x0000000083a00000, 0x0000000083900000| Untracked 
|  22|0x0000000083a00000, 0x0000000083b00000, 0x0000000083b00000|100%|HC|  |TAMS 0x0000000083b00000, 0x0000000083a00000| Untracked 
|  23|0x0000000083b00000, 0x0000000083c00000, 0x0000000083c00000|100%|HC|  |TAMS 0x0000000083c00000, 0x0000000083b00000| Untracked 
|  24|0x0000000083c00000, 0x0000000083d00000, 0x0000000083d00000|100%|HC|  |TAMS 0x0000000083d00000, 0x0000000083c00000| Untracked 
|  25|0x0000000083d00000, 0x0000000083e00000, 0x0000000083e00000|100%|HC|  |TAMS 0x0000000083e00000, 0x0000000083d00000| Untracked 
|  26|0x0000000083e00000, 0x0000000083f00000, 0x0000000083f00000|100%|HC|  |TAMS 0x0000000083f00000, 0x0000000083e00000| Untracked 
|  27|0x0000000083f00000, 0x0000000084000000, 0x0000000084000000|100%|HC|  |TAMS 0x0000000084000000, 0x0000000083f00000| Untracked 
|  28|0x0000000084000000, 0x0000000084100000, 0x0000000084100000|100%|HC|  |TAMS 0x0000000084100000, 0x0000000084000000| Untracked 
|  29|0x0000000084100000, 0x0000000084200000, 0x0000000084200000|100%|HC|  |TAMS 0x0000000084200000, 0x0000000084100000| Untracked 
|  30|0x0000000084200000, 0x0000000084300000, 0x0000000084300000|100%|HC|  |TAMS 0x0000000084300000, 0x0000000084200000| Untracked 
|  31|0x0000000084300000, 0x0000000084400000, 0x0000000084400000|100%|HS|  |TAMS 0x0000000084400000, 0x0000000084300000| Untracked 
|  32|0x0000000084400000, 0x0000000084500000, 0x0000000084500000|100%|HC|  |TAMS 0x0000000084500000, 0x0000000084400000| Untracked 
|  33|0x0000000084500000, 0x0000000084600000, 0x0000000084600000|100%|HC|  |TAMS 0x0000000084600000, 0x0000000084500000| Untracked 
|  34|0x0000000084600000, 0x0000000084700000, 0x0000000084700000|100%|HS|  |TAMS 0x0000000084700000, 0x0000000084600000| Untracked 
|  35|0x0000000084700000, 0x0000000084800000, 0x0000000084800000|100%|HC|  |TAMS 0x0000000084800000, 0x0000000084700000| Untracked 
|  36|0x0000000084800000, 0x0000000084900000, 0x0000000084900000|100%|HC|  |TAMS 0x0000000084900000, 0x0000000084800000| Untracked 
|  37|0x0000000084900000, 0x0000000084a00000, 0x0000000084a00000|100%|HS|  |TAMS 0x0000000084a00000, 0x0000000084900000| Untracked 
|  38|0x0000000084a00000, 0x0000000084b00000, 0x0000000084b00000|100%|HC|  |TAMS 0x0000000084b00000, 0x0000000084a00000| Untracked 
|  39|0x0000000084b00000, 0x0000000084c00000, 0x0000000084c00000|100%|HC|  |TAMS 0x0000000084c00000, 0x0000000084b00000| Untracked 
|  40|0x0000000084c00000, 0x0000000084d00000, 0x0000000084d00000|100%| O|  |TAMS 0x0000000084d00000, 0x0000000084c00000| Untracked 
|  41|0x0000000084d00000, 0x0000000084e00000, 0x0000000084e00000|100%| O|  |TAMS 0x0000000084e00000, 0x0000000084d00000| Untracked 
|  42|0x0000000084e00000, 0x0000000084f00000, 0x0000000084f00000|100%|HS|  |TAMS 0x0000000084f00000, 0x0000000084e00000| Untracked 
|  43|0x0000000084f00000, 0x0000000085000000, 0x0000000085000000|100%|HC|  |TAMS 0x0000000085000000, 0x0000000084f00000| Untracked 
|  44|0x0000000085000000, 0x0000000085100000, 0x0000000085100000|100%|HC|  |TAMS 0x0000000085100000, 0x0000000085000000| Untracked 
|  45|0x0000000085100000, 0x0000000085200000, 0x0000000085200000|100%|HC|  |TAMS 0x0000000085200000, 0x0000000085100000| Untracked 
|  46|0x0000000085200000, 0x0000000085300000, 0x0000000085300000|100%|HC|  |TAMS 0x0000000085300000, 0x0000000085200000| Untracked 
|  47|0x0000000085300000, 0x0000000085400000, 0x0000000085400000|100%|HC|  |TAMS 0x0000000085400000, 0x0000000085300000| Untracked 
|  48|0x0000000085400000, 0x0000000085500000, 0x0000000085500000|100%|HC|  |TAMS 0x0000000085500000, 0x0000000085400000| Untracked 
|  49|0x0000000085500000, 0x0000000085600000, 0x0000000085600000|100%|HC|  |TAMS 0x0000000085600000, 0x0000000085500000| Untracked 
|  50|0x0000000085600000, 0x0000000085700000, 0x0000000085700000|100%|HC|  |TAMS 0x0000000085700000, 0x0000000085600000| Untracked 
|  51|0x0000000085700000, 0x00000000857f09a8, 0x0000000085800000| 93%| O|  |TAMS 0x0000000085700000, 0x0000000085700000| Untracked 
|  52|0x0000000085800000, 0x00000000858eff28, 0x0000000085900000| 93%| O|  |TAMS 0x0000000085800000, 0x0000000085800000| Untracked 
|  53|0x0000000085900000, 0x0000000085a00000, 0x0000000085a00000|100%| O|  |TAMS 0x0000000085a00000, 0x0000000085900000| Untracked 
|  54|0x0000000085a00000, 0x0000000085b00000, 0x0000000085b00000|100%| O|  |TAMS 0x0000000085b00000, 0x0000000085a00000| Untracked 
|  55|0x0000000085b00000, 0x0000000085c00000, 0x0000000085c00000|100%| O|  |TAMS 0x0000000085c00000, 0x0000000085b00000| Untracked 
|  56|0x0000000085c00000, 0x0000000085d00000, 0x0000000085d00000|100%|HS|  |TAMS 0x0000000085d00000, 0x0000000085c00000| Untracked 
|  57|0x0000000085d00000, 0x0000000085e00000, 0x0000000085e00000|100%|HC|  |TAMS 0x0000000085e00000, 0x0000000085d00000| Untracked 
|  58|0x0000000085e00000, 0x0000000085f00000, 0x0000000085f00000|100%|HC|  |TAMS 0x0000000085f00000, 0x0000000085e00000| Untracked 
|  59|0x0000000085f00000, 0x0000000086000000, 0x0000000086000000|100%|HC|  |TAMS 0x0000000086000000, 0x0000000085f00000| Untracked 
|  60|0x0000000086000000, 0x0000000086100000, 0x0000000086100000|100%|HC|  |TAMS 0x0000000086100000, 0x0000000086000000| Untracked 
|  61|0x0000000086100000, 0x0000000086200000, 0x0000000086200000|100%|HC|  |TAMS 0x0000000086200000, 0x0000000086100000| Untracked 
|  62|0x0000000086200000, 0x0000000086300000, 0x0000000086300000|100%| O|  |TAMS 0x0000000086300000, 0x0000000086200000| Untracked 
|  63|0x0000000086300000, 0x0000000086400000, 0x0000000086400000|100%| O|  |TAMS 0x0000000086400000, 0x0000000086300000| Untracked 
|  64|0x0000000086400000, 0x00000000864844e8, 0x0000000086500000| 51%| O|  |TAMS 0x0000000086400000, 0x0000000086400000| Untracked 
|  65|0x0000000086500000, 0x000000008652c140, 0x0000000086600000| 17%| O|  |TAMS 0x0000000086500000, 0x0000000086500000| Untracked 
|  66|0x0000000086600000, 0x0000000086611260, 0x0000000086700000|  6%| O|  |TAMS 0x0000000086600000, 0x0000000086600000| Untracked 
|  67|0x0000000086700000, 0x0000000086700000, 0x0000000086800000|  0%| F|  |TAMS 0x0000000086700000, 0x0000000086700000| Untracked 
|  68|0x0000000086800000, 0x0000000086800000, 0x0000000086900000|  0%| F|  |TAMS 0x0000000086800000, 0x0000000086800000| Untracked 
|  69|0x0000000086900000, 0x0000000086900000, 0x0000000086a00000|  0%| F|  |TAMS 0x0000000086900000, 0x0000000086900000| Untracked 
|  70|0x0000000086a00000, 0x0000000086a00000, 0x0000000086b00000|  0%| F|  |TAMS 0x0000000086a00000, 0x0000000086a00000| Untracked 
|  71|0x0000000086b00000, 0x0000000086b00000, 0x0000000086c00000|  0%| F|  |TAMS 0x0000000086b00000, 0x0000000086b00000| Untracked 
|  72|0x0000000086c00000, 0x0000000086c00000, 0x0000000086d00000|  0%| F|  |TAMS 0x0000000086c00000, 0x0000000086c00000| Untracked 
|  73|0x0000000086d00000, 0x0000000086d00000, 0x0000000086e00000|  0%| F|  |TAMS 0x0000000086d00000, 0x0000000086d00000| Untracked 
|  74|0x0000000086e00000, 0x0000000086e00000, 0x0000000086f00000|  0%| F|  |TAMS 0x0000000086e00000, 0x0000000086e00000| Untracked 
|  75|0x0000000086f00000, 0x0000000086f00000, 0x0000000087000000|  0%| F|  |TAMS 0x0000000086f00000, 0x0000000086f00000| Untracked 
|  76|0x0000000087000000, 0x0000000087000000, 0x0000000087100000|  0%| F|  |TAMS 0x0000000087000000, 0x0000000087000000| Untracked 
|  77|0x0000000087100000, 0x0000000087100000, 0x0000000087200000|  0%| F|  |TAMS 0x0000000087100000, 0x0000000087100000| Untracked 
|  78|0x0000000087200000, 0x0000000087200000, 0x0000000087300000|  0%| F|  |TAMS 0x0000000087200000, 0x0000000087200000| Untracked 
|  79|0x0000000087300000, 0x0000000087300000, 0x0000000087400000|  0%| F|  |TAMS 0x0000000087300000, 0x0000000087300000| Untracked 
|  80|0x0000000087400000, 0x0000000087400000, 0x0000000087500000|  0%| F|  |TAMS 0x0000000087400000, 0x0000000087400000| Untracked 
|  81|0x0000000087500000, 0x0000000087500000, 0x0000000087600000|  0%| F|  |TAMS 0x0000000087500000, 0x0000000087500000| Untracked 
|  82|0x0000000087600000, 0x0000000087600000, 0x0000000087700000|  0%| F|  |TAMS 0x0000000087600000, 0x0000000087600000| Untracked 
|  83|0x0000000087700000, 0x0000000087700000, 0x0000000087800000|  0%| F|  |TAMS 0x0000000087700000, 0x0000000087700000| Untracked 
|  84|0x0000000087800000, 0x0000000087800000, 0x0000000087900000|  0%| F|  |TAMS 0x0000000087800000, 0x0000000087800000| Untracked 
|  85|0x0000000087900000, 0x0000000087900000, 0x0000000087a00000|  0%| F|  |TAMS 0x0000000087900000, 0x0000000087900000| Untracked 
|  86|0x0000000087a00000, 0x0000000087a00000, 0x0000000087b00000|  0%| F|  |TAMS 0x0000000087a00000, 0x0000000087a00000| Untracked 
|  87|0x0000000087b00000, 0x0000000087b00000, 0x0000000087c00000|  0%| F|  |TAMS 0x0000000087b00000, 0x0000000087b00000| Untracked 
|  88|0x0000000087c00000, 0x0000000087c00000, 0x0000000087d00000|  0%| F|  |TAMS 0x0000000087c00000, 0x0000000087c00000| Untracked 
|  89|0x0000000087d00000, 0x0000000087d00000, 0x0000000087e00000|  0%| F|  |TAMS 0x0000000087d00000, 0x0000000087d00000| Untracked 
|  90|0x0000000087e00000, 0x0000000087e00000, 0x0000000087f00000|  0%| F|  |TAMS 0x0000000087e00000, 0x0000000087e00000| Untracked 
|  91|0x0000000087f00000, 0x0000000087f00000, 0x0000000088000000|  0%| F|  |TAMS 0x0000000087f00000, 0x0000000087f00000| Untracked 
|  92|0x0000000088000000, 0x0000000088030ec8, 0x0000000088100000| 19%| S|CS|TAMS 0x0000000088000000, 0x0000000088000000| Complete 
|  93|0x0000000088100000, 0x0000000088100000, 0x0000000088200000|  0%| F|  |TAMS 0x0000000088100000, 0x0000000088100000| Untracked 
|  94|0x0000000088200000, 0x0000000088200000, 0x0000000088300000|  0%| F|  |TAMS 0x0000000088200000, 0x0000000088200000| Untracked 
|  95|0x0000000088300000, 0x0000000088300000, 0x0000000088400000|  0%| F|  |TAMS 0x0000000088300000, 0x0000000088300000| Untracked 
|  96|0x0000000088400000, 0x0000000088400000, 0x0000000088500000|  0%| F|  |TAMS 0x0000000088400000, 0x0000000088400000| Untracked 
|  97|0x0000000088500000, 0x0000000088500000, 0x0000000088600000|  0%| F|  |TAMS 0x0000000088500000, 0x0000000088500000| Untracked 
|  98|0x0000000088600000, 0x0000000088600000, 0x0000000088700000|  0%| F|  |TAMS 0x0000000088600000, 0x0000000088600000| Untracked 
|  99|0x0000000088700000, 0x0000000088700000, 0x0000000088800000|  0%| F|  |TAMS 0x0000000088700000, 0x0000000088700000| Untracked 
| 100|0x0000000088800000, 0x0000000088800000, 0x0000000088900000|  0%| F|  |TAMS 0x0000000088800000, 0x0000000088800000| Untracked 
| 101|0x0000000088900000, 0x0000000088900000, 0x0000000088a00000|  0%| F|  |TAMS 0x0000000088900000, 0x0000000088900000| Untracked 
| 102|0x0000000088a00000, 0x0000000088a00000, 0x0000000088b00000|  0%| F|  |TAMS 0x0000000088a00000, 0x0000000088a00000| Untracked 
| 103|0x0000000088b00000, 0x0000000088b00000, 0x0000000088c00000|  0%| F|  |TAMS 0x0000000088b00000, 0x0000000088b00000| Untracked 
| 104|0x0000000088c00000, 0x0000000088c00000, 0x0000000088d00000|  0%| F|  |TAMS 0x0000000088c00000, 0x0000000088c00000| Untracked 
| 105|0x0000000088d00000, 0x0000000088d00000, 0x0000000088e00000|  0%| F|  |TAMS 0x0000000088d00000, 0x0000000088d00000| Untracked 
| 106|0x0000000088e00000, 0x0000000088e00000, 0x0000000088f00000|  0%| F|  |TAMS 0x0000000088e00000, 0x0000000088e00000| Untracked 
| 107|0x0000000088f00000, 0x0000000088f00000, 0x0000000089000000|  0%| F|  |TAMS 0x0000000088f00000, 0x0000000088f00000| Untracked 
| 108|0x0000000089000000, 0x0000000089000000, 0x0000000089100000|  0%| F|  |TAMS 0x0000000089000000, 0x0000000089000000| Untracked 
| 109|0x0000000089100000, 0x0000000089100000, 0x0000000089200000|  0%| F|  |TAMS 0x0000000089100000, 0x0000000089100000| Untracked 
| 110|0x0000000089200000, 0x0000000089200000, 0x0000000089300000|  0%| F|  |TAMS 0x0000000089200000, 0x0000000089200000| Untracked 
| 111|0x0000000089300000, 0x0000000089300000, 0x0000000089400000|  0%| F|  |TAMS 0x0000000089300000, 0x0000000089300000| Untracked 
| 112|0x0000000089400000, 0x0000000089400000, 0x0000000089500000|  0%| F|  |TAMS 0x0000000089400000, 0x0000000089400000| Untracked 
| 113|0x0000000089500000, 0x0000000089500000, 0x0000000089600000|  0%| F|  |TAMS 0x0000000089500000, 0x0000000089500000| Untracked 
| 114|0x0000000089600000, 0x0000000089600000, 0x0000000089700000|  0%| F|  |TAMS 0x0000000089600000, 0x0000000089600000| Untracked 
| 115|0x0000000089700000, 0x0000000089700000, 0x0000000089800000|  0%| F|  |TAMS 0x0000000089700000, 0x0000000089700000| Untracked 
| 116|0x0000000089800000, 0x0000000089800000, 0x0000000089900000|  0%| F|  |TAMS 0x0000000089800000, 0x0000000089800000| Untracked 
| 117|0x0000000089900000, 0x0000000089900000, 0x0000000089a00000|  0%| F|  |TAMS 0x0000000089900000, 0x0000000089900000| Untracked 
| 118|0x0000000089a00000, 0x0000000089a00000, 0x0000000089b00000|  0%| F|  |TAMS 0x0000000089a00000, 0x0000000089a00000| Untracked 
| 119|0x0000000089b00000, 0x0000000089b00000, 0x0000000089c00000|  0%| F|  |TAMS 0x0000000089b00000, 0x0000000089b00000| Untracked 
| 120|0x0000000089c00000, 0x0000000089c00000, 0x0000000089d00000|  0%| F|  |TAMS 0x0000000089c00000, 0x0000000089c00000| Untracked 
| 121|0x0000000089d00000, 0x0000000089d00000, 0x0000000089e00000|  0%| F|  |TAMS 0x0000000089d00000, 0x0000000089d00000| Untracked 
| 122|0x0000000089e00000, 0x0000000089e00000, 0x0000000089f00000|  0%| F|  |TAMS 0x0000000089e00000, 0x0000000089e00000| Untracked 
| 123|0x0000000089f00000, 0x0000000089f00000, 0x000000008a000000|  0%| F|  |TAMS 0x0000000089f00000, 0x0000000089f00000| Untracked 
| 124|0x000000008a000000, 0x000000008a000000, 0x000000008a100000|  0%| F|  |TAMS 0x000000008a000000, 0x000000008a000000| Untracked 
| 125|0x000000008a100000, 0x000000008a100000, 0x000000008a200000|  0%| F|  |TAMS 0x000000008a100000, 0x000000008a100000| Untracked 
| 126|0x000000008a200000, 0x000000008a200000, 0x000000008a300000|  0%| F|  |TAMS 0x000000008a200000, 0x000000008a200000| Untracked 
| 127|0x000000008a300000, 0x000000008a300000, 0x000000008a400000|  0%| F|  |TAMS 0x000000008a300000, 0x000000008a300000| Untracked 
| 128|0x000000008a400000, 0x000000008a400000, 0x000000008a500000|  0%| F|  |TAMS 0x000000008a400000, 0x000000008a400000| Untracked 
| 129|0x000000008a500000, 0x000000008a500000, 0x000000008a600000|  0%| F|  |TAMS 0x000000008a500000, 0x000000008a500000| Untracked 
| 130|0x000000008a600000, 0x000000008a600000, 0x000000008a700000|  0%| F|  |TAMS 0x000000008a600000, 0x000000008a600000| Untracked 
| 131|0x000000008a700000, 0x000000008a700000, 0x000000008a800000|  0%| F|  |TAMS 0x000000008a700000, 0x000000008a700000| Untracked 
| 132|0x000000008a800000, 0x000000008a800000, 0x000000008a900000|  0%| F|  |TAMS 0x000000008a800000, 0x000000008a800000| Untracked 
| 133|0x000000008a900000, 0x000000008a900000, 0x000000008aa00000|  0%| F|  |TAMS 0x000000008a900000, 0x000000008a900000| Untracked 
| 134|0x000000008aa00000, 0x000000008aa00000, 0x000000008ab00000|  0%| F|  |TAMS 0x000000008aa00000, 0x000000008aa00000| Untracked 
| 135|0x000000008ab00000, 0x000000008ab00000, 0x000000008ac00000|  0%| F|  |TAMS 0x000000008ab00000, 0x000000008ab00000| Untracked 
| 136|0x000000008ac00000, 0x000000008ac00000, 0x000000008ad00000|  0%| F|  |TAMS 0x000000008ac00000, 0x000000008ac00000| Untracked 
| 137|0x000000008ad00000, 0x000000008ad00000, 0x000000008ae00000|  0%| F|  |TAMS 0x000000008ad00000, 0x000000008ad00000| Untracked 
| 138|0x000000008ae00000, 0x000000008ae00000, 0x000000008af00000|  0%| F|  |TAMS 0x000000008ae00000, 0x000000008ae00000| Untracked 
| 139|0x000000008af00000, 0x000000008af00000, 0x000000008b000000|  0%| F|  |TAMS 0x000000008af00000, 0x000000008af00000| Untracked 
| 140|0x000000008b000000, 0x000000008b000000, 0x000000008b100000|  0%| F|  |TAMS 0x000000008b000000, 0x000000008b000000| Untracked 
| 141|0x000000008b100000, 0x000000008b100000, 0x000000008b200000|  0%| F|  |TAMS 0x000000008b100000, 0x000000008b100000| Untracked 
| 142|0x000000008b200000, 0x000000008b200000, 0x000000008b300000|  0%| F|  |TAMS 0x000000008b200000, 0x000000008b200000| Untracked 
| 143|0x000000008b300000, 0x000000008b300000, 0x000000008b400000|  0%| F|  |TAMS 0x000000008b300000, 0x000000008b300000| Untracked 
| 144|0x000000008b400000, 0x000000008b400000, 0x000000008b500000|  0%| F|  |TAMS 0x000000008b400000, 0x000000008b400000| Untracked 
| 145|0x000000008b500000, 0x000000008b500000, 0x000000008b600000|  0%| F|  |TAMS 0x000000008b500000, 0x000000008b500000| Untracked 
| 146|0x000000008b600000, 0x000000008b600000, 0x000000008b700000|  0%| F|  |TAMS 0x000000008b600000, 0x000000008b600000| Untracked 
| 147|0x000000008b700000, 0x000000008b700000, 0x000000008b800000|  0%| F|  |TAMS 0x000000008b700000, 0x000000008b700000| Untracked 
| 148|0x000000008b800000, 0x000000008b800000, 0x000000008b900000|  0%| F|  |TAMS 0x000000008b800000, 0x000000008b800000| Untracked 
| 149|0x000000008b900000, 0x000000008b900000, 0x000000008ba00000|  0%| F|  |TAMS 0x000000008b900000, 0x000000008b900000| Untracked 
| 150|0x000000008ba00000, 0x000000008ba00000, 0x000000008bb00000|  0%| F|  |TAMS 0x000000008ba00000, 0x000000008ba00000| Untracked 
| 151|0x000000008bb00000, 0x000000008bb00000, 0x000000008bc00000|  0%| F|  |TAMS 0x000000008bb00000, 0x000000008bb00000| Untracked 
| 152|0x000000008bc00000, 0x000000008bc00000, 0x000000008bd00000|  0%| F|  |TAMS 0x000000008bc00000, 0x000000008bc00000| Untracked 
| 153|0x000000008bd00000, 0x000000008bd00000, 0x000000008be00000|  0%| F|  |TAMS 0x000000008bd00000, 0x000000008bd00000| Untracked 
| 154|0x000000008be00000, 0x000000008be00000, 0x000000008bf00000|  0%| F|  |TAMS 0x000000008be00000, 0x000000008be00000| Untracked 
| 155|0x000000008bf00000, 0x000000008bf00000, 0x000000008c000000|  0%| F|  |TAMS 0x000000008bf00000, 0x000000008bf00000| Untracked 
| 156|0x000000008c000000, 0x000000008c000000, 0x000000008c100000|  0%| F|  |TAMS 0x000000008c000000, 0x000000008c000000| Untracked 
| 157|0x000000008c100000, 0x000000008c100000, 0x000000008c200000|  0%| F|  |TAMS 0x000000008c100000, 0x000000008c100000| Untracked 
| 158|0x000000008c200000, 0x000000008c200000, 0x000000008c300000|  0%| F|  |TAMS 0x000000008c200000, 0x000000008c200000| Untracked 
| 159|0x000000008c300000, 0x000000008c300000, 0x000000008c400000|  0%| F|  |TAMS 0x000000008c300000, 0x000000008c300000| Untracked 
| 160|0x000000008c400000, 0x000000008c400000, 0x000000008c500000|  0%| F|  |TAMS 0x000000008c400000, 0x000000008c400000| Untracked 
| 161|0x000000008c500000, 0x000000008c500000, 0x000000008c600000|  0%| F|  |TAMS 0x000000008c500000, 0x000000008c500000| Untracked 
| 162|0x000000008c600000, 0x000000008c600000, 0x000000008c700000|  0%| F|  |TAMS 0x000000008c600000, 0x000000008c600000| Untracked 
| 163|0x000000008c700000, 0x000000008c700000, 0x000000008c800000|  0%| F|  |TAMS 0x000000008c700000, 0x000000008c700000| Untracked 
| 164|0x000000008c800000, 0x000000008c800000, 0x000000008c900000|  0%| F|  |TAMS 0x000000008c800000, 0x000000008c800000| Untracked 
| 165|0x000000008c900000, 0x000000008c900000, 0x000000008ca00000|  0%| F|  |TAMS 0x000000008c900000, 0x000000008c900000| Untracked 
| 166|0x000000008ca00000, 0x000000008ca00000, 0x000000008cb00000|  0%| F|  |TAMS 0x000000008ca00000, 0x000000008ca00000| Untracked 
| 167|0x000000008cb00000, 0x000000008cb00000, 0x000000008cc00000|  0%| F|  |TAMS 0x000000008cb00000, 0x000000008cb00000| Untracked 
| 168|0x000000008cc00000, 0x000000008cc00000, 0x000000008cd00000|  0%| F|  |TAMS 0x000000008cc00000, 0x000000008cc00000| Untracked 
| 169|0x000000008cd00000, 0x000000008cd00000, 0x000000008ce00000|  0%| F|  |TAMS 0x000000008cd00000, 0x000000008cd00000| Untracked 
| 170|0x000000008ce00000, 0x000000008ce00000, 0x000000008cf00000|  0%| F|  |TAMS 0x000000008ce00000, 0x000000008ce00000| Untracked 
| 171|0x000000008cf00000, 0x000000008cf00000, 0x000000008d000000|  0%| F|  |TAMS 0x000000008cf00000, 0x000000008cf00000| Untracked 
| 172|0x000000008d000000, 0x000000008d000000, 0x000000008d100000|  0%| F|  |TAMS 0x000000008d000000, 0x000000008d000000| Untracked 
| 173|0x000000008d100000, 0x000000008d100000, 0x000000008d200000|  0%| F|  |TAMS 0x000000008d100000, 0x000000008d100000| Untracked 
| 174|0x000000008d200000, 0x000000008d200000, 0x000000008d300000|  0%| F|  |TAMS 0x000000008d200000, 0x000000008d200000| Untracked 
| 175|0x000000008d300000, 0x000000008d300000, 0x000000008d400000|  0%| F|  |TAMS 0x000000008d300000, 0x000000008d300000| Untracked 
| 176|0x000000008d400000, 0x000000008d400000, 0x000000008d500000|  0%| F|  |TAMS 0x000000008d400000, 0x000000008d400000| Untracked 
| 177|0x000000008d500000, 0x000000008d500000, 0x000000008d600000|  0%| F|  |TAMS 0x000000008d500000, 0x000000008d500000| Untracked 
| 178|0x000000008d600000, 0x000000008d600000, 0x000000008d700000|  0%| F|  |TAMS 0x000000008d600000, 0x000000008d600000| Untracked 
| 179|0x000000008d700000, 0x000000008d700000, 0x000000008d800000|  0%| F|  |TAMS 0x000000008d700000, 0x000000008d700000| Untracked 
| 180|0x000000008d800000, 0x000000008d800000, 0x000000008d900000|  0%| F|  |TAMS 0x000000008d800000, 0x000000008d800000| Untracked 
| 181|0x000000008d900000, 0x000000008d900000, 0x000000008da00000|  0%| F|  |TAMS 0x000000008d900000, 0x000000008d900000| Untracked 
| 182|0x000000008da00000, 0x000000008da00000, 0x000000008db00000|  0%| F|  |TAMS 0x000000008da00000, 0x000000008da00000| Untracked 
| 183|0x000000008db00000, 0x000000008db00000, 0x000000008dc00000|  0%| F|  |TAMS 0x000000008db00000, 0x000000008db00000| Untracked 
| 184|0x000000008dc00000, 0x000000008dc00000, 0x000000008dd00000|  0%| F|  |TAMS 0x000000008dc00000, 0x000000008dc00000| Untracked 
| 185|0x000000008dd00000, 0x000000008dd00000, 0x000000008de00000|  0%| F|  |TAMS 0x000000008dd00000, 0x000000008dd00000| Untracked 
| 186|0x000000008de00000, 0x000000008de00000, 0x000000008df00000|  0%| F|  |TAMS 0x000000008de00000, 0x000000008de00000| Untracked 
| 187|0x000000008df00000, 0x000000008df00000, 0x000000008e000000|  0%| F|  |TAMS 0x000000008df00000, 0x000000008df00000| Untracked 
| 188|0x000000008e000000, 0x000000008e000000, 0x000000008e100000|  0%| F|  |TAMS 0x000000008e000000, 0x000000008e000000| Untracked 
| 189|0x000000008e100000, 0x000000008e100000, 0x000000008e200000|  0%| F|  |TAMS 0x000000008e100000, 0x000000008e100000| Untracked 
| 190|0x000000008e200000, 0x000000008e200000, 0x000000008e300000|  0%| F|  |TAMS 0x000000008e200000, 0x000000008e200000| Untracked 
| 191|0x000000008e300000, 0x000000008e300000, 0x000000008e400000|  0%| F|  |TAMS 0x000000008e300000, 0x000000008e300000| Untracked 
| 192|0x000000008e400000, 0x000000008e400000, 0x000000008e500000|  0%| F|  |TAMS 0x000000008e400000, 0x000000008e400000| Untracked 
| 193|0x000000008e500000, 0x000000008e500000, 0x000000008e600000|  0%| F|  |TAMS 0x000000008e500000, 0x000000008e500000| Untracked 
| 194|0x000000008e600000, 0x000000008e600000, 0x000000008e700000|  0%| F|  |TAMS 0x000000008e600000, 0x000000008e600000| Untracked 
| 195|0x000000008e700000, 0x000000008e700000, 0x000000008e800000|  0%| F|  |TAMS 0x000000008e700000, 0x000000008e700000| Untracked 
| 196|0x000000008e800000, 0x000000008e800000, 0x000000008e900000|  0%| F|  |TAMS 0x000000008e800000, 0x000000008e800000| Untracked 
| 197|0x000000008e900000, 0x000000008e900000, 0x000000008ea00000|  0%| F|  |TAMS 0x000000008e900000, 0x000000008e900000| Untracked 
| 198|0x000000008ea00000, 0x000000008ea00000, 0x000000008eb00000|  0%| F|  |TAMS 0x000000008ea00000, 0x000000008ea00000| Untracked 
| 199|0x000000008eb00000, 0x000000008eb00000, 0x000000008ec00000|  0%| F|  |TAMS 0x000000008eb00000, 0x000000008eb00000| Untracked 
| 200|0x000000008ec00000, 0x000000008ec00000, 0x000000008ed00000|  0%| F|  |TAMS 0x000000008ec00000, 0x000000008ec00000| Untracked 
| 201|0x000000008ed00000, 0x000000008ed00000, 0x000000008ee00000|  0%| F|  |TAMS 0x000000008ed00000, 0x000000008ed00000| Untracked 
| 202|0x000000008ee00000, 0x000000008ee00000, 0x000000008ef00000|  0%| F|  |TAMS 0x000000008ee00000, 0x000000008ee00000| Untracked 
| 203|0x000000008ef00000, 0x000000008ef00000, 0x000000008f000000|  0%| F|  |TAMS 0x000000008ef00000, 0x000000008ef00000| Untracked 
| 204|0x000000008f000000, 0x000000008f000000, 0x000000008f100000|  0%| F|  |TAMS 0x000000008f000000, 0x000000008f000000| Untracked 
| 205|0x000000008f100000, 0x000000008f100000, 0x000000008f200000|  0%| F|  |TAMS 0x000000008f100000, 0x000000008f100000| Untracked 
| 206|0x000000008f200000, 0x000000008f200000, 0x000000008f300000|  0%| F|  |TAMS 0x000000008f200000, 0x000000008f200000| Untracked 
| 207|0x000000008f300000, 0x000000008f300000, 0x000000008f400000|  0%| F|  |TAMS 0x000000008f300000, 0x000000008f300000| Untracked 
| 208|0x000000008f400000, 0x000000008f400000, 0x000000008f500000|  0%| F|  |TAMS 0x000000008f400000, 0x000000008f400000| Untracked 
| 209|0x000000008f500000, 0x000000008f500000, 0x000000008f600000|  0%| F|  |TAMS 0x000000008f500000, 0x000000008f500000| Untracked 
| 210|0x000000008f600000, 0x000000008f600000, 0x000000008f700000|  0%| F|  |TAMS 0x000000008f600000, 0x000000008f600000| Untracked 
| 211|0x000000008f700000, 0x000000008f700000, 0x000000008f800000|  0%| F|  |TAMS 0x000000008f700000, 0x000000008f700000| Untracked 
| 212|0x000000008f800000, 0x000000008f800000, 0x000000008f900000|  0%| F|  |TAMS 0x000000008f800000, 0x000000008f800000| Untracked 
| 213|0x000000008f900000, 0x000000008f900000, 0x000000008fa00000|  0%| F|  |TAMS 0x000000008f900000, 0x000000008f900000| Untracked 
| 214|0x000000008fa00000, 0x000000008fa00000, 0x000000008fb00000|  0%| F|  |TAMS 0x000000008fa00000, 0x000000008fa00000| Untracked 
| 215|0x000000008fb00000, 0x000000008fb00000, 0x000000008fc00000|  0%| F|  |TAMS 0x000000008fb00000, 0x000000008fb00000| Untracked 
| 216|0x000000008fc00000, 0x000000008fc00000, 0x000000008fd00000|  0%| F|  |TAMS 0x000000008fc00000, 0x000000008fc00000| Untracked 
| 217|0x000000008fd00000, 0x000000008fd00000, 0x000000008fe00000|  0%| F|  |TAMS 0x000000008fd00000, 0x000000008fd00000| Untracked 
| 218|0x000000008fe00000, 0x000000008fe00000, 0x000000008ff00000|  0%| F|  |TAMS 0x000000008fe00000, 0x000000008fe00000| Untracked 
| 219|0x000000008ff00000, 0x000000008ff00000, 0x0000000090000000|  0%| F|  |TAMS 0x000000008ff00000, 0x000000008ff00000| Untracked 
| 220|0x0000000090000000, 0x0000000090000000, 0x0000000090100000|  0%| F|  |TAMS 0x0000000090000000, 0x0000000090000000| Untracked 
| 221|0x0000000090100000, 0x0000000090100000, 0x0000000090200000|  0%| F|  |TAMS 0x0000000090100000, 0x0000000090100000| Untracked 
| 222|0x0000000090200000, 0x0000000090200000, 0x0000000090300000|  0%| F|  |TAMS 0x0000000090200000, 0x0000000090200000| Untracked 
| 223|0x0000000090300000, 0x0000000090300000, 0x0000000090400000|  0%| F|  |TAMS 0x0000000090300000, 0x0000000090300000| Untracked 
| 224|0x0000000090400000, 0x0000000090400000, 0x0000000090500000|  0%| F|  |TAMS 0x0000000090400000, 0x0000000090400000| Untracked 
| 225|0x0000000090500000, 0x0000000090500000, 0x0000000090600000|  0%| F|  |TAMS 0x0000000090500000, 0x0000000090500000| Untracked 
| 226|0x0000000090600000, 0x0000000090600000, 0x0000000090700000|  0%| F|  |TAMS 0x0000000090600000, 0x0000000090600000| Untracked 
| 227|0x0000000090700000, 0x0000000090700000, 0x0000000090800000|  0%| F|  |TAMS 0x0000000090700000, 0x0000000090700000| Untracked 
| 228|0x0000000090800000, 0x0000000090800000, 0x0000000090900000|  0%| F|  |TAMS 0x0000000090800000, 0x0000000090800000| Untracked 
| 229|0x0000000090900000, 0x0000000090900000, 0x0000000090a00000|  0%| F|  |TAMS 0x0000000090900000, 0x0000000090900000| Untracked 
| 230|0x0000000090a00000, 0x0000000090a00000, 0x0000000090b00000|  0%| F|  |TAMS 0x0000000090a00000, 0x0000000090a00000| Untracked 
| 595|0x00000000a7700000, 0x00000000a77000f0, 0x00000000a7800000|  0%| O|  |TAMS 0x00000000a7700000, 0x00000000a7700000| Untracked 
| 599|0x00000000a7b00000, 0x00000000a7b00428, 0x00000000a7c00000|  0%| O|  |TAMS 0x00000000a7b00000, 0x00000000a7b00000| Untracked 
| 600|0x00000000a7c00000, 0x00000000a7c00a70, 0x00000000a7d00000|  0%| O|  |TAMS 0x00000000a7c00000, 0x00000000a7c00000| Untracked 

Card table byte_map: [0x000001fdfdc50000,0x000001fdfe040000] _byte_map_base: 0x000001fdfd83e000

Marking Bits (Prev, Next): (CMBitMap*) 0x000001fdfd2728c0, (CMBitMap*) 0x000001fdfd272880
 Prev Bits: [0x000001fd986a0000, 0x000001fd9a610000)
 Next Bits: [0x000001fd96730000, 0x000001fd986a0000)

Polling page: 0x000001fdfb250000

Metaspace:

Usage:
  Non-class:     12.29 MB used.
      Class:      1.56 MB used.
       Both:     13.85 MB used.

Virtual space:
  Non-class space:       16.00 MB reserved,      12.44 MB ( 78%) committed,  2 nodes.
      Class space:        1.00 GB reserved,       1.75 MB ( <1%) committed,  1 nodes.
             Both:        1.02 GB reserved,      14.19 MB (  1%) committed. 

Chunk freelists:
   Non-Class:  2.82 MB
       Class:  2.38 MB
        Both:  5.21 MB

MaxMetaspaceSize: unlimited
CompressedClassSpaceSize: 1.00 GB
Initial GC threshold: 21.00 MB
Current GC threshold: 23.69 MB
CDS: on
MetaspaceReclaimPolicy: balanced
 - commit_granule_bytes: 65536.
 - commit_granule_words: 8192.
 - virtual_space_node_default_size: 1048576.
 - enlarge_chunks_in_place: 1.
 - new_chunks_are_fully_committed: 0.
 - uncommit_free_chunks: 1.
 - use_allocation_guard: 0.
 - handle_deallocations: 1.


Internal statistics:

num_allocs_failed_limit: 0.
num_arena_births: 374.
num_arena_deaths: 200.
num_vsnodes_births: 3.
num_vsnodes_deaths: 0.
num_space_committed: 227.
num_space_uncommitted: 0.
num_chunks_returned_to_freelist: 306.
num_chunks_taken_from_freelist: 621.
num_chunk_merges: 138.
num_chunk_splits: 346.
num_chunks_enlarged: 130.
num_purges: 2.
num_inconsistent_stats: 0.

CodeHeap 'non-profiled nmethods': size=120000Kb used=1483Kb max_used=1483Kb free=118516Kb
 bounds [0x000001fd8f200000, 0x000001fd8f470000, 0x000001fd96730000]
CodeHeap 'profiled nmethods': size=120000Kb used=4592Kb max_used=4592Kb free=115407Kb
 bounds [0x000001fd87cd0000, 0x000001fd88150000, 0x000001fd8f200000]
CodeHeap 'non-nmethods': size=5760Kb used=1314Kb max_used=1384Kb free=4445Kb
 bounds [0x000001fd87730000, 0x000001fd879a0000, 0x000001fd87cd0000]
 total_blobs=3196 nmethods=2544 adapters=564
 compilation: enabled
              stopped_count=0, restarted_count=0
 full_count=0

Compilation events (20 events):
Event: 190.749 Thread 0x000001fdff09e7a0 2607   !   4       sun.awt.image.SurfaceManager::getManager (47 bytes)
Event: 190.752 Thread 0x000001fdff09e7a0 nmethod 2607 0x000001fd8f370890 code [0x000001fd8f370a00, 0x000001fd8f370ab8]
Event: 190.754 Thread 0x000001fdff0aa750 nmethod 2604 0x000001fd88148410 code [0x000001fd88148760, 0x000001fd8814a448]
Event: 190.754 Thread 0x000001fdff0aa750 2605   !   3       sun.awt.image.VolatileSurfaceManager::validate (213 bytes)
Event: 190.755 Thread 0x000001fdff0aa750 nmethod 2605 0x000001fd8814ab90 code [0x000001fd8814ad60, 0x000001fd8814b298]
Event: 190.755 Thread 0x000001fdff0aa750 2606       3       javax.swing.RepaintManager$PaintManager::paintDoubleBuffered (50 bytes)
Event: 190.756 Thread 0x000001fdff0aa750 nmethod 2606 0x000001fd8814b410 code [0x000001fd8814b5e0, 0x000001fd8814b9e8]
Event: 190.781 Thread 0x000001fdff09e7a0 2608       4       sun.java2d.pipe.Region::clipScale (41 bytes)
Event: 190.783 Thread 0x000001fdff09e7a0 nmethod 2608 0x000001fd8f370c10 code [0x000001fd8f370dc0, 0x000001fd8f370fb8]
Event: 220.626 Thread 0x000001fdff0aa750 2611       3       sun.awt.AWTAutoShutdown::notifyToolkitThreadBusy (8 bytes)
Event: 220.656 Thread 0x000001fdff0aa750 nmethod 2611 0x000001fd8814bb10 code [0x000001fd8814bcc0, 0x000001fd8814be48]
Event: 220.800 Thread 0x000001fdff0aa750 2612       3       sun.awt.AWTAutoShutdown::notifyToolkitThreadFree (8 bytes)
Event: 220.801 Thread 0x000001fdff0aa750 nmethod 2612 0x000001fd8814bf10 code [0x000001fd8814c0c0, 0x000001fd8814c248]
Event: 221.570 Thread 0x000001fdff09e7a0 2613       4       sun.awt.image.ImageWatched::newInfo (25 bytes)
Event: 223.620 Thread 0x000001fdff09e7a0 nmethod 2613 0x000001fd8f371510 code [0x000001fd8f371700, 0x000001fd8f371dd0]
Event: 223.620 Thread 0x000001fdff09e7a0 2614   !   4       sun.java2d.SunGraphics2D::clone (114 bytes)
Event: 223.793 Thread 0x000001fdff09e7a0 nmethod 2614 0x000001fd8f372490 code [0x000001fd8f372620, 0x000001fd8f372978]
Event: 225.627 Thread 0x000001fdff09e7a0 2616       4       sun.java2d.pipe.Region::isInsideXYXY (39 bytes)
Event: 225.696 Thread 0x000001fdff09e7a0 nmethod 2616 0x000001fd8f372b90 code [0x000001fd8f372d00, 0x000001fd8f372df8]
Event: 227.276 Thread 0x000001fdff09e7a0 2617       4       java.security.AccessControlContext::optimize (319 bytes)

GC Heap History (20 events):
Event: 194.159 GC heap before
{Heap before GC invocations=50 (full 9):
 garbage-first heap   total 245760K, used 212596K [0x0000000082400000, 0x0000000100000000)
  region size 1024K, 143 young (146432K), 0 survivors (0K)
 Metaspace       used 14178K, committed 14528K, reserved 1064960K
  class space    used 1592K, committed 1792K, reserved 1048576K
}
Event: 194.433 GC heap after
{Heap after GC invocations=51 (full 9):
 garbage-first heap   total 245760K, used 66342K [0x0000000082400000, 0x0000000100000000)
  region size 1024K, 1 young (1024K), 1 survivors (1024K)
 Metaspace       used 14178K, committed 14528K, reserved 1064960K
  class space    used 1592K, committed 1792K, reserved 1048576K
}
Event: 196.295 GC heap before
{Heap before GC invocations=51 (full 9):
 garbage-first heap   total 245760K, used 211750K [0x0000000082400000, 0x0000000100000000)
  region size 1024K, 143 young (146432K), 1 survivors (1024K)
 Metaspace       used 14178K, committed 14528K, reserved 1064960K
  class space    used 1592K, committed 1792K, reserved 1048576K
}
Event: 196.297 GC heap after
{Heap after GC invocations=52 (full 9):
 garbage-first heap   total 245760K, used 66360K [0x0000000082400000, 0x0000000100000000)
  region size 1024K, 1 young (1024K), 1 survivors (1024K)
 Metaspace       used 14178K, committed 14528K, reserved 1064960K
  class space    used 1592K, committed 1792K, reserved 1048576K
}
Event: 198.276 GC heap before
{Heap before GC invocations=52 (full 9):
 garbage-first heap   total 245760K, used 211768K [0x0000000082400000, 0x0000000100000000)
  region size 1024K, 143 young (146432K), 1 survivors (1024K)
 Metaspace       used 14178K, committed 14528K, reserved 1064960K
  class space    used 1592K, committed 1792K, reserved 1048576K
}
Event: 198.349 GC heap after
{Heap after GC invocations=53 (full 9):
 garbage-first heap   total 245760K, used 66343K [0x0000000082400000, 0x0000000100000000)
  region size 1024K, 1 young (1024K), 1 survivors (1024K)
 Metaspace       used 14178K, committed 14528K, reserved 1064960K
  class space    used 1592K, committed 1792K, reserved 1048576K
}
Event: 200.270 GC heap before
{Heap before GC invocations=53 (full 9):
 garbage-first heap   total 245760K, used 211751K [0x0000000082400000, 0x0000000100000000)
  region size 1024K, 143 young (146432K), 1 survivors (1024K)
 Metaspace       used 14178K, committed 14528K, reserved 1064960K
  class space    used 1592K, committed 1792K, reserved 1048576K
}
Event: 200.398 GC heap after
{Heap after GC invocations=54 (full 9):
 garbage-first heap   total 245760K, used 66343K [0x0000000082400000, 0x0000000100000000)
  region size 1024K, 1 young (1024K), 1 survivors (1024K)
 Metaspace       used 14178K, committed 14528K, reserved 1064960K
  class space    used 1592K, committed 1792K, reserved 1048576K
}
Event: 201.253 GC heap before
{Heap before GC invocations=54 (full 9):
 garbage-first heap   total 245760K, used 139047K [0x0000000082400000, 0x0000000100000000)
  region size 1024K, 73 young (74752K), 1 survivors (1024K)
 Metaspace       used 14178K, committed 14528K, reserved 1064960K
  class space    used 1592K, committed 1792K, reserved 1048576K
}
Event: 214.782 GC heap after
{Heap after GC invocations=55 (full 10):
 garbage-first heap   total 235520K, used 66168K [0x0000000082400000, 0x0000000100000000)
  region size 1024K, 0 young (0K), 0 survivors (0K)
 Metaspace       used 14178K, committed 14528K, reserved 1064960K
  class space    used 1592K, committed 1792K, reserved 1048576K
}
Event: 216.455 GC heap before
{Heap before GC invocations=55 (full 10):
 garbage-first heap   total 235520K, used 206456K [0x0000000082400000, 0x0000000100000000)
  region size 1024K, 137 young (140288K), 0 survivors (0K)
 Metaspace       used 14178K, committed 14528K, reserved 1064960K
  class space    used 1592K, committed 1792K, reserved 1048576K
}
Event: 216.726 GC heap after
{Heap after GC invocations=56 (full 10):
 garbage-first heap   total 706560K, used 66302K [0x0000000082400000, 0x0000000100000000)
  region size 1024K, 1 young (1024K), 1 survivors (1024K)
 Metaspace       used 14178K, committed 14528K, reserved 1064960K
  class space    used 1592K, committed 1792K, reserved 1048576K
}
Event: 220.317 GC heap before
{Heap before GC invocations=56 (full 10):
 garbage-first heap   total 706560K, used 263934K [0x0000000082400000, 0x0000000100000000)
  region size 1024K, 195 young (199680K), 1 survivors (1024K)
 Metaspace       used 14178K, committed 14528K, reserved 1064960K
  class space    used 1592K, committed 1792K, reserved 1048576K
}
Event: 220.461 GC heap after
{Heap after GC invocations=57 (full 11):
 garbage-first heap   total 239616K, used 66188K [0x0000000082400000, 0x0000000100000000)
  region size 1024K, 0 young (0K), 0 survivors (0K)
 Metaspace       used 14178K, committed 14528K, reserved 1064960K
  class space    used 1592K, committed 1792K, reserved 1048576K
}
Event: 223.371 GC heap before
{Heap before GC invocations=57 (full 11):
 garbage-first heap   total 239616K, used 208524K [0x0000000082400000, 0x0000000100000000)
  region size 1024K, 139 young (142336K), 0 survivors (0K)
 Metaspace       used 14178K, committed 14528K, reserved 1064960K
  class space    used 1592K, committed 1792K, reserved 1048576K
}
Event: 223.615 GC heap after
{Heap after GC invocations=58 (full 11):
 garbage-first heap   total 239616K, used 66379K [0x0000000082400000, 0x0000000100000000)
  region size 1024K, 1 young (1024K), 1 survivors (1024K)
 Metaspace       used 14178K, committed 14528K, reserved 1064960K
  class space    used 1592K, committed 1792K, reserved 1048576K
}
Event: 225.724 GC heap before
{Heap before GC invocations=58 (full 11):
 garbage-first heap   total 239616K, used 207691K [0x0000000082400000, 0x0000000100000000)
  region size 1024K, 139 young (142336K), 1 survivors (1024K)
 Metaspace       used 14178K, committed 14528K, reserved 1064960K
  class space    used 1592K, committed 1792K, reserved 1048576K
}
Event: 225.959 GC heap after
{Heap after GC invocations=59 (full 11):
 garbage-first heap   total 239616K, used 66303K [0x0000000082400000, 0x0000000100000000)
  region size 1024K, 1 young (1024K), 1 survivors (1024K)
 Metaspace       used 14178K, committed 14528K, reserved 1064960K
  class space    used 1592K, committed 1792K, reserved 1048576K
}
Event: 227.775 GC heap before
{Heap before GC invocations=59 (full 11):
 garbage-first heap   total 239616K, used 207615K [0x0000000082400000, 0x0000000100000000)
  region size 1024K, 139 young (142336K), 1 survivors (1024K)
 Metaspace       used 14178K, committed 14528K, reserved 1064960K
  class space    used 1592K, committed 1792K, reserved 1048576K
}
Event: 228.047 GC heap after
{Heap after GC invocations=60 (full 11):
 garbage-first heap   total 239616K, used 66385K [0x0000000082400000, 0x0000000100000000)
  region size 1024K, 1 young (1024K), 1 survivors (1024K)
 Metaspace       used 14178K, committed 14528K, reserved 1064960K
  class space    used 1592K, committed 1792K, reserved 1048576K
}

Deoptimization events (20 events):
Event: 2.010 Thread 0x000001fd9fdde190 DEOPT UNPACKING pc=0x000001fd877823a3 sp=0x000000136c7ff148 mode 2
Event: 2.010 Thread 0x000001fd9cd53810 DEOPT UNPACKING pc=0x000001fd877823a3 sp=0x000000136c0febc8 mode 2
Event: 2.010 Thread 0x000001fd9cd53810 Uncommon trap: trap_request=0xffffffde fr.pc=0x000001fd8f2d8948 relative=0x0000000000000128
Event: 2.010 Thread 0x000001fd9fdde190 Uncommon trap: trap_request=0xffffffde fr.pc=0x000001fd8f2d8948 relative=0x0000000000000128
Event: 2.010 Thread 0x000001fd9cd53810 Uncommon trap: reason=class_check action=maybe_recompile pc=0x000001fd8f2d8948 method=jdk.internal.misc.Unsafe.allocateUninitializedArray(Ljava/lang/Class;I)Ljava/lang/Object; @ 51 c2
Event: 2.010 Thread 0x000001fd9fdde190 Uncommon trap: reason=class_check action=maybe_recompile pc=0x000001fd8f2d8948 method=jdk.internal.misc.Unsafe.allocateUninitializedArray(Ljava/lang/Class;I)Ljava/lang/Object; @ 51 c2
Event: 2.010 Thread 0x000001fd9cd53810 DEOPT PACKING pc=0x000001fd8f2d8948 sp=0x000000136c0fead0
Event: 2.010 Thread 0x000001fd9fdde190 DEOPT PACKING pc=0x000001fd8f2d8948 sp=0x000000136c7ff050
Event: 2.010 Thread 0x000001fd9cd53810 DEOPT UNPACKING pc=0x000001fd877823a3 sp=0x000000136c0fea58 mode 2
Event: 2.010 Thread 0x000001fd9fdde190 DEOPT UNPACKING pc=0x000001fd877823a3 sp=0x000000136c7fefd8 mode 2
Event: 20.392 Thread 0x000001fdffe0ce60 Uncommon trap: trap_request=0xffffff45 fr.pc=0x000001fd8f2b2060 relative=0x0000000000000dc0
Event: 20.392 Thread 0x000001fdffe0ce60 Uncommon trap: reason=unstable_if action=reinterpret pc=0x000001fd8f2b2060 method=java.util.concurrent.ConcurrentHashMap.addCount(JI)V @ 7 c2
Event: 20.393 Thread 0x000001fdffe0ce60 DEOPT PACKING pc=0x000001fd8f2b2060 sp=0x00000013689fe590
Event: 20.394 Thread 0x000001fdffe0ce60 DEOPT UNPACKING pc=0x000001fd877823a3 sp=0x00000013689fe460 mode 2
Event: 45.914 Thread 0x000001fdfffe9220 DEOPT PACKING pc=0x000001fd88054523 sp=0x0000001368dfebc0
Event: 45.921 Thread 0x000001fdfffe9220 DEOPT UNPACKING pc=0x000001fd87782b43 sp=0x0000001368dfe080 mode 0
Event: 60.299 Thread 0x000001fd9c76c1e0 DEOPT PACKING pc=0x000001fd8803a79d sp=0x00000013696feac0
Event: 60.355 Thread 0x000001fd9c76c1e0 DEOPT UNPACKING pc=0x000001fd87782b43 sp=0x00000013696fdf50 mode 0
Event: 143.401 Thread 0x000001fd9c76c1e0 DEOPT PACKING pc=0x000001fd88034401 sp=0x00000013696fcfa0
Event: 143.446 Thread 0x000001fd9c76c1e0 DEOPT UNPACKING pc=0x000001fd87782b43 sp=0x00000013696fc480 mode 0

Classes unloaded (20 events):
Event: 21.083 Thread 0x000001fdff07fd20 Unloading class 0x0000000800d89400 'java/lang/invoke/LambdaForm$MH+0x0000000800d89400'
Event: 21.083 Thread 0x000001fdff07fd20 Unloading class 0x0000000800d89000 'java/lang/invoke/LambdaForm$MH+0x0000000800d89000'
Event: 21.083 Thread 0x000001fdff07fd20 Unloading class 0x0000000800d88c00 'java/lang/invoke/LambdaForm$MH+0x0000000800d88c00'
Event: 21.083 Thread 0x000001fdff07fd20 Unloading class 0x0000000800d88800 'java/lang/invoke/LambdaForm$MH+0x0000000800d88800'
Event: 21.083 Thread 0x000001fdff07fd20 Unloading class 0x0000000800d88400 'java/lang/invoke/LambdaForm$MH+0x0000000800d88400'
Event: 21.083 Thread 0x000001fdff07fd20 Unloading class 0x0000000800d87c00 'java/lang/invoke/LambdaForm$MH+0x0000000800d87c00'
Event: 21.083 Thread 0x000001fdff07fd20 Unloading class 0x0000000800d87800 'java/lang/invoke/LambdaForm$MH+0x0000000800d87800'
Event: 21.083 Thread 0x000001fdff07fd20 Unloading class 0x0000000800d87400 'java/lang/invoke/LambdaForm$MH+0x0000000800d87400'
Event: 21.083 Thread 0x000001fdff07fd20 Unloading class 0x0000000800d87000 'java/lang/invoke/LambdaForm$MH+0x0000000800d87000'
Event: 21.083 Thread 0x000001fdff07fd20 Unloading class 0x0000000800d86c00 'java/lang/invoke/LambdaForm$MH+0x0000000800d86c00'
Event: 21.083 Thread 0x000001fdff07fd20 Unloading class 0x0000000800d86800 'java/lang/invoke/LambdaForm$MH+0x0000000800d86800'
Event: 21.083 Thread 0x000001fdff07fd20 Unloading class 0x0000000800d86000 'java/lang/invoke/LambdaForm$MH+0x0000000800d86000'
Event: 21.083 Thread 0x000001fdff07fd20 Unloading class 0x0000000800d85c00 'java/lang/invoke/LambdaForm$MH+0x0000000800d85c00'
Event: 21.083 Thread 0x000001fdff07fd20 Unloading class 0x0000000800d85800 'java/lang/invoke/LambdaForm$MH+0x0000000800d85800'
Event: 21.083 Thread 0x000001fdff07fd20 Unloading class 0x0000000800d85400 'java/lang/invoke/LambdaForm$MH+0x0000000800d85400'
Event: 21.083 Thread 0x000001fdff07fd20 Unloading class 0x0000000800d85000 'java/lang/invoke/LambdaForm$MH+0x0000000800d85000'
Event: 21.083 Thread 0x000001fdff07fd20 Unloading class 0x0000000800d84800 'java/lang/invoke/LambdaForm$MH+0x0000000800d84800'
Event: 21.083 Thread 0x000001fdff07fd20 Unloading class 0x0000000800d84000 'java/lang/invoke/LambdaForm$MH+0x0000000800d84000'
Event: 21.083 Thread 0x000001fdff07fd20 Unloading class 0x0000000800d83c00 'java/lang/invoke/LambdaForm$MH+0x0000000800d83c00'
Event: 21.083 Thread 0x000001fdff07fd20 Unloading class 0x0000000800d83400 'java/lang/invoke/LambdaForm$MH+0x0000000800d83400'

Classes redefined (0 events):
No events

Internal exceptions (20 events):
Event: 1.198 Thread 0x000001fd9d7cfe40 Exception <a 'java/lang/NoSuchMethodError'{0x00000000896dfa78}: 'java.lang.Object java.lang.invoke.DirectMethodHandle$Holder.invokeSpecial(java.lang.Object, java.lang.Object, java.lang.Object, long, double)'> (0x00000000896dfa78) 
thrown [t:\workspace\open\src\hotspot\share\interpreter\linkResolver.cpp, line 766]
Event: 1.198 Thread 0x000001fd9d7cefd0 Exception <a 'java/lang/NoSuchMethodError'{0x000000008961a628}: 'java.lang.Object java.lang.invoke.DirectMethodHandle$Holder.invokeSpecial(java.lang.Object, java.lang.Object, java.lang.Object, long, double)'> (0x000000008961a628) 
thrown [t:\workspace\open\src\hotspot\share\interpreter\linkResolver.cpp, line 766]
Event: 1.198 Thread 0x000001fd9cd54680 Exception <a 'java/lang/NoSuchMethodError'{0x00000000895080c8}: 'java.lang.Object java.lang.invoke.DirectMethodHandle$Holder.invokeSpecial(java.lang.Object, java.lang.Object, java.lang.Object, long, double)'> (0x00000000895080c8) 
thrown [t:\workspace\open\src\hotspot\share\interpreter\linkResolver.cpp, line 766]
Event: 1.198 Thread 0x000001fd9d7d1b20 Exception <a 'java/lang/NoSuchMethodError'{0x00000000898b6270}: 'java.lang.Object java.lang.invoke.DirectMethodHandle$Holder.invokeSpecial(java.lang.Object, java.lang.Object, java.lang.Object, long, double)'> (0x00000000898b6270) 
thrown [t:\workspace\open\src\hotspot\share\interpreter\linkResolver.cpp, line 766]
Event: 1.198 Thread 0x000001fd9d7d1ff0 Exception <a 'java/lang/NoSuchMethodError'{0x00000000898ee878}: 'java.lang.Object java.lang.invoke.DirectMethodHandle$Holder.invokeSpecial(java.lang.Object, java.lang.Object, java.lang.Object, long, double)'> (0x00000000898ee878) 
thrown [t:\workspace\open\src\hotspot\share\interpreter\linkResolver.cpp, line 766]
Event: 1.198 Thread 0x000001fd9d7ceb00 Exception <a 'java/lang/NoSuchMethodError'{0x000000008965c5a8}: 'java.lang.Object java.lang.invoke.DirectMethodHandle$Holder.invokeSpecial(java.lang.Object, java.lang.Object, java.lang.Object, long, double)'> (0x000000008965c5a8) 
thrown [t:\workspace\open\src\hotspot\share\interpreter\linkResolver.cpp, line 766]
Event: 1.198 Thread 0x000001fd9d7d0cb0 Exception <a 'java/lang/NoSuchMethodError'{0x0000000089763f68}: 'java.lang.Object java.lang.invoke.DirectMethodHandle$Holder.invokeSpecial(java.lang.Object, java.lang.Object, java.lang.Object, long, double)'> (0x0000000089763f68) 
thrown [t:\workspace\open\src\hotspot\share\interpreter\linkResolver.cpp, line 766]
Event: 1.198 Thread 0x000001fd9d7d1180 Exception <a 'java/lang/NoSuchMethodError'{0x0000000089872c50}: 'java.lang.Object java.lang.invoke.DirectMethodHandle$Holder.invokeSpecial(java.lang.Object, java.lang.Object, java.lang.Object, long, double)'> (0x0000000089872c50) 
thrown [t:\workspace\open\src\hotspot\share\interpreter\linkResolver.cpp, line 766]
Event: 1.198 Thread 0x000001fd9d7d24c0 Exception <a 'java/lang/NoSuchMethodError'{0x0000000089723338}: 'java.lang.Object java.lang.invoke.DirectMethodHandle$Holder.invokeSpecial(java.lang.Object, java.lang.Object, java.lang.Object, long, double)'> (0x0000000089723338) 
thrown [t:\workspace\open\src\hotspot\share\interpreter\linkResolver.cpp, line 766]
Event: 1.198 Thread 0x000001fd9d7cf970 Exception <a 'java/lang/NoSuchMethodError'{0x00000000897aaca8}: 'java.lang.Object java.lang.invoke.DirectMethodHandle$Holder.invokeSpecial(java.lang.Object, java.lang.Object, java.lang.Object, long, double)'> (0x00000000897aaca8) 
thrown [t:\workspace\open\src\hotspot\share\interpreter\linkResolver.cpp, line 766]
Event: 1.198 Thread 0x000001fd9d7d0310 Exception <a 'java/lang/NoSuchMethodError'{0x00000000896a2ba8}: 'java.lang.Object java.lang.invoke.DirectMethodHandle$Holder.invokeSpecial(java.lang.Object, java.lang.Object, java.lang.Object, long, double)'> (0x00000000896a2ba8) 
thrown [t:\workspace\open\src\hotspot\share\interpreter\linkResolver.cpp, line 766]
Event: 1.198 Thread 0x000001fd9cd529a0 Exception <a 'java/lang/NoSuchMethodError'{0x00000000894c9ee8}: 'java.lang.Object java.lang.invoke.DirectMethodHandle$Holder.invokeSpecial(java.lang.Object, java.lang.Object, java.lang.Object, long, double)'> (0x00000000894c9ee8) 
thrown [t:\workspace\open\src\hotspot\share\interpreter\linkResolver.cpp, line 766]
Event: 1.198 Thread 0x000001fd9d7d1650 Exception <a 'java/lang/NoSuchMethodError'{0x0000000089104728}: 'java.lang.Object java.lang.invoke.DirectMethodHandle$Holder.invokeSpecial(java.lang.Object, java.lang.Object, java.lang.Object, long, double)'> (0x0000000089104728) 
thrown [t:\workspace\open\src\hotspot\share\interpreter\linkResolver.cpp, line 766]
Event: 1.199 Thread 0x000001fd9d7d1180 Exception <a 'java/lang/NoSuchMethodError'{0x0000000089875fc8}: 'java.lang.Object java.lang.invoke.Invokers$Holder.linkToTargetMethod(java.lang.Object, long, double, java.lang.Object)'> (0x0000000089875fc8) 
thrown [t:\workspace\open\src\hotspot\share\interpreter\linkResolver.cpp, line 766]
Event: 1.199 Thread 0x000001fd9d7cf970 Exception <a 'java/lang/NoSuchMethodError'{0x00000000897ae020}: 'java.lang.Object java.lang.invoke.Invokers$Holder.linkToTargetMethod(java.lang.Object, long, double, java.lang.Object)'> (0x00000000897ae020) 
thrown [t:\workspace\open\src\hotspot\share\interpreter\linkResolver.cpp, line 766]
Event: 1.199 Thread 0x000001fd9d7d24c0 Exception <a 'java/lang/NoSuchMethodError'{0x00000000897266b0}: 'java.lang.Object java.lang.invoke.Invokers$Holder.linkToTargetMethod(java.lang.Object, long, double, java.lang.Object)'> (0x00000000897266b0) 
thrown [t:\workspace\open\src\hotspot\share\interpreter\linkResolver.cpp, line 766]
Event: 1.199 Thread 0x000001fd9d7d0310 Exception <a 'java/lang/NoSuchMethodError'{0x00000000896a5f20}: 'java.lang.Object java.lang.invoke.Invokers$Holder.linkToTargetMethod(java.lang.Object, long, double, java.lang.Object)'> (0x00000000896a5f20) 
thrown [t:\workspace\open\src\hotspot\share\interpreter\linkResolver.cpp, line 766]
Event: 1.199 Thread 0x000001fd9cd529a0 Exception <a 'java/lang/NoSuchMethodError'{0x00000000894cd260}: 'java.lang.Object java.lang.invoke.Invokers$Holder.linkToTargetMethod(java.lang.Object, long, double, java.lang.Object)'> (0x00000000894cd260) 
thrown [t:\workspace\open\src\hotspot\share\interpreter\linkResolver.cpp, line 766]
Event: 1.199 Thread 0x000001fd9d7d1650 Exception <a 'java/lang/NoSuchMethodError'{0x0000000089107aa0}: 'java.lang.Object java.lang.invoke.Invokers$Holder.linkToTargetMethod(java.lang.Object, long, double, java.lang.Object)'> (0x0000000089107aa0) 
thrown [t:\workspace\open\src\hotspot\share\interpreter\linkResolver.cpp, line 766]
Event: 1.454 Thread 0x000001fd9fddbfe0 Implicit null exception at 0x000001fd8f2c3aa9 to 0x000001fd8f2c41e5

VM Operations (20 events):
Event: 194.105 Executing VM operation: G1CollectForAllocation
Event: 194.433 Executing VM operation: G1CollectForAllocation done
Event: 196.294 Executing VM operation: G1CollectForAllocation
Event: 196.297 Executing VM operation: G1CollectForAllocation done
Event: 198.275 Executing VM operation: G1CollectForAllocation
Event: 198.349 Executing VM operation: G1CollectForAllocation done
Event: 200.155 Executing VM operation: G1CollectForAllocation
Event: 200.398 Executing VM operation: G1CollectForAllocation done
Event: 201.252 Executing VM operation: G1CollectFull
Event: 214.782 Executing VM operation: G1CollectFull done
Event: 216.455 Executing VM operation: G1CollectForAllocation
Event: 216.726 Executing VM operation: G1CollectForAllocation done
Event: 220.224 Executing VM operation: G1CollectFull
Event: 220.462 Executing VM operation: G1CollectFull done
Event: 223.319 Executing VM operation: G1CollectForAllocation
Event: 223.615 Executing VM operation: G1CollectForAllocation done
Event: 225.723 Executing VM operation: G1CollectForAllocation
Event: 225.959 Executing VM operation: G1CollectForAllocation done
Event: 227.775 Executing VM operation: G1CollectForAllocation
Event: 228.047 Executing VM operation: G1CollectForAllocation done

Events (20 events):
Event: 54.923 loading class sun/awt/AWTAccessor$MouseEventAccessor done
Event: 54.924 loading class java/awt/event/MouseEvent$1 done
Event: 55.042 loading class java/awt/event/MouseWheelEvent
Event: 55.087 loading class java/awt/event/MouseWheelEvent done
Event: 63.271 loading class java/io/FileWriter
Event: 63.711 loading class java/io/FileWriter done
Event: 102.103 loading class sun/awt/DebugSettings
Event: 102.963 loading class sun/awt/DebugSettings done
Event: 105.549 loading class javax/swing/JComponent$KeyboardState
Event: 106.658 loading class javax/swing/JComponent$KeyboardState done
Event: 106.933 loading class javax/swing/JComponent$IntVector
Event: 106.937 loading class javax/swing/JComponent$IntVector done
Event: 106.946 loading class javax/swing/Popup$HeavyWeightWindow
Event: 108.137 loading class sun/awt/ModalExclude
Event: 108.330 loading class sun/awt/ModalExclude done
Event: 108.445 loading class javax/swing/JWindow
Event: 110.556 loading class javax/swing/JWindow done
Event: 110.559 loading class javax/swing/Popup$HeavyWeightWindow done
Event: 137.108 loading class java/awt/Cursor$CursorDisposer
Event: 137.131 loading class java/awt/Cursor$CursorDisposer done


Dynamic libraries:
0x00007ff7bd450000 - 0x00007ff7bd460000 	C:\Program Files\Java\jdk-17.0.1\bin\java.exe
0x00007ffa4d4a0000 - 0x00007ffa4d6a9000 	C:\WINDOWS\SYSTEM32\ntdll.dll
0x00007ffa4c190000 - 0x00007ffa4c24d000 	C:\WINDOWS\System32\KERNEL32.DLL
0x00007ffa4ab70000 - 0x00007ffa4aee4000 	C:\WINDOWS\System32\KERNELBASE.dll
0x00007ffa4b220000 - 0x00007ffa4b331000 	C:\WINDOWS\System32\ucrtbase.dll
0x00007ffa46d00000 - 0x00007ffa46d18000 	C:\Program Files\Java\jdk-17.0.1\bin\jli.dll
0x00007ffa46ce0000 - 0x00007ffa46cfa000 	C:\Program Files\Java\jdk-17.0.1\bin\VCRUNTIME140.dll
0x00007ffa4c5d0000 - 0x00007ffa4c67e000 	C:\WINDOWS\System32\ADVAPI32.dll
0x00007ffa4ce60000 - 0x00007ffa4cf03000 	C:\WINDOWS\System32\msvcrt.dll
0x00007ffa4b8a0000 - 0x00007ffa4b93e000 	C:\WINDOWS\System32\sechost.dll
0x00007ffa4bc50000 - 0x00007ffa4bd70000 	C:\WINDOWS\System32\RPCRT4.dll
0x00007ffa4c250000 - 0x00007ffa4c3fc000 	C:\WINDOWS\System32\USER32.dll
0x00007ffa33180000 - 0x00007ffa33425000 	C:\WINDOWS\WinSxS\amd64_microsoft.windows.common-controls_6595b64144ccf1df_6.0.22000.120_none_9d947278b86cc467\COMCTL32.dll
0x00007ffa4af90000 - 0x00007ffa4afb6000 	C:\WINDOWS\System32\win32u.dll
0x00007ffa4ce30000 - 0x00007ffa4ce59000 	C:\WINDOWS\System32\GDI32.dll
0x00007ffa4afc0000 - 0x00007ffa4b0d2000 	C:\WINDOWS\System32\gdi32full.dll
0x00007ffa4aef0000 - 0x00007ffa4af8d000 	C:\WINDOWS\System32\msvcp_win.dll
0x00007ffa43d90000 - 0x00007ffa43d9a000 	C:\WINDOWS\SYSTEM32\VERSION.dll
0x00007ffa4d420000 - 0x00007ffa4d451000 	C:\WINDOWS\System32\IMM32.DLL
0x00007ffa46cd0000 - 0x00007ffa46cdc000 	C:\Program Files\Java\jdk-17.0.1\bin\vcruntime140_1.dll
0x00007ffa46c40000 - 0x00007ffa46ccd000 	C:\Program Files\Java\jdk-17.0.1\bin\msvcp140.dll
0x00007ffa04100000 - 0x00007ffa04cbe000 	C:\Program Files\Java\jdk-17.0.1\bin\server\jvm.dll
0x00007ffa4c5c0000 - 0x00007ffa4c5c8000 	C:\WINDOWS\System32\PSAPI.DLL
0x00007ffa45c10000 - 0x00007ffa45c19000 	C:\WINDOWS\SYSTEM32\WSOCK32.dll
0x00007ffa450f0000 - 0x00007ffa45123000 	C:\WINDOWS\SYSTEM32\WINMM.dll
0x00007ffa4bbe0000 - 0x00007ffa4bc4f000 	C:\WINDOWS\System32\WS2_32.dll
0x00007ffa49b40000 - 0x00007ffa49b58000 	C:\WINDOWS\SYSTEM32\kernel.appcore.dll
0x00007ffa46c30000 - 0x00007ffa46c3a000 	C:\Program Files\Java\jdk-17.0.1\bin\jimage.dll
0x00007ffa48460000 - 0x00007ffa48681000 	C:\WINDOWS\SYSTEM32\DBGHELP.DLL
0x00007ffa2ef60000 - 0x00007ffa2ef91000 	C:\WINDOWS\SYSTEM32\dbgcore.DLL
0x00007ffa4b0e0000 - 0x00007ffa4b15f000 	C:\WINDOWS\System32\bcryptPrimitives.dll
0x00007ffa46bf0000 - 0x00007ffa46bfe000 	C:\Program Files\Java\jdk-17.0.1\bin\instrument.dll
0x00007ffa46c00000 - 0x00007ffa46c25000 	C:\Program Files\Java\jdk-17.0.1\bin\java.dll
0x00007ffa451c0000 - 0x00007ffa45296000 	C:\Program Files\Java\jdk-17.0.1\bin\svml.dll
0x00007ffa4c680000 - 0x00007ffa4ce2f000 	C:\WINDOWS\System32\SHELL32.dll
0x00007ffa48a80000 - 0x00007ffa492e8000 	C:\WINDOWS\SYSTEM32\windows.storage.dll
0x00007ffa4be00000 - 0x00007ffa4c178000 	C:\WINDOWS\System32\combase.dll
0x00007ffa48910000 - 0x00007ffa48a76000 	C:\WINDOWS\SYSTEM32\wintypes.dll
0x00007ffa4baf0000 - 0x00007ffa4bbda000 	C:\WINDOWS\System32\SHCORE.dll
0x00007ffa4b940000 - 0x00007ffa4b99d000 	C:\WINDOWS\System32\shlwapi.dll
0x00007ffa4a8c0000 - 0x00007ffa4a8e1000 	C:\WINDOWS\SYSTEM32\profapi.dll
0x00007ffa45140000 - 0x00007ffa45158000 	C:\Program Files\Java\jdk-17.0.1\bin\zip.dll
0x00007ffa46bd0000 - 0x00007ffa46be9000 	C:\Program Files\Java\jdk-17.0.1\bin\net.dll
0x00007ffa442e0000 - 0x00007ffa443ec000 	C:\WINDOWS\SYSTEM32\WINHTTP.dll
0x00007ffa49f90000 - 0x00007ffa49ff7000 	C:\WINDOWS\system32\mswsock.dll
0x00007ffa465d0000 - 0x00007ffa465e5000 	C:\Program Files\Java\jdk-17.0.1\bin\nio.dll
0x00007ffa3a150000 - 0x00007ffa3a16a000 	C:\Program Files\JetBrains\IntelliJ IDEA Community Edition 2021.3\bin\breakgen64.dll
0x00007ffa23850000 - 0x00007ffa239df000 	C:\Program Files\Java\jdk-17.0.1\bin\awt.dll
0x00007ffa4d270000 - 0x00007ffa4d346000 	C:\WINDOWS\System32\OLEAUT32.dll
0x00007ffa47b30000 - 0x00007ffa47bc1000 	C:\WINDOWS\SYSTEM32\apphelp.dll
0x00007ffa47ca0000 - 0x00007ffa47d4c000 	C:\WINDOWS\system32\uxtheme.dll
0x00007ffa4c480000 - 0x00007ffa4c59e000 	C:\WINDOWS\System32\MSCTF.dll
0x00007ffa4d0d0000 - 0x00007ffa4d26a000 	C:\WINDOWS\System32\ole32.dll
0x00007ffa47f60000 - 0x00007ffa47f8f000 	C:\WINDOWS\system32\DWMAPI.DLL
0x00007ffa1a140000 - 0x00007ffa1a241000 	C:\WINDOWS\system32\opengl32.dll
0x00007ffa1daa0000 - 0x00007ffa1dacd000 	C:\WINDOWS\SYSTEM32\GLU32.dll
0x00007ffa47dc0000 - 0x00007ffa47df8000 	C:\WINDOWS\SYSTEM32\dxcore.dll
0x00007ffa39d90000 - 0x00007ffa39dbd000 	C:\Program Files\Java\jdk-17.0.1\bin\javajpeg.dll
0x00007ffa4a200000 - 0x00007ffa4a218000 	C:\WINDOWS\SYSTEM32\CRYPTSP.dll
0x00007ffa49aa0000 - 0x00007ffa49ad5000 	C:\WINDOWS\system32\rsaenh.dll
0x00007ffa4a0a0000 - 0x00007ffa4a0c9000 	C:\WINDOWS\SYSTEM32\USERENV.dll
0x00007ffa4a370000 - 0x00007ffa4a397000 	C:\WINDOWS\SYSTEM32\bcrypt.dll
0x00007ffa4a1f0000 - 0x00007ffa4a1fc000 	C:\WINDOWS\SYSTEM32\CRYPTBASE.dll
0x00007ffa49630000 - 0x00007ffa4965d000 	C:\WINDOWS\SYSTEM32\IPHLPAPI.DLL
0x00007ffa4c180000 - 0x00007ffa4c189000 	C:\WINDOWS\System32\NSI.dll
0x00007ffa43f70000 - 0x00007ffa43f89000 	C:\WINDOWS\SYSTEM32\dhcpcsvc6.DLL
0x00007ffa44980000 - 0x00007ffa4499e000 	C:\WINDOWS\SYSTEM32\dhcpcsvc.DLL
0x00007ffa496a0000 - 0x00007ffa49788000 	C:\WINDOWS\SYSTEM32\DNSAPI.dll
0x00007ffa300a0000 - 0x00007ffa30129000 	C:\Program Files\Java\jdk-17.0.1\bin\freetype.dll
0x00007ffa23690000 - 0x00007ffa23738000 	C:\Program Files\Java\jdk-17.0.1\bin\fontmanager.dll
0x00007ffa34e60000 - 0x00007ffa34f8d000 	C:\WINDOWS\SYSTEM32\textinputframework.dll
0x00007ffa479b0000 - 0x00007ffa47ae2000 	C:\WINDOWS\SYSTEM32\CoreMessaging.dll
0x00007ffa43740000 - 0x00007ffa43aad000 	C:\WINDOWS\SYSTEM32\CoreUIComponents.dll
0x0000000067740000 - 0x0000000067818000 	C:\Users\jml04\AppData\Local\Temp\sqlite-3.34.0-ebab4162-5eba-4962-9731-4e2052523afe-sqlitejdbc.dll

dbghelp: loaded successfully - version: 4.0.5 - missing functions: none
symbol engine: initialized successfully - sym options: 0x614 - pdb path: .;C:\Program Files\Java\jdk-17.0.1\bin;C:\WINDOWS\SYSTEM32;C:\WINDOWS\WinSxS\amd64_microsoft.windows.common-controls_6595b64144ccf1df_6.0.22000.120_none_9d947278b86cc467;C:\Program Files\Java\jdk-17.0.1\bin\server;C:\Program Files\JetBrains\IntelliJ IDEA Community Edition 2021.3\bin;C:\Users\jml04\AppData\Local\Temp

VM Arguments:
jvm_args: -javaagent:C:\Program Files\JetBrains\IntelliJ IDEA Community Edition 2021.3\lib\idea_rt.jar=50347:C:\Program Files\JetBrains\IntelliJ IDEA Community Edition 2021.3\bin -Dfile.encoding=UTF-8 
java_command: planespotter.Main
java_class_path (initial): C:\Users\jml04\Documents\code\java\PlaneSpotterNeu\out\production\PlaneSpotterNeu;C:\Users\jml04\Documents\code\java\PlaneSpotterNeu\src\libs\mysql-connector-java-8.0.28.jar;C:\Users\jml04\Documents\code\java\PlaneSpotterNeu\src\libs\gson-2.8.6.jar;C:\Users\jml04\Documents\code\java\PlaneSpotterNeu\src\libs\JMapViewer.jar;C:\Users\jml04\Documents\code\java\PlaneSpotterNeu\src\libs\sqlite-jdbc-3.34.0.jar;C:\Users\jml04\.m2\repository\junit\junit\4.13.1\junit-4.13.1.jar;C:\Users\jml04\.m2\repository\org\hamcrest\hamcrest-core\1.3\hamcrest-core-1.3.jar;C:\Users\jml04\.m2\repository\org\junit\jupiter\junit-jupiter\5.7.0\junit-jupiter-5.7.0.jar;C:\Users\jml04\.m2\repository\org\junit\jupiter\junit-jupiter-api\5.7.0\junit-jupiter-api-5.7.0.jar;C:\Users\jml04\.m2\repository\org\apiguardian\apiguardian-api\1.1.0\apiguardian-api-1.1.0.jar;C:\Users\jml04\.m2\repository\org\opentest4j\opentest4j\1.2.0\opentest4j-1.2.0.jar;C:\Users\jml04\.m2\repository\org\junit\platform\junit-platform-commons\1.7.0\junit-platform-commons-1.7.0.jar;C:\Users\jml04\.m2\repository\org\junit\jupiter\junit-jupiter-params\5.7.0\junit-jupiter-params-5.7.0.jar;C:\Users\jml04\.m2\repository\org\junit\jupiter\junit-jupiter-engine\5.7.0\junit-jupiter-engine-5.7.0.jar;C:\Users\jml04\.m2\repository\org\junit\platform\junit-platform-engine\1.7.0\junit-platform-engine-1.7.0.jar;C:\Users\jml04\Documents\code\java\PlaneSpotterNeu\src\libs\annotations-20.1.0.jar
Launcher Type: SUN_STANDARD

[Global flags]
     intx CICompilerCount                          = 4                                         {product} {ergonomic}
     uint ConcGCThreads                            = 3                                         {product} {ergonomic}
     uint G1ConcRefinementThreads                  = 10                                        {product} {ergonomic}
   size_t G1HeapRegionSize                         = 1048576                                   {product} {ergonomic}
    uintx GCDrainStackTargetSize                   = 64                                        {product} {ergonomic}
   size_t InitialHeapSize                          = 132120576                                 {product} {ergonomic}
   size_t MarkStackSize                            = 4194304                                   {product} {ergonomic}
   size_t MaxHeapSize                              = 2109734912                                {product} {ergonomic}
   size_t MaxNewSize                               = 1265631232                                {product} {ergonomic}
   size_t MinHeapDeltaBytes                        = 1048576                                   {product} {ergonomic}
   size_t MinHeapSize                              = 8388608                                   {product} {ergonomic}
    uintx NonNMethodCodeHeapSize                   = 5839372                                {pd product} {ergonomic}
    uintx NonProfiledCodeHeapSize                  = 122909434                              {pd product} {ergonomic}
    uintx ProfiledCodeHeapSize                     = 122909434                              {pd product} {ergonomic}
    uintx ReservedCodeCacheSize                    = 251658240                              {pd product} {ergonomic}
     bool SegmentedCodeCache                       = true                                      {product} {ergonomic}
   size_t SoftMaxHeapSize                          = 2109734912                             {manageable} {ergonomic}
     bool UseCompressedClassPointers               = true                           {product lp64_product} {ergonomic}
     bool UseCompressedOops                        = true                           {product lp64_product} {ergonomic}
     bool UseG1GC                                  = true                                      {product} {ergonomic}
     bool UseLargePagesIndividualAllocation        = false                                  {pd product} {ergonomic}

Logging:
Log output configuration:
 #0: stdout all=warning uptime,level,tags
 #1: stderr all=off uptime,level,tags

Environment Variables:
PATH=C:\Program Files\Common Files\Oracle\Java\javapath;C:\Program Files\Java\jdk-17.0.1;C:\Program Files (x86)\Common Files\Oracle\Java\javapath;C:\Windows\system32;C:\Windows;C:\Windows\System32\Wbem;C:\Windows\System32\WindowsPowerShell\v1.0\;C:\Windows\System32\OpenSSH\;C:\Program Files (x86)\NVIDIA Corporation\PhysX\Common;C:\Program Files\NVIDIA Corporation\NVIDIA NvDLISR;C:\WINDOWS\system32;C:\WINDOWS;C:\WINDOWS\System32\Wbem;C:\WINDOWS\System32\WindowsPowerShell\v1.0\;C:\WINDOWS\System32\OpenSSH\;C:\Program Files\WireGuard\;C:\Program Files\Git\cmd;C:\Users\jml04\AppData\Local\Microsoft\WindowsApps;;C:\Users\jml04\AppData\Local\Programs\Microsoft VS Code\bin;C:\Program Files\JetBrains\PyCharm Community Edition 2021.3.3\bin;
USERNAME=jml04
OS=Windows_NT
PROCESSOR_IDENTIFIER=Intel64 Family 6 Model 158 Stepping 10, GenuineIntel



---------------  S Y S T E M  ---------------

OS:
 Windows 10 , 64 bit Build 22000 (10.0.22000.613)
OS uptime: 0 days 0:36 hours
Hyper-V role detected

CPU: total 12 (initial active 12) (6 cores per cpu, 2 threads per core) family 6 model 158 stepping 10 microcode 0xde, cx8, cmov, fxsr, ht, mmx, 3dnowpref, sse, sse2, sse3, ssse3, sse4.1, sse4.2, popcnt, lzcnt, tsc, tscinvbit, avx, avx2, aes, erms, clmul, bmi1, bmi2, adx, fma, vzeroupper, clflush, clflushopt, hv

Memory: 4k page, system-wide physical 8043M (956M free)
TotalPageFile size 32619M (AvailPageFile size 120M)
current process WorkingSet (physical memory assigned to process): 231M, peak: 2720M
current process commit charge ("private bytes"): 24647M, peak: 24855M

vm_info: Java HotSpot(TM) 64-Bit Server VM (17.0.1+12-LTS-39) for windows-amd64 JRE (17.0.1+12-LTS-39), built on Sep 27 2021 18:41:35 by "mach5one" with MS VC++ 16.8 (VS2019)

END.
