#
# There is insufficient memory for the Java Runtime Environment to continue.
# Native memory allocation (malloc) failed to allocate 32744 bytes for ChunkPool::allocate
# Possible reasons:
#   The system is out of physical RAM or swap space
#   The process is running with CompressedOops enabled, and the Java Heap may be blocking the growth of the native heap
# Possible solutions:
#   Reduce memory load on the system
#   Increase physical memory or swap space
#   Check if swap backing store is full
#   Decrease Java heap size (-Xmx/-Xms)
#   Decrease number of Java threads
#   Decrease Java thread stack sizes (-Xss)
#   Set larger code cache with -XX:ReservedCodeCacheSize=
#   JVM is running with Unscaled Compressed Oops mode in which the Java heap is
#     placed in the first 4GB address space. The Java Heap base address is the
#     maximum limit for the native heap growth. Please use -XX:HeapBaseMinAddress
#     to set the Java Heap base and to place the Java Heap above 4GB virtual address.
# This output file may be truncated or incomplete.
#
#  Out of Memory Error (arena.cpp:78), pid=8060, tid=8644
#
# JRE version: Java(TM) SE Runtime Environment (17.0.1+12) (build 17.0.1+12-LTS-39)
# Java VM: Java HotSpot(TM) 64-Bit Server VM (17.0.1+12-LTS-39, mixed mode, sharing, tiered, compressed oops, compressed class ptrs, g1 gc, windows-amd64)
# No core dump will be written. Minidumps are not enabled by default on client versions of Windows
#

---------------  S U M M A R Y ------------

Command Line: -agentlib:jdwp=transport=dt_socket,address=127.0.0.1:50558,suspend=y,server=n -javaagent:C:\Users\jml04\AppData\Local\JetBrains\IdeaIC2021.3\captureAgent\debugger-agent.jar -Dfile.encoding=UTF-8 planespotter.Main

Host: Intel(R) Core(TM) i7-9750H CPU @ 2.60GHz, 12 cores, 7G,  Windows 10 , 64 bit Build 22000 (10.0.22000.613)
Time: Thu May  5 19:42:56 2022 Mitteleuropäische Sommerzeit elapsed time: 416.042937 seconds (0d 0h 6m 56s)

---------------  T H R E A D  ---------------

Current thread (0x000001cdfb277140):  JavaThread "output-wizard9" [_thread_in_vm, id=8644, stack(0x000000179dd00000,0x000000179de00000)]

Stack: [0x000000179dd00000,0x000000179de00000]
Native frames: (J=compiled Java code, j=interpreted, Vv=VM code, C=native code)
V  [jvm.dll+0x66fa1a]
V  [jvm.dll+0x7ce5a4]
V  [jvm.dll+0x7cfd4e]
V  [jvm.dll+0x7d03b3]
V  [jvm.dll+0x242b05]
V  [jvm.dll+0xaa2a0]
V  [jvm.dll+0xaa5ec]
V  [jvm.dll+0x7c4ba7]
V  [jvm.dll+0x252a03]
V  [jvm.dll+0x252825]
C  0x000001cde22e232b

Java frames: (J=compiled Java code, j=interpreted, Vv=VM code)
v  ~UncommonTrapBlob
J 2420 c2 planespotter.model.DBOut.querryDB(Ljava/lang/String;)Ljava/sql/ResultSet; (23 bytes) @ 0x000001cde9eed454 [0x000001cde9eeb980+0x0000000000001ad4]
J 2480 c2 planespotter.model.DBOut.getLastTrackingIDByFlightID(I)I (84 bytes) @ 0x000001cde9f07ca0 [0x000001cde9f07860+0x0000000000000440]
j  planespotter.model.DBOut.getLastTrackingsByFlightIDs(Ljava/util/ArrayDeque;)Ljava/util/ArrayDeque;+50
j  planespotter.model.DBOut.getLiveTrackingBetween(II)Ljava/util/List;+7
j  planespotter.model.OutputWizard.loadFlights(II)V+19
j  planespotter.model.OutputWizard.run()V+47
j  java.util.concurrent.ThreadPoolExecutor.runWorker(Ljava/util/concurrent/ThreadPoolExecutor$Worker;)V+92 java.base@17.0.1
j  java.util.concurrent.ThreadPoolExecutor$Worker.run()V+5 java.base@17.0.1
j  java.lang.Thread.run()V+11 java.base@17.0.1
v  ~StubRoutines::call_stub

---------------  P R O C E S S  ---------------

Threads class SMR info:
_java_thread_list=0x000001cdfeace8b0, length=86, elements={
0x000001cdf8ea5aa0, 0x000001cdf8ea6910, 0x000001cdf8ebbec0, 0x000001cdf8ebc780,
0x000001cdf8ebd040, 0x000001cdf8ebd9f0, 0x000001cdf8ebe780, 0x000001cdf8ec3730,
0x000001cdf8ece140, 0x000001cdf8e8f2d0, 0x000001cdf9b2f630, 0x000001cdf9aa5c70,
0x000001cdf9aa6160, 0x000001cdf9ae9550, 0x000001cdf9bf2a30, 0x000001cdf9ee1050,
0x000001cdf9eca0b0, 0x000001cdf9ee1930, 0x000001cdfa472020, 0x000001cdfa540de0,
0x000001cdfa26b000, 0x000001cdfa2701d0, 0x000001cdfa26b9a0, 0x000001cdfa2697f0,
0x000001cdfa26a660, 0x000001cdfa26be70, 0x000001cdfa26a190, 0x000001cdfa1a31b0,
0x000001cdfa1a3680, 0x000001cdfa1a5360, 0x000001cdfa1a5830, 0x000001cdfa1a3b50,
0x000001cdfa1a5d00, 0x000001cdfa1a2ce0, 0x000001cdfa1a2810, 0x000001cdfa1a61d0,
0x000001cdfa1a0660, 0x000001cdfa1a4020, 0x000001cdfa1a0b30, 0x000001cdfa1a1e70,
0x000001cdfa1a44f0, 0x000001cdfa1a49c0, 0x000001cdfa1a66a0, 0x000001cdfa1a6b70,
0x000001cdfa1a7040, 0x000001cdfa1a79e0, 0x000001cdfa1a14d0, 0x000001cdfa1a19a0,
0x000001cdfb275460, 0x000001cdfb277610, 0x000001cdfb275e00, 0x000001cdfb2745f0,
0x000001cdfb273c50, 0x000001cdfb277ae0, 0x000001cdfb2797c0, 0x000001cdfb277fb0,
0x000001cdfb275930, 0x000001cdfb278480, 0x000001cdfb278950, 0x000001cdfb278e20,
0x000001cdfb2792f0, 0x000001cdfb27a160, 0x000001cdfb2767a0, 0x000001cdfb274f90,
0x000001cdfb27a630, 0x000001cdfb27ab00, 0x000001cdfb2732b0, 0x000001cdfb274120,
0x000001cdfb276c70, 0x000001cdfb2762d0, 0x000001cdfb277140, 0x000001cdfb86ba80,
0x000001cdfb869da0, 0x000001cdfb865a40, 0x000001cdfb865f10, 0x000001cdfb86a270,
0x000001cdfb8663e0, 0x000001cdfb86ac10, 0x000001cdfb8698d0, 0x000001cdfa452920,
0x000001cd8018fa10, 0x000001cdfd8c34d0, 0x000001cdfbaafeb0, 0x000001cdfb865570,
0x000001cdfb8d1300, 0x000001cdfb281a10
}

Java Threads: ( => current thread )
  0x000001cdf8ea5aa0 JavaThread "Reference Handler" daemon [_thread_blocked, id=17000, stack(0x0000001794b00000,0x0000001794c00000)]
  0x000001cdf8ea6910 JavaThread "Finalizer" daemon [_thread_blocked, id=17936, stack(0x0000001794c00000,0x0000001794d00000)]
  0x000001cdf8ebbec0 JavaThread "Signal Dispatcher" daemon [_thread_blocked, id=2448, stack(0x0000001794d00000,0x0000001794e00000)]
  0x000001cdf8ebc780 JavaThread "Attach Listener" daemon [_thread_blocked, id=3428, stack(0x0000001794e00000,0x0000001794f00000)]
  0x000001cdf8ebd040 JavaThread "Service Thread" daemon [_thread_blocked, id=6460, stack(0x0000001794f00000,0x0000001795000000)]
  0x000001cdf8ebd9f0 JavaThread "Monitor Deflation Thread" daemon [_thread_blocked, id=13944, stack(0x0000001795000000,0x0000001795100000)]
  0x000001cdf8ebe780 JavaThread "C2 CompilerThread0" daemon [_thread_blocked, id=19168, stack(0x0000001795100000,0x0000001795200000)]
  0x000001cdf8ec3730 JavaThread "C1 CompilerThread0" daemon [_thread_blocked, id=19044, stack(0x0000001795200000,0x0000001795300000)]
  0x000001cdf8ece140 JavaThread "Sweeper thread" daemon [_thread_blocked, id=18276, stack(0x0000001795300000,0x0000001795400000)]
  0x000001cdf8e8f2d0 JavaThread "Common-Cleaner" daemon [_thread_blocked, id=17780, stack(0x0000001795400000,0x0000001795500000)]
  0x000001cdf9b2f630 JavaThread "JDWP Transport Listener: dt_socket" daemon [_thread_blocked, id=18368, stack(0x0000001795600000,0x0000001795700000)]
  0x000001cdf9aa5c70 JavaThread "JDWP Event Helper Thread" daemon [_thread_blocked, id=8704, stack(0x0000001795700000,0x0000001795800000)]
  0x000001cdf9aa6160 JavaThread "JDWP Command Reader" daemon [_thread_in_native, id=13184, stack(0x0000001795800000,0x0000001795900000)]
  0x000001cdf9ae9550 JavaThread "Notification Thread" daemon [_thread_blocked, id=7868, stack(0x0000001795500000,0x0000001795600000)]
  0x000001cdf9bf2a30 JavaThread "pool-2-thread-1" [_thread_blocked, id=11156, stack(0x0000001795a00000,0x0000001795b00000)]
  0x000001cdf9ee1050 JavaThread "Java2D Disposer" daemon [_thread_blocked, id=3176, stack(0x0000001795b00000,0x0000001795c00000)]
  0x000001cdf9eca0b0 JavaThread "AWT-Shutdown" [_thread_blocked, id=3620, stack(0x0000001795c00000,0x0000001795d00000)]
  0x000001cdf9ee1930 JavaThread "AWT-Windows" daemon [_thread_in_native, id=7476, stack(0x0000001795d00000,0x0000001795e00000)]
  0x000001cdfa472020 JavaThread "AWT-EventQueue-0" [_thread_blocked, id=10808, stack(0x0000001796a00000,0x0000001796b00000)]
  0x000001cdfa540de0 JavaThread "output-wizard7" [_thread_blocked, id=4756, stack(0x0000001798e00000,0x0000001798f00000)]
  0x000001cdfa26b000 JavaThread "output-wizard8" [_thread_blocked, id=9212, stack(0x0000001799000000,0x0000001799100000)]
  0x000001cdfa2701d0 JavaThread "output-wizard6" [_thread_blocked, id=4232, stack(0x0000001799600000,0x0000001799700000)]
  0x000001cdfa26b9a0 JavaThread "output-wizard8" [_thread_blocked, id=9336, stack(0x0000001799b00000,0x0000001799c00000)]
  0x000001cdfa2697f0 JavaThread "output-wizard7" [_thread_in_vm, id=11760, stack(0x0000001799c00000,0x0000001799d00000)]
  0x000001cdfa26a660 JavaThread "output-wizard9" [_thread_in_Java, id=17800, stack(0x0000001799f00000,0x000000179a000000)]
  0x000001cdfa26be70 JavaThread "output-wizard7" [_thread_in_vm, id=19284, stack(0x000000179a000000,0x000000179a100000)]
  0x000001cdfa26a190 JavaThread "output-wizard8" [_thread_blocked, id=15540, stack(0x000000179a900000,0x000000179aa00000)]
  0x000001cdfa1a31b0 JavaThread "output-wizard7" [_thread_blocked, id=3416, stack(0x000000179ab00000,0x000000179ac00000)]
  0x000001cdfa1a3680 JavaThread "output-wizard8" [_thread_in_vm, id=12680, stack(0x000000179ac00000,0x000000179ad00000)]
  0x000001cdfa1a5360 JavaThread "output-wizard9" [_thread_blocked, id=2804, stack(0x000000179ad00000,0x000000179ae00000)]
  0x000001cdfa1a5830 JavaThread "output-wizard10" [_thread_blocked, id=8760, stack(0x000000179ae00000,0x000000179af00000)]
  0x000001cdfa1a3b50 JavaThread "output-wizard9" [_thread_in_vm, id=15588, stack(0x000000179af00000,0x000000179b000000)]
  0x000001cdfa1a5d00 JavaThread "output-wizard10" [_thread_blocked, id=6420, stack(0x000000179b000000,0x000000179b100000)]
  0x000001cdfa1a2ce0 JavaThread "output-wizard8" [_thread_blocked, id=3148, stack(0x000000179b100000,0x000000179b200000)]
  0x000001cdfa1a2810 JavaThread "output-wizard9" [_thread_in_Java, id=14968, stack(0x000000179b200000,0x000000179b300000)]
  0x000001cdfa1a61d0 JavaThread "output-wizard9" [_thread_blocked, id=15096, stack(0x000000179b300000,0x000000179b400000)]
  0x000001cdfa1a0660 JavaThread "output-wizard9" [_thread_in_vm, id=2184, stack(0x000000179b400000,0x000000179b500000)]
  0x000001cdfa1a4020 JavaThread "output-wizard10" [_thread_blocked, id=16404, stack(0x000000179b500000,0x000000179b600000)]
  0x000001cdfa1a0b30 JavaThread "output-wizard10" [_thread_in_vm, id=13536, stack(0x000000179b600000,0x000000179b700000)]
  0x000001cdfa1a1e70 JavaThread "output-wizard8" [_thread_blocked, id=12144, stack(0x000000179b700000,0x000000179b800000)]
  0x000001cdfa1a44f0 JavaThread "output-wizard8" [_thread_in_vm, id=4900, stack(0x000000179b800000,0x000000179b900000)]
  0x000001cdfa1a49c0 JavaThread "output-wizard9" [_thread_in_vm, id=6372, stack(0x0000001796900000,0x0000001796a00000)]
  0x000001cdfa1a66a0 JavaThread "output-wizard9" [_thread_blocked, id=15644, stack(0x000000179bb00000,0x000000179bc00000)]
  0x000001cdfa1a6b70 JavaThread "output-wizard8" [_thread_in_vm, id=18372, stack(0x000000179bc00000,0x000000179bd00000)]
  0x000001cdfa1a7040 JavaThread "output-wizard9" [_thread_in_vm, id=5800, stack(0x000000179bd00000,0x000000179be00000)]
  0x000001cdfa1a79e0 JavaThread "output-wizard10" [_thread_in_vm, id=13840, stack(0x000000179bf00000,0x000000179c000000)]
  0x000001cdfa1a14d0 JavaThread "output-wizard8" [_thread_blocked, id=13760, stack(0x000000179c100000,0x000000179c200000)]
  0x000001cdfa1a19a0 JavaThread "output-wizard9" [_thread_in_vm, id=13572, stack(0x000000179c200000,0x000000179c300000)]
  0x000001cdfb275460 JavaThread "output-wizard9" [_thread_blocked, id=148, stack(0x000000179c400000,0x000000179c500000)]
  0x000001cdfb277610 JavaThread "output-wizard10" [_thread_blocked, id=15080, stack(0x000000179c500000,0x000000179c600000)]
  0x000001cdfb275e00 JavaThread "output-wizard9" [_thread_blocked, id=14788, stack(0x000000179c600000,0x000000179c700000)]
  0x000001cdfb2745f0 JavaThread "output-wizard10" [_thread_blocked, id=19268, stack(0x000000179c700000,0x000000179c800000)]
  0x000001cdfb273c50 JavaThread "output-wizard7" [_thread_blocked, id=11536, stack(0x000000179c800000,0x000000179c900000)]
  0x000001cdfb277ae0 JavaThread "output-wizard8" [_thread_in_vm, id=5708, stack(0x000000179c900000,0x000000179ca00000)]
  0x000001cdfb2797c0 JavaThread "output-wizard8" [_thread_blocked, id=7232, stack(0x000000179ca00000,0x000000179cb00000)]
  0x000001cdfb277fb0 JavaThread "output-wizard11" [_thread_in_vm, id=9260, stack(0x000000179cb00000,0x000000179cc00000)]
  0x000001cdfb275930 JavaThread "output-wizard8" [_thread_blocked, id=18352, stack(0x000000179cc00000,0x000000179cd00000)]
  0x000001cdfb278480 JavaThread "output-wizard8" [_thread_blocked, id=18848, stack(0x000000179cd00000,0x000000179ce00000)]
  0x000001cdfb278950 JavaThread "output-wizard9" [_thread_blocked, id=12020, stack(0x000000179ce00000,0x000000179cf00000)]
  0x000001cdfb278e20 JavaThread "output-wizard10" [_thread_in_vm, id=17560, stack(0x000000179d000000,0x000000179d100000)]
  0x000001cdfb2792f0 JavaThread "output-wizard10" [_thread_blocked, id=3924, stack(0x000000179d100000,0x000000179d200000)]
  0x000001cdfb27a160 JavaThread "output-wizard7" [_thread_blocked, id=17024, stack(0x000000179d300000,0x000000179d400000)]
  0x000001cdfb2767a0 JavaThread "output-wizard9" [_thread_blocked, id=2680, stack(0x000000179d400000,0x000000179d500000)]
  0x000001cdfb274f90 JavaThread "output-wizard9" [_thread_in_vm, id=17980, stack(0x000000179d500000,0x000000179d600000)]
  0x000001cdfb27a630 JavaThread "output-wizard10" [_thread_blocked, id=2160, stack(0x000000179d600000,0x000000179d700000)]
  0x000001cdfb27ab00 JavaThread "output-wizard9" [_thread_in_Java, id=8116, stack(0x000000179d700000,0x000000179d800000)]
  0x000001cdfb2732b0 JavaThread "output-wizard9" [_thread_blocked, id=11188, stack(0x000000179d800000,0x000000179d900000)]
  0x000001cdfb274120 JavaThread "output-wizard11" [_thread_blocked, id=3064, stack(0x000000179da00000,0x000000179db00000)]
  0x000001cdfb276c70 JavaThread "output-wizard8" [_thread_blocked, id=11224, stack(0x000000179db00000,0x000000179dc00000)]
  0x000001cdfb2762d0 JavaThread "output-wizard10" [_thread_blocked, id=6824, stack(0x000000179dc00000,0x000000179dd00000)]
=>0x000001cdfb277140 JavaThread "output-wizard9" [_thread_in_vm, id=8644, stack(0x000000179dd00000,0x000000179de00000)]
  0x000001cdfb86ba80 JavaThread "output-wizard11" [_thread_blocked, id=10188, stack(0x000000179de00000,0x000000179df00000)]
  0x000001cdfb869da0 JavaThread "output-wizard10" [_thread_blocked, id=4284, stack(0x000000179df00000,0x000000179e000000)]
  0x000001cdfb865a40 JavaThread "output-wizard11" [_thread_blocked, id=2000, stack(0x000000179e000000,0x000000179e100000)]
  0x000001cdfb865f10 JavaThread "output-wizard12" [_thread_blocked, id=6216, stack(0x000000179e100000,0x000000179e200000)]
  0x000001cdfb86a270 JavaThread "output-wizard10" [_thread_in_vm, id=16696, stack(0x0000001795e00000,0x0000001795f00000)]
  0x000001cdfb8663e0 JavaThread "output-wizard11" [_thread_blocked, id=3844, stack(0x000000179e200000,0x000000179e300000)]
  0x000001cdfb86ac10 JavaThread "output-wizard8" [_thread_blocked, id=8368, stack(0x000000179e300000,0x000000179e400000)]
  0x000001cdfb8698d0 JavaThread "output-wizard9" [_thread_blocked, id=15348, stack(0x000000179e400000,0x000000179e500000)]
  0x000001cdfa452920 JavaThread "output-wizard9" [_thread_blocked, id=8996, stack(0x000000179e500000,0x000000179e600000)]
  0x000001cd8018fa10 JavaThread "output-wizard10" [_thread_blocked, id=2564, stack(0x000000179e600000,0x000000179e700000)]
  0x000001cdfd8c34d0 JavaThread "output-wizard10" [_thread_blocked, id=19260, stack(0x000000179e700000,0x000000179e800000)]
  0x000001cdfbaafeb0 JavaThread "output-wizard11" [_thread_blocked, id=15376, stack(0x000000179e800000,0x000000179e900000)]
  0x000001cdfb865570 JavaThread "mysql-cj-abandoned-connection-cleanup" daemon [_thread_blocked, id=7684, stack(0x000000179ec00000,0x000000179ed00000)]
  0x000001cdfb8d1300 JavaThread "TimerQueue" daemon [_thread_blocked, id=2520, stack(0x000000179f000000,0x000000179f100000)]
  0x000001cdfb281a10 JavaThread "DestroyJavaVM" [_thread_blocked, id=3604, stack(0x0000001794400000,0x0000001794500000)]

Other Threads:
  0x000001cdf8e9fea0 VMThread "VM Thread" [stack: 0x0000001794a00000,0x0000001794b00000] [id=9032] _threads_hazard_ptr=0x000001cdfeace8b0
  0x000001cddaae87d0 WatcherThread [stack: 0x0000001795900000,0x0000001795a00000] [id=1992]
  0x000001cddaac2440 GCTaskThread "GC Thread#0" [stack: 0x0000001794500000,0x0000001794600000] [id=18888]
  0x000001cdf9fee5a0 GCTaskThread "GC Thread#1" [stack: 0x0000001795f00000,0x0000001796000000] [id=6280]
  0x000001cdfa22dc20 GCTaskThread "GC Thread#2" [stack: 0x0000001796000000,0x0000001796100000] [id=9664]
  0x000001cdfa22eee0 GCTaskThread "GC Thread#3" [stack: 0x0000001796100000,0x0000001796200000] [id=15372]
  0x000001cdfa22f190 GCTaskThread "GC Thread#4" [stack: 0x0000001796200000,0x0000001796300000] [id=10952]
  0x000001cdfa1a9470 GCTaskThread "GC Thread#5" [stack: 0x0000001796300000,0x0000001796400000] [id=8780]
  0x000001cdfa2e8fc0 GCTaskThread "GC Thread#6" [stack: 0x0000001796400000,0x0000001796500000] [id=10608]
  0x000001cdfa3793f0 GCTaskThread "GC Thread#7" [stack: 0x0000001796500000,0x0000001796600000] [id=12124]
  0x000001cdfa3796a0 GCTaskThread "GC Thread#8" [stack: 0x0000001796600000,0x0000001796700000] [id=9532]
  0x000001cdfa379950 GCTaskThread "GC Thread#9" [stack: 0x0000001796700000,0x0000001796800000] [id=16688]
  0x000001cddaad3f10 ConcurrentGCThread "G1 Main Marker" [stack: 0x0000001794600000,0x0000001794700000] [id=10736]
  0x000001cddaad50c0 ConcurrentGCThread "G1 Conc#0" [stack: 0x0000001794700000,0x0000001794800000] [id=18960]
  0x000001cdfb218880 ConcurrentGCThread "G1 Conc#1" [stack: 0x000000179f100000,0x000000179f200000] [id=17864]
  0x000001cdfb218b30 ConcurrentGCThread "G1 Conc#2" [stack: 0x000000179f200000,0x000000179f300000] [id=2420]
  0x000001cddab56170 ConcurrentGCThread "G1 Refine#0" [stack: 0x0000001794800000,0x0000001794900000] [id=4352]
  0x000001cddab56b90 ConcurrentGCThread "G1 Service" [stack: 0x0000001794900000,0x0000001794a00000] [id=10144]

Threads with active compile tasks:

VM state: not at safepoint (normal execution)

VM Mutex/Monitor currently owned by a thread: None

Heap address: 0x0000000082400000, size: 2012 MB, Compressed Oops mode: 32-bit

CDS archive(s) mapped at: [0x0000000800000000-0x0000000800bc0000-0x0000000800bc0000), size 12320768, SharedBaseAddress: 0x0000000800000000, ArchiveRelocationMode: 0.
Compressed class space mapped at: 0x0000000800c00000-0x0000000840c00000, reserved size: 1073741824
Narrow klass base: 0x0000000800000000, Narrow klass shift: 0, Narrow klass range: 0x100000000

GC Precious Log:
 CPUs: 12 total, 12 available
 Memory: 8043M
 Large Page Support: Disabled
 NUMA Support: Disabled
 Compressed Oops: Enabled (32-bit)
 Heap Region Size: 1M
 Heap Min Capacity: 8M
 Heap Initial Capacity: 126M
 Heap Max Capacity: 2012M
 Pre-touch: Disabled
 Parallel Workers: 10
 Concurrent Workers: 3
 Concurrent Refinement Workers: 10
 Periodic GC: Disabled

Heap:
 garbage-first heap   total 137216K, used 72384K [0x0000000082400000, 0x0000000100000000)
  region size 1024K, 1 young (1024K), 0 survivors (0K)
 Metaspace       used 14370K, committed 15680K, reserved 1064960K
  class space    used 1610K, committed 2304K, reserved 1048576K

Heap Regions: E=young(eden), S=young(survivor), O=old, HS=humongous(starts), HC=humongous(continues), CS=collection set, F=free, OA=open archive, CA=closed archive, TAMS=top-at-mark-start (previous, next)
|   0|0x0000000082400000, 0x0000000082500000, 0x0000000082500000|100%|HS|  |TAMS 0x0000000082500000, 0x0000000082400000| Untracked 
|   1|0x0000000082500000, 0x0000000082600000, 0x0000000082600000|100%|HC|  |TAMS 0x0000000082600000, 0x0000000082500000| Untracked 
|   2|0x0000000082600000, 0x0000000082700000, 0x0000000082700000|100%|HC|  |TAMS 0x0000000082700000, 0x0000000082600000| Untracked 
|   3|0x0000000082700000, 0x0000000082800000, 0x0000000082800000|100%|HC|  |TAMS 0x0000000082800000, 0x0000000082700000| Untracked 
|   4|0x0000000082800000, 0x0000000082900000, 0x0000000082900000|100%|HC|  |TAMS 0x0000000082900000, 0x0000000082800000| Untracked 
|   5|0x0000000082900000, 0x0000000082a00000, 0x0000000082a00000|100%|HC|  |TAMS 0x0000000082a00000, 0x0000000082900000| Untracked 
|   6|0x0000000082a00000, 0x0000000082b00000, 0x0000000082b00000|100%|HC|  |TAMS 0x0000000082b00000, 0x0000000082a00000| Untracked 
|   7|0x0000000082b00000, 0x0000000082c00000, 0x0000000082c00000|100%|HC|  |TAMS 0x0000000082c00000, 0x0000000082b00000| Untracked 
|   8|0x0000000082c00000, 0x0000000082d00000, 0x0000000082d00000|100%|HC|  |TAMS 0x0000000082d00000, 0x0000000082c00000| Untracked 
|   9|0x0000000082d00000, 0x0000000082e00000, 0x0000000082e00000|100%|HC|  |TAMS 0x0000000082e00000, 0x0000000082d00000| Untracked 
|  10|0x0000000082e00000, 0x0000000082f00000, 0x0000000082f00000|100%|HC|  |TAMS 0x0000000082f00000, 0x0000000082e00000| Untracked 
|  11|0x0000000082f00000, 0x0000000083000000, 0x0000000083000000|100%|HC|  |TAMS 0x0000000083000000, 0x0000000082f00000| Untracked 
|  12|0x0000000083000000, 0x0000000083100000, 0x0000000083100000|100%|HC|  |TAMS 0x0000000083100000, 0x0000000083000000| Untracked 
|  13|0x0000000083100000, 0x0000000083200000, 0x0000000083200000|100%|HC|  |TAMS 0x0000000083200000, 0x0000000083100000| Untracked 
|  14|0x0000000083200000, 0x0000000083300000, 0x0000000083300000|100%|HC|  |TAMS 0x0000000083300000, 0x0000000083200000| Untracked 
|  15|0x0000000083300000, 0x0000000083400000, 0x0000000083400000|100%|HC|  |TAMS 0x0000000083400000, 0x0000000083300000| Untracked 
|  16|0x0000000083400000, 0x0000000083500000, 0x0000000083500000|100%|HC|  |TAMS 0x0000000083500000, 0x0000000083400000| Untracked 
|  17|0x0000000083500000, 0x0000000083600000, 0x0000000083600000|100%|HC|  |TAMS 0x0000000083600000, 0x0000000083500000| Untracked 
|  18|0x0000000083600000, 0x0000000083700000, 0x0000000083700000|100%|HC|  |TAMS 0x0000000083700000, 0x0000000083600000| Untracked 
|  19|0x0000000083700000, 0x0000000083800000, 0x0000000083800000|100%|HC|  |TAMS 0x0000000083800000, 0x0000000083700000| Untracked 
|  20|0x0000000083800000, 0x0000000083900000, 0x0000000083900000|100%|HC|  |TAMS 0x0000000083900000, 0x0000000083800000| Untracked 
|  21|0x0000000083900000, 0x0000000083a00000, 0x0000000083a00000|100%|HC|  |TAMS 0x0000000083a00000, 0x0000000083900000| Untracked 
|  22|0x0000000083a00000, 0x0000000083b00000, 0x0000000083b00000|100%|HC|  |TAMS 0x0000000083b00000, 0x0000000083a00000| Untracked 
|  23|0x0000000083b00000, 0x0000000083c00000, 0x0000000083c00000|100%|HC|  |TAMS 0x0000000083c00000, 0x0000000083b00000| Untracked 
|  24|0x0000000083c00000, 0x0000000083d00000, 0x0000000083d00000|100%|HC|  |TAMS 0x0000000083d00000, 0x0000000083c00000| Untracked 
|  25|0x0000000083d00000, 0x0000000083e00000, 0x0000000083e00000|100%|HC|  |TAMS 0x0000000083e00000, 0x0000000083d00000| Untracked 
|  26|0x0000000083e00000, 0x0000000083f00000, 0x0000000083f00000|100%|HC|  |TAMS 0x0000000083f00000, 0x0000000083e00000| Untracked 
|  27|0x0000000083f00000, 0x0000000084000000, 0x0000000084000000|100%|HC|  |TAMS 0x0000000084000000, 0x0000000083f00000| Untracked 
|  28|0x0000000084000000, 0x0000000084100000, 0x0000000084100000|100%|HC|  |TAMS 0x0000000084100000, 0x0000000084000000| Untracked 
|  29|0x0000000084100000, 0x0000000084200000, 0x0000000084200000|100%|HC|  |TAMS 0x0000000084200000, 0x0000000084100000| Untracked 
|  30|0x0000000084200000, 0x0000000084300000, 0x0000000084300000|100%|HC|  |TAMS 0x0000000084300000, 0x0000000084200000| Untracked 
|  31|0x0000000084300000, 0x0000000084400000, 0x0000000084400000|100%|HS|  |TAMS 0x0000000084400000, 0x0000000084300000| Untracked 
|  32|0x0000000084400000, 0x0000000084500000, 0x0000000084500000|100%|HC|  |TAMS 0x0000000084500000, 0x0000000084400000| Untracked 
|  33|0x0000000084500000, 0x0000000084600000, 0x0000000084600000|100%|HC|  |TAMS 0x0000000084600000, 0x0000000084500000| Untracked 
|  34|0x0000000084600000, 0x0000000084700000, 0x0000000084700000|100%|HS|  |TAMS 0x0000000084700000, 0x0000000084600000| Untracked 
|  35|0x0000000084700000, 0x0000000084800000, 0x0000000084800000|100%|HC|  |TAMS 0x0000000084800000, 0x0000000084700000| Untracked 
|  36|0x0000000084800000, 0x0000000084900000, 0x0000000084900000|100%|HC|  |TAMS 0x0000000084900000, 0x0000000084800000| Untracked 
|  37|0x0000000084900000, 0x00000000849fd290, 0x0000000084a00000| 98%| O|  |TAMS 0x00000000849fd290, 0x0000000084900000| Untracked 
|  38|0x0000000084a00000, 0x0000000084b00000, 0x0000000084b00000|100%| O|  |TAMS 0x0000000084b00000, 0x0000000084a00000| Untracked 
|  39|0x0000000084b00000, 0x0000000084bff4f8, 0x0000000084c00000| 99%| O|  |TAMS 0x0000000084bff4f8, 0x0000000084b00000| Untracked 
|  40|0x0000000084c00000, 0x0000000084d00000, 0x0000000084d00000|100%|HS|  |TAMS 0x0000000084d00000, 0x0000000084c00000| Untracked 
|  41|0x0000000084d00000, 0x0000000084e00000, 0x0000000084e00000|100%|HC|  |TAMS 0x0000000084e00000, 0x0000000084d00000| Untracked 
|  42|0x0000000084e00000, 0x0000000084f00000, 0x0000000084f00000|100%|HC|  |TAMS 0x0000000084f00000, 0x0000000084e00000| Untracked 
|  43|0x0000000084f00000, 0x0000000084fffff8, 0x0000000085000000| 99%| O|  |TAMS 0x0000000084fffff8, 0x0000000084f00000| Untracked 
|  44|0x0000000085000000, 0x0000000085100000, 0x0000000085100000|100%| O|  |TAMS 0x0000000085100000, 0x0000000085000000| Untracked 
|  45|0x0000000085100000, 0x0000000085200000, 0x0000000085200000|100%|HS|  |TAMS 0x0000000085200000, 0x0000000085100000| Untracked 
|  46|0x0000000085200000, 0x0000000085300000, 0x0000000085300000|100%|HC|  |TAMS 0x0000000085300000, 0x0000000085200000| Untracked 
|  47|0x0000000085300000, 0x0000000085400000, 0x0000000085400000|100%|HC|  |TAMS 0x0000000085400000, 0x0000000085300000| Untracked 
|  48|0x0000000085400000, 0x0000000085500000, 0x0000000085500000|100%|HC|  |TAMS 0x0000000085500000, 0x0000000085400000| Untracked 
|  49|0x0000000085500000, 0x0000000085600000, 0x0000000085600000|100%|HC|  |TAMS 0x0000000085600000, 0x0000000085500000| Untracked 
|  50|0x0000000085600000, 0x0000000085700000, 0x0000000085700000|100%|HC|  |TAMS 0x0000000085700000, 0x0000000085600000| Untracked 
|  51|0x0000000085700000, 0x0000000085800000, 0x0000000085800000|100%|HC|  |TAMS 0x0000000085800000, 0x0000000085700000| Untracked 
|  52|0x0000000085800000, 0x0000000085900000, 0x0000000085900000|100%|HC|  |TAMS 0x0000000085900000, 0x0000000085800000| Untracked 
|  53|0x0000000085900000, 0x0000000085a00000, 0x0000000085a00000|100%|HC|  |TAMS 0x0000000085a00000, 0x0000000085900000| Untracked 
|  54|0x0000000085a00000, 0x0000000085afe140, 0x0000000085b00000| 99%| O|  |TAMS 0x0000000085afe140, 0x0000000085a00000| Untracked 
|  55|0x0000000085b00000, 0x0000000085bf9d30, 0x0000000085c00000| 97%| O|  |TAMS 0x0000000085bf9d30, 0x0000000085b00000| Untracked 
|  56|0x0000000085c00000, 0x0000000085d00000, 0x0000000085d00000|100%|HS|  |TAMS 0x0000000085d00000, 0x0000000085c00000| Untracked 
|  57|0x0000000085d00000, 0x0000000085e00000, 0x0000000085e00000|100%|HC|  |TAMS 0x0000000085e00000, 0x0000000085d00000| Untracked 
|  58|0x0000000085e00000, 0x0000000085f00000, 0x0000000085f00000|100%|HC|  |TAMS 0x0000000085f00000, 0x0000000085e00000| Untracked 
|  59|0x0000000085f00000, 0x0000000086000000, 0x0000000086000000|100%|HC|  |TAMS 0x0000000086000000, 0x0000000085f00000| Untracked 
|  60|0x0000000086000000, 0x0000000086100000, 0x0000000086100000|100%|HC|  |TAMS 0x0000000086100000, 0x0000000086000000| Untracked 
|  61|0x0000000086100000, 0x0000000086200000, 0x0000000086200000|100%|HC|  |TAMS 0x0000000086200000, 0x0000000086100000| Untracked 
|  62|0x0000000086200000, 0x0000000086299498, 0x0000000086300000| 59%| O|  |TAMS 0x0000000086200000, 0x0000000086200000| Untracked 
|  63|0x0000000086300000, 0x0000000086310030, 0x0000000086400000|  6%| O|  |TAMS 0x0000000086300000, 0x0000000086300000| Untracked 
|  64|0x0000000086400000, 0x0000000086400000, 0x0000000086500000|  0%| F|  |TAMS 0x0000000086400000, 0x0000000086400000| Untracked 
|  65|0x0000000086500000, 0x00000000865125b0, 0x0000000086600000|  7%| O|  |TAMS 0x0000000086500000, 0x0000000086500000| Untracked 
|  66|0x0000000086600000, 0x0000000086600000, 0x0000000086700000|  0%| F|  |TAMS 0x0000000086600000, 0x0000000086600000| Untracked 
|  67|0x0000000086700000, 0x0000000086700000, 0x0000000086800000|  0%| F|  |TAMS 0x0000000086700000, 0x0000000086700000| Untracked 
|  68|0x0000000086800000, 0x0000000086900000, 0x0000000086900000|100%| O|  |TAMS 0x0000000086900000, 0x0000000086800000| Untracked 
|  69|0x0000000086900000, 0x0000000086900000, 0x0000000086a00000|  0%| F|  |TAMS 0x0000000086900000, 0x0000000086900000| Untracked 
|  70|0x0000000086a00000, 0x0000000086a00000, 0x0000000086b00000|  0%| F|  |TAMS 0x0000000086a00000, 0x0000000086a00000| Untracked 
|  71|0x0000000086b00000, 0x0000000086c00000, 0x0000000086c00000|100%|HS|  |TAMS 0x0000000086c00000, 0x0000000086b00000| Untracked 
|  72|0x0000000086c00000, 0x0000000086d00000, 0x0000000086d00000|100%|HC|  |TAMS 0x0000000086d00000, 0x0000000086c00000| Untracked 
|  73|0x0000000086d00000, 0x0000000086e00000, 0x0000000086e00000|100%|HC|  |TAMS 0x0000000086e00000, 0x0000000086d00000| Untracked 
|  74|0x0000000086e00000, 0x0000000086f00000, 0x0000000086f00000|100%|HC|  |TAMS 0x0000000086f00000, 0x0000000086e00000| Untracked 
|  75|0x0000000086f00000, 0x0000000087000000, 0x0000000087000000|100%|HC|  |TAMS 0x0000000087000000, 0x0000000086f00000| Untracked 
|  76|0x0000000087000000, 0x0000000087100000, 0x0000000087100000|100%|HC|  |TAMS 0x0000000087100000, 0x0000000087000000| Untracked 
|  77|0x0000000087100000, 0x0000000087100000, 0x0000000087200000|  0%| F|  |TAMS 0x0000000087100000, 0x0000000087100000| Untracked 
|  78|0x0000000087200000, 0x0000000087200000, 0x0000000087300000|  0%| F|  |TAMS 0x0000000087200000, 0x0000000087200000| Untracked 
|  79|0x0000000087300000, 0x0000000087300000, 0x0000000087400000|  0%| F|  |TAMS 0x0000000087300000, 0x0000000087300000| Untracked 
|  80|0x0000000087400000, 0x0000000087400000, 0x0000000087500000|  0%| F|  |TAMS 0x0000000087400000, 0x0000000087400000| Untracked 
|  81|0x0000000087500000, 0x0000000087500000, 0x0000000087600000|  0%| F|  |TAMS 0x0000000087500000, 0x0000000087500000| Untracked 
|  82|0x0000000087600000, 0x0000000087600000, 0x0000000087700000|  0%| F|  |TAMS 0x0000000087600000, 0x0000000087600000| Untracked 
|  83|0x0000000087700000, 0x0000000087700000, 0x0000000087800000|  0%| F|  |TAMS 0x0000000087700000, 0x0000000087700000| Untracked 
|  84|0x0000000087800000, 0x0000000087800000, 0x0000000087900000|  0%| F|  |TAMS 0x0000000087800000, 0x0000000087800000| Untracked 
|  85|0x0000000087900000, 0x0000000087900000, 0x0000000087a00000|  0%| F|  |TAMS 0x0000000087900000, 0x0000000087900000| Untracked 
|  86|0x0000000087a00000, 0x0000000087a00000, 0x0000000087b00000|  0%| F|  |TAMS 0x0000000087a00000, 0x0000000087a00000| Untracked 
|  87|0x0000000087b00000, 0x0000000087b00000, 0x0000000087c00000|  0%| F|  |TAMS 0x0000000087b00000, 0x0000000087b00000| Untracked 
|  88|0x0000000087c00000, 0x0000000087c00000, 0x0000000087d00000|  0%| F|  |TAMS 0x0000000087c00000, 0x0000000087c00000| Untracked 
|  89|0x0000000087d00000, 0x0000000087d00000, 0x0000000087e00000|  0%| F|  |TAMS 0x0000000087d00000, 0x0000000087d00000| Untracked 
|  90|0x0000000087e00000, 0x0000000087e00000, 0x0000000087f00000|  0%| F|  |TAMS 0x0000000087e00000, 0x0000000087e00000| Untracked 
|  91|0x0000000087f00000, 0x0000000087f00000, 0x0000000088000000|  0%| F|  |TAMS 0x0000000087f00000, 0x0000000087f00000| Untracked 
|  92|0x0000000088000000, 0x0000000088000000, 0x0000000088100000|  0%| F|  |TAMS 0x0000000088000000, 0x0000000088000000| Untracked 
|  93|0x0000000088100000, 0x0000000088100000, 0x0000000088200000|  0%| F|  |TAMS 0x0000000088100000, 0x0000000088100000| Untracked 
|  94|0x0000000088200000, 0x0000000088200000, 0x0000000088300000|  0%| F|  |TAMS 0x0000000088200000, 0x0000000088200000| Untracked 
|  95|0x0000000088300000, 0x0000000088300000, 0x0000000088400000|  0%| F|  |TAMS 0x0000000088300000, 0x0000000088300000| Untracked 
|  96|0x0000000088400000, 0x0000000088400000, 0x0000000088500000|  0%| F|  |TAMS 0x0000000088400000, 0x0000000088400000| Untracked 
|  97|0x0000000088500000, 0x0000000088500000, 0x0000000088600000|  0%| F|  |TAMS 0x0000000088500000, 0x0000000088500000| Untracked 
|  98|0x0000000088600000, 0x0000000088600000, 0x0000000088700000|  0%| F|  |TAMS 0x0000000088600000, 0x0000000088600000| Untracked 
|  99|0x0000000088700000, 0x0000000088700000, 0x0000000088800000|  0%| F|  |TAMS 0x0000000088700000, 0x0000000088700000| Untracked 
| 100|0x0000000088800000, 0x0000000088800000, 0x0000000088900000|  0%| F|  |TAMS 0x0000000088800000, 0x0000000088800000| Untracked 
| 101|0x0000000088900000, 0x0000000088900000, 0x0000000088a00000|  0%| F|  |TAMS 0x0000000088900000, 0x0000000088900000| Untracked 
| 102|0x0000000088a00000, 0x0000000088a00000, 0x0000000088b00000|  0%| F|  |TAMS 0x0000000088a00000, 0x0000000088a00000| Untracked 
| 103|0x0000000088b00000, 0x0000000088b00000, 0x0000000088c00000|  0%| F|  |TAMS 0x0000000088b00000, 0x0000000088b00000| Untracked 
| 104|0x0000000088c00000, 0x0000000088c00000, 0x0000000088d00000|  0%| F|  |TAMS 0x0000000088c00000, 0x0000000088c00000| Untracked 
| 105|0x0000000088d00000, 0x0000000088d00000, 0x0000000088e00000|  0%| F|  |TAMS 0x0000000088d00000, 0x0000000088d00000| Untracked 
| 106|0x0000000088e00000, 0x0000000088e00000, 0x0000000088f00000|  0%| F|  |TAMS 0x0000000088e00000, 0x0000000088e00000| Untracked 
| 107|0x0000000088f00000, 0x0000000088f00000, 0x0000000089000000|  0%| F|  |TAMS 0x0000000088f00000, 0x0000000088f00000| Untracked 
| 108|0x0000000089000000, 0x0000000089000000, 0x0000000089100000|  0%| F|  |TAMS 0x0000000089000000, 0x0000000089000000| Untracked 
| 109|0x0000000089100000, 0x0000000089100000, 0x0000000089200000|  0%| F|  |TAMS 0x0000000089100000, 0x0000000089100000| Untracked 
| 110|0x0000000089200000, 0x0000000089200000, 0x0000000089300000|  0%| F|  |TAMS 0x0000000089200000, 0x0000000089200000| Untracked 
| 111|0x0000000089300000, 0x0000000089300000, 0x0000000089400000|  0%| F|  |TAMS 0x0000000089300000, 0x0000000089300000| Untracked 
| 112|0x0000000089400000, 0x0000000089500000, 0x0000000089500000|100%| O|  |TAMS 0x0000000089500000, 0x0000000089400000| Untracked 
| 113|0x0000000089500000, 0x0000000089500000, 0x0000000089600000|  0%| F|  |TAMS 0x0000000089500000, 0x0000000089500000| Untracked 
| 114|0x0000000089600000, 0x0000000089600000, 0x0000000089700000|  0%| F|  |TAMS 0x0000000089600000, 0x0000000089600000| Untracked 
| 115|0x0000000089700000, 0x0000000089700000, 0x0000000089800000|  0%| F|  |TAMS 0x0000000089700000, 0x0000000089700000| Untracked 
| 116|0x0000000089800000, 0x0000000089800000, 0x0000000089900000|  0%| F|  |TAMS 0x0000000089800000, 0x0000000089800000| Untracked 
| 117|0x0000000089900000, 0x0000000089900000, 0x0000000089a00000|  0%| F|  |TAMS 0x0000000089900000, 0x0000000089900000| Untracked 
| 118|0x0000000089a00000, 0x0000000089a00000, 0x0000000089b00000|  0%| F|  |TAMS 0x0000000089a00000, 0x0000000089a00000| Untracked 
| 119|0x0000000089b00000, 0x0000000089b00000, 0x0000000089c00000|  0%| F|  |TAMS 0x0000000089b00000, 0x0000000089b00000| Untracked 
| 120|0x0000000089c00000, 0x0000000089c00000, 0x0000000089d00000|  0%| F|  |TAMS 0x0000000089c00000, 0x0000000089c00000| Untracked 
| 121|0x0000000089d00000, 0x0000000089d00000, 0x0000000089e00000|  0%| F|  |TAMS 0x0000000089d00000, 0x0000000089d00000| Untracked 
| 122|0x0000000089e00000, 0x0000000089e00000, 0x0000000089f00000|  0%| F|  |TAMS 0x0000000089e00000, 0x0000000089e00000| Untracked 
| 123|0x0000000089f00000, 0x0000000089f00000, 0x000000008a000000|  0%| F|  |TAMS 0x0000000089f00000, 0x0000000089f00000| Untracked 
| 124|0x000000008a000000, 0x000000008a000000, 0x000000008a100000|  0%| F|  |TAMS 0x000000008a000000, 0x000000008a000000| Untracked 
| 125|0x000000008a100000, 0x000000008a100000, 0x000000008a200000|  0%| F|  |TAMS 0x000000008a100000, 0x000000008a100000| Untracked 
| 126|0x000000008a200000, 0x000000008a200000, 0x000000008a300000|  0%| F|  |TAMS 0x000000008a200000, 0x000000008a200000| Untracked 
| 127|0x000000008a300000, 0x000000008a300000, 0x000000008a400000|  0%| F|  |TAMS 0x000000008a300000, 0x000000008a300000| Untracked 
| 128|0x000000008a400000, 0x000000008a400000, 0x000000008a500000|  0%| F|  |TAMS 0x000000008a400000, 0x000000008a400000| Untracked 
| 129|0x000000008a500000, 0x000000008a500000, 0x000000008a600000|  0%| F|  |TAMS 0x000000008a500000, 0x000000008a500000| Untracked 
| 130|0x000000008a600000, 0x000000008a600000, 0x000000008a700000|  0%| F|  |TAMS 0x000000008a600000, 0x000000008a600000| Untracked 
| 131|0x000000008a700000, 0x000000008a700000, 0x000000008a800000|  0%| F|  |TAMS 0x000000008a700000, 0x000000008a700000| Untracked 
| 132|0x000000008a800000, 0x000000008a800000, 0x000000008a900000|  0%| F|  |TAMS 0x000000008a800000, 0x000000008a800000| Untracked 
| 133|0x000000008a900000, 0x000000008a9c6a90, 0x000000008aa00000| 77%| E|  |TAMS 0x000000008a900000, 0x000000008a900000| Complete 

Card table byte_map: [0x000001cdf1be0000,0x000001cdf1fd0000] _byte_map_base: 0x000001cdf17ce000

Marking Bits (Prev, Next): (CMBitMap*) 0x000001cddaac2a50, (CMBitMap*) 0x000001cddaac2a90
 Prev Bits: [0x000001cdf23c0000, 0x000001cdf4330000)
 Next Bits: [0x000001cdf4330000, 0x000001cdf62a0000)

Polling page: 0x000001cdd89e0000

Metaspace:

Usage:
  Non-class:     12.47 MB used.
      Class:      1.57 MB used.
       Both:     14.04 MB used.

Virtual space:
  Non-class space:       16.00 MB reserved,      13.06 MB ( 82%) committed,  2 nodes.
      Class space:        1.00 GB reserved,       2.25 MB ( <1%) committed,  1 nodes.
             Both:        1.02 GB reserved,      15.31 MB (  1%) committed. 

Chunk freelists:
   Non-Class:  3.45 MB
       Class:  2.34 MB
        Both:  5.79 MB

MaxMetaspaceSize: unlimited
CompressedClassSpaceSize: 1.00 GB
Initial GC threshold: 21.00 MB
Current GC threshold: 26.06 MB
CDS: on
MetaspaceReclaimPolicy: balanced
 - commit_granule_bytes: 65536.
 - commit_granule_words: 8192.
 - virtual_space_node_default_size: 1048576.
 - enlarge_chunks_in_place: 1.
 - new_chunks_are_fully_committed: 0.
 - uncommit_free_chunks: 1.
 - use_allocation_guard: 0.
 - handle_deallocations: 1.


Internal statistics:

num_allocs_failed_limit: 0.
num_arena_births: 1452.
num_arena_deaths: 1256.
num_vsnodes_births: 3.
num_vsnodes_deaths: 0.
num_space_committed: 257.
num_space_uncommitted: 12.
num_chunks_returned_to_freelist: 1675.
num_chunks_taken_from_freelist: 2062.
num_chunk_merges: 756.
num_chunk_splits: 1219.
num_chunks_enlarged: 473.
num_purges: 10.
num_inconsistent_stats: 0.

CodeHeap 'non-profiled nmethods': size=120000Kb used=1726Kb max_used=1726Kb free=118273Kb
 bounds [0x000001cde9d60000, 0x000001cde9fd0000, 0x000001cdf1290000]
CodeHeap 'profiled nmethods': size=120000Kb used=4819Kb max_used=4819Kb free=115180Kb
 bounds [0x000001cde2830000, 0x000001cde2cf0000, 0x000001cde9d60000]
CodeHeap 'non-nmethods': size=5760Kb used=1389Kb max_used=1522Kb free=4370Kb
 bounds [0x000001cde2290000, 0x000001cde2500000, 0x000001cde2830000]
 total_blobs=3154 nmethods=2496 adapters=570
 compilation: enabled
              stopped_count=0, restarted_count=0
 full_count=0

Compilation events (20 events):
Event: 386.976 Thread 0x000001cdf8ec3730 2535       3       java.util.concurrent.locks.AbstractQueuedSynchronizer$ConditionNode::isReleasable (23 bytes)
Event: 386.978 Thread 0x000001cdf8ec3730 nmethod 2535 0x000001cde2ce0b90 code [0x000001cde2ce0d20, 0x000001cde2ce0f98]
Event: 387.021 Thread 0x000001cdf8ebe780 2536       4       java.util.concurrent.locks.AbstractQueuedSynchronizer::compareAndSetState (13 bytes)
Event: 387.023 Thread 0x000001cdf8ebe780 nmethod 2536 0x000001cde9f0e590 code [0x000001cde9f0e700, 0x000001cde9f0e798]
Event: 387.139 Thread 0x000001cdf8ec3730 2537       3       java.util.concurrent.locks.AbstractQueuedSynchronizer$Node::getAndUnsetStatus (14 bytes)
Event: 387.140 Thread 0x000001cdf8ec3730 nmethod 2537 0x000001cde2ce1090 code [0x000001cde2ce1240, 0x000001cde2ce1508]
Event: 387.193 Thread 0x000001cdf8ec3730 2539  s    3       javax.swing.RepaintManager::extendDirtyRegion (36 bytes)
Event: 387.194 Thread 0x000001cdf8ec3730 nmethod 2539 0x000001cde2ce1610 code [0x000001cde2ce17e0, 0x000001cde2ce1c78]
Event: 387.194 Thread 0x000001cdf8ec3730 2538       3       javax.swing.border.AbstractBorder::getBorderInsets (17 bytes)
Event: 387.195 Thread 0x000001cdf8ec3730 nmethod 2538 0x000001cde2ce1e10 code [0x000001cde2ce1fc0, 0x000001cde2ce22c8]
Event: 387.195 Thread 0x000001cdf8ec3730 2540       3       java.util.concurrent.locks.ReentrantLock$NonfairSync::tryAcquire (27 bytes)
Event: 387.195 Thread 0x000001cdf8ec3730 nmethod 2540 0x000001cde2ce2410 code [0x000001cde2ce25c0, 0x000001cde2ce2868]
Event: 387.335 Thread 0x000001cdf8ec3730 2541       1       javax.swing.plaf.basic.BasicProgressBarUI::getAnimationIndex (5 bytes)
Event: 387.335 Thread 0x000001cdf8ec3730 nmethod 2541 0x000001cde9f0e890 code [0x000001cde9f0ea20, 0x000001cde9f0eaf8]
Event: 387.410 Thread 0x000001cdf8ec3730 2542       3       sun.awt.SunToolkit::flushPendingEvents (19 bytes)
Event: 387.410 Thread 0x000001cdf8ec3730 nmethod 2542 0x000001cde2ce2910 code [0x000001cde2ce2ac0, 0x000001cde2ce2d78]
Event: 387.410 Thread 0x000001cdf8ec3730 2543   !   3       sun.awt.PostEventQueue::flush (168 bytes)
Event: 387.414 Thread 0x000001cdf8ec3730 nmethod 2543 0x000001cde2ce2e90 code [0x000001cde2ce3140, 0x000001cde2ce3ee8]
Event: 387.539 Thread 0x000001cdf8ec3730 2544       3       java.util.IdentityHashMap::isEmpty (13 bytes)
Event: 387.539 Thread 0x000001cdf8ec3730 nmethod 2544 0x000001cde2ce4510 code [0x000001cde2ce46a0, 0x000001cde2ce4818]

GC Heap History (20 events):
Event: 261.349 GC heap before
{Heap before GC invocations=17 (full 12):
 garbage-first heap   total 129024K, used 77989K [0x0000000082400000, 0x0000000100000000)
  region size 1024K, 8 young (8192K), 0 survivors (0K)
 Metaspace       used 14329K, committed 15680K, reserved 1064960K
  class space    used 1609K, committed 2304K, reserved 1048576K
}
Event: 266.104 GC heap after
{Heap after GC invocations=18 (full 13):
 garbage-first heap   total 129024K, used 71994K [0x0000000082400000, 0x0000000100000000)
  region size 1024K, 0 young (0K), 0 survivors (0K)
 Metaspace       used 14329K, committed 15680K, reserved 1064960K
  class space    used 1609K, committed 2304K, reserved 1048576K
}
Event: 280.962 GC heap before
{Heap before GC invocations=18 (full 13):
 garbage-first heap   total 129024K, used 78138K [0x0000000082400000, 0x0000000100000000)
  region size 1024K, 8 young (8192K), 0 survivors (0K)
 Metaspace       used 14331K, committed 15680K, reserved 1064960K
  class space    used 1609K, committed 2304K, reserved 1048576K
}
Event: 281.256 GC heap after
{Heap after GC invocations=19 (full 14):
 garbage-first heap   total 129024K, used 72161K [0x0000000082400000, 0x0000000100000000)
  region size 1024K, 0 young (0K), 0 survivors (0K)
 Metaspace       used 14331K, committed 15680K, reserved 1064960K
  class space    used 1609K, committed 2304K, reserved 1048576K
}
Event: 301.100 GC heap before
{Heap before GC invocations=19 (full 14):
 garbage-first heap   total 129024K, used 75233K [0x0000000082400000, 0x0000000100000000)
  region size 1024K, 5 young (5120K), 0 survivors (0K)
 Metaspace       used 14332K, committed 15680K, reserved 1064960K
  class space    used 1609K, committed 2304K, reserved 1048576K
}
Event: 304.128 GC heap after
{Heap after GC invocations=20 (full 15):
 garbage-first heap   total 129024K, used 72257K [0x0000000082400000, 0x0000000100000000)
  region size 1024K, 0 young (0K), 0 survivors (0K)
 Metaspace       used 14332K, committed 15680K, reserved 1064960K
  class space    used 1609K, committed 2304K, reserved 1048576K
}
Event: 321.310 GC heap before
{Heap before GC invocations=20 (full 15):
 garbage-first heap   total 129024K, used 78401K [0x0000000082400000, 0x0000000100000000)
  region size 1024K, 7 young (7168K), 0 survivors (0K)
 Metaspace       used 14337K, committed 15680K, reserved 1064960K
  class space    used 1610K, committed 2304K, reserved 1048576K
}
Event: 329.789 GC heap after
{Heap after GC invocations=21 (full 16):
 garbage-first heap   total 129024K, used 72312K [0x0000000082400000, 0x0000000100000000)
  region size 1024K, 0 young (0K), 0 survivors (0K)
 Metaspace       used 14337K, committed 15680K, reserved 1064960K
  class space    used 1610K, committed 2304K, reserved 1048576K
}
Event: 340.842 GC heap before
{Heap before GC invocations=21 (full 16):
 garbage-first heap   total 129024K, used 76408K [0x0000000082400000, 0x0000000100000000)
  region size 1024K, 6 young (6144K), 0 survivors (0K)
 Metaspace       used 14342K, committed 15680K, reserved 1064960K
  class space    used 1610K, committed 2304K, reserved 1048576K
}
Event: 347.506 GC heap after
{Heap after GC invocations=22 (full 17):
 garbage-first heap   total 129024K, used 72314K [0x0000000082400000, 0x0000000100000000)
  region size 1024K, 0 young (0K), 0 survivors (0K)
 Metaspace       used 14342K, committed 15680K, reserved 1064960K
  class space    used 1610K, committed 2304K, reserved 1048576K
}
Event: 349.691 GC heap before
{Heap before GC invocations=22 (full 17):
 garbage-first heap   total 129024K, used 73338K [0x0000000082400000, 0x0000000100000000)
  region size 1024K, 3 young (3072K), 0 survivors (0K)
 Metaspace       used 14342K, committed 15680K, reserved 1064960K
  class space    used 1610K, committed 2304K, reserved 1048576K
}
Event: 350.040 GC heap after
{Heap after GC invocations=23 (full 17):
 garbage-first heap   total 129024K, used 72418K [0x0000000082400000, 0x0000000100000000)
  region size 1024K, 1 young (1024K), 1 survivors (1024K)
 Metaspace       used 14342K, committed 15680K, reserved 1064960K
  class space    used 1610K, committed 2304K, reserved 1048576K
}
Event: 361.195 GC heap before
{Heap before GC invocations=24 (full 17):
 garbage-first heap   total 137216K, used 82658K [0x0000000082400000, 0x0000000100000000)
  region size 1024K, 6 young (6144K), 1 survivors (1024K)
 Metaspace       used 14343K, committed 15680K, reserved 1064960K
  class space    used 1610K, committed 2304K, reserved 1048576K
}
Event: 365.884 GC heap after
{Heap after GC invocations=25 (full 18):
 garbage-first heap   total 137216K, used 72348K [0x0000000082400000, 0x0000000100000000)
  region size 1024K, 0 young (0K), 0 survivors (0K)
 Metaspace       used 14343K, committed 15680K, reserved 1064960K
  class space    used 1610K, committed 2304K, reserved 1048576K
}
Event: 380.957 GC heap before
{Heap before GC invocations=25 (full 18):
 garbage-first heap   total 137216K, used 72348K [0x0000000082400000, 0x0000000100000000)
  region size 1024K, 1 young (1024K), 0 survivors (0K)
 Metaspace       used 14349K, committed 15680K, reserved 1064960K
  class space    used 1610K, committed 2304K, reserved 1048576K
}
Event: 380.971 GC heap after
{Heap after GC invocations=26 (full 19):
 garbage-first heap   total 137216K, used 72345K [0x0000000082400000, 0x0000000100000000)
  region size 1024K, 0 young (0K), 0 survivors (0K)
 Metaspace       used 14349K, committed 15680K, reserved 1064960K
  class space    used 1610K, committed 2304K, reserved 1048576K
}
Event: 397.615 GC heap before
{Heap before GC invocations=26 (full 19):
 garbage-first heap   total 137216K, used 78489K [0x0000000082400000, 0x0000000100000000)
  region size 1024K, 6 young (6144K), 0 survivors (0K)
 Metaspace       used 14364K, committed 15680K, reserved 1064960K
  class space    used 1610K, committed 2304K, reserved 1048576K
}
Event: 401.627 GC heap after
{Heap after GC invocations=27 (full 19):
 garbage-first heap   total 137216K, used 72527K [0x0000000082400000, 0x0000000100000000)
  region size 1024K, 1 young (1024K), 1 survivors (1024K)
 Metaspace       used 14364K, committed 15680K, reserved 1064960K
  class space    used 1610K, committed 2304K, reserved 1048576K
}
Event: 401.959 GC heap before
{Heap before GC invocations=27 (full 19):
 garbage-first heap   total 137216K, used 72527K [0x0000000082400000, 0x0000000100000000)
  region size 1024K, 2 young (2048K), 1 survivors (1024K)
 Metaspace       used 14364K, committed 15680K, reserved 1064960K
  class space    used 1610K, committed 2304K, reserved 1048576K
}
Event: 405.303 GC heap after
{Heap after GC invocations=28 (full 20):
 garbage-first heap   total 137216K, used 72384K [0x0000000082400000, 0x0000000100000000)
  region size 1024K, 0 young (0K), 0 survivors (0K)
 Metaspace       used 14364K, committed 15680K, reserved 1064960K
  class space    used 1610K, committed 2304K, reserved 1048576K
}

Deoptimization events (20 events):
Event: 415.577 Thread 0x000001cdfb8663e0 DEOPT PACKING pc=0x000001cde9eed454 sp=0x000000179e2fef50
Event: 415.649 Thread 0x000001cdfb8663e0 DEOPT UNPACKING pc=0x000001cde22e23a3 sp=0x000000179e2fee20 mode 2
Event: 415.650 Thread 0x000001cdfb8698d0 Uncommon trap: reason=unstable_if action=reinterpret pc=0x000001cde9eed454 method=org.sqlite.core.DB.execute(Lorg/sqlite/core/CoreStatement;[Ljava/lang/Object;)Z @ 117 c2
Event: 415.650 Thread 0x000001cdfb2732b0 Uncommon trap: reason=unstable_if action=reinterpret pc=0x000001cde9eed454 method=org.sqlite.core.DB.execute(Lorg/sqlite/core/CoreStatement;[Ljava/lang/Object;)Z @ 117 c2
Event: 415.650 Thread 0x000001cdfb8698d0 DEOPT PACKING pc=0x000001cde9eed454 sp=0x000000179e4fec50
Event: 415.650 Thread 0x000001cdfb2732b0 DEOPT PACKING pc=0x000001cde9eed454 sp=0x000000179d8fec90
Event: 415.789 Thread 0x000001cdfb865a40 DEOPT UNPACKING pc=0x000001cde22e23a3 sp=0x000000179e0feb00 mode 2
Event: 415.789 Thread 0x000001cdfa1a19a0 DEOPT UNPACKING pc=0x000001cde22e23a3 sp=0x000000179c2fed80 mode 2
Event: 415.789 Thread 0x000001cdfb275930 DEOPT UNPACKING pc=0x000001cde22e23a3 sp=0x000000179ccfefc0 mode 2
Event: 415.789 Thread 0x000001cdfb27a630 DEOPT UNPACKING pc=0x000001cde22e23a3 sp=0x000000179d6fea80 mode 2
Event: 415.789 Thread 0x000001cdfa1a66a0 Uncommon trap: reason=unstable_if action=reinterpret pc=0x000001cde9eed454 method=org.sqlite.core.DB.execute(Lorg/sqlite/core/CoreStatement;[Ljava/lang/Object;)Z @ 117 c2
Event: 415.789 Thread 0x000001cdfa1a66a0 DEOPT PACKING pc=0x000001cde9eed454 sp=0x000000179bbff1e0
Event: 415.789 Thread 0x000001cdfb865f10 Uncommon trap: reason=unstable_if action=reinterpret pc=0x000001cde9eed454 method=org.sqlite.core.DB.execute(Lorg/sqlite/core/CoreStatement;[Ljava/lang/Object;)Z @ 117 c2
Event: 415.789 Thread 0x000001cdfb865f10 DEOPT PACKING pc=0x000001cde9eed454 sp=0x000000179e1fedd0
Event: 415.852 Thread 0x000001cdfb2797c0 DEOPT UNPACKING pc=0x000001cde22e23a3 sp=0x000000179cafee00 mode 2
Event: 415.852 Thread 0x000001cdfb2762d0 DEOPT UNPACKING pc=0x000001cde22e23a3 sp=0x000000179dcfef00 mode 2
Event: 415.852 Thread 0x000001cdfb278950 Uncommon trap: reason=unstable_if action=reinterpret pc=0x000001cde9eed454 method=org.sqlite.core.DB.execute(Lorg/sqlite/core/CoreStatement;[Ljava/lang/Object;)Z @ 117 c2
Event: 415.852 Thread 0x000001cdfb278950 DEOPT PACKING pc=0x000001cde9eed454 sp=0x000000179cefed70
Event: 416.011 Thread 0x000001cd8018fa10 DEOPT UNPACKING pc=0x000001cde22e23a3 sp=0x000000179e6feb00 mode 2
Event: 416.012 Thread 0x000001cdfa26b9a0 DEOPT UNPACKING pc=0x000001cde22e23a3 sp=0x0000001799bff140 mode 2

Classes unloaded (20 events):
Event: 80.852 Thread 0x000001cdf8e9fea0 Unloading class 0x0000000800dcac00 'java/lang/invoke/LambdaForm$MH+0x0000000800dcac00'
Event: 80.852 Thread 0x000001cdf8e9fea0 Unloading class 0x0000000800dca800 'java/lang/invoke/LambdaForm$MH+0x0000000800dca800'
Event: 80.852 Thread 0x000001cdf8e9fea0 Unloading class 0x0000000800dca400 'java/lang/invoke/LambdaForm$MH+0x0000000800dca400'
Event: 80.852 Thread 0x000001cdf8e9fea0 Unloading class 0x0000000800dca000 'java/lang/invoke/LambdaForm$MH+0x0000000800dca000'
Event: 80.852 Thread 0x000001cdf8e9fea0 Unloading class 0x0000000800dc9c00 'java/lang/invoke/LambdaForm$MH+0x0000000800dc9c00'
Event: 80.852 Thread 0x000001cdf8e9fea0 Unloading class 0x0000000800dc9800 'java/lang/invoke/LambdaForm$MH+0x0000000800dc9800'
Event: 80.852 Thread 0x000001cdf8e9fea0 Unloading class 0x0000000800dc9400 'java/lang/invoke/LambdaForm$MH+0x0000000800dc9400'
Event: 80.852 Thread 0x000001cdf8e9fea0 Unloading class 0x0000000800dc9000 'java/lang/invoke/LambdaForm$MH+0x0000000800dc9000'
Event: 80.852 Thread 0x000001cdf8e9fea0 Unloading class 0x0000000800dc8c00 'java/lang/invoke/LambdaForm$MH+0x0000000800dc8c00'
Event: 80.852 Thread 0x000001cdf8e9fea0 Unloading class 0x0000000800dc8800 'java/lang/invoke/LambdaForm$MH+0x0000000800dc8800'
Event: 80.852 Thread 0x000001cdf8e9fea0 Unloading class 0x0000000800d8f400 'java/lang/invoke/LambdaForm$MH+0x0000000800d8f400'
Event: 80.852 Thread 0x000001cdf8e9fea0 Unloading class 0x0000000800d8f000 'java/lang/invoke/LambdaForm$MH+0x0000000800d8f000'
Event: 80.852 Thread 0x000001cdf8e9fea0 Unloading class 0x0000000800d8ec00 'java/lang/invoke/LambdaForm$MH+0x0000000800d8ec00'
Event: 80.852 Thread 0x000001cdf8e9fea0 Unloading class 0x0000000800d8e800 'java/lang/invoke/LambdaForm$MH+0x0000000800d8e800'
Event: 80.852 Thread 0x000001cdf8e9fea0 Unloading class 0x0000000800d8e400 'java/lang/invoke/LambdaForm$MH+0x0000000800d8e400'
Event: 80.852 Thread 0x000001cdf8e9fea0 Unloading class 0x0000000800d8e000 'java/lang/invoke/LambdaForm$MH+0x0000000800d8e000'
Event: 80.852 Thread 0x000001cdf8e9fea0 Unloading class 0x0000000800d8dc00 'java/lang/invoke/LambdaForm$MH+0x0000000800d8dc00'
Event: 80.852 Thread 0x000001cdf8e9fea0 Unloading class 0x0000000800d87800 'java/lang/invoke/LambdaForm$MH+0x0000000800d87800'
Event: 80.852 Thread 0x000001cdf8e9fea0 Unloading class 0x0000000800d86c00 'java/lang/invoke/LambdaForm$MH+0x0000000800d86c00'
Event: 80.852 Thread 0x000001cdf8e9fea0 Unloading class 0x0000000800d86000 'java/lang/invoke/LambdaForm$MH+0x0000000800d86000'

Classes redefined (0 events):
No events

Internal exceptions (20 events):
Event: 57.933 Thread 0x000001cdfa471680 Exception <a 'java/lang/NoSuchMethodError'{0x00000000891cba10}: 'java.lang.Object java.lang.invoke.Invokers$Holder.linkToTargetMethod(java.lang.Object, long, double, java.lang.Object)'> (0x00000000891cba10) 
thrown [t:\workspace\open\src\hotspot\share\interpreter\linkResolver.cpp, line 766]
Event: 57.933 Thread 0x000001cdfa4746a0 Exception <a 'java/lang/NoSuchMethodError'{0x00000000897db978}: 'java.lang.Object java.lang.invoke.Invokers$Holder.linkToTargetMethod(java.lang.Object, long, double, java.lang.Object)'> (0x00000000897db978) 
thrown [t:\workspace\open\src\hotspot\share\interpreter\linkResolver.cpp, line 766]
Event: 57.933 Thread 0x000001cdfa53cf50 Exception <a 'java/lang/NoSuchMethodError'{0x00000000890898f0}: 'java.lang.Object java.lang.invoke.Invokers$Holder.linkToTargetMethod(java.lang.Object, long, double, java.lang.Object)'> (0x00000000890898f0) 
thrown [t:\workspace\open\src\hotspot\share\interpreter\linkResolver.cpp, line 766]
Event: 57.934 Thread 0x000001cdfa1a1000 Exception <a 'java/lang/NoSuchMethodError'{0x00000000890051d8}: 'java.lang.Object java.lang.invoke.Invokers$Holder.linkToTargetMethod(java.lang.Object, long, double, java.lang.Object)'> (0x00000000890051d8) 
thrown [t:\workspace\open\src\hotspot\share\interpreter\linkResolver.cpp, line 766]
Event: 57.934 Thread 0x000001cdfa53e290 Exception <a 'java/lang/NoSuchMethodError'{0x00000000896cbd30}: 'java.lang.Object java.lang.invoke.Invokers$Holder.linkToTargetMethod(java.lang.Object, long, double, java.lang.Object)'> (0x00000000896cbd30) 
thrown [t:\workspace\open\src\hotspot\share\interpreter\linkResolver.cpp, line 766]
Event: 57.935 Thread 0x000001cdfa53ca80 Exception <a 'java/lang/NoSuchMethodError'{0x0000000089675b68}: 'java.lang.Object java.lang.invoke.Invokers$Holder.linkToTargetMethod(java.lang.Object, long, double, java.lang.Object)'> (0x0000000089675b68) 
thrown [t:\workspace\open\src\hotspot\share\interpreter\linkResolver.cpp, line 766]
Event: 57.935 Thread 0x000001cdfa539f30 Exception <a 'java/lang/NoSuchMethodError'{0x000000008963e1c0}: 'java.lang.Object java.lang.invoke.Invokers$Holder.linkToTargetMethod(java.lang.Object, long, double, java.lang.Object)'> (0x000000008963e1c0) 
thrown [t:\workspace\open\src\hotspot\share\interpreter\linkResolver.cpp, line 766]
Event: 57.935 Thread 0x000001cdfa53d420 Exception <a 'java/lang/NoSuchMethodError'{0x000000008902e7a8}: 'java.lang.Object java.lang.invoke.Invokers$Holder.linkToTargetMethod(java.lang.Object, long, double, java.lang.Object)'> (0x000000008902e7a8) 
thrown [t:\workspace\open\src\hotspot\share\interpreter\linkResolver.cpp, line 766]
Event: 57.935 Thread 0x000001cdfa4741d0 Exception <a 'java/lang/NoSuchMethodError'{0x000000008a025aa0}: 'java.lang.Object java.lang.invoke.Invokers$Holder.linkToTargetMethod(java.lang.Object, long, double, java.lang.Object)'> (0x000000008a025aa0) 
thrown [t:\workspace\open\src\hotspot\share\interpreter\linkResolver.cpp, line 766]
Event: 57.936 Thread 0x000001cdfa4724f0 Exception <a 'java/lang/NoSuchMethodError'{0x000000008a1babe0}: 'java.lang.Object java.lang.invoke.Invokers$Holder.linkToTargetMethod(java.lang.Object, long, double, java.lang.Object)'> (0x000000008a1babe0) 
thrown [t:\workspace\open\src\hotspot\share\interpreter\linkResolver.cpp, line 766]
Event: 57.936 Thread 0x000001cdfa4729c0 Exception <a 'java/lang/NoSuchMethodError'{0x00000000898953f0}: 'java.lang.Object java.lang.invoke.Invokers$Holder.linkToTargetMethod(java.lang.Object, long, double, java.lang.Object)'> (0x00000000898953f0) 
thrown [t:\workspace\open\src\hotspot\share\interpreter\linkResolver.cpp, line 766]
Event: 57.937 Thread 0x000001cdfa4711b0 Exception <a 'java/lang/NoSuchMethodError'{0x00000000897b1020}: 'java.lang.Object java.lang.invoke.Invokers$Holder.linkToTargetMethod(java.lang.Object, long, double, java.lang.Object)'> (0x00000000897b1020) 
thrown [t:\workspace\open\src\hotspot\share\interpreter\linkResolver.cpp, line 766]
Event: 57.937 Thread 0x000001cdfa473360 Exception <a 'java/lang/NoSuchMethodError'{0x000000008975ae40}: 'java.lang.Object java.lang.invoke.Invokers$Holder.linkToTargetMethod(java.lang.Object, long, double, java.lang.Object)'> (0x000000008975ae40) 
thrown [t:\workspace\open\src\hotspot\share\interpreter\linkResolver.cpp, line 766]
Event: 57.937 Thread 0x000001cdfa1a0190 Exception <a 'java/lang/NoSuchMethodError'{0x00000000890b2078}: 'java.lang.Object java.lang.invoke.Invokers$Holder.linkToTargetMethod(java.lang.Object, long, double, java.lang.Object)'> (0x00000000890b2078) 
thrown [t:\workspace\open\src\hotspot\share\interpreter\linkResolver.cpp, line 766]
Event: 57.937 Thread 0x000001cdfa472e90 Exception <a 'java/lang/NoSuchMethodError'{0x0000000089223bc0}: 'java.lang.Object java.lang.invoke.Invokers$Holder.linkToTargetMethod(java.lang.Object, long, double, java.lang.Object)'> (0x0000000089223bc0) 
thrown [t:\workspace\open\src\hotspot\share\interpreter\linkResolver.cpp, line 766]
Event: 57.938 Thread 0x000001cdfa473830 Exception <a 'java/lang/NoSuchMethodError'{0x000000008972fdf8}: 'java.lang.Object java.lang.invoke.Invokers$Holder.linkToTargetMethod(java.lang.Object, long, double, java.lang.Object)'> (0x000000008972fdf8) 
thrown [t:\workspace\open\src\hotspot\share\interpreter\linkResolver.cpp, line 766]
Event: 57.938 Thread 0x000001cdfa471b50 Exception <a 'java/lang/NoSuchMethodError'{0x0000000089785e88}: 'java.lang.Object java.lang.invoke.Invokers$Holder.linkToTargetMethod(java.lang.Object, long, double, java.lang.Object)'> (0x0000000089785e88) 
thrown [t:\workspace\open\src\hotspot\share\interpreter\linkResolver.cpp, line 766]
Event: 57.938 Thread 0x000001cdfa473d00 Exception <a 'java/lang/NoSuchMethodError'{0x00000000898eb480}: 'java.lang.Object java.lang.invoke.Invokers$Holder.linkToTargetMethod(java.lang.Object, long, double, java.lang.Object)'> (0x00000000898eb480) 
thrown [t:\workspace\open\src\hotspot\share\interpreter\linkResolver.cpp, line 766]
Event: 58.032 Thread 0x000001cdfbac96f0 Exception <a 'java/lang/InterruptedException'{0x0000000088e8abf0}: sleep interrupted> (0x0000000088e8abf0) 
thrown [t:\workspace\open\src\hotspot\share\prims\jvm.cpp, line 3041]
Event: 252.792 Thread 0x000001cdfa472020 Implicit null exception at 0x000001cde9ed5740 to 0x000001cde9edaab0

VM Operations (20 events):
Event: 352.504 Executing VM operation: Cleanup
Event: 352.645 Executing VM operation: Cleanup done
Event: 361.120 Executing VM operation: G1CollectFull
Event: 366.052 Executing VM operation: G1CollectFull done
Event: 377.145 Executing VM operation: Cleanup
Event: 377.145 Executing VM operation: Cleanup done
Event: 380.723 Executing VM operation: G1CollectFull
Event: 380.971 Executing VM operation: G1CollectFull done
Event: 382.973 Executing VM operation: Cleanup
Event: 383.098 Executing VM operation: Cleanup done
Event: 385.113 Executing VM operation: Cleanup
Event: 385.270 Executing VM operation: Cleanup done
Event: 387.286 Executing VM operation: Cleanup
Event: 387.287 Executing VM operation: Cleanup done
Event: 389.301 Executing VM operation: Cleanup
Event: 389.303 Executing VM operation: Cleanup done
Event: 397.424 Executing VM operation: G1CollectForAllocation
Event: 401.680 Executing VM operation: G1CollectForAllocation done
Event: 401.867 Executing VM operation: G1CollectFull
Event: 405.369 Executing VM operation: G1CollectFull done

Events (20 events):
Event: 64.382 Thread 0x000001cdfa53d420 Thread exited: 0x000001cdfa53d420
Event: 64.382 Thread 0x000001cdfa53b740 Thread exited: 0x000001cdfa53b740
Event: 64.384 Thread 0x000001cdfa53ddc0 Thread exited: 0x000001cdfa53ddc0
Event: 64.384 Thread 0x000001cdfa1a4e90 Thread exited: 0x000001cdfa1a4e90
Event: 64.384 Thread 0x000001cdfa4746a0 Thread exited: 0x000001cdfa4746a0
Event: 64.384 Thread 0x000001cdfa1a0190 Thread exited: 0x000001cdfa1a0190
Event: 64.384 Thread 0x000001cdfa26e9c0 Thread exited: 0x000001cdfa26e9c0
Event: 64.384 Thread 0x000001cdfa53f100 Thread exited: 0x000001cdfa53f100
Event: 64.384 Thread 0x000001cdfa539a60 Thread exited: 0x000001cdfa539a60
Event: 64.384 Thread 0x000001cdfa26e020 Thread exited: 0x000001cdfa26e020
Event: 64.385 Thread 0x000001cdfa53e760 Thread exited: 0x000001cdfa53e760
Event: 64.385 Thread 0x000001cdfb274ac0 Thread exited: 0x000001cdfb274ac0
Event: 64.385 Thread 0x000001cdfa470ce0 Thread exited: 0x000001cdfa470ce0
Event: 64.386 Thread 0x000001cdfa473830 Thread exited: 0x000001cdfa473830
Event: 64.389 Thread 0x000001cdfa540910 Thread exited: 0x000001cdfa540910
Event: 65.509 Thread 0x000001cdfbacc6a0 Thread exited: 0x000001cdfbacc6a0
Event: 87.667 loading class jdk/internal/access/foreign/MemorySegmentProxy
Event: 87.669 loading class jdk/internal/access/foreign/MemorySegmentProxy done
Event: 266.635 Thread 0x000001cdfbfe1930 Thread added: 0x000001cdfbfe1930
Event: 271.128 Thread 0x000001cdfbfe1930 Thread exited: 0x000001cdfbfe1930


Dynamic libraries:
0x00007ff7bd450000 - 0x00007ff7bd460000 	C:\Program Files\Java\jdk-17.0.1\bin\java.exe
0x00007ffa4d4a0000 - 0x00007ffa4d6a9000 	C:\WINDOWS\SYSTEM32\ntdll.dll
0x00007ffa4c190000 - 0x00007ffa4c24d000 	C:\WINDOWS\System32\KERNEL32.DLL
0x00007ffa4ab70000 - 0x00007ffa4aee4000 	C:\WINDOWS\System32\KERNELBASE.dll
0x00007ffa4b220000 - 0x00007ffa4b331000 	C:\WINDOWS\System32\ucrtbase.dll
0x00007ffa46d00000 - 0x00007ffa46d18000 	C:\Program Files\Java\jdk-17.0.1\bin\jli.dll
0x00007ffa46ce0000 - 0x00007ffa46cfa000 	C:\Program Files\Java\jdk-17.0.1\bin\VCRUNTIME140.dll
0x00007ffa4c5d0000 - 0x00007ffa4c67e000 	C:\WINDOWS\System32\ADVAPI32.dll
0x00007ffa4ce60000 - 0x00007ffa4cf03000 	C:\WINDOWS\System32\msvcrt.dll
0x00007ffa4b8a0000 - 0x00007ffa4b93e000 	C:\WINDOWS\System32\sechost.dll
0x00007ffa4bc50000 - 0x00007ffa4bd70000 	C:\WINDOWS\System32\RPCRT4.dll
0x00007ffa4c250000 - 0x00007ffa4c3fc000 	C:\WINDOWS\System32\USER32.dll
0x00007ffa33180000 - 0x00007ffa33425000 	C:\WINDOWS\WinSxS\amd64_microsoft.windows.common-controls_6595b64144ccf1df_6.0.22000.120_none_9d947278b86cc467\COMCTL32.dll
0x00007ffa4af90000 - 0x00007ffa4afb6000 	C:\WINDOWS\System32\win32u.dll
0x00007ffa4ce30000 - 0x00007ffa4ce59000 	C:\WINDOWS\System32\GDI32.dll
0x00007ffa4afc0000 - 0x00007ffa4b0d2000 	C:\WINDOWS\System32\gdi32full.dll
0x00007ffa4aef0000 - 0x00007ffa4af8d000 	C:\WINDOWS\System32\msvcp_win.dll
0x00007ffa43d90000 - 0x00007ffa43d9a000 	C:\WINDOWS\SYSTEM32\VERSION.dll
0x00007ffa4d420000 - 0x00007ffa4d451000 	C:\WINDOWS\System32\IMM32.DLL
0x00007ffa46cd0000 - 0x00007ffa46cdc000 	C:\Program Files\Java\jdk-17.0.1\bin\vcruntime140_1.dll
0x00007ffa46c40000 - 0x00007ffa46ccd000 	C:\Program Files\Java\jdk-17.0.1\bin\msvcp140.dll
0x00007ffa04100000 - 0x00007ffa04cbe000 	C:\Program Files\Java\jdk-17.0.1\bin\server\jvm.dll
0x00007ffa4c5c0000 - 0x00007ffa4c5c8000 	C:\WINDOWS\System32\PSAPI.DLL
0x00007ffa45c10000 - 0x00007ffa45c19000 	C:\WINDOWS\SYSTEM32\WSOCK32.dll
0x00007ffa450f0000 - 0x00007ffa45123000 	C:\WINDOWS\SYSTEM32\WINMM.dll
0x00007ffa4bbe0000 - 0x00007ffa4bc4f000 	C:\WINDOWS\System32\WS2_32.dll
0x00007ffa49b40000 - 0x00007ffa49b58000 	C:\WINDOWS\SYSTEM32\kernel.appcore.dll
0x00007ffa46c30000 - 0x00007ffa46c3a000 	C:\Program Files\Java\jdk-17.0.1\bin\jimage.dll
0x00007ffa48460000 - 0x00007ffa48681000 	C:\WINDOWS\SYSTEM32\DBGHELP.DLL
0x00007ffa2ef60000 - 0x00007ffa2ef91000 	C:\WINDOWS\SYSTEM32\dbgcore.DLL
0x00007ffa4b0e0000 - 0x00007ffa4b15f000 	C:\WINDOWS\System32\bcryptPrimitives.dll
0x00007ffa3a130000 - 0x00007ffa3a16b000 	C:\Program Files\Java\jdk-17.0.1\bin\jdwp.dll
0x00007ffa3a120000 - 0x00007ffa3a12e000 	C:\Program Files\Java\jdk-17.0.1\bin\instrument.dll
0x00007ffa46c00000 - 0x00007ffa46c25000 	C:\Program Files\Java\jdk-17.0.1\bin\java.dll
0x00007ffa42370000 - 0x00007ffa42388000 	C:\Program Files\Java\jdk-17.0.1\bin\zip.dll
0x00007ffa451c0000 - 0x00007ffa45296000 	C:\Program Files\Java\jdk-17.0.1\bin\svml.dll
0x00007ffa4c680000 - 0x00007ffa4ce2f000 	C:\WINDOWS\System32\SHELL32.dll
0x00007ffa48a80000 - 0x00007ffa492e8000 	C:\WINDOWS\SYSTEM32\windows.storage.dll
0x00007ffa4be00000 - 0x00007ffa4c178000 	C:\WINDOWS\System32\combase.dll
0x00007ffa48910000 - 0x00007ffa48a76000 	C:\WINDOWS\SYSTEM32\wintypes.dll
0x00007ffa4baf0000 - 0x00007ffa4bbda000 	C:\WINDOWS\System32\SHCORE.dll
0x00007ffa4b940000 - 0x00007ffa4b99d000 	C:\WINDOWS\System32\shlwapi.dll
0x00007ffa4a8c0000 - 0x00007ffa4a8e1000 	C:\WINDOWS\SYSTEM32\profapi.dll
0x00007ffa39fd0000 - 0x00007ffa39fdc000 	C:\Program Files\Java\jdk-17.0.1\bin\dt_socket.dll
0x00007ffa49630000 - 0x00007ffa4965d000 	C:\WINDOWS\SYSTEM32\IPHLPAPI.DLL
0x00007ffa49f90000 - 0x00007ffa49ff7000 	C:\WINDOWS\system32\mswsock.dll
0x00007ffa465d0000 - 0x00007ffa465e9000 	C:\Program Files\Java\jdk-17.0.1\bin\net.dll
0x00007ffa442e0000 - 0x00007ffa443ec000 	C:\WINDOWS\SYSTEM32\WINHTTP.dll
0x00007ffa45140000 - 0x00007ffa45155000 	C:\Program Files\Java\jdk-17.0.1\bin\nio.dll
0x00007ffa03f70000 - 0x00007ffa040ff000 	C:\Program Files\Java\jdk-17.0.1\bin\awt.dll
0x00007ffa4d270000 - 0x00007ffa4d346000 	C:\WINDOWS\System32\OLEAUT32.dll
0x00007ffa47b30000 - 0x00007ffa47bc1000 	C:\WINDOWS\SYSTEM32\apphelp.dll
0x00007ffa47ca0000 - 0x00007ffa47d4c000 	C:\WINDOWS\system32\uxtheme.dll
0x00007ffa4c480000 - 0x00007ffa4c59e000 	C:\WINDOWS\System32\MSCTF.dll
0x00007ffa4d0d0000 - 0x00007ffa4d26a000 	C:\WINDOWS\System32\ole32.dll
0x00007ffa47f60000 - 0x00007ffa47f8f000 	C:\WINDOWS\system32\DWMAPI.DLL
0x00007ffa1a140000 - 0x00007ffa1a241000 	C:\WINDOWS\system32\opengl32.dll
0x00007ffa1daa0000 - 0x00007ffa1dacd000 	C:\WINDOWS\SYSTEM32\GLU32.dll
0x00007ffa47dc0000 - 0x00007ffa47df8000 	C:\WINDOWS\SYSTEM32\dxcore.dll
0x00007ffa39a10000 - 0x00007ffa39a3d000 	C:\Program Files\Java\jdk-17.0.1\bin\javajpeg.dll
0x00007ffa4a200000 - 0x00007ffa4a218000 	C:\WINDOWS\SYSTEM32\CRYPTSP.dll
0x00007ffa49aa0000 - 0x00007ffa49ad5000 	C:\WINDOWS\system32\rsaenh.dll
0x00007ffa4a0a0000 - 0x00007ffa4a0c9000 	C:\WINDOWS\SYSTEM32\USERENV.dll
0x00007ffa4a370000 - 0x00007ffa4a397000 	C:\WINDOWS\SYSTEM32\bcrypt.dll
0x00007ffa4a1f0000 - 0x00007ffa4a1fc000 	C:\WINDOWS\SYSTEM32\CRYPTBASE.dll
0x00007ffa4c180000 - 0x00007ffa4c189000 	C:\WINDOWS\System32\NSI.dll
0x00007ffa43f70000 - 0x00007ffa43f89000 	C:\WINDOWS\SYSTEM32\dhcpcsvc6.DLL
0x00007ffa44980000 - 0x00007ffa4499e000 	C:\WINDOWS\SYSTEM32\dhcpcsvc.DLL
0x00007ffa496a0000 - 0x00007ffa49788000 	C:\WINDOWS\SYSTEM32\DNSAPI.dll
0x00007ffa14e60000 - 0x00007ffa14ee9000 	C:\Program Files\Java\jdk-17.0.1\bin\freetype.dll
0x00007ffa14a90000 - 0x00007ffa14b38000 	C:\Program Files\Java\jdk-17.0.1\bin\fontmanager.dll
0x00007ffa34e60000 - 0x00007ffa34f8d000 	C:\WINDOWS\SYSTEM32\textinputframework.dll
0x00007ffa356f0000 - 0x00007ffa358c5000 	C:\WINDOWS\SYSTEM32\AudioSes.DLL
0x00007ffa39140000 - 0x00007ffa39169000 	C:\WINDOWS\SYSTEM32\winmmbase.dll
0x00007ffa3a890000 - 0x00007ffa3a92c000 	C:\WINDOWS\SYSTEM32\MMDevAPI.DLL
0x00007ffa46f20000 - 0x00007ffa46f66000 	C:\WINDOWS\SYSTEM32\wdmaud.drv
0x00007ffa45870000 - 0x00007ffa45879000 	C:\WINDOWS\SYSTEM32\ksuser.dll
0x00007ffa45380000 - 0x00007ffa4538b000 	C:\WINDOWS\SYSTEM32\AVRT.dll
0x00007ffa4d350000 - 0x00007ffa4d3ff000 	C:\WINDOWS\System32\clbcatq.dll
0x00007ffa4a6b0000 - 0x00007ffa4a6dc000 	C:\WINDOWS\SYSTEM32\DEVOBJ.dll
0x00007ffa4a660000 - 0x00007ffa4a6ac000 	C:\WINDOWS\SYSTEM32\cfgmgr32.dll
0x00007ffa42610000 - 0x00007ffa427be000 	C:\WINDOWS\SYSTEM32\WindowsCodecs.dll
0x00007ffa1f6f0000 - 0x00007ffa1f74d000 	C:\WINDOWS\system32\dataexchange.dll
0x00007ffa41790000 - 0x00007ffa419f6000 	C:\WINDOWS\system32\twinapi.appcore.dll
0x00007ffa45860000 - 0x00007ffa4586d000 	C:\WINDOWS\SYSTEM32\msacm32.drv
0x00007ffa44190000 - 0x00007ffa441ae000 	C:\WINDOWS\SYSTEM32\MSACM32.dll
0x00007ffa44180000 - 0x00007ffa4418b000 	C:\WINDOWS\SYSTEM32\midimap.dll
0x00007ffa49440000 - 0x00007ffa4948d000 	C:\WINDOWS\SYSTEM32\powrprof.dll
0x00007ffa493f0000 - 0x00007ffa49403000 	C:\WINDOWS\SYSTEM32\UMPDC.dll
0x0000000067740000 - 0x0000000067818000 	C:\Users\jml04\AppData\Local\Temp\sqlite-3.34.0-9c492c0a-4b91-4479-99f0-f224ca9e8836-sqlitejdbc.dll
0x00007ffa479b0000 - 0x00007ffa47ae2000 	C:\WINDOWS\SYSTEM32\CoreMessaging.dll
0x00007ffa43740000 - 0x00007ffa43aad000 	C:\WINDOWS\SYSTEM32\CoreUIComponents.dll

dbghelp: loaded successfully - version: 4.0.5 - missing functions: none
symbol engine: initialized successfully - sym options: 0x614 - pdb path: .;C:\Program Files\Java\jdk-17.0.1\bin;C:\WINDOWS\SYSTEM32;C:\WINDOWS\WinSxS\amd64_microsoft.windows.common-controls_6595b64144ccf1df_6.0.22000.120_none_9d947278b86cc467;C:\Program Files\Java\jdk-17.0.1\bin\server;C:\Users\jml04\AppData\Local\Temp

VM Arguments:
jvm_args: -agentlib:jdwp=transport=dt_socket,address=127.0.0.1:50558,suspend=y,server=n -javaagent:C:\Users\jml04\AppData\Local\JetBrains\IdeaIC2021.3\captureAgent\debugger-agent.jar -Dfile.encoding=UTF-8 
java_command: planespotter.Main
java_class_path (initial): C:\Users\jml04\Documents\code\java\PlaneSpotterNeu\out\production\PlaneSpotterNeu;C:\Users\jml04\Documents\code\java\PlaneSpotterNeu\src\libs\mysql-connector-java-8.0.28.jar;C:\Users\jml04\Documents\code\java\PlaneSpotterNeu\src\libs\gson-2.8.6.jar;C:\Users\jml04\Documents\code\java\PlaneSpotterNeu\src\libs\JMapViewer.jar;C:\Users\jml04\Documents\code\java\PlaneSpotterNeu\src\libs\sqlite-jdbc-3.34.0.jar;C:\Users\jml04\.m2\repository\junit\junit\4.13.1\junit-4.13.1.jar;C:\Users\jml04\.m2\repository\org\hamcrest\hamcrest-core\1.3\hamcrest-core-1.3.jar;C:\Users\jml04\.m2\repository\org\junit\jupiter\junit-jupiter\5.7.0\junit-jupiter-5.7.0.jar;C:\Users\jml04\.m2\repository\org\junit\jupiter\junit-jupiter-api\5.7.0\junit-jupiter-api-5.7.0.jar;C:\Users\jml04\.m2\repository\org\apiguardian\apiguardian-api\1.1.0\apiguardian-api-1.1.0.jar;C:\Users\jml04\.m2\repository\org\opentest4j\opentest4j\1.2.0\opentest4j-1.2.0.jar;C:\Users\jml04\.m2\repository\org\junit\platform\junit-platform-commons\1.7.0\junit-platform-commons-1.7.0.jar;C:\Users\jml04\.m2\repository\org\junit\jupiter\junit-jupiter-params\5.7.0\junit-jupiter-params-5.7.0.jar;C:\Users\jml04\.m2\repository\org\junit\jupiter\junit-jupiter-engine\5.7.0\junit-jupiter-engine-5.7.0.jar;C:\Users\jml04\.m2\repository\org\junit\platform\junit-platform-engine\1.7.0\junit-platform-engine-1.7.0.jar;C:\Users\jml04\Documents\code\java\PlaneSpotterNeu\src\libs\annotations-20.1.0.jar;C:\Program Files\JetBrains\IntelliJ IDEA Community Edition 2021.3\lib\idea_rt.jar
Launcher Type: SUN_STANDARD

[Global flags]
     intx CICompilerCount                          = 4                                         {product} {ergonomic}
     uint ConcGCThreads                            = 3                                         {product} {ergonomic}
     uint G1ConcRefinementThreads                  = 10                                        {product} {ergonomic}
   size_t G1HeapRegionSize                         = 1048576                                   {product} {ergonomic}
    uintx GCDrainStackTargetSize                   = 64                                        {product} {ergonomic}
   size_t InitialHeapSize                          = 132120576                                 {product} {ergonomic}
   size_t MarkStackSize                            = 4194304                                   {product} {ergonomic}
   size_t MaxHeapSize                              = 2109734912                                {product} {ergonomic}
   size_t MaxNewSize                               = 1265631232                                {product} {ergonomic}
   size_t MinHeapDeltaBytes                        = 1048576                                   {product} {ergonomic}
   size_t MinHeapSize                              = 8388608                                   {product} {ergonomic}
    uintx NonNMethodCodeHeapSize                   = 5839372                                {pd product} {ergonomic}
    uintx NonProfiledCodeHeapSize                  = 122909434                              {pd product} {ergonomic}
    uintx ProfiledCodeHeapSize                     = 122909434                              {pd product} {ergonomic}
    uintx ReservedCodeCacheSize                    = 251658240                              {pd product} {ergonomic}
     bool SegmentedCodeCache                       = true                                      {product} {ergonomic}
   size_t SoftMaxHeapSize                          = 2109734912                             {manageable} {ergonomic}
     bool UseCompressedClassPointers               = true                           {product lp64_product} {ergonomic}
     bool UseCompressedOops                        = true                           {product lp64_product} {ergonomic}
     bool UseG1GC                                  = true                                      {product} {ergonomic}
     bool UseLargePagesIndividualAllocation        = false                                  {pd product} {ergonomic}

Logging:
Log output configuration:
 #0: stdout all=warning uptime,level,tags
 #1: stderr all=off uptime,level,tags

Environment Variables:
PATH=C:\Program Files\Common Files\Oracle\Java\javapath;C:\Program Files\Java\jdk-17.0.1;C:\Program Files (x86)\Common Files\Oracle\Java\javapath;C:\Windows\system32;C:\Windows;C:\Windows\System32\Wbem;C:\Windows\System32\WindowsPowerShell\v1.0\;C:\Windows\System32\OpenSSH\;C:\Program Files (x86)\NVIDIA Corporation\PhysX\Common;C:\Program Files\NVIDIA Corporation\NVIDIA NvDLISR;C:\WINDOWS\system32;C:\WINDOWS;C:\WINDOWS\System32\Wbem;C:\WINDOWS\System32\WindowsPowerShell\v1.0\;C:\WINDOWS\System32\OpenSSH\;C:\Program Files\WireGuard\;C:\Program Files\Git\cmd;C:\Users\jml04\AppData\Local\Microsoft\WindowsApps;;C:\Users\jml04\AppData\Local\Programs\Microsoft VS Code\bin;C:\Program Files\JetBrains\PyCharm Community Edition 2021.3.3\bin;
USERNAME=jml04
OS=Windows_NT
PROCESSOR_IDENTIFIER=Intel64 Family 6 Model 158 Stepping 10, GenuineIntel



---------------  S Y S T E M  ---------------

OS:
 Windows 10 , 64 bit Build 22000 (10.0.22000.613)
OS uptime: 0 days 2:43 hours
Hyper-V role detected

CPU: total 12 (initial active 12) (6 cores per cpu, 2 threads per core) family 6 model 158 stepping 10 microcode 0xde, cx8, cmov, fxsr, ht, mmx, 3dnowpref, sse, sse2, sse3, ssse3, sse4.1, sse4.2, popcnt, lzcnt, tsc, tscinvbit, avx, avx2, aes, erms, clmul, bmi1, bmi2, adx, fma, vzeroupper, clflush, clflushopt, hv

Memory: 4k page, system-wide physical 8043M (993M free)
TotalPageFile size 32619M (AvailPageFile size 0M)
current process WorkingSet (physical memory assigned to process): 697M, peak: 3733M
current process commit charge ("private bytes"): 24398M, peak: 24398M

vm_info: Java HotSpot(TM) 64-Bit Server VM (17.0.1+12-LTS-39) for windows-amd64 JRE (17.0.1+12-LTS-39), built on Sep 27 2021 18:41:35 by "mach5one" with MS VC++ 16.8 (VS2019)

END.
