#
# There is insufficient memory for the Java Runtime Environment to continue.
# Native memory allocation (malloc) failed to allocate 1048576 bytes for AllocateHeap
# Possible reasons:
#   The system is out of physical RAM or swap space
#   The process is running with CompressedOops enabled, and the Java Heap may be blocking the growth of the native heap
# Possible solutions:
#   Reduce memory load on the system
#   Increase physical memory or swap space
#   Check if swap backing store is full
#   Decrease Java heap size (-Xmx/-Xms)
#   Decrease number of Java threads
#   Decrease Java thread stack sizes (-Xss)
#   Set larger code cache with -XX:ReservedCodeCacheSize=
#   JVM is running with Unscaled Compressed Oops mode in which the Java heap is
#     placed in the first 4GB address space. The Java Heap base address is the
#     maximum limit for the native heap growth. Please use -XX:HeapBaseMinAddress
#     to set the Java Heap base and to place the Java Heap above 4GB virtual address.
# This output file may be truncated or incomplete.
#
#  Out of Memory Error (allocation.cpp:44), pid=5296, tid=13624
#
# JRE version: Java(TM) SE Runtime Environment (17.0.1+12) (build 17.0.1+12-LTS-39)
# Java VM: Java HotSpot(TM) 64-Bit Server VM (17.0.1+12-LTS-39, mixed mode, sharing, tiered, compressed oops, compressed class ptrs, g1 gc, windows-amd64)
# No core dump will be written. Minidumps are not enabled by default on client versions of Windows
#

---------------  S U M M A R Y ------------

Command Line: -javaagent:C:\Program Files\JetBrains\IntelliJ IDEA Community Edition 2021.3\lib\idea_rt.jar=51520:C:\Program Files\JetBrains\IntelliJ IDEA Community Edition 2021.3\bin -Dfile.encoding=UTF-8 planespotter.Main

Host: Intel(R) Core(TM) i7-9750H CPU @ 2.60GHz, 12 cores, 7G,  Windows 10 , 64 bit Build 22000 (10.0.22000.675)
Time: Sat Jun 11 22:52:33 2022 Mitteleuropäische Sommerzeit elapsed time: 1091.778295 seconds (0d 0h 18m 11s)

---------------  T H R E A D  ---------------

Current thread (0x000001b2df5cf120):  VMThread "VM Thread" [stack: 0x0000001b89400000,0x0000001b89500000] [id=13624]

Stack: [0x0000001b89400000,0x0000001b89500000]
Native frames: (J=compiled Java code, j=interpreted, Vv=VM code, C=native code)
V  [jvm.dll+0x66fa1a]
V  [jvm.dll+0x7ce5a4]
V  [jvm.dll+0x7cfd4e]
V  [jvm.dll+0x7d03b3]
V  [jvm.dll+0x242b05]
V  [jvm.dll+0xa4673]
V  [jvm.dll+0x2f1b63]
V  [jvm.dll+0x2eda40]
V  [jvm.dll+0x2d6247]
V  [jvm.dll+0x318da7]
V  [jvm.dll+0x7d484b]
V  [jvm.dll+0x7d5584]
V  [jvm.dll+0x7d5a9c]
V  [jvm.dll+0x7d5e74]
V  [jvm.dll+0x7d5f40]
V  [jvm.dll+0x77e91a]
V  [jvm.dll+0x66e845]
C  [ucrtbase.dll+0x26c0c]
C  [KERNEL32.DLL+0x154e0]
C  [ntdll.dll+0x485b]

VM_Operation (0x0000001b8b9feae0): G1CollectFull, mode: safepoint, requested by thread 0x000001b2e0d43ac0


---------------  P R O C E S S  ---------------

Threads class SMR info:
_java_thread_list=0x000001b2e0c99500, length=39, elements={
0x000001b2df5d3d20, 0x000001b2df5d4b90, 0x000001b2df5e7c80, 0x000001b2df5e8830,
0x000001b2df5eb1f0, 0x000001b2df5ebba0, 0x000001b2df5f1150, 0x000001b2df5fcb30,
0x000001b2df5fd430, 0x000001b2e007d2c0, 0x000001b2e023aac0, 0x000001b2e023af90,
0x000001b2e03b21f0, 0x000001b2e03d9ad0, 0x000001b2e03deef0, 0x000001b2e18b9930,
0x000001b2e0d44460, 0x000001b2e0d44e00, 0x000001b2e0d43ac0, 0x000001b2e0d457a0,
0x000001b2e1835a00, 0x000001b2e1835530, 0x000001b2e1836d40, 0x000001b2e18363a0,
0x000001b2e1837210, 0x000001b2e1835060, 0x000001b2e1835ed0, 0x000001b2e1838550,
0x000001b2e1838a20, 0x000001b2e0d46140, 0x000001b2e0d435f0, 0x000001b2e3b5c120,
0x000001b2e3b5ade0, 0x000001b2e3b58c30, 0x000001b2e3b59100, 0x000001b2e3b59f70,
0x000001b2e3608f60, 0x000001b2e0c9e090, 0x000001b2e242e670
}

Java Threads: ( => current thread )
  0x000001b2df5d3d20 JavaThread "Reference Handler" daemon [_thread_blocked, id=10980, stack(0x0000001b89500000,0x0000001b89600000)]
  0x000001b2df5d4b90 JavaThread "Finalizer" daemon [_thread_blocked, id=1772, stack(0x0000001b89600000,0x0000001b89700000)]
  0x000001b2df5e7c80 JavaThread "Signal Dispatcher" daemon [_thread_blocked, id=2796, stack(0x0000001b89700000,0x0000001b89800000)]
  0x000001b2df5e8830 JavaThread "Attach Listener" daemon [_thread_blocked, id=15652, stack(0x0000001b89800000,0x0000001b89900000)]
  0x000001b2df5eb1f0 JavaThread "Service Thread" daemon [_thread_blocked, id=3248, stack(0x0000001b89900000,0x0000001b89a00000)]
  0x000001b2df5ebba0 JavaThread "Monitor Deflation Thread" daemon [_thread_blocked, id=18340, stack(0x0000001b89a00000,0x0000001b89b00000)]
  0x000001b2df5f1150 JavaThread "C2 CompilerThread0" daemon [_thread_blocked, id=8772, stack(0x0000001b89b00000,0x0000001b89c00000)]
  0x000001b2df5fcb30 JavaThread "C1 CompilerThread0" daemon [_thread_blocked, id=8480, stack(0x0000001b89c00000,0x0000001b89d00000)]
  0x000001b2df5fd430 JavaThread "Sweeper thread" daemon [_thread_blocked, id=12964, stack(0x0000001b89d00000,0x0000001b89e00000)]
  0x000001b2e007d2c0 JavaThread "Common-Cleaner" daemon [_thread_blocked, id=7400, stack(0x0000001b89e00000,0x0000001b89f00000)]
  0x000001b2e023aac0 JavaThread "Monitor Ctrl-Break" daemon [_thread_in_native, id=17260, stack(0x0000001b89f00000,0x0000001b8a000000)]
  0x000001b2e023af90 JavaThread "Notification Thread" daemon [_thread_blocked, id=3664, stack(0x0000001b8a000000,0x0000001b8a100000)]
  0x000001b2e03b21f0 JavaThread "Java2D Disposer" daemon [_thread_blocked, id=6380, stack(0x0000001b8a200000,0x0000001b8a300000)]
  0x000001b2e03d9ad0 JavaThread "AWT-Shutdown" [_thread_blocked, id=3740, stack(0x0000001b8a300000,0x0000001b8a400000)]
  0x000001b2e03deef0 JavaThread "AWT-Windows" daemon [_thread_in_native, id=16968, stack(0x0000001b8a400000,0x0000001b8a500000)]
  0x000001b2e18b9930 JavaThread "AWT-EventQueue-0" [_thread_blocked, id=5000, stack(0x0000001b8ae00000,0x0000001b8af00000)]
  0x000001b2e0d44460 JavaThread "TimerQueue" daemon [_thread_blocked, id=12312, stack(0x0000001b8b600000,0x0000001b8b700000)]
  0x000001b2e0d44e00 JavaThread "CompletableFutureDelayScheduler" daemon [_thread_blocked, id=2336, stack(0x0000001b8b800000,0x0000001b8b900000)]
  0x000001b2e0d43ac0 JavaThread "Data Inserter" [_thread_blocked, id=16800, stack(0x0000001b8b900000,0x0000001b8ba00000)]
  0x000001b2e0d457a0 JavaThread "DestroyJavaVM" [_thread_blocked, id=9124, stack(0x0000001b88e00000,0x0000001b88f00000)]
  0x000001b2e1835a00 JavaThread "mysql-cj-abandoned-connection-cleanup" daemon [_thread_blocked, id=15112, stack(0x0000001b8a600000,0x0000001b8a700000)]
  0x000001b2e1835530 JavaThread "pool-1-thread-1" [_thread_blocked, id=18196, stack(0x0000001b8a700000,0x0000001b8a800000)]
  0x000001b2e1836d40 JavaThread "pool-1-thread-2" [_thread_blocked, id=18096, stack(0x0000001b8af00000,0x0000001b8b000000)]
  0x000001b2e18363a0 JavaThread "pool-1-thread-3" [_thread_blocked, id=17708, stack(0x0000001b8b700000,0x0000001b8b800000)]
  0x000001b2e1837210 JavaThread "pool-1-thread-4" [_thread_blocked, id=6536, stack(0x0000001b8ba00000,0x0000001b8bb00000)]
  0x000001b2e1835060 JavaThread "pool-1-thread-5" [_thread_blocked, id=4132, stack(0x0000001b8bc00000,0x0000001b8bd00000)]
  0x000001b2e1835ed0 JavaThread "pool-1-thread-6" [_thread_blocked, id=15408, stack(0x0000001b8bf00000,0x0000001b8c000000)]
  0x000001b2e1838550 JavaThread "pool-1-thread-7" [_thread_blocked, id=17624, stack(0x0000001b8cb00000,0x0000001b8cc00000)]
  0x000001b2e1838a20 JavaThread "pool-1-thread-8" [_thread_blocked, id=7096, stack(0x0000001b8cc00000,0x0000001b8cd00000)]
  0x000001b2e0d46140 JavaThread "ForkJoinPool.commonPool-worker-1" daemon [_thread_blocked, id=4580, stack(0x0000001b8c000000,0x0000001b8c100000)]
  0x000001b2e0d435f0 JavaThread "ForkJoinPool.commonPool-worker-3" daemon [_thread_blocked, id=5352, stack(0x0000001b8c400000,0x0000001b8c500000)]
  0x000001b2e3b5c120 JavaThread "ForkJoinPool.commonPool-worker-9" daemon [_thread_blocked, id=10368, stack(0x0000001b8a500000,0x0000001b8a600000)]
  0x000001b2e3b5ade0 JavaThread "ForkJoinPool.commonPool-worker-11" daemon [_thread_blocked, id=17328, stack(0x0000001b88b00000,0x0000001b88c00000)]
  0x000001b2e3b58c30 JavaThread "ForkJoinPool.commonPool-worker-12" daemon [_thread_blocked, id=13492, stack(0x0000001b88c00000,0x0000001b88d00000)]
  0x000001b2e3b59100 JavaThread "ForkJoinPool.commonPool-worker-13" daemon [_thread_blocked, id=10348, stack(0x0000001b88d00000,0x0000001b88e00000)]
  0x000001b2e3b59f70 JavaThread "ForkJoinPool.commonPool-worker-14" daemon [_thread_blocked, id=1920, stack(0x0000001b8b300000,0x0000001b8b400000)]
  0x000001b2e3608f60 JavaThread "ForkJoinPool.commonPool-worker-15" daemon [_thread_blocked, id=10332, stack(0x0000001b8b500000,0x0000001b8b600000)]
  0x000001b2e0c9e090 JavaThread "ForkJoinPool.commonPool-worker-16" daemon [_thread_blocked, id=16796, stack(0x0000001b8cf00000,0x0000001b8d000000)]
  0x000001b2e242e670 JavaThread "ForkJoinPool.commonPool-worker-17" daemon [_thread_blocked, id=13100, stack(0x0000001b8d000000,0x0000001b8d100000)]

Other Threads:
=>0x000001b2df5cf120 VMThread "VM Thread" [stack: 0x0000001b89400000,0x0000001b89500000] [id=13624]
  0x000001b2c12384a0 WatcherThread [stack: 0x0000001b8a100000,0x0000001b8a200000] [id=11124]
  0x000001b2c12106c0 GCTaskThread "GC Thread#0" [stack: 0x0000001b88f00000,0x0000001b89000000] [id=6364]
  0x000001b2e0b74320 GCTaskThread "GC Thread#1" [stack: 0x0000001b8a800000,0x0000001b8a900000] [id=5564]
  0x000001b2e08c5e20 GCTaskThread "GC Thread#2" [stack: 0x0000001b8a900000,0x0000001b8aa00000] [id=7684]
  0x000001b2e08c60d0 GCTaskThread "GC Thread#3" [stack: 0x0000001b8aa00000,0x0000001b8ab00000] [id=9984]
  0x000001b2e1b84310 GCTaskThread "GC Thread#4" [stack: 0x0000001b8ab00000,0x0000001b8ac00000] [id=11824]
  0x000001b2e08c57e0 GCTaskThread "GC Thread#5" [stack: 0x0000001b8ac00000,0x0000001b8ad00000] [id=8016]
  0x000001b2e088f3b0 GCTaskThread "GC Thread#6" [stack: 0x0000001b8ad00000,0x0000001b8ae00000] [id=5280]
  0x000001b2e21a2ce0 GCTaskThread "GC Thread#7" [stack: 0x0000001b8b000000,0x0000001b8b100000] [id=2572]
  0x000001b2e21a3fa0 GCTaskThread "GC Thread#8" [stack: 0x0000001b8b100000,0x0000001b8b200000] [id=2568]
  0x000001b2e21a4250 GCTaskThread "GC Thread#9" [stack: 0x0000001b8b200000,0x0000001b8b300000] [id=4088]
  0x000001b2c1221180 ConcurrentGCThread "G1 Main Marker" [stack: 0x0000001b89000000,0x0000001b89100000] [id=12216]
  0x000001b2c1222330 ConcurrentGCThread "G1 Conc#0" [stack: 0x0000001b89100000,0x0000001b89200000] [id=3120]
  0x000001b2e38301a0 ConcurrentGCThread "G1 Conc#1" [stack: 0x0000001b8bd00000,0x0000001b8be00000] [id=4832]
  0x000001b2e3830450 ConcurrentGCThread "G1 Conc#2" [stack: 0x0000001b8be00000,0x0000001b8bf00000] [id=2852]
  0x000001b2c12a5400 ConcurrentGCThread "G1 Refine#0" [stack: 0x0000001b89200000,0x0000001b89300000] [id=16136]
  0x000001b2e3e2fb10 ConcurrentGCThread "G1 Refine#1" [stack: 0x0000001b8c700000,0x0000001b8c800000] [id=14100]
  0x000001b2e17d88e0 ConcurrentGCThread "G1 Refine#2" [stack: 0x0000001b8c800000,0x0000001b8c900000] [id=17760]
  0x000001b2e188ae30 ConcurrentGCThread "G1 Refine#3" [stack: 0x0000001b8c900000,0x0000001b8ca00000] [id=15784]
  0x000001b2e3e71960 ConcurrentGCThread "G1 Refine#4" [stack: 0x0000001b8ca00000,0x0000001b8cb00000] [id=4192]
  0x000001b2c12a5e20 ConcurrentGCThread "G1 Service" [stack: 0x0000001b89300000,0x0000001b89400000] [id=16224]

Threads with active compile tasks:

VM state: at safepoint (normal execution)

VM Mutex/Monitor currently owned by a thread:  ([mutex/lock_event])
[0x000001b2c11ca360] Threads_lock - owner thread: 0x000001b2df5cf120
[0x000001b2c11cae10] Heap_lock - owner thread: 0x000001b2e0d43ac0

Heap address: 0x0000000082400000, size: 2012 MB, Compressed Oops mode: 32-bit

CDS archive(s) mapped at: [0x0000000800000000-0x0000000800bc0000-0x0000000800bc0000), size 12320768, SharedBaseAddress: 0x0000000800000000, ArchiveRelocationMode: 0.
Compressed class space mapped at: 0x0000000800c00000-0x0000000840c00000, reserved size: 1073741824
Narrow klass base: 0x0000000800000000, Narrow klass shift: 0, Narrow klass range: 0x100000000

GC Precious Log:
 CPUs: 12 total, 12 available
 Memory: 8043M
 Large Page Support: Disabled
 NUMA Support: Disabled
 Compressed Oops: Enabled (32-bit)
 Heap Region Size: 1M
 Heap Min Capacity: 8M
 Heap Initial Capacity: 126M
 Heap Max Capacity: 2012M
 Pre-touch: Disabled
 Parallel Workers: 10
 Concurrent Workers: 3
 Concurrent Refinement Workers: 10
 Periodic GC: Disabled

Heap:
 garbage-first heap   total 280576K, used 98643K [0x0000000082400000, 0x0000000100000000)
  region size 1024K, 12 young (12288K), 0 survivors (0K)
 Metaspace       used 30622K, committed 30912K, reserved 1081344K
  class space    used 3067K, committed 3200K, reserved 1048576K

Heap Regions: E=young(eden), S=young(survivor), O=old, HS=humongous(starts), HC=humongous(continues), CS=collection set, F=free, OA=open archive, CA=closed archive, TAMS=top-at-mark-start (previous, next)
|   0|0x0000000082400000, 0x00000000824fb038, 0x0000000082500000| 98%| O|  |TAMS 0x0000000082400000, 0x0000000082400000| Untracked 
|   1|0x0000000082500000, 0x0000000082600000, 0x0000000082600000|100%|HS|  |TAMS 0x0000000082600000, 0x0000000082500000| Untracked 
|   2|0x0000000082600000, 0x0000000082700000, 0x0000000082700000|100%|HC|  |TAMS 0x0000000082700000, 0x0000000082600000| Untracked 
|   3|0x0000000082700000, 0x0000000082800000, 0x0000000082800000|100%|HC|  |TAMS 0x0000000082800000, 0x0000000082700000| Untracked 
|   4|0x0000000082800000, 0x0000000082900000, 0x0000000082900000|100%|HS|  |TAMS 0x0000000082900000, 0x0000000082800000| Untracked 
|   5|0x0000000082900000, 0x0000000082a00000, 0x0000000082a00000|100%|HC|  |TAMS 0x0000000082a00000, 0x0000000082900000| Untracked 
|   6|0x0000000082a00000, 0x0000000082b00000, 0x0000000082b00000|100%|HC|  |TAMS 0x0000000082b00000, 0x0000000082a00000| Untracked 
|   7|0x0000000082b00000, 0x0000000082c00000, 0x0000000082c00000|100%|HC|  |TAMS 0x0000000082c00000, 0x0000000082b00000| Untracked 
|   8|0x0000000082c00000, 0x0000000082d00000, 0x0000000082d00000|100%|HC|  |TAMS 0x0000000082d00000, 0x0000000082c00000| Untracked 
|   9|0x0000000082d00000, 0x0000000082e00000, 0x0000000082e00000|100%|HC|  |TAMS 0x0000000082e00000, 0x0000000082d00000| Untracked 
|  10|0x0000000082e00000, 0x0000000082f00000, 0x0000000082f00000|100%|HC|  |TAMS 0x0000000082f00000, 0x0000000082e00000| Untracked 
|  11|0x0000000082f00000, 0x0000000083000000, 0x0000000083000000|100%|HC|  |TAMS 0x0000000083000000, 0x0000000082f00000| Untracked 
|  12|0x0000000083000000, 0x0000000083100000, 0x0000000083100000|100%|HC|  |TAMS 0x0000000083100000, 0x0000000083000000| Untracked 
|  13|0x0000000083100000, 0x0000000083200000, 0x0000000083200000|100%|HC|  |TAMS 0x0000000083200000, 0x0000000083100000| Untracked 
|  14|0x0000000083200000, 0x0000000083300000, 0x0000000083300000|100%|HC|  |TAMS 0x0000000083300000, 0x0000000083200000| Untracked 
|  15|0x0000000083300000, 0x0000000083400000, 0x0000000083400000|100%|HC|  |TAMS 0x0000000083400000, 0x0000000083300000| Untracked 
|  16|0x0000000083400000, 0x0000000083500000, 0x0000000083500000|100%|HC|  |TAMS 0x0000000083500000, 0x0000000083400000| Untracked 
|  17|0x0000000083500000, 0x0000000083600000, 0x0000000083600000|100%|HC|  |TAMS 0x0000000083600000, 0x0000000083500000| Untracked 
|  18|0x0000000083600000, 0x0000000083700000, 0x0000000083700000|100%|HC|  |TAMS 0x0000000083700000, 0x0000000083600000| Untracked 
|  19|0x0000000083700000, 0x0000000083800000, 0x0000000083800000|100%|HC|  |TAMS 0x0000000083800000, 0x0000000083700000| Untracked 
|  20|0x0000000083800000, 0x0000000083900000, 0x0000000083900000|100%|HC|  |TAMS 0x0000000083900000, 0x0000000083800000| Untracked 
|  21|0x0000000083900000, 0x0000000083a00000, 0x0000000083a00000|100%|HC|  |TAMS 0x0000000083a00000, 0x0000000083900000| Untracked 
|  22|0x0000000083a00000, 0x0000000083b00000, 0x0000000083b00000|100%|HC|  |TAMS 0x0000000083b00000, 0x0000000083a00000| Untracked 
|  23|0x0000000083b00000, 0x0000000083c00000, 0x0000000083c00000|100%|HC|  |TAMS 0x0000000083c00000, 0x0000000083b00000| Untracked 
|  24|0x0000000083c00000, 0x0000000083d00000, 0x0000000083d00000|100%|HC|  |TAMS 0x0000000083d00000, 0x0000000083c00000| Untracked 
|  25|0x0000000083d00000, 0x0000000083e00000, 0x0000000083e00000|100%|HC|  |TAMS 0x0000000083e00000, 0x0000000083d00000| Untracked 
|  26|0x0000000083e00000, 0x0000000083f00000, 0x0000000083f00000|100%|HC|  |TAMS 0x0000000083f00000, 0x0000000083e00000| Untracked 
|  27|0x0000000083f00000, 0x0000000084000000, 0x0000000084000000|100%|HC|  |TAMS 0x0000000084000000, 0x0000000083f00000| Untracked 
|  28|0x0000000084000000, 0x0000000084100000, 0x0000000084100000|100%|HC|  |TAMS 0x0000000084100000, 0x0000000084000000| Untracked 
|  29|0x0000000084100000, 0x0000000084200000, 0x0000000084200000|100%|HC|  |TAMS 0x0000000084200000, 0x0000000084100000| Untracked 
|  30|0x0000000084200000, 0x0000000084300000, 0x0000000084300000|100%|HC|  |TAMS 0x0000000084300000, 0x0000000084200000| Untracked 
|  31|0x0000000084300000, 0x0000000084400000, 0x0000000084400000|100%|HC|  |TAMS 0x0000000084400000, 0x0000000084300000| Untracked 
|  32|0x0000000084400000, 0x0000000084500000, 0x0000000084500000|100%|HC|  |TAMS 0x0000000084500000, 0x0000000084400000| Untracked 
|  33|0x0000000084500000, 0x0000000084600000, 0x0000000084600000|100%|HC|  |TAMS 0x0000000084600000, 0x0000000084500000| Untracked 
|  34|0x0000000084600000, 0x0000000084700000, 0x0000000084700000|100%|HC|  |TAMS 0x0000000084700000, 0x0000000084600000| Untracked 
|  35|0x0000000084700000, 0x0000000084800000, 0x0000000084800000|100%|HS|  |TAMS 0x0000000084800000, 0x0000000084700000| Untracked 
|  36|0x0000000084800000, 0x0000000084900000, 0x0000000084900000|100%|HC|  |TAMS 0x0000000084900000, 0x0000000084800000| Untracked 
|  37|0x0000000084900000, 0x0000000084a00000, 0x0000000084a00000|100%|HC|  |TAMS 0x0000000084a00000, 0x0000000084900000| Untracked 
|  38|0x0000000084a00000, 0x0000000084b00000, 0x0000000084b00000|100%|HS|  |TAMS 0x0000000084b00000, 0x0000000084a00000| Untracked 
|  39|0x0000000084b00000, 0x0000000084c00000, 0x0000000084c00000|100%|HC|  |TAMS 0x0000000084c00000, 0x0000000084b00000| Untracked 
|  40|0x0000000084c00000, 0x0000000084d00000, 0x0000000084d00000|100%|HC|  |TAMS 0x0000000084d00000, 0x0000000084c00000| Untracked 
|  41|0x0000000084d00000, 0x0000000084dffff8, 0x0000000084e00000| 99%| O|  |TAMS 0x0000000084dffff8, 0x0000000084d00000| Untracked 
|  42|0x0000000084e00000, 0x0000000084ef5030, 0x0000000084f00000| 95%| O|  |TAMS 0x0000000084ef5030, 0x0000000084e00000| Untracked 
|  43|0x0000000084f00000, 0x0000000085000000, 0x0000000085000000|100%|HS|  |TAMS 0x0000000085000000, 0x0000000084f00000| Untracked 
|  44|0x0000000085000000, 0x0000000085100000, 0x0000000085100000|100%|HC|  |TAMS 0x0000000085100000, 0x0000000085000000| Untracked 
|  45|0x0000000085100000, 0x0000000085200000, 0x0000000085200000|100%|HC|  |TAMS 0x0000000085200000, 0x0000000085100000| Untracked 
|  46|0x0000000085200000, 0x0000000085300000, 0x0000000085300000|100%|HC|  |TAMS 0x0000000085300000, 0x0000000085200000| Untracked 
|  47|0x0000000085300000, 0x0000000085400000, 0x0000000085400000|100%|HC|  |TAMS 0x0000000085400000, 0x0000000085300000| Untracked 
|  48|0x0000000085400000, 0x0000000085500000, 0x0000000085500000|100%|HC|  |TAMS 0x0000000085500000, 0x0000000085400000| Untracked 
|  49|0x0000000085500000, 0x00000000855ffc70, 0x0000000085600000| 99%| O|  |TAMS 0x00000000855ffc70, 0x0000000085500000| Untracked 
|  50|0x0000000085600000, 0x00000000856fca78, 0x0000000085700000| 98%| O|  |TAMS 0x00000000856fca78, 0x0000000085600000| Untracked 
|  51|0x0000000085700000, 0x00000000857ffff8, 0x0000000085800000| 99%| O|  |TAMS 0x00000000857ffff8, 0x0000000085700000| Untracked 
|  52|0x0000000085800000, 0x00000000858ffff0, 0x0000000085900000| 99%| O|  |TAMS 0x00000000858ffff0, 0x0000000085800000| Untracked 
|  53|0x0000000085900000, 0x00000000859ffff8, 0x0000000085a00000| 99%| O|  |TAMS 0x0000000085900000, 0x0000000085900000| Untracked 
|  54|0x0000000085a00000, 0x0000000085af0e70, 0x0000000085b00000| 94%| O|  |TAMS 0x0000000085a00000, 0x0000000085a00000| Untracked 
|  55|0x0000000085b00000, 0x0000000085bd5368, 0x0000000085c00000| 83%| O|  |TAMS 0x0000000085b00000, 0x0000000085b00000| Untracked 
|  56|0x0000000085c00000, 0x0000000085cf5858, 0x0000000085d00000| 95%| O|  |TAMS 0x0000000085cf5858, 0x0000000085c00000| Untracked 
|  57|0x0000000085d00000, 0x0000000085e00000, 0x0000000085e00000|100%| O|  |TAMS 0x0000000085e00000, 0x0000000085d00000| Untracked 
|  58|0x0000000085e00000, 0x0000000085f00000, 0x0000000085f00000|100%| O|  |TAMS 0x0000000085f00000, 0x0000000085e00000| Untracked 
|  59|0x0000000085f00000, 0x0000000086000000, 0x0000000086000000|100%| O|  |TAMS 0x0000000086000000, 0x0000000085f00000| Untracked 
|  60|0x0000000086000000, 0x0000000086100000, 0x0000000086100000|100%|HS|  |TAMS 0x0000000086100000, 0x0000000086000000| Untracked 
|  61|0x0000000086100000, 0x0000000086200000, 0x0000000086200000|100%|HC|  |TAMS 0x0000000086200000, 0x0000000086100000| Untracked 
|  62|0x0000000086200000, 0x0000000086300000, 0x0000000086300000|100%|HC|  |TAMS 0x0000000086300000, 0x0000000086200000| Untracked 
|  63|0x0000000086300000, 0x0000000086400000, 0x0000000086400000|100%|HC|  |TAMS 0x0000000086400000, 0x0000000086300000| Untracked 
|  64|0x0000000086400000, 0x0000000086500000, 0x0000000086500000|100%|HC|  |TAMS 0x0000000086500000, 0x0000000086400000| Untracked 
|  65|0x0000000086500000, 0x0000000086600000, 0x0000000086600000|100%|HC|  |TAMS 0x0000000086600000, 0x0000000086500000| Untracked 
|  66|0x0000000086600000, 0x00000000866f8098, 0x0000000086700000| 96%| O|  |TAMS 0x00000000866f8098, 0x0000000086600000| Untracked 
|  67|0x0000000086700000, 0x00000000867f9690, 0x0000000086800000| 97%| O|  |TAMS 0x0000000086700000, 0x0000000086700000| Untracked 
|  68|0x0000000086800000, 0x00000000868f26a0, 0x0000000086900000| 94%| O|  |TAMS 0x0000000086800000, 0x0000000086800000| Untracked 
|  69|0x0000000086900000, 0x00000000869fbf98, 0x0000000086a00000| 98%| O|  |TAMS 0x0000000086900000, 0x0000000086900000| Untracked 
|  70|0x0000000086a00000, 0x0000000086ae15f8, 0x0000000086b00000| 88%| O|  |TAMS 0x0000000086a00000, 0x0000000086a00000| Untracked 
|  71|0x0000000086b00000, 0x0000000086c00000, 0x0000000086c00000|100%| O|  |TAMS 0x0000000086c00000, 0x0000000086b00000| Untracked 
|  72|0x0000000086c00000, 0x0000000086cfde20, 0x0000000086d00000| 99%| O|  |TAMS 0x0000000086c00000, 0x0000000086c00000| Untracked 
|  73|0x0000000086d00000, 0x0000000086d920e8, 0x0000000086e00000| 57%| O|  |TAMS 0x0000000086d00000, 0x0000000086d00000| Untracked 
|  74|0x0000000086e00000, 0x0000000086eee130, 0x0000000086f00000| 92%| O|  |TAMS 0x0000000086e00000, 0x0000000086e00000| Untracked 
|  75|0x0000000086f00000, 0x0000000086ffa398, 0x0000000087000000| 97%| O|  |TAMS 0x0000000086f00000, 0x0000000086f00000| Untracked 
|  76|0x0000000087000000, 0x00000000870e1838, 0x0000000087100000| 88%| O|  |TAMS 0x0000000087000000, 0x0000000087000000| Untracked 
|  77|0x0000000087100000, 0x000000008712d5c8, 0x0000000087200000| 17%| O|  |TAMS 0x0000000087100000, 0x0000000087100000| Untracked 
|  78|0x0000000087200000, 0x00000000872c0030, 0x0000000087300000| 75%| O|  |TAMS 0x0000000087200000, 0x0000000087200000| Untracked 
|  79|0x0000000087300000, 0x00000000873ff990, 0x0000000087400000| 99%| O|  |TAMS 0x0000000087300000, 0x0000000087300000| Untracked 
|  80|0x0000000087400000, 0x00000000874cff98, 0x0000000087500000| 81%| O|  |TAMS 0x0000000087400000, 0x0000000087400000| Untracked 
|  81|0x0000000087500000, 0x0000000087500000, 0x0000000087600000|  0%| F|  |TAMS 0x0000000087500000, 0x0000000087500000| Untracked 
|  82|0x0000000087600000, 0x00000000876f2958, 0x0000000087700000| 94%| O|  |TAMS 0x0000000087600000, 0x0000000087600000| Untracked 
|  83|0x0000000087700000, 0x0000000087700000, 0x0000000087800000|  0%| F|  |TAMS 0x0000000087700000, 0x0000000087700000| Untracked 
|  84|0x0000000087800000, 0x0000000087800000, 0x0000000087900000|  0%| F|  |TAMS 0x0000000087800000, 0x0000000087800000| Untracked 
|  85|0x0000000087900000, 0x00000000879f13c8, 0x0000000087a00000| 94%| O|  |TAMS 0x0000000087900000, 0x0000000087900000| Untracked 
|  86|0x0000000087a00000, 0x0000000087a00000, 0x0000000087b00000|  0%| F|  |TAMS 0x0000000087a00000, 0x0000000087a00000| Untracked 
|  87|0x0000000087b00000, 0x0000000087b9be50, 0x0000000087c00000| 60%| O|  |TAMS 0x0000000087b00000, 0x0000000087b00000| Untracked 
|  88|0x0000000087c00000, 0x0000000087c00000, 0x0000000087d00000|  0%| F|  |TAMS 0x0000000087c00000, 0x0000000087c00000| Untracked 
|  89|0x0000000087d00000, 0x0000000087d00000, 0x0000000087e00000|  0%| F|  |TAMS 0x0000000087d00000, 0x0000000087d00000| Untracked 
|  90|0x0000000087e00000, 0x0000000087ed9130, 0x0000000087f00000| 84%| O|  |TAMS 0x0000000087e00000, 0x0000000087e00000| Untracked 
|  91|0x0000000087f00000, 0x0000000087f00000, 0x0000000088000000|  0%| F|  |TAMS 0x0000000087f00000, 0x0000000087f00000| Untracked 
|  92|0x0000000088000000, 0x00000000880f36c8, 0x0000000088100000| 95%| O|  |TAMS 0x0000000088000000, 0x0000000088000000| Untracked 
|  93|0x0000000088100000, 0x0000000088100000, 0x0000000088200000|  0%| F|  |TAMS 0x0000000088100000, 0x0000000088100000| Untracked 
|  94|0x0000000088200000, 0x00000000882f9530, 0x0000000088300000| 97%| O|  |TAMS 0x0000000088200000, 0x0000000088200000| Untracked 
|  95|0x0000000088300000, 0x0000000088300000, 0x0000000088400000|  0%| F|  |TAMS 0x0000000088300000, 0x0000000088300000| Untracked 
|  96|0x0000000088400000, 0x000000008848f658, 0x0000000088500000| 56%| O|  |TAMS 0x0000000088400000, 0x0000000088400000| Untracked 
|  97|0x0000000088500000, 0x0000000088500000, 0x0000000088600000|  0%| F|  |TAMS 0x0000000088500000, 0x0000000088500000| Untracked 
|  98|0x0000000088600000, 0x0000000088600000, 0x0000000088700000|  0%| F|  |TAMS 0x0000000088600000, 0x0000000088600000| Untracked 
|  99|0x0000000088700000, 0x0000000088700000, 0x0000000088800000|  0%| F|  |TAMS 0x0000000088700000, 0x0000000088700000| Untracked 
| 100|0x0000000088800000, 0x0000000088800000, 0x0000000088900000|  0%| F|  |TAMS 0x0000000088800000, 0x0000000088800000| Untracked 
| 101|0x0000000088900000, 0x0000000088900000, 0x0000000088a00000|  0%| F|  |TAMS 0x0000000088900000, 0x0000000088900000| Untracked 
| 102|0x0000000088a00000, 0x0000000088a00000, 0x0000000088b00000|  0%| F|  |TAMS 0x0000000088a00000, 0x0000000088a00000| Untracked 
| 103|0x0000000088b00000, 0x0000000088b00000, 0x0000000088c00000|  0%| F|  |TAMS 0x0000000088b00000, 0x0000000088b00000| Untracked 
| 104|0x0000000088c00000, 0x0000000088c00000, 0x0000000088d00000|  0%| F|  |TAMS 0x0000000088c00000, 0x0000000088c00000| Untracked 
| 105|0x0000000088d00000, 0x0000000088d00000, 0x0000000088e00000|  0%| F|  |TAMS 0x0000000088d00000, 0x0000000088d00000| Untracked 
| 106|0x0000000088e00000, 0x0000000088e00000, 0x0000000088f00000|  0%| F|  |TAMS 0x0000000088e00000, 0x0000000088e00000| Untracked 
| 107|0x0000000088f00000, 0x0000000088f00000, 0x0000000089000000|  0%| F|  |TAMS 0x0000000088f00000, 0x0000000088f00000| Untracked 
| 108|0x0000000089000000, 0x0000000089000000, 0x0000000089100000|  0%| F|  |TAMS 0x0000000089000000, 0x0000000089000000| Untracked 
| 109|0x0000000089100000, 0x0000000089100000, 0x0000000089200000|  0%| F|  |TAMS 0x0000000089100000, 0x0000000089100000| Untracked 
| 110|0x0000000089200000, 0x0000000089200000, 0x0000000089300000|  0%| F|  |TAMS 0x0000000089200000, 0x0000000089200000| Untracked 
| 111|0x0000000089300000, 0x0000000089300000, 0x0000000089400000|  0%| F|  |TAMS 0x0000000089300000, 0x0000000089300000| Untracked 
| 112|0x0000000089400000, 0x0000000089400000, 0x0000000089500000|  0%| F|  |TAMS 0x0000000089400000, 0x0000000089400000| Untracked 
| 113|0x0000000089500000, 0x0000000089500000, 0x0000000089600000|  0%| F|  |TAMS 0x0000000089500000, 0x0000000089500000| Untracked 
| 114|0x0000000089600000, 0x0000000089600000, 0x0000000089700000|  0%| F|  |TAMS 0x0000000089600000, 0x0000000089600000| Untracked 
| 115|0x0000000089700000, 0x0000000089700000, 0x0000000089800000|  0%| F|  |TAMS 0x0000000089700000, 0x0000000089700000| Untracked 
| 116|0x0000000089800000, 0x0000000089800000, 0x0000000089900000|  0%| F|  |TAMS 0x0000000089800000, 0x0000000089800000| Untracked 
| 117|0x0000000089900000, 0x0000000089900000, 0x0000000089a00000|  0%| F|  |TAMS 0x0000000089900000, 0x0000000089900000| Untracked 
| 118|0x0000000089a00000, 0x0000000089a00000, 0x0000000089b00000|  0%| F|  |TAMS 0x0000000089a00000, 0x0000000089a00000| Untracked 
| 119|0x0000000089b00000, 0x0000000089b00000, 0x0000000089c00000|  0%| F|  |TAMS 0x0000000089b00000, 0x0000000089b00000| Untracked 
| 120|0x0000000089c00000, 0x0000000089c00000, 0x0000000089d00000|  0%| F|  |TAMS 0x0000000089c00000, 0x0000000089c00000| Untracked 
| 121|0x0000000089d00000, 0x0000000089d00000, 0x0000000089e00000|  0%| F|  |TAMS 0x0000000089d00000, 0x0000000089d00000| Untracked 
| 122|0x0000000089e00000, 0x0000000089e00000, 0x0000000089f00000|  0%| F|  |TAMS 0x0000000089e00000, 0x0000000089e00000| Untracked 
| 123|0x0000000089f00000, 0x0000000089f00000, 0x000000008a000000|  0%| F|  |TAMS 0x0000000089f00000, 0x0000000089f00000| Untracked 
| 124|0x000000008a000000, 0x000000008a000000, 0x000000008a100000|  0%| F|  |TAMS 0x000000008a000000, 0x000000008a000000| Untracked 
| 125|0x000000008a100000, 0x000000008a100000, 0x000000008a200000|  0%| F|  |TAMS 0x000000008a100000, 0x000000008a100000| Untracked 
| 126|0x000000008a200000, 0x000000008a200000, 0x000000008a300000|  0%| F|  |TAMS 0x000000008a200000, 0x000000008a200000| Untracked 
| 127|0x000000008a300000, 0x000000008a300000, 0x000000008a400000|  0%| F|  |TAMS 0x000000008a300000, 0x000000008a300000| Untracked 
| 128|0x000000008a400000, 0x000000008a400000, 0x000000008a500000|  0%| F|  |TAMS 0x000000008a400000, 0x000000008a400000| Untracked 
| 129|0x000000008a500000, 0x000000008a500000, 0x000000008a600000|  0%| F|  |TAMS 0x000000008a500000, 0x000000008a500000| Untracked 
| 130|0x000000008a600000, 0x000000008a600000, 0x000000008a700000|  0%| F|  |TAMS 0x000000008a600000, 0x000000008a600000| Untracked 
| 131|0x000000008a700000, 0x000000008a700000, 0x000000008a800000|  0%| F|  |TAMS 0x000000008a700000, 0x000000008a700000| Untracked 
| 132|0x000000008a800000, 0x000000008a800000, 0x000000008a900000|  0%| F|  |TAMS 0x000000008a800000, 0x000000008a800000| Untracked 
| 133|0x000000008a900000, 0x000000008a900000, 0x000000008aa00000|  0%| F|  |TAMS 0x000000008a900000, 0x000000008a900000| Untracked 
| 134|0x000000008aa00000, 0x000000008aa00000, 0x000000008ab00000|  0%| F|  |TAMS 0x000000008aa00000, 0x000000008aa00000| Untracked 
| 135|0x000000008ab00000, 0x000000008ab00000, 0x000000008ac00000|  0%| F|  |TAMS 0x000000008ab00000, 0x000000008ab00000| Untracked 
| 136|0x000000008ac00000, 0x000000008ac00000, 0x000000008ad00000|  0%| F|  |TAMS 0x000000008ac00000, 0x000000008ac00000| Untracked 
| 137|0x000000008ad00000, 0x000000008ad00000, 0x000000008ae00000|  0%| F|  |TAMS 0x000000008ad00000, 0x000000008ad00000| Untracked 
| 138|0x000000008ae00000, 0x000000008ae00000, 0x000000008af00000|  0%| F|  |TAMS 0x000000008ae00000, 0x000000008ae00000| Untracked 
| 139|0x000000008af00000, 0x000000008af00000, 0x000000008b000000|  0%| F|  |TAMS 0x000000008af00000, 0x000000008af00000| Untracked 
| 140|0x000000008b000000, 0x000000008b000000, 0x000000008b100000|  0%| F|  |TAMS 0x000000008b000000, 0x000000008b000000| Untracked 
| 141|0x000000008b100000, 0x000000008b100000, 0x000000008b200000|  0%| F|  |TAMS 0x000000008b100000, 0x000000008b100000| Untracked 
| 142|0x000000008b200000, 0x000000008b200000, 0x000000008b300000|  0%| F|  |TAMS 0x000000008b200000, 0x000000008b200000| Untracked 
| 143|0x000000008b300000, 0x000000008b300000, 0x000000008b400000|  0%| F|  |TAMS 0x000000008b300000, 0x000000008b300000| Untracked 
| 144|0x000000008b400000, 0x000000008b400000, 0x000000008b500000|  0%| F|  |TAMS 0x000000008b400000, 0x000000008b400000| Untracked 
| 145|0x000000008b500000, 0x000000008b500000, 0x000000008b600000|  0%| F|  |TAMS 0x000000008b500000, 0x000000008b500000| Untracked 
| 146|0x000000008b600000, 0x000000008b600000, 0x000000008b700000|  0%| F|  |TAMS 0x000000008b600000, 0x000000008b600000| Untracked 
| 147|0x000000008b700000, 0x000000008b700000, 0x000000008b800000|  0%| F|  |TAMS 0x000000008b700000, 0x000000008b700000| Untracked 
| 148|0x000000008b800000, 0x000000008b800000, 0x000000008b900000|  0%| F|  |TAMS 0x000000008b800000, 0x000000008b800000| Untracked 
| 149|0x000000008b900000, 0x000000008b900000, 0x000000008ba00000|  0%| F|  |TAMS 0x000000008b900000, 0x000000008b900000| Untracked 
| 150|0x000000008ba00000, 0x000000008ba00000, 0x000000008bb00000|  0%| F|  |TAMS 0x000000008ba00000, 0x000000008ba00000| Untracked 
| 151|0x000000008bb00000, 0x000000008bb00000, 0x000000008bc00000|  0%| F|  |TAMS 0x000000008bb00000, 0x000000008bb00000| Untracked 
| 152|0x000000008bc00000, 0x000000008bc00000, 0x000000008bd00000|  0%| F|  |TAMS 0x000000008bc00000, 0x000000008bc00000| Untracked 
| 153|0x000000008bd00000, 0x000000008bd00000, 0x000000008be00000|  0%| F|  |TAMS 0x000000008bd00000, 0x000000008bd00000| Untracked 
| 154|0x000000008be00000, 0x000000008be00000, 0x000000008bf00000|  0%| F|  |TAMS 0x000000008be00000, 0x000000008be00000| Untracked 
| 155|0x000000008bf00000, 0x000000008bf00000, 0x000000008c000000|  0%| F|  |TAMS 0x000000008bf00000, 0x000000008bf00000| Untracked 
| 156|0x000000008c000000, 0x000000008c000000, 0x000000008c100000|  0%| F|  |TAMS 0x000000008c000000, 0x000000008c000000| Untracked 
| 157|0x000000008c100000, 0x000000008c100000, 0x000000008c200000|  0%| F|  |TAMS 0x000000008c100000, 0x000000008c100000| Untracked 
| 158|0x000000008c200000, 0x000000008c200000, 0x000000008c300000|  0%| F|  |TAMS 0x000000008c200000, 0x000000008c200000| Untracked 
| 159|0x000000008c300000, 0x000000008c300000, 0x000000008c400000|  0%| F|  |TAMS 0x000000008c300000, 0x000000008c300000| Untracked 
| 160|0x000000008c400000, 0x000000008c400000, 0x000000008c500000|  0%| F|  |TAMS 0x000000008c400000, 0x000000008c400000| Untracked 
| 161|0x000000008c500000, 0x000000008c500000, 0x000000008c600000|  0%| F|  |TAMS 0x000000008c500000, 0x000000008c500000| Untracked 
| 162|0x000000008c600000, 0x000000008c600000, 0x000000008c700000|  0%| F|  |TAMS 0x000000008c600000, 0x000000008c600000| Untracked 
| 163|0x000000008c700000, 0x000000008c700000, 0x000000008c800000|  0%| F|  |TAMS 0x000000008c700000, 0x000000008c700000| Untracked 
| 164|0x000000008c800000, 0x000000008c800000, 0x000000008c900000|  0%| F|  |TAMS 0x000000008c800000, 0x000000008c800000| Untracked 
| 165|0x000000008c900000, 0x000000008c900000, 0x000000008ca00000|  0%| F|  |TAMS 0x000000008c900000, 0x000000008c900000| Untracked 
| 166|0x000000008ca00000, 0x000000008ca00000, 0x000000008cb00000|  0%| F|  |TAMS 0x000000008ca00000, 0x000000008ca00000| Untracked 
| 167|0x000000008cb00000, 0x000000008cb00000, 0x000000008cc00000|  0%| F|  |TAMS 0x000000008cb00000, 0x000000008cb00000| Untracked 
| 168|0x000000008cc00000, 0x000000008cc00000, 0x000000008cd00000|  0%| F|  |TAMS 0x000000008cc00000, 0x000000008cc00000| Untracked 
| 169|0x000000008cd00000, 0x000000008cd00000, 0x000000008ce00000|  0%| F|  |TAMS 0x000000008cd00000, 0x000000008cd00000| Untracked 
| 170|0x000000008ce00000, 0x000000008ce00000, 0x000000008cf00000|  0%| F|  |TAMS 0x000000008ce00000, 0x000000008ce00000| Untracked 
| 171|0x000000008cf00000, 0x000000008cf00000, 0x000000008d000000|  0%| F|  |TAMS 0x000000008cf00000, 0x000000008cf00000| Untracked 
| 172|0x000000008d000000, 0x000000008d000000, 0x000000008d100000|  0%| F|  |TAMS 0x000000008d000000, 0x000000008d000000| Untracked 
| 173|0x000000008d100000, 0x000000008d100000, 0x000000008d200000|  0%| F|  |TAMS 0x000000008d100000, 0x000000008d100000| Untracked 
| 174|0x000000008d200000, 0x000000008d200000, 0x000000008d300000|  0%| F|  |TAMS 0x000000008d200000, 0x000000008d200000| Untracked 
| 175|0x000000008d300000, 0x000000008d300000, 0x000000008d400000|  0%| F|  |TAMS 0x000000008d300000, 0x000000008d300000| Untracked 
| 176|0x000000008d400000, 0x000000008d400000, 0x000000008d500000|  0%| F|  |TAMS 0x000000008d400000, 0x000000008d400000| Untracked 
| 177|0x000000008d500000, 0x000000008d500000, 0x000000008d600000|  0%| F|  |TAMS 0x000000008d500000, 0x000000008d500000| Untracked 
| 178|0x000000008d600000, 0x000000008d600000, 0x000000008d700000|  0%| F|  |TAMS 0x000000008d600000, 0x000000008d600000| Untracked 
| 179|0x000000008d700000, 0x000000008d700000, 0x000000008d800000|  0%| F|  |TAMS 0x000000008d700000, 0x000000008d700000| Untracked 
| 180|0x000000008d800000, 0x000000008d800000, 0x000000008d900000|  0%| F|  |TAMS 0x000000008d800000, 0x000000008d800000| Untracked 
| 181|0x000000008d900000, 0x000000008d900000, 0x000000008da00000|  0%| F|  |TAMS 0x000000008d900000, 0x000000008d900000| Untracked 
| 182|0x000000008da00000, 0x000000008da00000, 0x000000008db00000|  0%| F|  |TAMS 0x000000008da00000, 0x000000008da00000| Untracked 
| 183|0x000000008db00000, 0x000000008db00000, 0x000000008dc00000|  0%| F|  |TAMS 0x000000008db00000, 0x000000008db00000| Untracked 
| 184|0x000000008dc00000, 0x000000008dc00000, 0x000000008dd00000|  0%| F|  |TAMS 0x000000008dc00000, 0x000000008dc00000| Untracked 
| 185|0x000000008dd00000, 0x000000008dd00000, 0x000000008de00000|  0%| F|  |TAMS 0x000000008dd00000, 0x000000008dd00000| Untracked 
| 186|0x000000008de00000, 0x000000008de00000, 0x000000008df00000|  0%| F|  |TAMS 0x000000008de00000, 0x000000008de00000| Untracked 
| 187|0x000000008df00000, 0x000000008df00000, 0x000000008e000000|  0%| F|  |TAMS 0x000000008df00000, 0x000000008df00000| Untracked 
| 188|0x000000008e000000, 0x000000008e000000, 0x000000008e100000|  0%| F|  |TAMS 0x000000008e000000, 0x000000008e000000| Untracked 
| 189|0x000000008e100000, 0x000000008e100000, 0x000000008e200000|  0%| F|  |TAMS 0x000000008e100000, 0x000000008e100000| Untracked 
| 190|0x000000008e200000, 0x000000008e200000, 0x000000008e300000|  0%| F|  |TAMS 0x000000008e200000, 0x000000008e200000| Untracked 
| 191|0x000000008e300000, 0x000000008e300000, 0x000000008e400000|  0%| F|  |TAMS 0x000000008e300000, 0x000000008e300000| Untracked 
| 192|0x000000008e400000, 0x000000008e400000, 0x000000008e500000|  0%| F|  |TAMS 0x000000008e400000, 0x000000008e400000| Untracked 
| 193|0x000000008e500000, 0x000000008e500000, 0x000000008e600000|  0%| F|  |TAMS 0x000000008e500000, 0x000000008e500000| Untracked 
| 194|0x000000008e600000, 0x000000008e600000, 0x000000008e700000|  0%| F|  |TAMS 0x000000008e600000, 0x000000008e600000| Untracked 
| 195|0x000000008e700000, 0x000000008e700000, 0x000000008e800000|  0%| F|  |TAMS 0x000000008e700000, 0x000000008e700000| Untracked 
| 196|0x000000008e800000, 0x000000008e800000, 0x000000008e900000|  0%| F|  |TAMS 0x000000008e800000, 0x000000008e800000| Untracked 
| 197|0x000000008e900000, 0x000000008e900000, 0x000000008ea00000|  0%| F|  |TAMS 0x000000008e900000, 0x000000008e900000| Untracked 
| 198|0x000000008ea00000, 0x000000008ea00000, 0x000000008eb00000|  0%| F|  |TAMS 0x000000008ea00000, 0x000000008ea00000| Untracked 
| 199|0x000000008eb00000, 0x000000008eb00000, 0x000000008ec00000|  0%| F|  |TAMS 0x000000008eb00000, 0x000000008eb00000| Untracked 
| 200|0x000000008ec00000, 0x000000008ec00000, 0x000000008ed00000|  0%| F|  |TAMS 0x000000008ec00000, 0x000000008ec00000| Untracked 
| 201|0x000000008ed00000, 0x000000008ed00000, 0x000000008ee00000|  0%| F|  |TAMS 0x000000008ed00000, 0x000000008ed00000| Untracked 
| 202|0x000000008ee00000, 0x000000008ee00000, 0x000000008ef00000|  0%| F|  |TAMS 0x000000008ee00000, 0x000000008ee00000| Untracked 
| 203|0x000000008ef00000, 0x000000008ef00000, 0x000000008f000000|  0%| F|  |TAMS 0x000000008ef00000, 0x000000008ef00000| Untracked 
| 204|0x000000008f000000, 0x000000008f000000, 0x000000008f100000|  0%| F|  |TAMS 0x000000008f000000, 0x000000008f000000| Untracked 
| 205|0x000000008f100000, 0x000000008f100000, 0x000000008f200000|  0%| F|  |TAMS 0x000000008f100000, 0x000000008f100000| Untracked 
| 206|0x000000008f200000, 0x000000008f200000, 0x000000008f300000|  0%| F|  |TAMS 0x000000008f200000, 0x000000008f200000| Untracked 
| 207|0x000000008f300000, 0x000000008f300000, 0x000000008f400000|  0%| F|  |TAMS 0x000000008f300000, 0x000000008f300000| Untracked 
| 208|0x000000008f400000, 0x000000008f400000, 0x000000008f500000|  0%| F|  |TAMS 0x000000008f400000, 0x000000008f400000| Untracked 
| 209|0x000000008f500000, 0x000000008f500000, 0x000000008f600000|  0%| F|  |TAMS 0x000000008f500000, 0x000000008f500000| Untracked 
| 210|0x000000008f600000, 0x000000008f600000, 0x000000008f700000|  0%| F|  |TAMS 0x000000008f600000, 0x000000008f600000| Untracked 
| 211|0x000000008f700000, 0x000000008f700000, 0x000000008f800000|  0%| F|  |TAMS 0x000000008f700000, 0x000000008f700000| Untracked 
| 212|0x000000008f800000, 0x000000008f800000, 0x000000008f900000|  0%| F|  |TAMS 0x000000008f800000, 0x000000008f800000| Untracked 
| 213|0x000000008f900000, 0x000000008f900000, 0x000000008fa00000|  0%| F|  |TAMS 0x000000008f900000, 0x000000008f900000| Untracked 
| 214|0x000000008fa00000, 0x000000008fa00000, 0x000000008fb00000|  0%| F|  |TAMS 0x000000008fa00000, 0x000000008fa00000| Untracked 
| 215|0x000000008fb00000, 0x000000008fb00000, 0x000000008fc00000|  0%| F|  |TAMS 0x000000008fb00000, 0x000000008fb00000| Untracked 
| 216|0x000000008fc00000, 0x000000008fc00000, 0x000000008fd00000|  0%| F|  |TAMS 0x000000008fc00000, 0x000000008fc00000| Untracked 
| 217|0x000000008fd00000, 0x000000008fd00000, 0x000000008fe00000|  0%| F|  |TAMS 0x000000008fd00000, 0x000000008fd00000| Untracked 
| 218|0x000000008fe00000, 0x000000008fe00000, 0x000000008ff00000|  0%| F|  |TAMS 0x000000008fe00000, 0x000000008fe00000| Untracked 
| 219|0x000000008ff00000, 0x0000000090000000, 0x0000000090000000|100%| O|  |TAMS 0x0000000090000000, 0x000000008ff00000| Untracked 
| 220|0x0000000090000000, 0x0000000090000000, 0x0000000090100000|  0%| F|  |TAMS 0x0000000090000000, 0x0000000090000000| Untracked 
| 221|0x0000000090100000, 0x0000000090100000, 0x0000000090200000|  0%| F|  |TAMS 0x0000000090100000, 0x0000000090100000| Untracked 
| 222|0x0000000090200000, 0x0000000090200000, 0x0000000090300000|  0%| F|  |TAMS 0x0000000090200000, 0x0000000090200000| Untracked 
| 223|0x0000000090300000, 0x0000000090300000, 0x0000000090400000|  0%| F|  |TAMS 0x0000000090300000, 0x0000000090300000| Untracked 
| 224|0x0000000090400000, 0x0000000090400000, 0x0000000090500000|  0%| F|  |TAMS 0x0000000090400000, 0x0000000090400000| Untracked 
| 225|0x0000000090500000, 0x0000000090500000, 0x0000000090600000|  0%| F|  |TAMS 0x0000000090500000, 0x0000000090500000| Untracked 
| 226|0x0000000090600000, 0x0000000090600000, 0x0000000090700000|  0%| F|  |TAMS 0x0000000090600000, 0x0000000090600000| Untracked 
| 227|0x0000000090700000, 0x0000000090700000, 0x0000000090800000|  0%| F|  |TAMS 0x0000000090700000, 0x0000000090700000| Untracked 
| 228|0x0000000090800000, 0x0000000090800000, 0x0000000090900000|  0%| F|  |TAMS 0x0000000090800000, 0x0000000090800000| Untracked 
| 229|0x0000000090900000, 0x0000000090900000, 0x0000000090a00000|  0%| F|  |TAMS 0x0000000090900000, 0x0000000090900000| Untracked 
| 230|0x0000000090a00000, 0x0000000090a00000, 0x0000000090b00000|  0%| F|  |TAMS 0x0000000090a00000, 0x0000000090a00000| Untracked 
| 231|0x0000000090b00000, 0x0000000090b00000, 0x0000000090c00000|  0%| F|  |TAMS 0x0000000090b00000, 0x0000000090b00000| Untracked 
| 232|0x0000000090c00000, 0x0000000090c00000, 0x0000000090d00000|  0%| F|  |TAMS 0x0000000090c00000, 0x0000000090c00000| Untracked 
| 233|0x0000000090d00000, 0x0000000090d00000, 0x0000000090e00000|  0%| F|  |TAMS 0x0000000090d00000, 0x0000000090d00000| Untracked 
| 234|0x0000000090e00000, 0x0000000090e00000, 0x0000000090f00000|  0%| F|  |TAMS 0x0000000090e00000, 0x0000000090e00000| Untracked 
| 235|0x0000000090f00000, 0x0000000090f00000, 0x0000000091000000|  0%| F|  |TAMS 0x0000000090f00000, 0x0000000090f00000| Untracked 
| 236|0x0000000091000000, 0x0000000091000000, 0x0000000091100000|  0%| F|  |TAMS 0x0000000091000000, 0x0000000091000000| Untracked 
| 237|0x0000000091100000, 0x0000000091100000, 0x0000000091200000|  0%| F|  |TAMS 0x0000000091100000, 0x0000000091100000| Untracked 
| 238|0x0000000091200000, 0x0000000091200000, 0x0000000091300000|  0%| F|  |TAMS 0x0000000091200000, 0x0000000091200000| Untracked 
| 239|0x0000000091300000, 0x0000000091300000, 0x0000000091400000|  0%| F|  |TAMS 0x0000000091300000, 0x0000000091300000| Untracked 
| 240|0x0000000091400000, 0x0000000091400000, 0x0000000091500000|  0%| F|  |TAMS 0x0000000091400000, 0x0000000091400000| Untracked 
| 241|0x0000000091500000, 0x0000000091500000, 0x0000000091600000|  0%| F|  |TAMS 0x0000000091500000, 0x0000000091500000| Untracked 
| 242|0x0000000091600000, 0x0000000091600000, 0x0000000091700000|  0%| F|  |TAMS 0x0000000091600000, 0x0000000091600000| Untracked 
| 243|0x0000000091700000, 0x0000000091700000, 0x0000000091800000|  0%| F|  |TAMS 0x0000000091700000, 0x0000000091700000| Untracked 
| 244|0x0000000091800000, 0x0000000091800000, 0x0000000091900000|  0%| F|  |TAMS 0x0000000091800000, 0x0000000091800000| Untracked 
| 245|0x0000000091900000, 0x0000000091900000, 0x0000000091a00000|  0%| F|  |TAMS 0x0000000091900000, 0x0000000091900000| Untracked 
| 246|0x0000000091a00000, 0x0000000091a00000, 0x0000000091b00000|  0%| F|  |TAMS 0x0000000091a00000, 0x0000000091a00000| Untracked 
| 247|0x0000000091b00000, 0x0000000091b00000, 0x0000000091c00000|  0%| F|  |TAMS 0x0000000091b00000, 0x0000000091b00000| Untracked 
| 248|0x0000000091c00000, 0x0000000091c00000, 0x0000000091d00000|  0%| F|  |TAMS 0x0000000091c00000, 0x0000000091c00000| Untracked 
| 249|0x0000000091d00000, 0x0000000091d00000, 0x0000000091e00000|  0%| F|  |TAMS 0x0000000091d00000, 0x0000000091d00000| Untracked 
| 250|0x0000000091e00000, 0x0000000091e00000, 0x0000000091f00000|  0%| F|  |TAMS 0x0000000091e00000, 0x0000000091e00000| Untracked 
| 251|0x0000000091f00000, 0x0000000091f00000, 0x0000000092000000|  0%| F|  |TAMS 0x0000000091f00000, 0x0000000091f00000| Untracked 
| 252|0x0000000092000000, 0x0000000092000000, 0x0000000092100000|  0%| F|  |TAMS 0x0000000092000000, 0x0000000092000000| Untracked 
| 253|0x0000000092100000, 0x0000000092100000, 0x0000000092200000|  0%| F|  |TAMS 0x0000000092100000, 0x0000000092100000| Untracked 
| 254|0x0000000092200000, 0x0000000092200000, 0x0000000092300000|  0%| F|  |TAMS 0x0000000092200000, 0x0000000092200000| Untracked 
| 255|0x0000000092300000, 0x0000000092300000, 0x0000000092400000|  0%| F|  |TAMS 0x0000000092300000, 0x0000000092300000| Untracked 
| 256|0x0000000092400000, 0x0000000092400000, 0x0000000092500000|  0%| F|  |TAMS 0x0000000092400000, 0x0000000092400000| Untracked 
| 257|0x0000000092500000, 0x0000000092500000, 0x0000000092600000|  0%| F|  |TAMS 0x0000000092500000, 0x0000000092500000| Untracked 
| 258|0x0000000092600000, 0x0000000092600000, 0x0000000092700000|  0%| F|  |TAMS 0x0000000092600000, 0x0000000092600000| Untracked 
| 259|0x0000000092700000, 0x0000000092700000, 0x0000000092800000|  0%| F|  |TAMS 0x0000000092700000, 0x0000000092700000| Untracked 
| 260|0x0000000092800000, 0x0000000092800000, 0x0000000092900000|  0%| F|  |TAMS 0x0000000092800000, 0x0000000092800000| Untracked 
| 261|0x0000000092900000, 0x0000000092900000, 0x0000000092a00000|  0%| F|  |TAMS 0x0000000092900000, 0x0000000092900000| Untracked 
| 262|0x0000000092a00000, 0x0000000092a277c8, 0x0000000092b00000| 15%| E|  |TAMS 0x0000000092a00000, 0x0000000092a00000| Complete 
| 263|0x0000000092b00000, 0x0000000092c00000, 0x0000000092c00000|100%| E|CS|TAMS 0x0000000092b00000, 0x0000000092b00000| Complete 
| 264|0x0000000092c00000, 0x0000000092d00000, 0x0000000092d00000|100%| E|CS|TAMS 0x0000000092c00000, 0x0000000092c00000| Complete 
| 265|0x0000000092d00000, 0x0000000092e00000, 0x0000000092e00000|100%| E|CS|TAMS 0x0000000092d00000, 0x0000000092d00000| Complete 
| 266|0x0000000092e00000, 0x0000000092f00000, 0x0000000092f00000|100%| E|CS|TAMS 0x0000000092e00000, 0x0000000092e00000| Complete 
| 267|0x0000000092f00000, 0x0000000093000000, 0x0000000093000000|100%| E|CS|TAMS 0x0000000092f00000, 0x0000000092f00000| Complete 
| 268|0x0000000093000000, 0x0000000093100000, 0x0000000093100000|100%| E|CS|TAMS 0x0000000093000000, 0x0000000093000000| Complete 
| 269|0x0000000093100000, 0x0000000093200000, 0x0000000093200000|100%| E|CS|TAMS 0x0000000093100000, 0x0000000093100000| Complete 
| 270|0x0000000093200000, 0x0000000093300000, 0x0000000093300000|100%| E|CS|TAMS 0x0000000093200000, 0x0000000093200000| Complete 
| 271|0x0000000093300000, 0x0000000093400000, 0x0000000093400000|100%| E|CS|TAMS 0x0000000093300000, 0x0000000093300000| Complete 
| 272|0x0000000093400000, 0x0000000093500000, 0x0000000093500000|100%| E|CS|TAMS 0x0000000093400000, 0x0000000093400000| Complete 
| 273|0x0000000093500000, 0x0000000093600000, 0x0000000093600000|100%| E|CS|TAMS 0x0000000093500000, 0x0000000093500000| Complete 

Card table byte_map: [0x000001b2d8320000,0x000001b2d8710000] _byte_map_base: 0x000001b2d7f0e000

Marking Bits (Prev, Next): (CMBitMap*) 0x000001b2c1210d10, (CMBitMap*) 0x000001b2c1210cd0
 Prev Bits: [0x000001b2daa70000, 0x000001b2dc9e0000)
 Next Bits: [0x000001b2d8b00000, 0x000001b2daa70000)

Polling page: 0x000001b2bf1a0000

Metaspace:

Usage:
  Non-class:     26.91 MB used.
      Class:      3.00 MB used.
       Both:     29.90 MB used.

Virtual space:
  Non-class space:       32.00 MB reserved,      27.06 MB ( 85%) committed,  4 nodes.
      Class space:        1.00 GB reserved,       3.12 MB ( <1%) committed,  1 nodes.
             Both:        1.03 GB reserved,      30.19 MB (  3%) committed. 

Chunk freelists:
   Non-Class:  752.00 KB
       Class:  737.00 KB
        Both:  1.45 MB

MaxMetaspaceSize: unlimited
CompressedClassSpaceSize: 1.00 GB
Initial GC threshold: 21.00 MB
Current GC threshold: 50.25 MB
CDS: on
MetaspaceReclaimPolicy: balanced
 - commit_granule_bytes: 65536.
 - commit_granule_words: 8192.
 - virtual_space_node_default_size: 1048576.
 - enlarge_chunks_in_place: 1.
 - new_chunks_are_fully_committed: 0.
 - uncommit_free_chunks: 1.
 - use_allocation_guard: 0.
 - handle_deallocations: 1.


Internal statistics:

num_allocs_failed_limit: 3.
num_arena_births: 348.
num_arena_deaths: 46.
num_vsnodes_births: 5.
num_vsnodes_deaths: 0.
num_space_committed: 483.
num_space_uncommitted: 0.
num_chunks_returned_to_freelist: 61.
num_chunks_taken_from_freelist: 797.
num_chunk_merges: 4.
num_chunk_splits: 409.
num_chunks_enlarged: 186.
num_purges: 2.
num_inconsistent_stats: 0.

CodeHeap 'non-profiled nmethods': size=120000Kb used=8879Kb max_used=8879Kb free=111120Kb
 bounds [0x000001b2d04b0000, 0x000001b2d0d60000, 0x000001b2d79e0000]
CodeHeap 'profiled nmethods': size=120000Kb used=18090Kb max_used=18090Kb free=101909Kb
 bounds [0x000001b2c8f80000, 0x000001b2ca130000, 0x000001b2d04b0000]
CodeHeap 'non-nmethods': size=5760Kb used=1415Kb max_used=1498Kb free=4344Kb
 bounds [0x000001b2c89e0000, 0x000001b2c8c50000, 0x000001b2c8f80000]
 total_blobs=9662 nmethods=8896 adapters=675
 compilation: enabled
              stopped_count=0, restarted_count=0
 full_count=0

Compilation events (20 events):
Event: 1080.141 Thread 0x000001b2df5f1150 11058       4       sun.awt.AWTAccessor::getMouseEventAccessor (15 bytes)
Event: 1080.141 Thread 0x000001b2df5f1150 nmethod 11058 0x000001b2d0d5b390 code [0x000001b2d0d5b500, 0x000001b2d0d5b578]
Event: 1080.141 Thread 0x000001b2df5f1150 11059       4       java.awt.event.MouseEvent$1::isCausedByTouchEvent (5 bytes)
Event: 1080.141 Thread 0x000001b2df5f1150 nmethod 11059 0x000001b2d0d5b690 code [0x000001b2d0d5b800, 0x000001b2d0d5b898]
Event: 1080.353 Thread 0x000001b2df5fcb30 11060       3       javax.swing.Autoscroller::start (141 bytes)
Event: 1080.355 Thread 0x000001b2df5fcb30 nmethod 11060 0x000001b2ca122090 code [0x000001b2ca1223a0, 0x000001b2ca123a08]
Event: 1080.831 Thread 0x000001b2df5f1150 11061       4       java.awt.event.MouseEvent$1::setCausedByTouchEvent (6 bytes)
Event: 1080.832 Thread 0x000001b2df5f1150 nmethod 11061 0x000001b2d0d5b990 code [0x000001b2d0d5bb00, 0x000001b2d0d5bb98]
Event: 1081.050 Thread 0x000001b2df5fcb30 11062       3       javax.swing.text.FieldView::viewToModel (14 bytes)
Event: 1081.055 Thread 0x000001b2df5fcb30 nmethod 11062 0x000001b2ca124190 code [0x000001b2ca124340, 0x000001b2ca1244f8]
Event: 1081.055 Thread 0x000001b2df5fcb30 11063   !   3       javax.swing.text.PlainView::viewToModel (312 bytes)
Event: 1081.057 Thread 0x000001b2df5fcb30 nmethod 11063 0x000001b2ca124610 code [0x000001b2ca1249c0, 0x000001b2ca126668]
Event: 1081.776 Thread 0x000001b2df5f1150 11064       4       java.util.Spliterator::getExactSizeIfKnown (25 bytes)
Event: 1081.777 Thread 0x000001b2df5f1150 nmethod 11064 0x000001b2d0d5bc90 code [0x000001b2d0d5be20, 0x000001b2d0d5bed8]
Event: 1081.833 Thread 0x000001b2df5fcb30 11065       3       java.util.concurrent.ScheduledThreadPoolExecutor$ScheduledFutureTask::setNextRunTime (38 bytes)
Event: 1081.833 Thread 0x000001b2df5fcb30 nmethod 11065 0x000001b2ca127210 code [0x000001b2ca1273c0, 0x000001b2ca1275e8]
Event: 1081.833 Thread 0x000001b2df5fcb30 11067   !   3       java.util.concurrent.FutureTask::runAndReset (125 bytes)
Event: 1081.835 Thread 0x000001b2df5fcb30 nmethod 11067 0x000001b2ca127710 code [0x000001b2ca127b80, 0x000001b2ca129e48]
Event: 1081.835 Thread 0x000001b2df5fcb30 11066       3       java.util.concurrent.ScheduledThreadPoolExecutor::reExecutePeriodic (49 bytes)
Event: 1081.835 Thread 0x000001b2df5fcb30 nmethod 11066 0x000001b2ca12a990 code [0x000001b2ca12aba0, 0x000001b2ca12b228]

GC Heap History (20 events):
Event: 1021.802 GC heap before
{Heap before GC invocations=182 (full 107):
 garbage-first heap   total 264192K, used 103229K [0x0000000082400000, 0x0000000100000000)
  region size 1024K, 12 young (12288K), 5 survivors (5120K)
 Metaspace       used 30518K, committed 30784K, reserved 1081344K
  class space    used 3067K, committed 3200K, reserved 1048576K
}
Event: 1021.821 GC heap after
{Heap after GC invocations=183 (full 107):
 garbage-first heap   total 264192K, used 96173K [0x0000000082400000, 0x0000000100000000)
  region size 1024K, 1 young (1024K), 1 survivors (1024K)
 Metaspace       used 30518K, committed 30784K, reserved 1081344K
  class space    used 3067K, committed 3200K, reserved 1048576K
}
Event: 1026.779 GC heap before
{Heap before GC invocations=183 (full 107):
 garbage-first heap   total 264192K, used 209837K [0x0000000082400000, 0x0000000100000000)
  region size 1024K, 113 young (115712K), 1 survivors (1024K)
 Metaspace       used 30527K, committed 30784K, reserved 1081344K
  class space    used 3067K, committed 3200K, reserved 1048576K
}
Event: 1026.862 GC heap after
{Heap after GC invocations=184 (full 107):
 garbage-first heap   total 557056K, used 102736K [0x0000000082400000, 0x0000000100000000)
  region size 1024K, 8 young (8192K), 8 survivors (8192K)
 Metaspace       used 30527K, committed 30784K, reserved 1081344K
  class space    used 3067K, committed 3200K, reserved 1048576K
}
Event: 1028.402 GC heap before
{Heap before GC invocations=185 (full 107):
 garbage-first heap   total 358400K, used 145792K [0x0000000082400000, 0x0000000100000000)
  region size 1024K, 55 young (56320K), 8 survivors (8192K)
 Metaspace       used 30541K, committed 30784K, reserved 1081344K
  class space    used 3067K, committed 3200K, reserved 1048576K
}
Event: 1028.433 GC heap after
{Heap after GC invocations=186 (full 108):
 garbage-first heap   total 296960K, used 84343K [0x0000000082400000, 0x0000000100000000)
  region size 1024K, 0 young (0K), 0 survivors (0K)
 Metaspace       used 30541K, committed 30784K, reserved 1081344K
  class space    used 3067K, committed 3200K, reserved 1048576K
}
Event: 1031.769 GC heap before
{Heap before GC invocations=186 (full 108):
 garbage-first heap   total 296960K, used 116087K [0x0000000082400000, 0x0000000100000000)
  region size 1024K, 33 young (33792K), 0 survivors (0K)
 Metaspace       used 30546K, committed 30848K, reserved 1081344K
  class space    used 3067K, committed 3200K, reserved 1048576K
}
Event: 1031.801 GC heap after
{Heap after GC invocations=187 (full 109):
 garbage-first heap   total 293888K, used 83059K [0x0000000082400000, 0x0000000100000000)
  region size 1024K, 0 young (0K), 0 survivors (0K)
 Metaspace       used 30546K, committed 30848K, reserved 1081344K
  class space    used 3067K, committed 3200K, reserved 1048576K
}
Event: 1041.782 GC heap before
{Heap before GC invocations=187 (full 109):
 garbage-first heap   total 293888K, used 147571K [0x0000000082400000, 0x0000000100000000)
  region size 1024K, 65 young (66560K), 0 survivors (0K)
 Metaspace       used 30569K, committed 30912K, reserved 1081344K
  class space    used 3067K, committed 3200K, reserved 1048576K
}
Event: 1041.786 GC heap after
{Heap after GC invocations=188 (full 109):
 garbage-first heap   total 293888K, used 86131K [0x0000000082400000, 0x0000000100000000)
  region size 1024K, 3 young (3072K), 3 survivors (3072K)
 Metaspace       used 30569K, committed 30912K, reserved 1081344K
  class space    used 3067K, committed 3200K, reserved 1048576K
}
Event: 1047.911 GC heap before
{Heap before GC invocations=189 (full 109):
 garbage-first heap   total 293888K, used 100467K [0x0000000082400000, 0x0000000100000000)
  region size 1024K, 19 young (19456K), 3 survivors (3072K)
 Metaspace       used 30569K, committed 30912K, reserved 1081344K
  class space    used 3067K, committed 3200K, reserved 1048576K
}
Event: 1047.939 GC heap after
{Heap after GC invocations=190 (full 110):
 garbage-first heap   total 286720K, used 81852K [0x0000000082400000, 0x0000000100000000)
  region size 1024K, 0 young (0K), 0 survivors (0K)
 Metaspace       used 30569K, committed 30912K, reserved 1081344K
  class space    used 3067K, committed 3200K, reserved 1048576K
}
Event: 1051.780 GC heap before
{Heap before GC invocations=190 (full 110):
 garbage-first heap   total 286720K, used 81852K [0x0000000082400000, 0x0000000100000000)
  region size 1024K, 1 young (1024K), 0 survivors (0K)
 Metaspace       used 30569K, committed 30912K, reserved 1081344K
  class space    used 3067K, committed 3200K, reserved 1048576K
}
Event: 1051.815 GC heap after
{Heap after GC invocations=191 (full 111):
 garbage-first heap   total 280576K, used 81684K [0x0000000082400000, 0x0000000100000000)
  region size 1024K, 0 young (0K), 0 survivors (0K)
 Metaspace       used 30569K, committed 30912K, reserved 1081344K
  class space    used 3067K, committed 3200K, reserved 1048576K
}
Event: 1061.783 GC heap before
{Heap before GC invocations=191 (full 111):
 garbage-first heap   total 280576K, used 181012K [0x0000000082400000, 0x0000000100000000)
  region size 1024K, 99 young (101376K), 0 survivors (0K)
 Metaspace       used 30597K, committed 30912K, reserved 1081344K
  class space    used 3067K, committed 3200K, reserved 1048576K
}
Event: 1061.832 GC heap after
{Heap after GC invocations=192 (full 112):
 garbage-first heap   total 280576K, used 94389K [0x0000000082400000, 0x0000000100000000)
  region size 1024K, 0 young (0K), 0 survivors (0K)
 Metaspace       used 30597K, committed 30912K, reserved 1081344K
  class space    used 3067K, committed 3200K, reserved 1048576K
}
Event: 1071.780 GC heap before
{Heap before GC invocations=192 (full 112):
 garbage-first heap   total 280576K, used 118965K [0x0000000082400000, 0x0000000100000000)
  region size 1024K, 26 young (26624K), 0 survivors (0K)
 Metaspace       used 30608K, committed 30912K, reserved 1081344K
  class space    used 3067K, committed 3200K, reserved 1048576K
}
Event: 1071.835 GC heap after
{Heap after GC invocations=193 (full 113):
 garbage-first heap   total 280576K, used 94032K [0x0000000082400000, 0x0000000100000000)
  region size 1024K, 0 young (0K), 0 survivors (0K)
 Metaspace       used 30608K, committed 30912K, reserved 1081344K
  class space    used 3067K, committed 3200K, reserved 1048576K
}
Event: 1081.787 GC heap before
{Heap before GC invocations=193 (full 113):
 garbage-first heap   total 280576K, used 166736K [0x0000000082400000, 0x0000000100000000)
  region size 1024K, 73 young (74752K), 0 survivors (0K)
 Metaspace       used 30618K, committed 30912K, reserved 1081344K
  class space    used 3067K, committed 3200K, reserved 1048576K
}
Event: 1081.832 GC heap after
{Heap after GC invocations=194 (full 114):
 garbage-first heap   total 280576K, used 87379K [0x0000000082400000, 0x0000000100000000)
  region size 1024K, 0 young (0K), 0 survivors (0K)
 Metaspace       used 30618K, committed 30912K, reserved 1081344K
  class space    used 3067K, committed 3200K, reserved 1048576K
}

Deoptimization events (20 events):
Event: 1028.258 Thread 0x000001b2e4fe4010 Uncommon trap: trap_request=0xffffff45 fr.pc=0x000001b2d06dfd68 relative=0x0000000000000248
Event: 1028.258 Thread 0x000001b2e4fe4010 Uncommon trap: reason=unstable_if action=reinterpret pc=0x000001b2d06dfd68 method=java.util.HashMap$HashIterator.<init>(Ljava/util/HashMap;)V @ 45 c2
Event: 1028.258 Thread 0x000001b2e4fe4010 DEOPT PACKING pc=0x000001b2d06dfd68 sp=0x0000001b8d7ff260
Event: 1028.262 Thread 0x000001b2e4fe4010 DEOPT UNPACKING pc=0x000001b2c8a323a3 sp=0x0000001b8d7ff150 mode 2
Event: 1031.898 Thread 0x000001b2e3609430 DEOPT PACKING pc=0x000001b2c9232f5d sp=0x0000001b8cdfe620
Event: 1031.898 Thread 0x000001b2e3609430 DEOPT UNPACKING pc=0x000001b2c8a32b43 sp=0x0000001b8cdfdb48 mode 0
Event: 1056.145 Thread 0x000001b2e18b9930 Uncommon trap: trap_request=0xffffff45 fr.pc=0x000001b2d0b44bb0 relative=0x0000000000000090
Event: 1056.145 Thread 0x000001b2e18b9930 Uncommon trap: reason=unstable_if action=reinterpret pc=0x000001b2d0b44bb0 method=java.awt.Component.enable(Z)V @ 1 c2
Event: 1056.145 Thread 0x000001b2e18b9930 DEOPT PACKING pc=0x000001b2d0b44bb0 sp=0x0000001b8aefe5e0
Event: 1056.145 Thread 0x000001b2e18b9930 DEOPT UNPACKING pc=0x000001b2c8a323a3 sp=0x0000001b8aefe4a8 mode 2
Event: 1057.383 Thread 0x000001b2e18b9930 Uncommon trap: trap_request=0xffffff45 fr.pc=0x000001b2d0b44f5c relative=0x000000000000005c
Event: 1057.383 Thread 0x000001b2e18b9930 Uncommon trap: reason=unstable_if action=reinterpret pc=0x000001b2d0b44f5c method=javax.swing.JComponent.enable()V @ 5 c2
Event: 1057.383 Thread 0x000001b2e18b9930 DEOPT PACKING pc=0x000001b2d0b44f5c sp=0x0000001b8aefe590
Event: 1057.383 Thread 0x000001b2e18b9930 DEOPT UNPACKING pc=0x000001b2c8a323a3 sp=0x0000001b8aefe520 mode 2
Event: 1069.763 Thread 0x000001b2e18b9930 DEOPT PACKING pc=0x000001b2c94b6c15 sp=0x0000001b8aefea70
Event: 1069.770 Thread 0x000001b2e18b9930 DEOPT UNPACKING pc=0x000001b2c8a32b43 sp=0x0000001b8aefdf10 mode 0
Event: 1085.061 Thread 0x000001b2e092d5a0 Uncommon trap: trap_request=0xffffff45 fr.pc=0x000001b2d0c06200 relative=0x0000000000000960
Event: 1085.061 Thread 0x000001b2e092d5a0 Uncommon trap: reason=unstable_if action=reinterpret pc=0x000001b2d0c06200 method=org.sqlite.core.DB.execute(Lorg/sqlite/core/CoreStatement;[Ljava/lang/Object;)Z @ 117 c2
Event: 1085.061 Thread 0x000001b2e092d5a0 DEOPT PACKING pc=0x000001b2d0c06200 sp=0x0000001b8c1ff040
Event: 1085.061 Thread 0x000001b2e092d5a0 DEOPT UNPACKING pc=0x000001b2c8a323a3 sp=0x0000001b8c1fef58 mode 2

Classes unloaded (20 events):
Event: 11.782 Thread 0x000001b2df5cf120 Unloading class 0x0000000800e20400 'java/lang/invoke/LambdaForm$DMH+0x0000000800e20400'
Event: 11.782 Thread 0x000001b2df5cf120 Unloading class 0x0000000800e1c400 'java/lang/invoke/LambdaForm$DMH+0x0000000800e1c400'
Event: 11.782 Thread 0x000001b2df5cf120 Unloading class 0x0000000800e11400 'java/lang/invoke/LambdaForm$MH+0x0000000800e11400'
Event: 11.782 Thread 0x000001b2df5cf120 Unloading class 0x0000000800e10c00 'java/lang/invoke/LambdaForm$DMH+0x0000000800e10c00'
Event: 11.782 Thread 0x000001b2df5cf120 Unloading class 0x0000000800e10000 'java/lang/invoke/LambdaForm$MH+0x0000000800e10000'
Event: 11.782 Thread 0x000001b2df5cf120 Unloading class 0x0000000800e0f800 'java/lang/invoke/LambdaForm$MH+0x0000000800e0f800'
Event: 11.782 Thread 0x000001b2df5cf120 Unloading class 0x0000000800e0f000 'java/lang/invoke/LambdaForm$MH+0x0000000800e0f000'
Event: 11.782 Thread 0x000001b2df5cf120 Unloading class 0x0000000800e0e800 'java/lang/invoke/LambdaForm$MH+0x0000000800e0e800'
Event: 11.782 Thread 0x000001b2df5cf120 Unloading class 0x0000000800e0e000 'java/lang/invoke/LambdaForm$MH+0x0000000800e0e000'
Event: 11.782 Thread 0x000001b2df5cf120 Unloading class 0x0000000800e0d800 'java/lang/invoke/LambdaForm$MH+0x0000000800e0d800'
Event: 11.782 Thread 0x000001b2df5cf120 Unloading class 0x0000000800e0d000 'java/lang/invoke/LambdaForm$MH+0x0000000800e0d000'
Event: 11.782 Thread 0x000001b2df5cf120 Unloading class 0x0000000800e0c800 'java/lang/invoke/LambdaForm$MH+0x0000000800e0c800'
Event: 11.782 Thread 0x000001b2df5cf120 Unloading class 0x0000000800e0c000 'java/lang/invoke/LambdaForm$MH+0x0000000800e0c000'
Event: 11.782 Thread 0x000001b2df5cf120 Unloading class 0x0000000800e04400 'java/lang/invoke/LambdaForm$DMH+0x0000000800e04400'
Event: 11.782 Thread 0x000001b2df5cf120 Unloading class 0x0000000800d98400 'java/lang/invoke/LambdaForm$MH+0x0000000800d98400'
Event: 11.782 Thread 0x000001b2df5cf120 Unloading class 0x0000000800d93c00 'java/lang/invoke/LambdaForm$MH+0x0000000800d93c00'
Event: 11.782 Thread 0x000001b2df5cf120 Unloading class 0x0000000800d93400 'java/lang/invoke/LambdaForm$MH+0x0000000800d93400'
Event: 11.782 Thread 0x000001b2df5cf120 Unloading class 0x0000000800d92c00 'java/lang/invoke/LambdaForm$MH+0x0000000800d92c00'
Event: 11.782 Thread 0x000001b2df5cf120 Unloading class 0x0000000800d92800 'java/lang/invoke/LambdaForm$MH+0x0000000800d92800'
Event: 11.782 Thread 0x000001b2df5cf120 Unloading class 0x0000000800d91c00 'java/lang/invoke/LambdaForm$MH+0x0000000800d91c00'

Classes redefined (0 events):
No events

Internal exceptions (20 events):
Event: 937.432 Thread 0x000001b2e3b5b2b0 Exception <a 'java/lang/ArrayIndexOutOfBoundsException'{0x000000008ed33b58}> (0x000000008ed33b58) 
thrown [t:\workspace\open\src\hotspot\share\runtime\sharedRuntime.cpp, line 628]
Event: 937.432 Thread 0x000001b2e3b5b2b0 Exception <a 'java/lang/ArrayIndexOutOfBoundsException'{0x000000008ed35ac8}> (0x000000008ed35ac8) 
thrown [t:\workspace\open\src\hotspot\share\runtime\sharedRuntime.cpp, line 628]
Event: 937.432 Thread 0x000001b2e3b5b2b0 Exception <a 'java/lang/ArrayIndexOutOfBoundsException'{0x000000008ed43208}> (0x000000008ed43208) 
thrown [t:\workspace\open\src\hotspot\share\runtime\sharedRuntime.cpp, line 628]
Event: 937.432 Thread 0x000001b2e3b5b2b0 Exception <a 'java/lang/ArrayIndexOutOfBoundsException'{0x000000008ed4cd20}> (0x000000008ed4cd20) 
thrown [t:\workspace\open\src\hotspot\share\runtime\sharedRuntime.cpp, line 628]
Event: 937.433 Thread 0x000001b2e3b5b2b0 Exception <a 'java/lang/ArrayIndexOutOfBoundsException'{0x000000008ed65c48}> (0x000000008ed65c48) 
thrown [t:\workspace\open\src\hotspot\share\runtime\sharedRuntime.cpp, line 628]
Event: 937.434 Thread 0x000001b2e3b58c30 Exception <a 'java/lang/ArrayIndexOutOfBoundsException'{0x000000008edf09d8}> (0x000000008edf09d8) 
thrown [t:\workspace\open\src\hotspot\share\runtime\sharedRuntime.cpp, line 628]
Event: 937.435 Thread 0x000001b2e3b5b2b0 Exception <a 'java/lang/ArrayIndexOutOfBoundsException'{0x000000008ec88238}> (0x000000008ec88238) 
thrown [t:\workspace\open\src\hotspot\share\runtime\sharedRuntime.cpp, line 628]
Event: 937.436 Thread 0x000001b2e3b5b2b0 Exception <a 'java/lang/ArrayIndexOutOfBoundsException'{0x000000008ecb9d28}> (0x000000008ecb9d28) 
thrown [t:\workspace\open\src\hotspot\share\runtime\sharedRuntime.cpp, line 628]
Event: 937.438 Thread 0x000001b2e3b5b2b0 Exception <a 'java/lang/ArrayIndexOutOfBoundsException'{0x000000008ece7ab8}> (0x000000008ece7ab8) 
thrown [t:\workspace\open\src\hotspot\share\runtime\sharedRuntime.cpp, line 628]
Event: 937.442 Thread 0x000001b2e3b5b2b0 Exception <a 'java/lang/ArrayIndexOutOfBoundsException'{0x000000008eb6d3f8}> (0x000000008eb6d3f8) 
thrown [t:\workspace\open\src\hotspot\share\runtime\sharedRuntime.cpp, line 628]
Event: 937.443 Thread 0x000001b2e3b5b2b0 Exception <a 'java/lang/ArrayIndexOutOfBoundsException'{0x000000008eb78d70}> (0x000000008eb78d70) 
thrown [t:\workspace\open\src\hotspot\share\runtime\sharedRuntime.cpp, line 628]
Event: 937.444 Thread 0x000001b2e3b5b2b0 Exception <a 'java/lang/ArrayIndexOutOfBoundsException'{0x000000008ea13730}> (0x000000008ea13730) 
thrown [t:\workspace\open\src\hotspot\share\runtime\sharedRuntime.cpp, line 628]
Event: 937.449 Thread 0x000001b2e3b5b2b0 Exception <a 'java/lang/ArrayIndexOutOfBoundsException'{0x000000008e90b3a0}> (0x000000008e90b3a0) 
thrown [t:\workspace\open\src\hotspot\share\runtime\sharedRuntime.cpp, line 628]
Event: 965.108 Thread 0x000001b2e1838550 Implicit null exception at 0x000001b2d083a841 to 0x000001b2d083b71c
Event: 965.109 Thread 0x000001b2e1838550 Implicit null exception at 0x000001b2d083a841 to 0x000001b2d083b71c
Event: 965.109 Thread 0x000001b2e1838550 Implicit null exception at 0x000001b2d083a841 to 0x000001b2d083b71c
Event: 965.111 Thread 0x000001b2e1838550 Implicit null exception at 0x000001b2d083a841 to 0x000001b2d083b71c
Event: 965.120 Thread 0x000001b2e1836d40 Implicit null exception at 0x000001b2d083a841 to 0x000001b2d083b71c
Event: 965.127 Thread 0x000001b2e1837210 Implicit null exception at 0x000001b2d083a841 to 0x000001b2d083b71c
Event: 965.131 Thread 0x000001b2e1835530 Implicit null exception at 0x000001b2d083a841 to 0x000001b2d083b71c

VM Operations (20 events):
Event: 1067.891 Executing VM operation: Cleanup done
Event: 1069.903 Executing VM operation: Cleanup
Event: 1069.904 Executing VM operation: Cleanup done
Event: 1071.779 Executing VM operation: G1CollectFull
Event: 1071.835 Executing VM operation: G1CollectFull done
Event: 1072.841 Executing VM operation: Cleanup
Event: 1072.841 Executing VM operation: Cleanup done
Event: 1074.871 Executing VM operation: Cleanup
Event: 1074.872 Executing VM operation: Cleanup done
Event: 1076.887 Executing VM operation: Cleanup
Event: 1076.903 Executing VM operation: Cleanup done
Event: 1077.918 Executing VM operation: Cleanup
Event: 1077.919 Executing VM operation: Cleanup done
Event: 1079.925 Executing VM operation: Cleanup
Event: 1079.925 Executing VM operation: Cleanup done
Event: 1080.941 Executing VM operation: Cleanup
Event: 1080.941 Executing VM operation: Cleanup done
Event: 1081.787 Executing VM operation: G1CollectFull
Event: 1081.832 Executing VM operation: G1CollectFull done
Event: 1091.769 Executing VM operation: G1CollectFull

Events (20 events):
Event: 1074.829 Thread 0x000001b2e092e8e0 Thread added: 0x000001b2e092e8e0
Event: 1075.444 Thread 0x000001b2e0bbfc60 Thread added: 0x000001b2e0bbfc60
Event: 1075.444 Thread 0x000001b2e0c9e560 Thread added: 0x000001b2e0c9e560
Event: 1075.445 Thread 0x000001b2e0bbfc60 Thread exited: 0x000001b2e0bbfc60
Event: 1075.445 Thread 0x000001b2e0c9e560 Thread exited: 0x000001b2e0c9e560
Event: 1075.451 Thread 0x000001b2e32becf0 Thread added: 0x000001b2e32becf0
Event: 1075.451 Thread 0x000001b2e32becf0 Thread exited: 0x000001b2e32becf0
Event: 1075.578 Thread 0x000001b2e034d9b0 Thread added: 0x000001b2e034d9b0
Event: 1075.579 Thread 0x000001b2e034d9b0 Thread exited: 0x000001b2e034d9b0
Event: 1075.595 Thread 0x000001b2e092d0d0 Thread added: 0x000001b2e092d0d0
Event: 1075.595 Thread 0x000001b2e092d0d0 Thread exited: 0x000001b2e092d0d0
Event: 1075.997 Thread 0x000001b2e0c9ea30 Thread exited: 0x000001b2e0c9ea30
Event: 1076.372 Thread 0x000001b2e0d45c70 Thread exited: 0x000001b2e0d45c70
Event: 1077.355 Thread 0x000001b2e20d7a20 Thread added: 0x000001b2e20d7a20
Event: 1077.355 Thread 0x000001b2e073d630 Thread added: 0x000001b2e073d630
Event: 1077.355 Thread 0x000001b2e20d7a20 Thread exited: 0x000001b2e20d7a20
Event: 1077.355 Thread 0x000001b2e073d630 Thread exited: 0x000001b2e073d630
Event: 1081.776 Thread 0x000001b2e092d5a0 Thread added: 0x000001b2e092d5a0
Event: 1084.832 Thread 0x000001b2e092e8e0 Thread exited: 0x000001b2e092e8e0
Event: 1089.066 Thread 0x000001b2e092d5a0 Thread exited: 0x000001b2e092d5a0


Dynamic libraries:
0x00007ff719eb0000 - 0x00007ff719ec0000 	C:\Program Files\Java\jdk-17.0.1\bin\java.exe
0x00007fffb81e0000 - 0x00007fffb83e9000 	C:\WINDOWS\SYSTEM32\ntdll.dll
0x00007fffb7550000 - 0x00007fffb760d000 	C:\WINDOWS\System32\KERNEL32.DLL
0x00007fffb5d00000 - 0x00007fffb6079000 	C:\WINDOWS\System32\KERNELBASE.dll
0x00007fffb5ac0000 - 0x00007fffb5bd1000 	C:\WINDOWS\System32\ucrtbase.dll
0x00007fffb0fb0000 - 0x00007fffb0fca000 	C:\Program Files\Java\jdk-17.0.1\bin\VCRUNTIME140.dll
0x00007fffb1960000 - 0x00007fffb1978000 	C:\Program Files\Java\jdk-17.0.1\bin\jli.dll
0x00007fffb7620000 - 0x00007fffb76ce000 	C:\WINDOWS\System32\ADVAPI32.dll
0x00007fffb77d0000 - 0x00007fffb7873000 	C:\WINDOWS\System32\msvcrt.dll
0x00007fffb8100000 - 0x00007fffb819e000 	C:\WINDOWS\System32\sechost.dll
0x00007fffb7fe0000 - 0x00007fffb8100000 	C:\WINDOWS\System32\RPCRT4.dll
0x00007fffb7c80000 - 0x00007fffb7e2c000 	C:\WINDOWS\System32\USER32.dll
0x00007fff9c240000 - 0x00007fff9c4e5000 	C:\WINDOWS\WinSxS\amd64_microsoft.windows.common-controls_6595b64144ccf1df_6.0.22000.120_none_9d947278b86cc467\COMCTL32.dll
0x00007fffb5be0000 - 0x00007fffb5c06000 	C:\WINDOWS\System32\win32u.dll
0x00007fffb78c0000 - 0x00007fffb78e9000 	C:\WINDOWS\System32\GDI32.dll
0x00007fffb59a0000 - 0x00007fffb5ab2000 	C:\WINDOWS\System32\gdi32full.dll
0x00007fffaeba0000 - 0x00007fffaebaa000 	C:\WINDOWS\SYSTEM32\VERSION.dll
0x00007fffb56d0000 - 0x00007fffb576d000 	C:\WINDOWS\System32\msvcp_win.dll
0x00007fffb7880000 - 0x00007fffb78b1000 	C:\WINDOWS\System32\IMM32.DLL
0x00007fffb1950000 - 0x00007fffb195c000 	C:\Program Files\Java\jdk-17.0.1\bin\vcruntime140_1.dll
0x00007fffb0a80000 - 0x00007fffb0b0d000 	C:\Program Files\Java\jdk-17.0.1\bin\msvcp140.dll
0x00007fff57610000 - 0x00007fff581ce000 	C:\Program Files\Java\jdk-17.0.1\bin\server\jvm.dll
0x00007fffb78f0000 - 0x00007fffb78f8000 	C:\WINDOWS\System32\PSAPI.DLL
0x00007fffb0690000 - 0x00007fffb06c3000 	C:\WINDOWS\SYSTEM32\WINMM.dll
0x00007fffb1920000 - 0x00007fffb1929000 	C:\WINDOWS\SYSTEM32\WSOCK32.dll
0x00007fffb7450000 - 0x00007fffb74bf000 	C:\WINDOWS\System32\WS2_32.dll
0x00007fffb4880000 - 0x00007fffb4898000 	C:\WINDOWS\SYSTEM32\kernel.appcore.dll
0x00007fffb1930000 - 0x00007fffb193a000 	C:\Program Files\Java\jdk-17.0.1\bin\jimage.dll
0x00007fffb31d0000 - 0x00007fffb33f1000 	C:\WINDOWS\SYSTEM32\DBGHELP.DLL
0x00007fff9ebf0000 - 0x00007fff9ec21000 	C:\WINDOWS\SYSTEM32\dbgcore.DLL
0x00007fffb5c10000 - 0x00007fffb5c8f000 	C:\WINDOWS\System32\bcryptPrimitives.dll
0x00007fffb18c0000 - 0x00007fffb18ce000 	C:\Program Files\Java\jdk-17.0.1\bin\instrument.dll
0x00007fffb0a50000 - 0x00007fffb0a75000 	C:\Program Files\Java\jdk-17.0.1\bin\java.dll
0x00007fff8c130000 - 0x00007fff8c206000 	C:\Program Files\Java\jdk-17.0.1\bin\svml.dll
0x00007fffb6080000 - 0x00007fffb682f000 	C:\WINDOWS\System32\SHELL32.dll
0x00007fffb3810000 - 0x00007fffb4078000 	C:\WINDOWS\SYSTEM32\windows.storage.dll
0x00007fffb6830000 - 0x00007fffb6ba8000 	C:\WINDOWS\System32\combase.dll
0x00007fffb3690000 - 0x00007fffb37f6000 	C:\WINDOWS\SYSTEM32\wintypes.dll
0x00007fffb7b90000 - 0x00007fffb7c7a000 	C:\WINDOWS\System32\SHCORE.dll
0x00007fffb7ef0000 - 0x00007fffb7f4d000 	C:\WINDOWS\System32\shlwapi.dll
0x00007fffb5600000 - 0x00007fffb5621000 	C:\WINDOWS\SYSTEM32\profapi.dll
0x00007fffb09b0000 - 0x00007fffb09c8000 	C:\Program Files\Java\jdk-17.0.1\bin\zip.dll
0x00007fffb0f90000 - 0x00007fffb0fa9000 	C:\Program Files\Java\jdk-17.0.1\bin\net.dll
0x00007fffaf270000 - 0x00007fffaf37c000 	C:\WINDOWS\SYSTEM32\WINHTTP.dll
0x00007fffb4cd0000 - 0x00007fffb4d37000 	C:\WINDOWS\system32\mswsock.dll
0x00007fffb0a30000 - 0x00007fffb0a45000 	C:\Program Files\Java\jdk-17.0.1\bin\nio.dll
0x00007fffb0960000 - 0x00007fffb097a000 	C:\Program Files\JetBrains\IntelliJ IDEA Community Edition 2021.3\bin\breakgen64.dll
0x00007fff8bfa0000 - 0x00007fff8c12f000 	C:\Program Files\Java\jdk-17.0.1\bin\awt.dll
0x00007fffb76d0000 - 0x00007fffb77a6000 	C:\WINDOWS\System32\OLEAUT32.dll
0x00007fffb2870000 - 0x00007fffb2901000 	C:\WINDOWS\SYSTEM32\apphelp.dll
0x00007fffb2cd0000 - 0x00007fffb2cff000 	C:\WINDOWS\system32\DWMAPI.DLL
0x00007fffb29e0000 - 0x00007fffb2a8c000 	C:\WINDOWS\system32\uxtheme.dll
0x00007fff8db10000 - 0x00007fff8dc11000 	C:\WINDOWS\system32\opengl32.dll
0x00007fff8daa0000 - 0x00007fff8dacd000 	C:\WINDOWS\SYSTEM32\GLU32.dll
0x00007fffb2b00000 - 0x00007fffb2b38000 	C:\WINDOWS\SYSTEM32\dxcore.dll
0x00007fffb6ea0000 - 0x00007fffb6fbe000 	C:\WINDOWS\System32\MSCTF.dll
0x00007fffb79f0000 - 0x00007fffb7b8a000 	C:\WINDOWS\System32\ole32.dll
0x00007fff97320000 - 0x00007fff9734d000 	C:\Program Files\Java\jdk-17.0.1\bin\javajpeg.dll
0x00007fffb4f40000 - 0x00007fffb4f58000 	C:\WINDOWS\SYSTEM32\CRYPTSP.dll
0x00007fffb47e0000 - 0x00007fffb4815000 	C:\WINDOWS\system32\rsaenh.dll
0x00007fffb4de0000 - 0x00007fffb4e09000 	C:\WINDOWS\SYSTEM32\USERENV.dll
0x00007fffb50b0000 - 0x00007fffb50d7000 	C:\WINDOWS\SYSTEM32\bcrypt.dll
0x00007fffb4f30000 - 0x00007fffb4f3c000 	C:\WINDOWS\SYSTEM32\CRYPTBASE.dll
0x00007fffb43b0000 - 0x00007fffb43dd000 	C:\WINDOWS\SYSTEM32\IPHLPAPI.DLL
0x00007fffb7610000 - 0x00007fffb7619000 	C:\WINDOWS\System32\NSI.dll
0x00007fffaece0000 - 0x00007fffaecf9000 	C:\WINDOWS\SYSTEM32\dhcpcsvc6.DLL
0x00007fffb0600000 - 0x00007fffb061e000 	C:\WINDOWS\SYSTEM32\dhcpcsvc.DLL
0x00007fffb43e0000 - 0x00007fffb44c8000 	C:\WINDOWS\SYSTEM32\DNSAPI.dll
0x00007fff8bf10000 - 0x00007fff8bf99000 	C:\Program Files\Java\jdk-17.0.1\bin\freetype.dll
0x00007fff8be60000 - 0x00007fff8bf08000 	C:\Program Files\Java\jdk-17.0.1\bin\fontmanager.dll
0x00007fffb0a20000 - 0x00007fffb0a30000 	C:\Program Files\Java\jdk-17.0.1\bin\verify.dll
0x00007fffb6df0000 - 0x00007fffb6e9f000 	C:\WINDOWS\System32\clbcatq.dll
0x00007fffacff0000 - 0x00007fffad19e000 	C:\WINDOWS\SYSTEM32\WindowsCodecs.dll
0x00007fff7d8b0000 - 0x00007fff7d90d000 	C:\WINDOWS\system32\dataexchange.dll
0x00007fffabaa0000 - 0x00007fffabd06000 	C:\WINDOWS\system32\twinapi.appcore.dll
0x00007fff8d8d0000 - 0x00007fff8d9fd000 	C:\WINDOWS\SYSTEM32\textinputframework.dll
0x00007fffa2e80000 - 0x00007fffa3055000 	C:\WINDOWS\SYSTEM32\AudioSes.DLL
0x00007fffaab60000 - 0x00007fffaab89000 	C:\WINDOWS\SYSTEM32\winmmbase.dll
0x00007fffa58f0000 - 0x00007fffa598c000 	C:\WINDOWS\SYSTEM32\MMDevAPI.DLL
0x00007fff8be10000 - 0x00007fff8be56000 	C:\WINDOWS\SYSTEM32\wdmaud.drv
0x00007fffb0b50000 - 0x00007fffb0b5b000 	C:\WINDOWS\SYSTEM32\AVRT.dll
0x00007fff9cf40000 - 0x00007fff9cf49000 	C:\WINDOWS\SYSTEM32\ksuser.dll
0x00007fffb53f0000 - 0x00007fffb541c000 	C:\WINDOWS\SYSTEM32\DEVOBJ.dll
0x00007fffb53a0000 - 0x00007fffb53ec000 	C:\WINDOWS\SYSTEM32\cfgmgr32.dll
0x00007fff9b030000 - 0x00007fff9b03d000 	C:\WINDOWS\SYSTEM32\msacm32.drv
0x00007fff971c0000 - 0x00007fff971de000 	C:\WINDOWS\SYSTEM32\MSACM32.dll
0x00007fff9aa90000 - 0x00007fff9aa9b000 	C:\WINDOWS\SYSTEM32\midimap.dll
0x00007fffb4090000 - 0x00007fffb40dd000 	C:\WINDOWS\SYSTEM32\powrprof.dll
0x00007fffb4180000 - 0x00007fffb4193000 	C:\WINDOWS\SYSTEM32\UMPDC.dll
0x00007fffaab40000 - 0x00007fffaab4e000 	C:\Program Files\Java\jdk-17.0.1\bin\sunmscapi.dll
0x00007fffb5830000 - 0x00007fffb5992000 	C:\WINDOWS\System32\CRYPT32.dll
0x00007fffb5080000 - 0x00007fffb50a8000 	C:\WINDOWS\SYSTEM32\ncrypt.dll
0x00007fffb5040000 - 0x00007fffb5077000 	C:\WINDOWS\SYSTEM32\NTASN1.dll
0x00007fffaab30000 - 0x00007fffaab38000 	C:\WINDOWS\system32\wshunix.dll
0x00007fffaa670000 - 0x00007fffaa67a000 	C:\Windows\System32\rasadhlp.dll
0x00007fffadd40000 - 0x00007fffaddc1000 	C:\WINDOWS\System32\fwpuclnt.dll
0x00007fffb2580000 - 0x00007fffb26b2000 	C:\WINDOWS\SYSTEM32\CoreMessaging.dll
0x00007fffadee0000 - 0x00007fffae24d000 	C:\WINDOWS\SYSTEM32\CoreUIComponents.dll
0x0000000067740000 - 0x0000000067818000 	C:\Users\jml04\AppData\Local\Temp\sqlite-3.34.0-00598887-e8d6-4477-8291-91f1fcf80369-sqlitejdbc.dll
0x00007fff80360000 - 0x00007fff803ca000 	C:\WINDOWS\system32\Ninput.dll

dbghelp: loaded successfully - version: 4.0.5 - missing functions: none
symbol engine: initialized successfully - sym options: 0x614 - pdb path: .;C:\Program Files\Java\jdk-17.0.1\bin;C:\WINDOWS\SYSTEM32;C:\WINDOWS\WinSxS\amd64_microsoft.windows.common-controls_6595b64144ccf1df_6.0.22000.120_none_9d947278b86cc467;C:\Program Files\Java\jdk-17.0.1\bin\server;C:\Program Files\JetBrains\IntelliJ IDEA Community Edition 2021.3\bin;C:\Users\jml04\AppData\Local\Temp

VM Arguments:
jvm_args: -javaagent:C:\Program Files\JetBrains\IntelliJ IDEA Community Edition 2021.3\lib\idea_rt.jar=51520:C:\Program Files\JetBrains\IntelliJ IDEA Community Edition 2021.3\bin -Dfile.encoding=UTF-8 
java_command: planespotter.Main
java_class_path (initial): C:\Users\jml04\Documents\code\java\PlaneSpotterNeu\out\production\PlaneSpotterNeu;C:\Users\jml04\Documents\code\java\PlaneSpotterNeu\src\libs\mysql-connector-java-8.0.28.jar;C:\Users\jml04\Documents\code\java\PlaneSpotterNeu\src\libs\gson-2.8.6.jar;C:\Users\jml04\Documents\code\java\PlaneSpotterNeu\src\libs\JMapViewer.jar;C:\Users\jml04\Documents\code\java\PlaneSpotterNeu\src\libs\sqlite-jdbc-3.34.0.jar;C:\Users\jml04\Documents\code\java\PlaneSpotterNeu\src\libs\TimingFramework-0.55.jar;C:\Users\jml04\.m2\repository\junit\junit\4.13.1\junit-4.13.1.jar;C:\Users\jml04\.m2\repository\org\hamcrest\hamcrest-core\1.3\hamcrest-core-1.3.jar;C:\Users\jml04\.m2\repository\org\junit\jupiter\junit-jupiter\5.7.0\junit-jupiter-5.7.0.jar;C:\Users\jml04\.m2\repository\org\junit\jupiter\junit-jupiter-api\5.7.0\junit-jupiter-api-5.7.0.jar;C:\Users\jml04\.m2\repository\org\apiguardian\apiguardian-api\1.1.0\apiguardian-api-1.1.0.jar;C:\Users\jml04\.m2\repository\org\opentest4j\opentest4j\1.2.0\opentest4j-1.2.0.jar;C:\Users\jml04\.m2\repository\org\junit\platform\junit-platform-commons\1.7.0\junit-platform-commons-1.7.0.jar;C:\Users\jml04\.m2\repository\org\junit\jupiter\junit-jupiter-params\5.7.0\junit-jupiter-params-5.7.0.jar;C:\Users\jml04\.m2\repository\org\junit\jupiter\junit-jupiter-engine\5.7.0\junit-jupiter-engine-5.7.0.jar;C:\Users\jml04\.m2\repository\org\junit\platform\junit-platform-engine\1.7.0\junit-platform-engine-1.7.0.jar;C:\Users\jml04\Documents\code\java\PlaneSpotterNeu\src\libs\annotations-20.1.0.jar
Launcher Type: SUN_STANDARD

[Global flags]
     intx CICompilerCount                          = 4                                         {product} {ergonomic}
     uint ConcGCThreads                            = 3                                         {product} {ergonomic}
     uint G1ConcRefinementThreads                  = 10                                        {product} {ergonomic}
   size_t G1HeapRegionSize                         = 1048576                                   {product} {ergonomic}
    uintx GCDrainStackTargetSize                   = 64                                        {product} {ergonomic}
   size_t InitialHeapSize                          = 132120576                                 {product} {ergonomic}
   size_t MarkStackSize                            = 4194304                                   {product} {ergonomic}
   size_t MaxHeapSize                              = 2109734912                                {product} {ergonomic}
   size_t MaxNewSize                               = 1265631232                                {product} {ergonomic}
   size_t MinHeapDeltaBytes                        = 1048576                                   {product} {ergonomic}
   size_t MinHeapSize                              = 8388608                                   {product} {ergonomic}
    uintx NonNMethodCodeHeapSize                   = 5839372                                {pd product} {ergonomic}
    uintx NonProfiledCodeHeapSize                  = 122909434                              {pd product} {ergonomic}
    uintx ProfiledCodeHeapSize                     = 122909434                              {pd product} {ergonomic}
    uintx ReservedCodeCacheSize                    = 251658240                              {pd product} {ergonomic}
     bool SegmentedCodeCache                       = true                                      {product} {ergonomic}
   size_t SoftMaxHeapSize                          = 2109734912                             {manageable} {ergonomic}
     bool UseCompressedClassPointers               = true                           {product lp64_product} {ergonomic}
     bool UseCompressedOops                        = true                           {product lp64_product} {ergonomic}
     bool UseG1GC                                  = true                                      {product} {ergonomic}
     bool UseLargePagesIndividualAllocation        = false                                  {pd product} {ergonomic}

Logging:
Log output configuration:
 #0: stdout all=warning uptime,level,tags
 #1: stderr all=off uptime,level,tags

Environment Variables:
PATH=C:\Program Files\Common Files\Oracle\Java\javapath;C:\Program Files\Java\jdk-17.0.1;C:\Program Files (x86)\Common Files\Oracle\Java\javapath;C:\Windows\system32;C:\Windows;C:\Windows\System32\Wbem;C:\Windows\System32\WindowsPowerShell\v1.0\;C:\Windows\System32\OpenSSH\;C:\Program Files (x86)\NVIDIA Corporation\PhysX\Common;C:\Program Files\NVIDIA Corporation\NVIDIA NvDLISR;C:\WINDOWS\system32;C:\WINDOWS;C:\WINDOWS\System32\Wbem;C:\WINDOWS\System32\WindowsPowerShell\v1.0\;C:\WINDOWS\System32\OpenSSH\;C:\Program Files\WireGuard\;C:\Program Files\Git\cmd;C:\Program Files\Git LFS;C:\Users\jml04\AppData\Local\Microsoft\WindowsApps;;C:\Users\jml04\AppData\Local\Programs\Microsoft VS Code\bin;C:\Program Files\JetBrains\PyCharm Community Edition 2021.3.3\bin;
USERNAME=jml04
OS=Windows_NT
PROCESSOR_IDENTIFIER=Intel64 Family 6 Model 158 Stepping 10, GenuineIntel



---------------  S Y S T E M  ---------------

OS:
 Windows 10 , 64 bit Build 22000 (10.0.22000.675)
OS uptime: 0 days 5:41 hours
Hyper-V role detected

CPU: total 12 (initial active 12) (6 cores per cpu, 2 threads per core) family 6 model 158 stepping 10 microcode 0xde, cx8, cmov, fxsr, ht, mmx, 3dnowpref, sse, sse2, sse3, ssse3, sse4.1, sse4.2, popcnt, lzcnt, tsc, tscinvbit, avx, avx2, aes, erms, clmul, bmi1, bmi2, adx, fma, vzeroupper, clflush, clflushopt, hv

Memory: 4k page, system-wide physical 8043M (330M free)
TotalPageFile size 32619M (AvailPageFile size 0M)
current process WorkingSet (physical memory assigned to process): 3872M, peak: 4587M
current process commit charge ("private bytes"): 25466M, peak: 25467M

vm_info: Java HotSpot(TM) 64-Bit Server VM (17.0.1+12-LTS-39) for windows-amd64 JRE (17.0.1+12-LTS-39), built on Sep 27 2021 18:41:35 by "mach5one" with MS VC++ 16.8 (VS2019)

END.
