> [22.06.2022, 10:07:56@Controller] initializing Controller...
> [22.06.2022, 10:07:56@Controller] initializing Executors...
> [22.06.2022, 10:07:56@Controller] Executors initialized sucsessfully!
> [22.06.2022, 10:07:56@Controller] Controller initialized sucsessfully!
> [22.06.2022, 10:07:56@GUI] initialising GUI...
> [22.06.2022, 10:07:56@GUI] GUI initialized sucsessfully!
> [22.06.2022, 10:08:01@Controller] view loaded!
> [22.06.2022, 10:08:06@Controller] Calling Garbage Collector...
> [22.06.2022, 10:08:16@] Trying to insert frames...
> [22.06.2022, 10:08:16@] Inserting 500 frames...
> [22.06.2022, 10:08:16@Controller] Calling Garbage Collector...
> [22.06.2022, 10:08:26@Controller] Calling Garbage Collector...
> [22.06.2022, 10:08:36@] Trying to insert frames...
> [22.06.2022, 10:08:36@] Inserting 500 frames...
> [22.06.2022, 10:08:36@Controller] Calling Garbage Collector...
> [22.06.2022, 10:08:46@Controller] Calling Garbage Collector...
> [22.06.2022, 10:08:49@Controller] view loaded!
> [22.06.2022, 10:08:56@FileMaster] saving config...
> [22.06.2022, 10:08:56@FileMaster] configuration.cfg saved sucsessfully!
> [22.06.2022, 10:08:56@] Trying to insert frames...
> [22.06.2022, 10:08:56@] Inserting 500 frames...
> [22.06.2022, 10:08:56@Controller] Calling Garbage Collector...
> [22.06.2022, 10:09:06@Controller] Calling Garbage Collector...
> [22.06.2022, 10:09:15@Controller] Shutting down program, please wait...
> [22.06.2022, 10:09:15@FileMaster] saving config...
> [22.06.2022, 10:09:15@FileMaster] configuration.cfg saved sucsessfully!
> [22.06.2022, 10:09:16@Controller] Calling Garbage Collector...
> 