> [22.06.2022, 13:08:52@Controller] initializing Controller...
> [22.06.2022, 13:08:52@Controller] initializing Executors...
> [22.06.2022, 13:08:52@Controller] Executors initialized sucsessfully!
> [22.06.2022, 13:08:52@Controller] Controller initialized sucsessfully!
> [22.06.2022, 13:08:52@GUI] initialising GUI...
> [22.06.2022, 13:08:52@GUI] GUI initialized sucsessfully!
> [22.06.2022, 13:09:02@Controller] Calling Garbage Collector...
> [22.06.2022, 13:09:10@Controller] view loaded!
> [22.06.2022, 13:09:12@] Trying to insert frames...
> [22.06.2022, 13:09:12@] Inserting 500 frames...
> [22.06.2022, 13:09:12@Controller] Calling Garbage Collector...
> [22.06.2022, 13:09:22@Controller] Calling Garbage Collector...
> [22.06.2022, 13:09:27@Controller] view loaded!
> [22.06.2022, 13:09:32@Controller] Calling Garbage Collector...
> [22.06.2022, 13:09:35@Controller] view loaded!
> [22.06.2022, 13:09:42@Controller] Calling Garbage Collector...
> [22.06.2022, 13:09:52@FileMaster] saving config...
> [22.06.2022, 13:09:52@FileMaster] configuration.cfg saved sucsessfully!
> [22.06.2022, 13:09:52@] Trying to insert frames...
> [22.06.2022, 13:09:52@] Inserting 500 frames...
> [22.06.2022, 13:09:52@Controller] Calling Garbage Collector...
> [22.06.2022, 13:10:02@Controller] Calling Garbage Collector...
> [22.06.2022, 13:10:12@] Trying to insert frames...
> [22.06.2022, 13:10:12@] Inserting 500 frames...
> [22.06.2022, 13:10:12@Controller] Calling Garbage Collector...
> [22.06.2022, 13:10:22@Controller] Calling Garbage Collector...
> [22.06.2022, 13:10:32@] Trying to insert frames...
> [22.06.2022, 13:10:32@] Inserting 500 frames...
> [22.06.2022, 13:10:32@Controller] Calling Garbage Collector...
> [22.06.2022, 13:10:41@Controller] Shutting down program, please wait...
> [22.06.2022, 13:10:41@FileMaster] saving config...
> [22.06.2022, 13:10:41@FileMaster] configuration.cfg saved sucsessfully!
> 