> [12.06.2022, 19:19:29@Controller] initializing Controller...
> [12.06.2022, 19:19:29@Controller] Controller initialized sucsessfully!
> [12.06.2022, 19:19:29@Controller] initializing Executors...
> [12.06.2022, 19:19:29@Controller] Executors initialized sucsessfully!
> [12.06.2022, 19:19:29@GUI] initialising GUI...
> [12.06.2022, 19:19:29@GUI] GUI initialized sucsessfully!
> [12.06.2022, 19:19:39@Controller] Calling Garbage Collector...
> [12.06.2022, 19:19:49@Class] Trying to insert frames...
> [12.06.2022, 19:19:49@Class] Inserting 250 frames...
> [12.06.2022, 19:19:49@Controller] Calling Garbage Collector...
> [12.06.2022, 19:19:56@Controller] view loaded!
> [12.06.2022, 19:19:59@Controller] Calling Garbage Collector...
> [12.06.2022, 19:20:09@Class] Trying to insert frames...
> [12.06.2022, 19:20:09@Class] Inserting 250 frames...
> [12.06.2022, 19:20:09@Controller] Calling Garbage Collector...
> [12.06.2022, 19:20:17@Controller] view loaded!
> [12.06.2022, 19:20:19@Controller] Calling Garbage Collector...
> [12.06.2022, 19:20:29@FileMaster] saving config...
> [12.06.2022, 19:20:29@FileMaster] configuration.cfg saved sucsessfully!
> [12.06.2022, 19:20:29@Class] Trying to insert frames...
> [12.06.2022, 19:20:29@Class] Inserting 250 frames...
> [12.06.2022, 19:20:29@Controller] Calling Garbage Collector...
> [12.06.2022, 19:20:39@Controller] Calling Garbage Collector...
> [12.06.2022, 19:20:49@Class] Trying to insert frames...
> [12.06.2022, 19:20:49@Class] Inserting 250 frames...
> [12.06.2022, 19:20:49@Controller] Calling Garbage Collector...
> [12.06.2022, 19:20:59@Controller] Calling Garbage Collector...
> [12.06.2022, 19:21:09@Class] Trying to insert frames...
> [12.06.2022, 19:21:09@Class] Inserting 250 frames...
> [12.06.2022, 19:21:09@Controller] Calling Garbage Collector...
> [12.06.2022, 19:21:19@Controller] Calling Garbage Collector...
> [12.06.2022, 19:21:29@Controller] Calling Garbage Collector...
> [12.06.2022, 19:21:39@Controller] Calling Garbage Collector...
> [12.06.2022, 19:21:49@Controller] Calling Garbage Collector...
> [12.06.2022, 19:21:59@Controller] Calling Garbage Collector...
> [12.06.2022, 19:22:09@Controller] Calling Garbage Collector...
> [12.06.2022, 19:22:19@Controller] Calling Garbage Collector...
> [12.06.2022, 19:22:29@Controller] Calling Garbage Collector...
> [12.06.2022, 19:22:39@Controller] Calling Garbage Collector...
> [12.06.2022, 19:22:49@Controller] Calling Garbage Collector...
> [12.06.2022, 19:22:59@Controller] Calling Garbage Collector...
> [12.06.2022, 19:23:09@Controller] Calling Garbage Collector...
> [12.06.2022, 19:23:19@Controller] Calling Garbage Collector...
> [12.06.2022, 19:23:22@DataNotFoundException] db-data couldn't be found!
No plane IDs found for type [A330]!
> [12.06.2022, 19:23:26@DataNotFoundException] db-data couldn't be found!
No plane IDs found for type [EC14, EC20, EC30, EC35, EC45, EC55]!
> [12.06.2022, 19:23:29@Controller] Calling Garbage Collector...
> [12.06.2022, 19:23:39@Controller] Calling Garbage Collector...
> [12.06.2022, 19:23:42@Controller] view loaded!
> [12.06.2022, 19:23:49@Class] Trying to insert frames...
> [12.06.2022, 19:23:49@Class] Inserting 250 frames...
> [12.06.2022, 19:23:49@Controller] Calling Garbage Collector...
> [12.06.2022, 19:23:50@Controller] view loaded!
> [12.06.2022, 19:23:57@DataNotFoundException] db-data couldn't be found!
No plane IDs found for type [A330]!
> [12.06.2022, 19:23:59@Controller] Calling Garbage Collector...
> [12.06.2022, 19:24:09@Controller] Calling Garbage Collector...
> [12.06.2022, 19:24:19@Controller] Calling Garbage Collector...
> [12.06.2022, 19:24:29@Controller] Calling Garbage Collector...
> [12.06.2022, 19:24:39@Controller] Calling Garbage Collector...
> [12.06.2022, 19:24:49@Controller] Calling Garbage Collector...
> [12.06.2022, 19:24:59@Controller] Calling Garbage Collector...
> [12.06.2022, 19:25:01@Controller] view loaded!
> [12.06.2022, 19:25:09@Class] Trying to insert frames...
> [12.06.2022, 19:25:09@Class] Inserting 250 frames...
> [12.06.2022, 19:25:09@Controller] Calling Garbage Collector...
> [12.06.2022, 19:25:19@Controller] Calling Garbage Collector...
> [12.06.2022, 19:25:29@FileMaster] saving config...
> [12.06.2022, 19:25:29@FileMaster] configuration.cfg saved sucsessfully!
> [12.06.2022, 19:25:29@Class] Trying to insert frames...
> [12.06.2022, 19:25:29@Class] Inserting 250 frames...
> [12.06.2022, 19:25:29@Controller] Calling Garbage Collector...
> [12.06.2022, 19:25:39@Controller] Calling Garbage Collector...
> [12.06.2022, 19:25:49@Class] Trying to insert frames...
> [12.06.2022, 19:25:49@Class] Inserting 250 frames...
> [12.06.2022, 19:25:49@Controller] Calling Garbage Collector...
> [12.06.2022, 19:25:59@Controller] Calling Garbage Collector...
> [12.06.2022, 19:26:09@Class] Trying to insert frames...
> [12.06.2022, 19:26:09@Class] Inserting 250 frames...
> [12.06.2022, 19:26:09@Controller] Calling Garbage Collector...
> [12.06.2022, 19:26:19@Controller] Calling Garbage Collector...
> [12.06.2022, 19:26:29@Class] Trying to insert frames...
> [12.06.2022, 19:26:29@Class] Inserting 250 frames...
> [12.06.2022, 19:26:29@Controller] Calling Garbage Collector...
> [12.06.2022, 19:26:39@Controller] Calling Garbage Collector...
> [12.06.2022, 19:26:46@Controller] view loaded!
> [12.06.2022, 19:26:49@Class] Trying to insert frames...
> [12.06.2022, 19:26:49@Controller] Calling Garbage Collector...
> [12.06.2022, 19:26:59@Controller] Calling Garbage Collector...
> [12.06.2022, 19:27:09@Class] Trying to insert frames...
> [12.06.2022, 19:27:09@Class] Inserting 250 frames...
> [12.06.2022, 19:27:09@Controller] Calling Garbage Collector...
> [12.06.2022, 19:27:19@Controller] Calling Garbage Collector...
> [12.06.2022, 19:27:27@Controller] view loaded!
> [12.06.2022, 19:27:29@Class] Trying to insert frames...
> [12.06.2022, 19:27:29@Class] Inserting 250 frames...
> [12.06.2022, 19:27:29@Controller] Calling Garbage Collector...
> [12.06.2022, 19:27:39@Controller] Calling Garbage Collector...
> [12.06.2022, 19:27:49@Class] Trying to insert frames...
> [12.06.2022, 19:27:49@Class] Inserting 250 frames...
> [12.06.2022, 19:27:49@Controller] Calling Garbage Collector...
> [12.06.2022, 19:27:59@Controller] Calling Garbage Collector...
> [12.06.2022, 19:28:09@Class] Trying to insert frames...
> [12.06.2022, 19:28:09@Class] Inserting 250 frames...
> [12.06.2022, 19:28:09@Controller] Calling Garbage Collector...
> [12.06.2022, 19:28:19@Controller] Calling Garbage Collector...
> [12.06.2022, 19:28:26@Controller] Shutting down program, please wait...
> [12.06.2022, 19:28:26@FileMaster] saving config...
> [12.06.2022, 19:28:26@FileMaster] configuration.cfg saved sucsessfully!
> 