> [17.06.2022, 13:33:00@Controller] initializing Controller...
> [17.06.2022, 13:33:00@Controller] initializing Executors...
> [17.06.2022, 13:33:00@Controller] Executors initialized sucsessfully!
> [17.06.2022, 13:33:00@Controller] Controller initialized sucsessfully!
> [17.06.2022, 13:33:00@GUI] initialising GUI...
> [17.06.2022, 13:33:00@GUI] GUI initialized sucsessfully!
> [17.06.2022, 13:33:10@Controller] Calling Garbage Collector...
> [17.06.2022, 13:33:19@Controller] view loaded!
> [17.06.2022, 13:33:20@] Trying to insert frames...
> [17.06.2022, 13:33:20@] Inserting 500 frames...
> [17.06.2022, 13:33:20@Controller] Calling Garbage Collector...
> [17.06.2022, 13:33:30@Controller] Calling Garbage Collector...
> [17.06.2022, 13:33:40@] Trying to insert frames...
> [17.06.2022, 13:33:40@] Inserting 500 frames...
> [17.06.2022, 13:33:40@Controller] Calling Garbage Collector...
> [17.06.2022, 13:33:50@Controller] Calling Garbage Collector...
> [17.06.2022, 13:34:00@FileMaster] saving config...
> [17.06.2022, 13:34:00@FileMaster] configuration.cfg saved sucsessfully!
> [17.06.2022, 13:34:00@] Trying to insert frames...
> [17.06.2022, 13:34:00@] Inserting 500 frames...
> [17.06.2022, 13:34:00@Controller] Calling Garbage Collector...
> [17.06.2022, 13:34:10@Controller] Calling Garbage Collector...
> [17.06.2022, 13:34:20@] Trying to insert frames...
> [17.06.2022, 13:34:20@] Inserting 500 frames...
> [17.06.2022, 13:34:20@Controller] Calling Garbage Collector...
> [17.06.2022, 13:34:30@Controller] Calling Garbage Collector...
> [17.06.2022, 13:34:40@] Trying to insert frames...
> [17.06.2022, 13:34:40@] Inserting 500 frames...
> [17.06.2022, 13:34:40@Controller] Calling Garbage Collector...
> [17.06.2022, 13:34:50@Controller] Calling Garbage Collector...
> [17.06.2022, 13:35:00@] Trying to insert frames...
> [17.06.2022, 13:35:00@] Inserting 500 frames...
> [17.06.2022, 13:35:00@Controller] Calling Garbage Collector...
> [17.06.2022, 13:35:10@Controller] Calling Garbage Collector...
> [17.06.2022, 13:35:20@] Trying to insert frames...
> [17.06.2022, 13:35:20@] Inserting 500 frames...
> [17.06.2022, 13:35:20@Controller] Calling Garbage Collector...
> [17.06.2022, 13:35:30@Controller] Calling Garbage Collector...
> [17.06.2022, 13:35:40@] Trying to insert frames...
> [17.06.2022, 13:35:40@] Inserting 500 frames...
> [17.06.2022, 13:35:40@Controller] Calling Garbage Collector...
> [17.06.2022, 13:35:50@Controller] Calling Garbage Collector...
> [17.06.2022, 13:36:00@] Trying to insert frames...
> [17.06.2022, 13:36:00@] Inserting 500 frames...
> [17.06.2022, 13:36:00@Controller] Calling Garbage Collector...
> [17.06.2022, 13:36:10@Controller] Calling Garbage Collector...
> [17.06.2022, 13:36:20@] Trying to insert frames...
> [17.06.2022, 13:36:20@] Inserting 500 frames...
> [17.06.2022, 13:36:20@Controller] Calling Garbage Collector...
> [17.06.2022, 13:36:30@Controller] Calling Garbage Collector...
> [17.06.2022, 13:36:40@] Trying to insert frames...
> [17.06.2022, 13:36:40@] Inserting 500 frames...
> [17.06.2022, 13:36:40@Controller] Calling Garbage Collector...
> [17.06.2022, 13:36:50@Controller] Calling Garbage Collector...
> [17.06.2022, 13:37:00@Controller] Calling Garbage Collector...
> [17.06.2022, 13:37:10@Controller] Calling Garbage Collector...
> [17.06.2022, 13:37:20@Controller] Calling Garbage Collector...
> [17.06.2022, 13:37:30@Controller] Calling Garbage Collector...
> [17.06.2022, 13:37:40@Controller] Calling Garbage Collector...
> [17.06.2022, 13:37:50@Controller] Calling Garbage Collector...
> [17.06.2022, 13:38:00@Controller] Calling Garbage Collector...
> [17.06.2022, 13:38:10@Controller] Calling Garbage Collector...
> [17.06.2022, 13:38:20@Controller] Calling Garbage Collector...
> [17.06.2022, 13:38:30@Controller] Calling Garbage Collector...
> [17.06.2022, 13:38:40@Controller] Calling Garbage Collector...
> [17.06.2022, 13:38:50@Controller] Calling Garbage Collector...
> [17.06.2022, 13:39:00@Controller] Calling Garbage Collector...
> [17.06.2022, 13:39:10@Controller] Calling Garbage Collector...
> [17.06.2022, 13:39:13@Controller] view loaded!
> [17.06.2022, 13:39:20@] Trying to insert frames...
> [17.06.2022, 13:39:20@] Inserting 500 frames...
> [17.06.2022, 13:39:20@Controller] Calling Garbage Collector...
> [17.06.2022, 13:39:30@Controller] Calling Garbage Collector...
> [17.06.2022, 13:39:40@] Trying to insert frames...
> [17.06.2022, 13:39:40@] Inserting 500 frames...
> [17.06.2022, 13:39:40@Controller] Calling Garbage Collector...
> [17.06.2022, 13:39:50@Controller] Calling Garbage Collector...
> [17.06.2022, 13:40:00@] Trying to insert frames...
> [17.06.2022, 13:40:00@] Inserting 500 frames...
> [17.06.2022, 13:40:00@Controller] Calling Garbage Collector...
> [17.06.2022, 13:40:10@Controller] Calling Garbage Collector...
> [17.06.2022, 13:40:20@] Trying to insert frames...
> [17.06.2022, 13:40:20@] Inserting 500 frames...
> [17.06.2022, 13:40:20@Controller] Calling Garbage Collector...
> [17.06.2022, 13:40:30@Controller] Calling Garbage Collector...
> [17.06.2022, 13:40:40@] Trying to insert frames...
> [17.06.2022, 13:40:40@] Inserting 500 frames...
> [17.06.2022, 13:40:40@Controller] Calling Garbage Collector...
> [17.06.2022, 13:40:50@Controller] Calling Garbage Collector...
> [17.06.2022, 13:41:00@Controller] Calling Garbage Collector...
> [17.06.2022, 13:41:10@Controller] Calling Garbage Collector...
> [17.06.2022, 13:41:20@Controller] Calling Garbage Collector...
> [17.06.2022, 13:41:30@Controller] Calling Garbage Collector...
> [17.06.2022, 13:41:38@Controller] view loaded!
> [17.06.2022, 13:41:40@] Trying to insert frames...
> [17.06.2022, 13:41:40@] Inserting 500 frames...
> [17.06.2022, 13:41:40@Controller] Calling Garbage Collector...
> [17.06.2022, 13:41:50@Controller] Calling Garbage Collector...
> [17.06.2022, 13:42:00@] Trying to insert frames...
> [17.06.2022, 13:42:00@] Inserting 500 frames...
> [17.06.2022, 13:42:00@Controller] Calling Garbage Collector...
> [17.06.2022, 13:42:10@Controller] Calling Garbage Collector...
> [17.06.2022, 13:42:20@] Trying to insert frames...
> [17.06.2022, 13:42:20@] Inserting 500 frames...
> [17.06.2022, 13:42:20@Controller] Calling Garbage Collector...
> [17.06.2022, 13:42:30@Controller] Calling Garbage Collector...
> [17.06.2022, 13:42:40@] Trying to insert frames...
> [17.06.2022, 13:42:40@] Inserting 500 frames...
> [17.06.2022, 13:42:40@Controller] Calling Garbage Collector...
> [17.06.2022, 13:42:50@Controller] Calling Garbage Collector...
> [17.06.2022, 13:43:00@] Trying to insert frames...
> [17.06.2022, 13:43:00@] Inserting 500 frames...
> [17.06.2022, 13:43:00@Controller] Calling Garbage Collector...
> [17.06.2022, 13:43:10@Controller] Calling Garbage Collector...
> [17.06.2022, 13:43:20@] Trying to insert frames...
> [17.06.2022, 13:43:20@] Inserting 500 frames...
> [17.06.2022, 13:43:20@Controller] Calling Garbage Collector...
> [17.06.2022, 13:43:30@Controller] Calling Garbage Collector...
> [17.06.2022, 13:43:40@] Trying to insert frames...
> [17.06.2022, 13:43:40@] Inserting 500 frames...
> [17.06.2022, 13:43:40@Controller] Calling Garbage Collector...
> [17.06.2022, 13:43:50@Controller] Calling Garbage Collector...
> [17.06.2022, 13:44:00@FileMaster] saving config...
> [17.06.2022, 13:44:00@FileMaster] configuration.cfg saved sucsessfully!
> [17.06.2022, 13:44:00@] Trying to insert frames...
> [17.06.2022, 13:44:00@] Inserting 500 frames...
> [17.06.2022, 13:44:00@Controller] Calling Garbage Collector...
> [17.06.2022, 13:44:10@Controller] Calling Garbage Collector...
> [17.06.2022, 13:44:20@] Trying to insert frames...
> [17.06.2022, 13:44:20@] Inserting 500 frames...
> [17.06.2022, 13:44:20@Controller] Calling Garbage Collector...
> [17.06.2022, 13:44:30@Controller] Calling Garbage Collector...
> [17.06.2022, 13:44:40@] Trying to insert frames...
> [17.06.2022, 13:44:40@] Inserting 500 frames...
> [17.06.2022, 13:44:40@Controller] Calling Garbage Collector...
> [17.06.2022, 13:44:50@Controller] Calling Garbage Collector...
> [17.06.2022, 13:45:00@] Trying to insert frames...
> [17.06.2022, 13:45:00@] Inserting 500 frames...
> [17.06.2022, 13:45:00@Controller] Calling Garbage Collector...
> [17.06.2022, 13:45:10@Controller] Calling Garbage Collector...
> [17.06.2022, 13:45:20@] Trying to insert frames...
> [17.06.2022, 13:45:20@] Inserting 500 frames...
> [17.06.2022, 13:45:20@Controller] Calling Garbage Collector...
> [17.06.2022, 13:45:30@Controller] Calling Garbage Collector...
> [17.06.2022, 13:45:40@] Trying to insert frames...
> [17.06.2022, 13:45:40@] Inserting 500 frames...
> [17.06.2022, 13:45:40@Controller] Calling Garbage Collector...
> [17.06.2022, 13:45:50@Controller] Calling Garbage Collector...
> [17.06.2022, 13:46:00@] Trying to insert frames...
> [17.06.2022, 13:46:00@] Inserting 500 frames...
> [17.06.2022, 13:46:00@Controller] Calling Garbage Collector...
> [17.06.2022, 13:46:10@Controller] Calling Garbage Collector...
> [17.06.2022, 13:46:20@] Trying to insert frames...
> [17.06.2022, 13:46:20@] Inserting 500 frames...
> [17.06.2022, 13:46:20@Controller] Calling Garbage Collector...
> [17.06.2022, 13:46:30@Controller] Calling Garbage Collector...
> [17.06.2022, 13:46:40@] Trying to insert frames...
> [17.06.2022, 13:46:40@] Inserting 500 frames...
> [17.06.2022, 13:46:40@Controller] Calling Garbage Collector...
> [17.06.2022, 13:46:50@Controller] Calling Garbage Collector...
> [17.06.2022, 13:47:00@] Trying to insert frames...
> [17.06.2022, 13:47:00@] Inserting 500 frames...
> [17.06.2022, 13:47:00@Controller] Calling Garbage Collector...
> [17.06.2022, 13:47:10@Controller] Calling Garbage Collector...
> [17.06.2022, 13:47:20@] Trying to insert frames...
> [17.06.2022, 13:47:20@] Inserting 500 frames...
> [17.06.2022, 13:47:20@Controller] Calling Garbage Collector...
> [17.06.2022, 13:47:30@Controller] Calling Garbage Collector...
> [17.06.2022, 13:47:40@] Trying to insert frames...
> [17.06.2022, 13:47:40@Controller] Calling Garbage Collector...
> [17.06.2022, 13:47:50@Controller] Calling Garbage Collector...
> [17.06.2022, 13:47:55@Controller] Shutting down program, please wait...
> [17.06.2022, 13:47:55@FileMaster] saving config...
> [17.06.2022, 13:47:55@FileMaster] configuration.cfg saved sucsessfully!
> 