> [16.06.2022, 19:06:53@Controller] initializing Controller...
> [16.06.2022, 19:06:53@Controller] initializing Executors...
> [16.06.2022, 19:06:53@Controller] Executors initialized sucsessfully!
> [16.06.2022, 19:06:53@Controller] Controller initialized sucsessfully!
> [16.06.2022, 19:06:53@GUI] initialising GUI...
> [16.06.2022, 19:06:53@GUI] GUI initialized sucsessfully!
> [16.06.2022, 19:07:03@Controller] Calling Garbage Collector...
> [16.06.2022, 19:07:13@Controller] Calling Garbage Collector...
> [16.06.2022, 19:07:23@Controller] Calling Garbage Collector...
> [16.06.2022, 19:07:33@Controller] Calling Garbage Collector...
> [16.06.2022, 19:07:43@Controller] view loaded!
> [16.06.2022, 19:07:43@Controller] Calling Garbage Collector...
> [16.06.2022, 19:07:53@FileMaster] saving config...
> [16.06.2022, 19:07:53@FileMaster] configuration.cfg saved sucsessfully!
> [16.06.2022, 19:07:53@] Trying to insert frames...
> [16.06.2022, 19:07:53@] Inserting 500 frames...
> [16.06.2022, 19:07:53@Controller] Calling Garbage Collector...
> [16.06.2022, 19:08:03@Controller] Calling Garbage Collector...
> [16.06.2022, 19:08:13@] Trying to insert frames...
> [16.06.2022, 19:08:13@] Inserting 500 frames...
> [16.06.2022, 19:08:13@Controller] Calling Garbage Collector...
> [16.06.2022, 19:08:23@Controller] Calling Garbage Collector...
> [16.06.2022, 19:08:33@] Trying to insert frames...
> [16.06.2022, 19:08:33@] Inserting 500 frames...
> [16.06.2022, 19:08:33@Controller] Calling Garbage Collector...
> [16.06.2022, 19:08:43@Controller] Calling Garbage Collector...
> [16.06.2022, 19:08:53@] Trying to insert frames...
> [16.06.2022, 19:08:53@] Inserting 500 frames...
> [16.06.2022, 19:08:53@Controller] Calling Garbage Collector...
> [16.06.2022, 19:09:03@Controller] Calling Garbage Collector...
> [16.06.2022, 19:09:13@] Trying to insert frames...
> [16.06.2022, 19:09:13@] Inserting 500 frames...
> [16.06.2022, 19:09:13@Controller] Calling Garbage Collector...
> [16.06.2022, 19:09:23@Controller] Calling Garbage Collector...
> [16.06.2022, 19:09:33@] Trying to insert frames...
> [16.06.2022, 19:09:33@] Inserting 500 frames...
> [16.06.2022, 19:09:33@Controller] Calling Garbage Collector...
> [16.06.2022, 19:09:43@Controller] Calling Garbage Collector...
> [16.06.2022, 19:09:53@] Trying to insert frames...
> [16.06.2022, 19:09:53@] Inserting 500 frames...
> [16.06.2022, 19:09:53@Controller] Calling Garbage Collector...
> [16.06.2022, 19:10:03@Controller] view loaded!
> [16.06.2022, 19:10:03@Controller] Calling Garbage Collector...
> [16.06.2022, 19:10:13@] Trying to insert frames...
> [16.06.2022, 19:10:13@] Inserting 500 frames...
> [16.06.2022, 19:10:13@Controller] Calling Garbage Collector...
> [16.06.2022, 19:10:23@Controller] Calling Garbage Collector...
> [16.06.2022, 19:10:33@] Trying to insert frames...
> [16.06.2022, 19:10:33@] Inserting 500 frames...
> [16.06.2022, 19:10:33@Controller] Calling Garbage Collector...
> [16.06.2022, 19:10:43@Controller] Calling Garbage Collector...
> [16.06.2022, 19:10:53@] Trying to insert frames...
> [16.06.2022, 19:10:53@] Inserting 500 frames...
> [16.06.2022, 19:10:53@Controller] Calling Garbage Collector...
> [16.06.2022, 19:11:03@Controller] Calling Garbage Collector...
> [16.06.2022, 19:11:13@] Trying to insert frames...
> [16.06.2022, 19:11:13@] Inserting 500 frames...
> [16.06.2022, 19:11:13@Controller] Calling Garbage Collector...
> [16.06.2022, 19:11:23@Controller] Calling Garbage Collector...
> [16.06.2022, 19:11:24@Controller] view loaded!
> [16.06.2022, 19:11:33@] Trying to insert frames...
> [16.06.2022, 19:11:33@] Inserting 500 frames...
> [16.06.2022, 19:11:33@Controller] Calling Garbage Collector...
> [16.06.2022, 19:11:43@Controller] Calling Garbage Collector...
> [16.06.2022, 19:11:53@] Trying to insert frames...
> [16.06.2022, 19:11:53@] Inserting 500 frames...
> [16.06.2022, 19:11:53@Controller] Calling Garbage Collector...
> [16.06.2022, 19:12:03@Controller] Shutting down program, please wait...
> [16.06.2022, 19:12:03@FileMaster] saving config...
> [16.06.2022, 19:12:03@FileMaster] configuration.cfg saved sucsessfully!
> [16.06.2022, 19:12:03@] Trying to insert last live data...
> [16.06.2022, 19:12:03@] Inserted 11500 frames!
> [16.06.2022, 19:12:03@Controller] Calling Garbage Collector...
> 