> [13.06.2022, 21:36:34@Controller] initializing Controller...
> [13.06.2022, 21:36:34@Controller] initializing Executors...
> [13.06.2022, 21:36:34@Controller] Executors initialized sucsessfully!
> [13.06.2022, 21:36:34@Controller] Controller initialized sucsessfully!
> [13.06.2022, 21:36:34@GUI] initialising GUI...
> [13.06.2022, 21:36:34@GUI] GUI initialized sucsessfully!
> [13.06.2022, 21:36:44@Controller] Calling Garbage Collector...
> [13.06.2022, 21:36:45@Controller] view loaded!
> [13.06.2022, 21:36:54@Class] Trying to insert frames...
> [13.06.2022, 21:36:54@Class] Inserting 250 frames...
> [13.06.2022, 21:36:54@Controller] Calling Garbage Collector...
> [13.06.2022, 21:37:04@Controller] Calling Garbage Collector...
> [13.06.2022, 21:37:14@Class] Trying to insert frames...
> [13.06.2022, 21:37:14@Class] Inserting 250 frames...
> [13.06.2022, 21:37:14@Controller] Calling Garbage Collector...
> [13.06.2022, 21:37:23@Controller] view loaded!
> [13.06.2022, 21:37:24@Controller] Calling Garbage Collector...
> [13.06.2022, 21:37:34@FileMaster] saving config...
> [13.06.2022, 21:37:34@FileMaster] configuration.cfg saved sucsessfully!
> [13.06.2022, 21:37:34@Class] Trying to insert frames...
> [13.06.2022, 21:37:34@Class] Inserting 250 frames...
> [13.06.2022, 21:37:34@Controller] Calling Garbage Collector...
> [13.06.2022, 21:37:44@Controller] Calling Garbage Collector...
> [13.06.2022, 21:37:54@Class] Trying to insert frames...
> [13.06.2022, 21:37:54@Class] Inserting 250 frames...
> [13.06.2022, 21:37:54@Controller] Calling Garbage Collector...
> [13.06.2022, 21:38:04@Controller] Calling Garbage Collector...
> [13.06.2022, 21:38:14@Class] Trying to insert frames...
> [13.06.2022, 21:38:14@Class] Inserting 250 frames...
> [13.06.2022, 21:38:14@Controller] Calling Garbage Collector...
> [13.06.2022, 21:38:24@Controller] Calling Garbage Collector...
> [13.06.2022, 21:38:34@Class] Trying to insert frames...
> [13.06.2022, 21:38:34@Class] Inserting 250 frames...
> [13.06.2022, 21:38:34@Controller] Calling Garbage Collector...
> [13.06.2022, 21:38:44@Controller] Calling Garbage Collector...
> [13.06.2022, 21:38:54@Class] Trying to insert frames...
> [13.06.2022, 21:38:54@Class] Inserting 250 frames...
> [13.06.2022, 21:38:54@Controller] Calling Garbage Collector...
> [13.06.2022, 21:39:04@Controller] Calling Garbage Collector...
> [13.06.2022, 21:39:14@Class] Trying to insert frames...
> [13.06.2022, 21:39:14@Class] Inserting 250 frames...
> [13.06.2022, 21:39:14@Controller] Calling Garbage Collector...
> [13.06.2022, 21:39:24@Controller] Calling Garbage Collector...
> [13.06.2022, 21:39:30@Controller] Shutting down program, please wait...
> [13.06.2022, 21:39:30@FileMaster] saving config...
> [13.06.2022, 21:39:30@FileMaster] configuration.cfg saved sucsessfully!
> 