> [13.06.2022, 20:38:27@Controller] initializing Controller...
> [13.06.2022, 20:38:27@Controller] initializing Executors...
> [13.06.2022, 20:38:27@Controller] Executors initialized sucsessfully!
> [13.06.2022, 20:38:27@Controller] Controller initialized sucsessfully!
> [13.06.2022, 20:38:27@GUI] initialising GUI...
> [13.06.2022, 20:38:27@GUI] GUI initialized sucsessfully!
> [13.06.2022, 20:38:37@Controller] Calling Garbage Collector...
> [13.06.2022, 20:38:42@Controller] view loaded!
> [13.06.2022, 20:38:47@Class] Trying to insert frames...
> [13.06.2022, 20:38:47@Class] Inserting 250 frames...
> [13.06.2022, 20:38:47@Controller] Calling Garbage Collector...
> [13.06.2022, 20:38:57@Controller] Calling Garbage Collector...
> [13.06.2022, 20:39:07@Class] Trying to insert frames...
> [13.06.2022, 20:39:07@Class] Inserting 250 frames...
> [13.06.2022, 20:39:07@Controller] Calling Garbage Collector...
> [13.06.2022, 20:39:17@Controller] Calling Garbage Collector...
> [13.06.2022, 20:39:27@FileMaster] saving config...
> [13.06.2022, 20:39:27@FileMaster] configuration.cfg saved sucsessfully!
> [13.06.2022, 20:39:27@Class] Trying to insert frames...
> [13.06.2022, 20:39:27@Class] Inserting 250 frames...
> [13.06.2022, 20:39:27@Controller] Calling Garbage Collector...
> [13.06.2022, 20:39:37@Controller] Calling Garbage Collector...
> [13.06.2022, 20:39:47@Class] Trying to insert frames...
> [13.06.2022, 20:39:47@Class] Inserting 250 frames...
> [13.06.2022, 20:39:47@Controller] Calling Garbage Collector...
> [13.06.2022, 20:39:48@Controller] view loaded!
> [13.06.2022, 20:39:57@Controller] Calling Garbage Collector...
> [13.06.2022, 20:40:07@Controller] Calling Garbage Collector...
> [13.06.2022, 20:40:17@Controller] Calling Garbage Collector...
> [13.06.2022, 20:40:27@Controller] Calling Garbage Collector...
> [13.06.2022, 20:40:32@Controller] view loaded!
> [13.06.2022, 20:40:37@Controller] Calling Garbage Collector...
> [13.06.2022, 20:40:47@Class] Trying to insert frames...
> [13.06.2022, 20:40:47@Class] Inserting 250 frames...
> [13.06.2022, 20:40:47@Controller] Calling Garbage Collector...
> [13.06.2022, 20:40:57@Controller] Calling Garbage Collector...
> [13.06.2022, 20:41:01@Controller] Shutting down program, please wait...
> [13.06.2022, 20:41:01@FileMaster] saving config...
> [13.06.2022, 20:41:01@FileMaster] configuration.cfg saved sucsessfully!
> 