> [16.06.2022, 10:55:10@Controller] initializing Controller...
> [16.06.2022, 10:55:10@Controller] initializing Executors...
> [16.06.2022, 10:55:10@Controller] Executors initialized sucsessfully!
> [16.06.2022, 10:55:10@Controller] Controller initialized sucsessfully!
> [16.06.2022, 10:55:10@GUI] initialising GUI...
> [16.06.2022, 10:55:10@GUI] GUI initialized sucsessfully!
> [16.06.2022, 10:55:14@Controller] view loaded!
> [16.06.2022, 10:55:20@Controller] Calling Garbage Collector...
> [16.06.2022, 10:55:30@Class] Trying to insert frames...
> [16.06.2022, 10:55:30@] Inserting 500 frames...
> [16.06.2022, 10:55:30@Controller] Calling Garbage Collector...
> [16.06.2022, 10:55:40@Controller] Calling Garbage Collector...
> [16.06.2022, 10:55:50@Class] Trying to insert frames...
> [16.06.2022, 10:55:50@] Inserting 500 frames...
> [16.06.2022, 10:55:50@Controller] Calling Garbage Collector...
> [16.06.2022, 10:56:00@Controller] Calling Garbage Collector...
> [16.06.2022, 10:56:10@FileMaster] saving config...
> [16.06.2022, 10:56:10@FileMaster] configuration.cfg saved sucsessfully!
> [16.06.2022, 10:56:10@Class] Trying to insert frames...
> [16.06.2022, 10:56:10@] Inserting 500 frames...
> [16.06.2022, 10:56:10@Controller] Calling Garbage Collector...
> [16.06.2022, 10:56:20@Controller] Calling Garbage Collector...
> [16.06.2022, 10:56:30@Class] Trying to insert frames...
> [16.06.2022, 10:56:30@] Inserting 500 frames...
> [16.06.2022, 10:56:30@Controller] Calling Garbage Collector...
> [16.06.2022, 10:56:40@Controller] Calling Garbage Collector...
> [16.06.2022, 10:56:50@Class] Trying to insert frames...
> [16.06.2022, 10:56:50@] Inserting 500 frames...
> [16.06.2022, 10:56:50@Controller] Calling Garbage Collector...
> [16.06.2022, 10:57:00@Controller] Calling Garbage Collector...
> [16.06.2022, 10:57:10@Controller] view loaded!
> [16.06.2022, 10:57:10@Class] Trying to insert frames...
> [16.06.2022, 10:57:10@] Inserting 500 frames...
> [16.06.2022, 10:57:10@Controller] Calling Garbage Collector...
> [16.06.2022, 10:57:20@Controller] Calling Garbage Collector...
> [16.06.2022, 10:57:30@Class] Trying to insert frames...
> [16.06.2022, 10:57:30@] Inserting 500 frames...
> [16.06.2022, 10:57:30@Controller] Calling Garbage Collector...
> [16.06.2022, 10:57:40@Controller] Calling Garbage Collector...
> [16.06.2022, 10:57:50@Class] Trying to insert frames...
> [16.06.2022, 10:57:50@] Inserting 500 frames...
> [16.06.2022, 10:57:50@Controller] Calling Garbage Collector...
> [16.06.2022, 10:58:00@Controller] Calling Garbage Collector...
> [16.06.2022, 10:58:10@Class] Trying to insert frames...
> [16.06.2022, 10:58:10@] Inserting 500 frames...
> [16.06.2022, 10:58:10@Controller] Calling Garbage Collector...
> [16.06.2022, 10:58:20@Controller] Calling Garbage Collector...
> [16.06.2022, 10:58:30@Class] Trying to insert frames...
> [16.06.2022, 10:58:30@] Inserting 500 frames...
> [16.06.2022, 10:58:30@Controller] Calling Garbage Collector...
> [16.06.2022, 10:58:40@Controller] Calling Garbage Collector...
> [16.06.2022, 10:58:50@Controller] Calling Garbage Collector...
> [16.06.2022, 10:58:55@Controller] view loaded!
> [16.06.2022, 10:59:00@Controller] Calling Garbage Collector...
> [16.06.2022, 10:59:10@Class] Trying to insert frames...
> [16.06.2022, 10:59:10@] Inserting 500 frames...
> [16.06.2022, 10:59:10@Controller] Calling Garbage Collector...
> [16.06.2022, 10:59:20@Controller] Calling Garbage Collector...
> [16.06.2022, 10:59:30@Class] Trying to insert frames...
> [16.06.2022, 10:59:30@] Inserting 500 frames...
> [16.06.2022, 10:59:30@Controller] Calling Garbage Collector...
> [16.06.2022, 10:59:40@Controller] Calling Garbage Collector...
> [16.06.2022, 10:59:50@Class] Trying to insert frames...
> [16.06.2022, 10:59:50@] Inserting 500 frames...
> [16.06.2022, 10:59:50@Controller] Calling Garbage Collector...
> [16.06.2022, 11:00:00@Controller] Calling Garbage Collector...
> [16.06.2022, 11:00:10@Class] Trying to insert frames...
> [16.06.2022, 11:00:10@] Inserting 500 frames...
> [16.06.2022, 11:00:10@Controller] Calling Garbage Collector...
> [16.06.2022, 11:00:20@Controller] Calling Garbage Collector...
> [16.06.2022, 11:00:30@Class] Trying to insert frames...
> [16.06.2022, 11:00:30@] Inserting 500 frames...
> [16.06.2022, 11:00:30@Controller] Calling Garbage Collector...
> [16.06.2022, 11:00:40@Controller] Calling Garbage Collector...
> [16.06.2022, 11:00:50@Class] Trying to insert frames...
> [16.06.2022, 11:00:50@] Inserting 500 frames...
> [16.06.2022, 11:00:50@Controller] Calling Garbage Collector...
> [16.06.2022, 11:01:00@Controller] Calling Garbage Collector...
> [16.06.2022, 11:01:10@FileMaster] saving config...
> [16.06.2022, 11:01:10@FileMaster] configuration.cfg saved sucsessfully!
> [16.06.2022, 11:01:10@Class] Trying to insert frames...
> [16.06.2022, 11:01:10@] Inserting 500 frames...
> [16.06.2022, 11:01:10@Controller] Calling Garbage Collector...
> [16.06.2022, 11:01:20@Controller] Calling Garbage Collector...
> [16.06.2022, 11:01:30@Class] Trying to insert frames...
> [16.06.2022, 11:01:30@] Inserting 500 frames...
> [16.06.2022, 11:01:30@Controller] Calling Garbage Collector...
> [16.06.2022, 11:01:40@Controller] Calling Garbage Collector...
> [16.06.2022, 11:01:50@Class] Trying to insert frames...
> [16.06.2022, 11:01:50@] Inserting 500 frames...
> [16.06.2022, 11:01:50@Controller] Calling Garbage Collector...
> [16.06.2022, 11:02:00@Controller] Calling Garbage Collector...
> [16.06.2022, 11:02:10@Class] Trying to insert frames...
> [16.06.2022, 11:02:10@] Inserting 500 frames...
> [16.06.2022, 11:02:10@Controller] Calling Garbage Collector...
> [16.06.2022, 11:02:20@Controller] Calling Garbage Collector...
> [16.06.2022, 11:02:30@Class] Trying to insert frames...
> [16.06.2022, 11:02:30@] Inserting 500 frames...
> [16.06.2022, 11:02:30@Controller] Calling Garbage Collector...
> [16.06.2022, 11:02:40@Controller] Calling Garbage Collector...
> [16.06.2022, 11:02:50@Class] Trying to insert frames...
> [16.06.2022, 11:02:50@] Inserting 500 frames...
> [16.06.2022, 11:02:50@Controller] Calling Garbage Collector...
> [16.06.2022, 11:03:00@Controller] Calling Garbage Collector...
> [16.06.2022, 11:03:10@Class] Trying to insert frames...
> [16.06.2022, 11:03:10@] Inserting 500 frames...
> [16.06.2022, 11:03:10@Controller] Calling Garbage Collector...
> [16.06.2022, 11:03:20@Controller] Calling Garbage Collector...
> [16.06.2022, 11:03:30@Class] Trying to insert frames...
> [16.06.2022, 11:03:30@] Inserting 500 frames...
> [16.06.2022, 11:03:30@Controller] Calling Garbage Collector...
> [16.06.2022, 11:03:40@Controller] Calling Garbage Collector...
> [16.06.2022, 11:03:50@Class] Trying to insert frames...
> [16.06.2022, 11:03:50@] Inserting 500 frames...
> [16.06.2022, 11:03:50@Controller] Calling Garbage Collector...
> [16.06.2022, 11:04:00@Controller] Calling Garbage Collector...
> [16.06.2022, 11:04:10@Class] Trying to insert frames...
> [16.06.2022, 11:04:10@] Inserting 500 frames...
> [16.06.2022, 11:04:10@Controller] Calling Garbage Collector...
> [16.06.2022, 11:04:20@Controller] Calling Garbage Collector...
> [16.06.2022, 11:04:30@Class] Trying to insert frames...
> [16.06.2022, 11:04:30@] Inserting 500 frames...
> [16.06.2022, 11:04:30@Controller] Calling Garbage Collector...
> [16.06.2022, 11:04:40@Controller] Calling Garbage Collector...
> [16.06.2022, 11:04:50@Class] Trying to insert frames...
> [16.06.2022, 11:04:50@] Inserting 500 frames...
> [16.06.2022, 11:04:50@Controller] Calling Garbage Collector...
> [16.06.2022, 11:05:00@Controller] Calling Garbage Collector...
> [16.06.2022, 11:05:10@Class] Trying to insert frames...
> [16.06.2022, 11:05:10@] Inserting 500 frames...
> [16.06.2022, 11:05:10@Controller] Calling Garbage Collector...
> [16.06.2022, 11:05:20@Controller] Calling Garbage Collector...
> [16.06.2022, 11:05:30@Class] Trying to insert frames...
> [16.06.2022, 11:05:30@] Inserting 500 frames...
> [16.06.2022, 11:05:30@Controller] Calling Garbage Collector...
> [16.06.2022, 11:05:40@Controller] Calling Garbage Collector...
> [16.06.2022, 11:05:50@Class] Trying to insert frames...
> [16.06.2022, 11:05:50@] Inserting 500 frames...
> [16.06.2022, 11:05:50@Controller] Calling Garbage Collector...
> [16.06.2022, 11:06:00@Controller] Calling Garbage Collector...
> [16.06.2022, 11:06:10@FileMaster] saving config...
> [16.06.2022, 11:06:10@FileMaster] configuration.cfg saved sucsessfully!
> [16.06.2022, 11:06:10@Class] Trying to insert frames...
> [16.06.2022, 11:06:10@Controller] Calling Garbage Collector...
> [16.06.2022, 11:06:20@Controller] Calling Garbage Collector...
> [16.06.2022, 11:06:30@Class] Trying to insert frames...
> [16.06.2022, 11:06:30@Controller] Calling Garbage Collector...
> [16.06.2022, 11:06:40@Controller] Calling Garbage Collector...
> [16.06.2022, 11:06:50@Class] Trying to insert frames...
> [16.06.2022, 11:06:50@Controller] Calling Garbage Collector...
> [16.06.2022, 11:07:00@Controller] Calling Garbage Collector...
> [16.06.2022, 11:07:10@Class] Trying to insert frames...
> [16.06.2022, 11:07:10@Controller] Calling Garbage Collector...
> [16.06.2022, 11:07:20@Controller] Calling Garbage Collector...
> [16.06.2022, 11:07:30@Class] Trying to insert frames...
> [16.06.2022, 11:07:30@Controller] Calling Garbage Collector...
> [16.06.2022, 11:07:40@Controller] Calling Garbage Collector...
> [16.06.2022, 11:07:50@Class] Trying to insert frames...
> [16.06.2022, 11:07:50@Controller] Calling Garbage Collector...
> [16.06.2022, 11:08:00@Controller] Calling Garbage Collector...
> [16.06.2022, 11:08:10@Class] Trying to insert frames...
> [16.06.2022, 11:08:10@Controller] Calling Garbage Collector...
> [16.06.2022, 11:08:20@Controller] Calling Garbage Collector...
> [16.06.2022, 11:08:30@Class] Trying to insert frames...
> [16.06.2022, 11:08:30@Controller] Calling Garbage Collector...
> [16.06.2022, 11:08:40@Controller] Calling Garbage Collector...
> [16.06.2022, 11:08:50@Class] Trying to insert frames...
> [16.06.2022, 11:08:50@Controller] Calling Garbage Collector...
> [16.06.2022, 11:09:00@Controller] Calling Garbage Collector...
> [16.06.2022, 11:09:10@Class] Trying to insert frames...
> [16.06.2022, 11:09:10@Controller] Calling Garbage Collector...
> [16.06.2022, 11:09:20@Controller] Calling Garbage Collector...
> [16.06.2022, 11:09:30@Class] Trying to insert frames...
> [16.06.2022, 11:09:30@Controller] Calling Garbage Collector...
> [16.06.2022, 11:09:40@Controller] Calling Garbage Collector...
> [16.06.2022, 11:09:50@Class] Trying to insert frames...
> [16.06.2022, 11:09:50@Controller] Calling Garbage Collector...
> [16.06.2022, 11:10:00@Controller] Calling Garbage Collector...
> [16.06.2022, 11:10:10@Class] Trying to insert frames...
> [16.06.2022, 11:10:10@Controller] Calling Garbage Collector...
> [16.06.2022, 11:10:20@Controller] Calling Garbage Collector...
> [16.06.2022, 11:10:30@Class] Trying to insert frames...
> [16.06.2022, 11:10:30@Controller] Calling Garbage Collector...
> [16.06.2022, 11:10:40@Controller] Calling Garbage Collector...
> [16.06.2022, 11:10:50@Class] Trying to insert frames...
> [16.06.2022, 11:10:50@Controller] Calling Garbage Collector...
> [16.06.2022, 11:11:00@Controller] Calling Garbage Collector...
> [16.06.2022, 11:11:10@FileMaster] saving config...
> [16.06.2022, 11:11:10@FileMaster] configuration.cfg saved sucsessfully!
> [16.06.2022, 11:11:10@Class] Trying to insert frames...
> [16.06.2022, 11:11:10@Controller] Calling Garbage Collector...
> [16.06.2022, 11:11:20@Controller] Calling Garbage Collector...
> [16.06.2022, 11:11:30@Class] Trying to insert frames...
> [16.06.2022, 11:11:30@Controller] Calling Garbage Collector...
> [16.06.2022, 11:11:40@Controller] Calling Garbage Collector...
> [16.06.2022, 11:11:50@Class] Trying to insert frames...
> [16.06.2022, 11:11:50@Controller] Calling Garbage Collector...
> [16.06.2022, 11:12:00@Controller] Calling Garbage Collector...
> [16.06.2022, 11:12:10@Class] Trying to insert frames...
> [16.06.2022, 11:12:10@Controller] Calling Garbage Collector...
> [16.06.2022, 11:12:20@Controller] Calling Garbage Collector...
> [16.06.2022, 11:12:30@Class] Trying to insert frames...
> [16.06.2022, 11:12:30@Controller] Calling Garbage Collector...
> [16.06.2022, 11:12:40@Controller] Calling Garbage Collector...
> [16.06.2022, 11:12:49@Controller] view loaded!
> [16.06.2022, 11:12:50@Class] Trying to insert frames...
> [16.06.2022, 11:12:50@Controller] Calling Garbage Collector...
> [16.06.2022, 11:13:00@Controller] Calling Garbage Collector...
> [16.06.2022, 11:13:10@Class] Trying to insert frames...
> [16.06.2022, 11:13:10@] Inserting 500 frames...
> [16.06.2022, 11:13:10@Controller] Calling Garbage Collector...
> [16.06.2022, 11:13:20@Controller] Calling Garbage Collector...
> [16.06.2022, 11:13:30@Class] Trying to insert frames...
> [16.06.2022, 11:13:30@] Inserting 500 frames...
> [16.06.2022, 11:13:30@Controller] Calling Garbage Collector...
> [16.06.2022, 11:13:40@Controller] Calling Garbage Collector...
> [16.06.2022, 11:13:50@Class] Trying to insert frames...
> [16.06.2022, 11:13:50@] Inserting 500 frames...
> [16.06.2022, 11:13:50@Controller] Calling Garbage Collector...
> [16.06.2022, 11:13:53@DataNotFoundException] db-data couldn't be found!
No plane IDs found for type [Q4]!
> [16.06.2022, 11:14:00@Controller] Calling Garbage Collector...
> [16.06.2022, 11:14:03@Controller] view loaded!
> [16.06.2022, 11:14:10@Class] Trying to insert frames...
> [16.06.2022, 11:14:10@] Inserting 500 frames...
> [16.06.2022, 11:14:10@Controller] Calling Garbage Collector...
> [16.06.2022, 11:14:20@Controller] Calling Garbage Collector...
> [16.06.2022, 11:14:23@Controller] view loaded!
> [16.06.2022, 11:14:30@Class] Trying to insert frames...
> [16.06.2022, 11:14:30@] Inserting 500 frames...
> [16.06.2022, 11:14:30@Controller] Calling Garbage Collector...
> [16.06.2022, 11:14:39@Controller] view loaded!
> [16.06.2022, 11:14:40@Controller] Calling Garbage Collector...
> [16.06.2022, 11:14:50@Class] Trying to insert frames...
> [16.06.2022, 11:14:50@] Inserting 500 frames...
> [16.06.2022, 11:14:50@Controller] Calling Garbage Collector...
> [16.06.2022, 11:14:53@Controller] Shutting down program, please wait...
> [16.06.2022, 11:14:53@FileMaster] saving config...
> [16.06.2022, 11:14:53@FileMaster] configuration.cfg saved sucsessfully!
> [16.06.2022, 11:14:54@] Trying to insert last live data...
> [16.06.2022, 11:14:54@Class] Inserted 13500 frames!
> [16.06.2022, 11:15:00@Controller] Calling Garbage Collector...
> [16.06.2022, 11:15:10@Controller] Calling Garbage Collector...
> [16.06.2022, 11:15:20@Controller] Calling Garbage Collector...
> [16.06.2022, 11:15:30@Controller] Calling Garbage Collector...
> [16.06.2022, 11:15:40@Controller] Calling Garbage Collector...
> [16.06.2022, 11:15:50@Controller] Calling Garbage Collector...
> [16.06.2022, 11:16:00@Controller] Calling Garbage Collector...
> [16.06.2022, 11:16:10@Controller] Calling Garbage Collector...
> [16.06.2022, 11:16:20@Controller] Calling Garbage Collector...
> [16.06.2022, 11:16:30@Controller] Calling Garbage Collector...
> 