> [22.06.2022, 13:11:14@Controller] initializing Controller...
> [22.06.2022, 13:11:14@Controller] initializing Executors...
> [22.06.2022, 13:11:14@Controller] Executors initialized sucsessfully!
> [22.06.2022, 13:11:14@Controller] Controller initialized sucsessfully!
> [22.06.2022, 13:11:14@GUI] initialising GUI...
> [22.06.2022, 13:11:14@GUI] GUI initialized sucsessfully!
> [22.06.2022, 13:11:24@Controller] Calling Garbage Collector...
> [22.06.2022, 13:11:32@Controller] view loaded!
> [22.06.2022, 13:11:34@] Trying to insert frames...
> [22.06.2022, 13:11:34@] Inserting 500 frames...
> [22.06.2022, 13:11:34@Controller] Calling Garbage Collector...
> [22.06.2022, 13:11:44@Controller] Calling Garbage Collector...
> [22.06.2022, 13:11:54@] Trying to insert frames...
> [22.06.2022, 13:11:54@] Inserting 500 frames...
> [22.06.2022, 13:11:54@Controller] Calling Garbage Collector...
> [22.06.2022, 13:12:04@Controller] Calling Garbage Collector...
> [22.06.2022, 13:12:14@FileMaster] saving config...
> [22.06.2022, 13:12:14@FileMaster] configuration.cfg saved sucsessfully!
> [22.06.2022, 13:12:14@] Trying to insert frames...
> [22.06.2022, 13:12:14@] Inserting 500 frames...
> [22.06.2022, 13:12:14@Controller] Calling Garbage Collector...
> [22.06.2022, 13:12:24@Controller] Calling Garbage Collector...
> [22.06.2022, 13:12:34@] Trying to insert frames...
> [22.06.2022, 13:12:34@] Inserting 500 frames...
> [22.06.2022, 13:12:34@Controller] Calling Garbage Collector...
> [22.06.2022, 13:12:44@Controller] Calling Garbage Collector...
> [22.06.2022, 13:12:46@Controller] Shutting down program, please wait...
> [22.06.2022, 13:12:46@FileMaster] saving config...
> [22.06.2022, 13:12:46@FileMaster] configuration.cfg saved sucsessfully!
> 