> [14.06.2022, 08:57:49@Controller] initializing Controller...
> [14.06.2022, 08:57:49@Controller] initializing Executors...
> [14.06.2022, 08:57:49@Controller] Executors initialized sucsessfully!
> [14.06.2022, 08:57:49@Controller] Controller initialized sucsessfully!
> [14.06.2022, 08:57:49@GUI] initialising GUI...
> [14.06.2022, 08:57:49@GUI] GUI initialized sucsessfully!
> [14.06.2022, 08:57:59@Controller] Calling Garbage Collector...
> [14.06.2022, 08:58:02@Controller] view loaded!
> [14.06.2022, 08:58:09@Class] Trying to insert frames...
> [14.06.2022, 08:58:09@Class] Inserting 250 frames...
> [14.06.2022, 08:58:09@Controller] Calling Garbage Collector...
> [14.06.2022, 08:58:19@Controller] Calling Garbage Collector...
> [14.06.2022, 08:58:21@Controller] view loaded!
> [14.06.2022, 08:58:29@Class] Trying to insert frames...
> [14.06.2022, 08:58:29@Class] Inserting 250 frames...
> [14.06.2022, 08:58:29@Controller] Calling Garbage Collector...
> [14.06.2022, 08:58:39@Controller] Calling Garbage Collector...
> [14.06.2022, 08:58:49@FileMaster] saving config...
> [14.06.2022, 08:58:49@FileMaster] configuration.cfg saved sucsessfully!
> [14.06.2022, 08:58:49@Class] Trying to insert frames...
> [14.06.2022, 08:58:49@Class] Inserting 250 frames...
> [14.06.2022, 08:58:49@Controller] Calling Garbage Collector...
> [14.06.2022, 08:58:59@Controller] Calling Garbage Collector...
> [14.06.2022, 08:59:09@Class] Trying to insert frames...
> [14.06.2022, 08:59:09@Class] Inserting 250 frames...
> [14.06.2022, 08:59:09@Controller] Calling Garbage Collector...
> [14.06.2022, 08:59:19@Controller] Calling Garbage Collector...
> [14.06.2022, 08:59:26@Controller] Shutting down program, please wait...
> [14.06.2022, 08:59:26@FileMaster] saving config...
> [14.06.2022, 08:59:26@FileMaster] configuration.cfg saved sucsessfully!
> 