> [16.06.2022, 00:32:19@Controller] initializing Controller...
> [16.06.2022, 00:32:19@Controller] initializing Executors...
> [16.06.2022, 00:32:19@Controller] Executors initialized sucsessfully!
> [16.06.2022, 00:32:19@Controller] Controller initialized sucsessfully!
> [16.06.2022, 00:32:19@GUI] initialising GUI...
> [16.06.2022, 00:32:19@GUI] GUI initialized sucsessfully!
> [16.06.2022, 00:32:29@Controller] Calling Garbage Collector...
> [16.06.2022, 00:32:33@Controller] view loaded!
> [16.06.2022, 00:32:39@Class] Trying to insert frames...
> [16.06.2022, 00:32:39@Class] Inserting 500 frames...
> [16.06.2022, 00:32:39@Controller] Calling Garbage Collector...
> [16.06.2022, 00:32:49@Controller] Calling Garbage Collector...
> [16.06.2022, 00:32:59@Class] Trying to insert frames...
> [16.06.2022, 00:32:59@Class] Inserting 500 frames...
> [16.06.2022, 00:32:59@Controller] Calling Garbage Collector...
> [16.06.2022, 00:33:09@Controller] Calling Garbage Collector...
> [16.06.2022, 00:33:19@FileMaster] saving config...
> [16.06.2022, 00:33:19@FileMaster] configuration.cfg saved sucsessfully!
> [16.06.2022, 00:33:19@Class] Trying to insert frames...
> [16.06.2022, 00:33:19@Class] Inserting 500 frames...
> [16.06.2022, 00:33:19@Controller] Calling Garbage Collector...
> [16.06.2022, 00:33:29@Controller] Calling Garbage Collector...
> [16.06.2022, 00:33:39@Class] Trying to insert frames...
> [16.06.2022, 00:33:39@Class] Inserting 500 frames...
> [16.06.2022, 00:33:39@Controller] Calling Garbage Collector...
> [16.06.2022, 00:33:49@Controller] Calling Garbage Collector...
> [16.06.2022, 00:33:59@Class] Trying to insert frames...
> [16.06.2022, 00:33:59@Class] Inserting 500 frames...
> [16.06.2022, 00:33:59@Controller] Calling Garbage Collector...
> [16.06.2022, 00:34:09@Controller] Calling Garbage Collector...
> [16.06.2022, 00:34:14@Controller] Shutting down program, please wait...
> [16.06.2022, 00:34:14@FileMaster] saving config...
> [16.06.2022, 00:34:14@FileMaster] configuration.cfg saved sucsessfully!
> 