> [10.06.2022, 02:07:02@Controller] initializing Controller...
> [10.06.2022, 02:07:02@Controller] Controller initialized sucsessfully!
> [10.06.2022, 02:07:02@Controller] initializing Executors...
> [10.06.2022, 02:07:02@Controller] Executors initialized sucsessfully!
> [10.06.2022, 02:07:02@GUI] initialising GUI...
> [10.06.2022, 02:07:02@GUI] GUI initialized sucsessfully!
> [10.06.2022, 02:07:05@Controller] view loaded!
> [10.06.2022, 02:07:12@Controller] Calling Garbage Collector...
> [10.06.2022, 02:07:22@Class] Trying to insert frames...
> [10.06.2022, 02:07:22@Class] Inserting 250 frames...
> [10.06.2022, 02:07:22@Controller] Calling Garbage Collector...
> [10.06.2022, 02:07:32@Controller] Calling Garbage Collector...
> [10.06.2022, 02:07:42@Class] Trying to insert frames...
> [10.06.2022, 02:07:42@Class] Inserting 250 frames...
> [10.06.2022, 02:07:42@Controller] Calling Garbage Collector...
> [10.06.2022, 02:07:52@Controller] Calling Garbage Collector...
> [10.06.2022, 02:08:02@FileMaster] saving config...
> [10.06.2022, 02:08:02@FileMaster] configuration.cfg saved sucsessfully!
> [10.06.2022, 02:08:02@Class] Trying to insert frames...
> [10.06.2022, 02:08:02@Class] Inserting 250 frames...
> [10.06.2022, 02:08:02@Controller] Calling Garbage Collector...
> [10.06.2022, 02:08:12@Controller] Calling Garbage Collector...
> [10.06.2022, 02:08:22@Class] Trying to insert frames...
> [10.06.2022, 02:08:22@Class] Inserting 250 frames...
> [10.06.2022, 02:08:22@Controller] Calling Garbage Collector...
> [10.06.2022, 02:08:32@Controller] Calling Garbage Collector...
> [10.06.2022, 02:08:42@Class] Trying to insert frames...
> [10.06.2022, 02:08:42@Class] Inserting 250 frames...
> [10.06.2022, 02:08:42@Controller] Calling Garbage Collector...
> [10.06.2022, 02:08:52@Controller] Calling Garbage Collector...
> [10.06.2022, 02:09:02@Class] Trying to insert frames...
> [10.06.2022, 02:09:02@Class] Inserting 250 frames...
> [10.06.2022, 02:09:02@Controller] Calling Garbage Collector...
> [10.06.2022, 02:09:12@Controller] Shutting down program, please wait...
> [10.06.2022, 02:09:12@FileMaster] saving config...
> [10.06.2022, 02:09:12@FileMaster] configuration.cfg saved sucsessfully!
> 