> [13.06.2022, 13:29:14@Controller] initializing Controller...
> [13.06.2022, 13:29:14@Controller] initializing Executors...
> [13.06.2022, 13:29:14@Controller] Executors initialized sucsessfully!
> [13.06.2022, 13:29:14@Controller] Controller initialized sucsessfully!
> [13.06.2022, 13:29:14@GUI] initialising GUI...
> [13.06.2022, 13:29:14@GUI] GUI initialized sucsessfully!
> [13.06.2022, 13:29:17@Controller] view loaded!
> [13.06.2022, 13:29:24@Controller] Calling Garbage Collector...
> [13.06.2022, 13:29:34@Class] Trying to insert frames...
> [13.06.2022, 13:29:34@Class] Inserting 250 frames...
> [13.06.2022, 13:29:34@Controller] Calling Garbage Collector...
> [13.06.2022, 13:29:44@Controller] Calling Garbage Collector...
> [13.06.2022, 13:29:54@Class] Trying to insert frames...
> [13.06.2022, 13:29:54@Class] Inserting 250 frames...
> [13.06.2022, 13:29:54@Controller] Calling Garbage Collector...
> [13.06.2022, 13:30:04@Controller] Calling Garbage Collector...
> [13.06.2022, 13:30:14@FileMaster] saving config...
> [13.06.2022, 13:30:14@FileMaster] configuration.cfg saved sucsessfully!
> [13.06.2022, 13:30:14@Class] Trying to insert frames...
> [13.06.2022, 13:30:14@Class] Inserting 250 frames...
> [13.06.2022, 13:30:14@Controller] Calling Garbage Collector...
> [13.06.2022, 13:30:24@Controller] Calling Garbage Collector...
> [13.06.2022, 13:30:34@Class] Trying to insert frames...
> [13.06.2022, 13:30:34@Class] Inserting 250 frames...
> [13.06.2022, 13:30:34@Controller] Calling Garbage Collector...
> [13.06.2022, 13:30:44@Controller] Calling Garbage Collector...
> [13.06.2022, 13:30:54@Class] Trying to insert frames...
> [13.06.2022, 13:30:54@Class] Inserting 250 frames...
> [13.06.2022, 13:30:54@Controller] Calling Garbage Collector...
> [13.06.2022, 13:30:59@Controller] Shutting down program, please wait...
> [13.06.2022, 13:30:59@FileMaster] saving config...
> [13.06.2022, 13:30:59@FileMaster] configuration.cfg saved sucsessfully!
> 