> [13.06.2022, 21:41:48@Controller] initializing Controller...
> [13.06.2022, 21:41:48@Controller] initializing Executors...
> [13.06.2022, 21:41:48@Controller] Executors initialized sucsessfully!
> [13.06.2022, 21:41:48@Controller] Controller initialized sucsessfully!
> [13.06.2022, 21:41:48@GUI] initialising GUI...
> [13.06.2022, 21:41:48@GUI] GUI initialized sucsessfully!
> [13.06.2022, 21:41:58@Controller] Calling Garbage Collector...
> [13.06.2022, 21:42:02@Controller] view loaded!
> [13.06.2022, 21:42:08@Class] Trying to insert frames...
> [13.06.2022, 21:42:08@Class] Inserting 250 frames...
> [13.06.2022, 21:42:08@Controller] Calling Garbage Collector...
> [13.06.2022, 21:42:18@Controller] Calling Garbage Collector...
> [13.06.2022, 21:42:28@Class] Trying to insert frames...
> [13.06.2022, 21:42:28@Class] Inserting 250 frames...
> [13.06.2022, 21:42:28@Controller] Calling Garbage Collector...
> [13.06.2022, 21:42:38@Controller] Calling Garbage Collector...
> [13.06.2022, 21:42:48@FileMaster] saving config...
> [13.06.2022, 21:42:48@FileMaster] configuration.cfg saved sucsessfully!
> [13.06.2022, 21:42:48@Class] Trying to insert frames...
> [13.06.2022, 21:42:48@Class] Inserting 250 frames...
> [13.06.2022, 21:42:48@Controller] Calling Garbage Collector...
> [13.06.2022, 21:42:58@Controller] Calling Garbage Collector...
> [13.06.2022, 21:43:02@Controller] Shutting down program, please wait...
> [13.06.2022, 21:43:02@FileMaster] saving config...
> [13.06.2022, 21:43:02@FileMaster] configuration.cfg saved sucsessfully!
> 