> [12.06.2022, 15:05:59@Controller] initializing Controller...
> [12.06.2022, 15:05:59@Controller] Controller initialized sucsessfully!
> [12.06.2022, 15:05:59@Controller] initializing Executors...
> [12.06.2022, 15:05:59@Controller] Executors initialized sucsessfully!
> [12.06.2022, 15:05:59@GUI] initialising GUI...
> [12.06.2022, 15:05:59@GUI] GUI initialized sucsessfully!
> [12.06.2022, 15:06:02@Controller] view loaded!
> [12.06.2022, 15:06:09@Controller] Calling Garbage Collector...
> [12.06.2022, 15:06:19@Class] Trying to insert frames...
> [12.06.2022, 15:06:19@Class] Inserting 250 frames...
> [12.06.2022, 15:06:19@Controller] Calling Garbage Collector...
> [12.06.2022, 15:06:29@Controller] Calling Garbage Collector...
> [12.06.2022, 15:06:39@Class] Trying to insert frames...
> [12.06.2022, 15:06:39@Class] Inserting 250 frames...
> [12.06.2022, 15:06:39@Controller] Calling Garbage Collector...
> [12.06.2022, 15:06:49@Controller] Calling Garbage Collector...
> [12.06.2022, 15:06:59@FileMaster] saving config...
> [12.06.2022, 15:06:59@FileMaster] configuration.cfg saved sucsessfully!
> [12.06.2022, 15:06:59@Class] Trying to insert frames...
> [12.06.2022, 15:06:59@Class] Inserting 250 frames...
> [12.06.2022, 15:06:59@Controller] Calling Garbage Collector...
> [12.06.2022, 15:07:09@Controller] Calling Garbage Collector...
> [12.06.2022, 15:07:19@Class] Trying to insert frames...
> [12.06.2022, 15:07:19@Class] Inserting 250 frames...
> [12.06.2022, 15:07:19@Controller] Calling Garbage Collector...
> [12.06.2022, 15:07:29@Controller] Calling Garbage Collector...
> [12.06.2022, 15:07:39@Class] Trying to insert frames...
> [12.06.2022, 15:07:39@Class] Inserting 250 frames...
> [12.06.2022, 15:07:39@Controller] Calling Garbage Collector...
> [12.06.2022, 15:07:49@Controller] Calling Garbage Collector...
> [12.06.2022, 15:07:59@Class] Trying to insert frames...
> [12.06.2022, 15:07:59@Class] Inserting 250 frames...
> [12.06.2022, 15:07:59@Controller] Calling Garbage Collector...
> [12.06.2022, 15:08:09@Controller] Calling Garbage Collector...
> [12.06.2022, 15:08:19@Class] Trying to insert frames...
> [12.06.2022, 15:08:19@Class] Inserting 250 frames...
> [12.06.2022, 15:08:19@Controller] Calling Garbage Collector...
> [12.06.2022, 15:08:29@Controller] Calling Garbage Collector...
> [12.06.2022, 15:08:39@Class] Trying to insert frames...
> [12.06.2022, 15:08:39@Class] Inserting 250 frames...
> [12.06.2022, 15:08:39@Controller] Calling Garbage Collector...
> [12.06.2022, 15:08:49@Controller] Calling Garbage Collector...
> [12.06.2022, 15:08:59@Class] Trying to insert frames...
> [12.06.2022, 15:08:59@Class] Inserting 250 frames...
> [12.06.2022, 15:08:59@Controller] Calling Garbage Collector...
> [12.06.2022, 15:09:09@Controller] Calling Garbage Collector...
> [12.06.2022, 15:09:19@Class] Trying to insert frames...
> [12.06.2022, 15:09:19@Class] Inserting 250 frames...
> [12.06.2022, 15:09:19@Controller] Calling Garbage Collector...
> [12.06.2022, 15:09:29@Controller] Calling Garbage Collector...
> [12.06.2022, 15:09:39@Class] Trying to insert frames...
> [12.06.2022, 15:09:39@Class] Inserting 250 frames...
> [12.06.2022, 15:09:39@Controller] Calling Garbage Collector...
> [12.06.2022, 15:09:49@Controller] Calling Garbage Collector...
> [12.06.2022, 15:09:59@Class] Trying to insert frames...
> [12.06.2022, 15:09:59@Class] Inserting 250 frames...
> [12.06.2022, 15:09:59@Controller] Calling Garbage Collector...
> [12.06.2022, 15:10:09@Controller] Calling Garbage Collector...
> [12.06.2022, 15:10:19@Class] Trying to insert frames...
> [12.06.2022, 15:10:19@Class] Inserting 250 frames...
> [12.06.2022, 15:10:19@Controller] Calling Garbage Collector...
> [12.06.2022, 15:10:29@Controller] Calling Garbage Collector...
> [12.06.2022, 15:10:39@Class] Trying to insert frames...
> [12.06.2022, 15:10:39@Class] Inserting 250 frames...
> [12.06.2022, 15:10:39@Controller] Calling Garbage Collector...
> [12.06.2022, 15:10:49@Controller] Calling Garbage Collector...
> [12.06.2022, 15:10:59@Class] Trying to insert frames...
> [12.06.2022, 15:10:59@Class] Inserting 250 frames...
> [12.06.2022, 15:10:59@Controller] Calling Garbage Collector...
> [12.06.2022, 15:11:09@Controller] Calling Garbage Collector...
> [12.06.2022, 15:11:19@Class] Trying to insert frames...
> [12.06.2022, 15:11:19@Class] Inserting 250 frames...
> [12.06.2022, 15:11:19@Controller] Calling Garbage Collector...
> [12.06.2022, 15:11:29@Controller] Calling Garbage Collector...
> [12.06.2022, 15:11:39@Class] Trying to insert frames...
> [12.06.2022, 15:11:39@Class] Inserting 250 frames...
> [12.06.2022, 15:11:39@Controller] Calling Garbage Collector...
> [12.06.2022, 15:11:49@Controller] Calling Garbage Collector...
> [12.06.2022, 15:11:59@FileMaster] saving config...
> [12.06.2022, 15:11:59@FileMaster] configuration.cfg saved sucsessfully!
> [12.06.2022, 15:11:59@Class] Trying to insert frames...
> [12.06.2022, 15:11:59@Class] Inserting 250 frames...
> [12.06.2022, 15:11:59@Controller] Calling Garbage Collector...
> [12.06.2022, 15:12:09@Controller] Calling Garbage Collector...
> [12.06.2022, 15:12:10@Controller] Shutting down program, please wait...
> [12.06.2022, 15:12:10@FileMaster] saving config...
> [12.06.2022, 15:12:10@FileMaster] configuration.cfg saved sucsessfully!
> 