> [14.06.2022, 12:51:20@Controller] initializing Controller...
> [14.06.2022, 12:51:20@Controller] initializing Executors...
> [14.06.2022, 12:51:20@Controller] Executors initialized sucsessfully!
> [14.06.2022, 12:51:20@Controller] Controller initialized sucsessfully!
> [14.06.2022, 12:51:20@GUI] initialising GUI...
> [14.06.2022, 12:51:20@GUI] GUI initialized sucsessfully!
> [14.06.2022, 12:51:22@Controller] view loaded!
> [14.06.2022, 12:51:30@Controller] Calling Garbage Collector...
> [14.06.2022, 12:51:40@Class] Trying to insert frames...
> [14.06.2022, 12:51:40@Class] Inserting 250 frames...
> [14.06.2022, 12:51:40@Controller] Calling Garbage Collector...
> [14.06.2022, 12:51:50@Controller] Calling Garbage Collector...
> [14.06.2022, 12:52:00@Class] Trying to insert frames...
> [14.06.2022, 12:52:00@Class] Inserting 250 frames...
> [14.06.2022, 12:52:00@Controller] Calling Garbage Collector...
> [14.06.2022, 12:52:10@Controller] Calling Garbage Collector...
> [14.06.2022, 12:52:16@Controller] Shutting down program, please wait...
> [14.06.2022, 12:52:16@FileMaster] saving config...
> [14.06.2022, 12:52:16@FileMaster] configuration.cfg saved sucsessfully!
> 