> [20.06.2022, 22:40:41@Controller] initializing Controller...
> [20.06.2022, 22:40:41@Controller] initializing Executors...
> [20.06.2022, 22:40:41@Controller] Executors initialized sucsessfully!
> [20.06.2022, 22:40:41@Controller] Controller initialized sucsessfully!
> [20.06.2022, 22:40:41@GUI] initialising GUI...
> [20.06.2022, 22:40:41@GUI] GUI initialized sucsessfully!
> [20.06.2022, 22:40:51@Controller] Calling Garbage Collector...
> [20.06.2022, 22:41:01@Controller] Calling Garbage Collector...
> [20.06.2022, 22:41:11@Controller] Calling Garbage Collector...
> [20.06.2022, 22:41:21@Controller] Calling Garbage Collector...
> [20.06.2022, 22:41:31@Controller] Calling Garbage Collector...
> [20.06.2022, 22:41:41@Controller] Calling Garbage Collector...
> [20.06.2022, 22:41:51@Controller] Calling Garbage Collector...
> [20.06.2022, 22:42:01@Controller] Calling Garbage Collector...
> [20.06.2022, 22:42:11@Controller] Calling Garbage Collector...
> [20.06.2022, 22:42:21@Controller] Calling Garbage Collector...
> [20.06.2022, 22:42:31@Controller] Calling Garbage Collector...
> [20.06.2022, 22:42:41@Controller] Calling Garbage Collector...
> [20.06.2022, 22:42:51@Controller] Calling Garbage Collector...
> [20.06.2022, 22:42:55@Controller] view loaded!
> [20.06.2022, 22:43:01@] Trying to insert frames...
> [20.06.2022, 22:43:01@] Inserting 500 frames...
> [20.06.2022, 22:43:01@Controller] Calling Garbage Collector...
> [20.06.2022, 22:43:11@Controller] Calling Garbage Collector...
> [20.06.2022, 22:43:21@Controller] Calling Garbage Collector...
> [20.06.2022, 22:43:31@Controller] Calling Garbage Collector...
> [20.06.2022, 22:43:41@Controller] Calling Garbage Collector...
> [20.06.2022, 22:43:51@Controller] Calling Garbage Collector...
> [20.06.2022, 22:44:01@Controller] Calling Garbage Collector...
> [20.06.2022, 22:44:11@Controller] Calling Garbage Collector...
> [20.06.2022, 22:44:15@Controller] view loaded!
> [20.06.2022, 22:44:21@] Trying to insert frames...
> [20.06.2022, 22:44:21@] Inserting 500 frames...
> [20.06.2022, 22:44:21@Controller] Calling Garbage Collector...
> [20.06.2022, 22:44:31@Controller] Calling Garbage Collector...
> [20.06.2022, 22:44:41@] Trying to insert frames...
> [20.06.2022, 22:44:41@] Inserting 500 frames...
> [20.06.2022, 22:44:41@Controller] Calling Garbage Collector...
> [20.06.2022, 22:44:51@Controller] Calling Garbage Collector...
> [20.06.2022, 22:45:01@] Trying to insert frames...
> [20.06.2022, 22:45:01@] Inserting 500 frames...
> [20.06.2022, 22:45:01@Controller] Calling Garbage Collector...
> [20.06.2022, 22:45:11@Controller] Calling Garbage Collector...
> [20.06.2022, 22:45:21@Controller] Calling Garbage Collector...
> [20.06.2022, 22:45:31@Controller] Calling Garbage Collector...
> [20.06.2022, 22:45:41@Controller] Calling Garbage Collector...
> [20.06.2022, 22:45:51@Controller] Calling Garbage Collector...
> [20.06.2022, 22:46:01@Controller] Calling Garbage Collector...
> [20.06.2022, 22:46:11@Controller] Calling Garbage Collector...
> [20.06.2022, 22:46:21@Controller] Calling Garbage Collector...
> [20.06.2022, 22:46:31@Controller] Calling Garbage Collector...
> [20.06.2022, 22:46:41@Controller] Calling Garbage Collector...
> [20.06.2022, 22:46:51@Controller] Calling Garbage Collector...
> [20.06.2022, 22:47:01@Controller] Calling Garbage Collector...
> [20.06.2022, 22:47:11@Controller] Calling Garbage Collector...
> [20.06.2022, 22:47:21@Controller] Calling Garbage Collector...
> [20.06.2022, 22:47:31@Controller] Calling Garbage Collector...
> [20.06.2022, 22:47:41@Controller] Calling Garbage Collector...
> [20.06.2022, 22:47:51@Controller] Calling Garbage Collector...
> [20.06.2022, 22:48:01@Controller] Calling Garbage Collector...
> [20.06.2022, 22:48:11@Controller] Calling Garbage Collector...
> [20.06.2022, 22:48:21@Controller] Calling Garbage Collector...
> [20.06.2022, 22:48:31@Controller] Calling Garbage Collector...
> [20.06.2022, 22:48:41@Controller] Calling Garbage Collector...
> [20.06.2022, 22:48:51@Controller] Calling Garbage Collector...
> [20.06.2022, 22:49:01@Controller] Calling Garbage Collector...
> [20.06.2022, 22:49:11@Controller] Calling Garbage Collector...
> [20.06.2022, 22:49:21@Controller] Calling Garbage Collector...
> [20.06.2022, 22:49:31@Controller] Calling Garbage Collector...
> [20.06.2022, 22:49:41@Controller] Calling Garbage Collector...
> [20.06.2022, 22:49:51@Controller] Calling Garbage Collector...
> [20.06.2022, 22:50:01@Controller] Calling Garbage Collector...
> [20.06.2022, 22:50:11@Controller] Calling Garbage Collector...
> [20.06.2022, 22:50:21@Controller] Calling Garbage Collector...
> [20.06.2022, 22:50:31@Controller] Calling Garbage Collector...
> [20.06.2022, 22:50:41@Controller] Calling Garbage Collector...
> [20.06.2022, 22:50:51@Controller] Calling Garbage Collector...
> [20.06.2022, 22:51:01@Controller] Calling Garbage Collector...
> [20.06.2022, 22:51:11@Controller] Calling Garbage Collector...
> [20.06.2022, 22:51:21@Controller] Calling Garbage Collector...
> [20.06.2022, 22:51:31@Controller] Calling Garbage Collector...
> [20.06.2022, 22:51:41@Controller] Calling Garbage Collector...
> [20.06.2022, 22:51:51@Controller] Calling Garbage Collector...
> [20.06.2022, 22:52:01@Controller] Calling Garbage Collector...
> [20.06.2022, 22:52:11@Controller] Calling Garbage Collector...
> [20.06.2022, 22:52:21@Controller] Calling Garbage Collector...
> [20.06.2022, 22:52:31@Controller] Calling Garbage Collector...
> [20.06.2022, 22:52:41@Controller] Calling Garbage Collector...
> [20.06.2022, 22:52:51@Controller] Calling Garbage Collector...
> [20.06.2022, 22:53:01@Controller] Calling Garbage Collector...
> [20.06.2022, 22:53:11@Controller] Calling Garbage Collector...
> [20.06.2022, 22:53:21@Controller] Calling Garbage Collector...
> [20.06.2022, 22:53:31@Controller] Calling Garbage Collector...
> [20.06.2022, 22:53:41@Controller] Calling Garbage Collector...
> [20.06.2022, 22:53:51@Controller] Calling Garbage Collector...
> [20.06.2022, 22:54:01@Controller] Calling Garbage Collector...
> [20.06.2022, 22:54:11@Controller] Calling Garbage Collector...
> [20.06.2022, 22:54:21@Controller] Calling Garbage Collector...
> [20.06.2022, 22:54:31@Controller] Calling Garbage Collector...
> [20.06.2022, 22:54:41@Controller] Calling Garbage Collector...
> [20.06.2022, 22:54:51@Controller] Calling Garbage Collector...
> [20.06.2022, 22:55:01@Controller] Calling Garbage Collector...
> [20.06.2022, 22:55:11@Controller] Calling Garbage Collector...
> [20.06.2022, 22:55:21@Controller] Calling Garbage Collector...
> [20.06.2022, 22:55:31@Controller] Calling Garbage Collector...
> [20.06.2022, 22:55:41@Controller] Calling Garbage Collector...
> [20.06.2022, 22:55:51@Controller] Calling Garbage Collector...
> [20.06.2022, 22:56:01@Controller] Calling Garbage Collector...
> [20.06.2022, 22:56:11@Controller] Calling Garbage Collector...
> [20.06.2022, 22:56:21@Controller] Calling Garbage Collector...
> [20.06.2022, 22:56:31@Controller] Calling Garbage Collector...
> [20.06.2022, 22:56:41@Controller] Calling Garbage Collector...
> [20.06.2022, 22:56:51@Controller] Calling Garbage Collector...
> [20.06.2022, 22:56:58@Controller] Shutting down program, please wait...
> [20.06.2022, 22:56:58@FileMaster] saving config...
> [20.06.2022, 22:56:58@FileMaster] configuration.cfg saved sucsessfully!
> 