> [15.06.2022, 21:25:10@Controller] initializing Controller...
> [15.06.2022, 21:25:10@Controller] initializing Executors...
> [15.06.2022, 21:25:10@Controller] Executors initialized sucsessfully!
> [15.06.2022, 21:25:10@Controller] Controller initialized sucsessfully!
> [15.06.2022, 21:25:10@GUI] initialising GUI...
> [15.06.2022, 21:25:10@GUI] GUI initialized sucsessfully!
> [15.06.2022, 21:25:12@Controller] view loaded!
> [15.06.2022, 21:25:20@Controller] Calling Garbage Collector...
> [15.06.2022, 21:25:30@Class] Trying to insert frames...
> [15.06.2022, 21:25:30@Controller] Calling Garbage Collector...
> [15.06.2022, 21:25:40@Controller] Calling Garbage Collector...
> [15.06.2022, 21:25:50@Class] Trying to insert frames...
> [15.06.2022, 21:25:50@Controller] Calling Garbage Collector...
> [15.06.2022, 21:26:00@Controller] Calling Garbage Collector...
> [15.06.2022, 21:26:10@FileMaster] saving config...
> [15.06.2022, 21:26:10@FileMaster] configuration.cfg saved sucsessfully!
> [15.06.2022, 21:26:10@Class] Trying to insert frames...
> [15.06.2022, 21:26:10@Controller] Calling Garbage Collector...
> [15.06.2022, 21:26:20@Controller] Calling Garbage Collector...
> [15.06.2022, 21:26:30@Class] Trying to insert frames...
> [15.06.2022, 21:26:30@Controller] Calling Garbage Collector...
> [15.06.2022, 21:26:40@Controller] Calling Garbage Collector...
> [15.06.2022, 21:26:42@Controller] Shutting down program, please wait...
> [15.06.2022, 21:26:42@FileMaster] saving config...
> [15.06.2022, 21:26:42@FileMaster] configuration.cfg saved sucsessfully!
> 