> [14.06.2022, 09:00:07@Controller] initializing Controller...
> [14.06.2022, 09:00:07@Controller] initializing Executors...
> [14.06.2022, 09:00:07@Controller] Executors initialized sucsessfully!
> [14.06.2022, 09:00:07@Controller] Controller initialized sucsessfully!
> [14.06.2022, 09:00:07@GUI] initialising GUI...
> [14.06.2022, 09:00:07@GUI] GUI initialized sucsessfully!
> [14.06.2022, 09:00:17@Controller] view loaded!
> [14.06.2022, 09:00:17@Controller] Calling Garbage Collector...
> [14.06.2022, 09:00:27@Class] Trying to insert frames...
> [14.06.2022, 09:00:27@Class] Inserting 250 frames...
> [14.06.2022, 09:00:27@Controller] Calling Garbage Collector...
> [14.06.2022, 09:00:37@Controller] Calling Garbage Collector...
> [14.06.2022, 09:00:47@Class] Trying to insert frames...
> [14.06.2022, 09:00:47@Class] Inserting 250 frames...
> [14.06.2022, 09:00:47@Controller] Calling Garbage Collector...
> [14.06.2022, 09:00:57@Controller] Calling Garbage Collector...
> [14.06.2022, 09:01:07@Controller] Calling Garbage Collector...
> [14.06.2022, 09:01:17@Controller] Calling Garbage Collector...
> [14.06.2022, 09:01:26@Controller] view loaded!
> [14.06.2022, 09:01:27@Class] Trying to insert frames...
> [14.06.2022, 09:01:27@Class] Inserting 250 frames...
> [14.06.2022, 09:01:27@Controller] Calling Garbage Collector...
> [14.06.2022, 09:01:37@Controller] Calling Garbage Collector...
> [14.06.2022, 09:01:47@Class] Trying to insert frames...
> [14.06.2022, 09:01:47@Class] Inserting 250 frames...
> [14.06.2022, 09:01:47@Controller] Calling Garbage Collector...
> [14.06.2022, 09:01:57@Controller] Calling Garbage Collector...
> [14.06.2022, 09:02:07@Class] Trying to insert frames...
> [14.06.2022, 09:02:07@Class] Inserting 250 frames...
> [14.06.2022, 09:02:07@Controller] Calling Garbage Collector...
> [14.06.2022, 09:02:17@Controller] Calling Garbage Collector...
> [14.06.2022, 09:02:27@Class] Trying to insert frames...
> [14.06.2022, 09:02:27@Class] Inserting 250 frames...
> [14.06.2022, 09:02:27@Controller] Calling Garbage Collector...
> [14.06.2022, 09:02:37@Controller] Calling Garbage Collector...
> [14.06.2022, 09:02:47@Class] Trying to insert frames...
> [14.06.2022, 09:02:47@Class] Inserting 250 frames...
> [14.06.2022, 09:02:47@Controller] Calling Garbage Collector...
> [14.06.2022, 09:02:57@Controller] Calling Garbage Collector...
> [14.06.2022, 09:03:07@Class] Trying to insert frames...
> [14.06.2022, 09:03:07@Class] Inserting 250 frames...
> [14.06.2022, 09:03:07@Controller] Calling Garbage Collector...
> [14.06.2022, 09:03:17@Controller] Calling Garbage Collector...
> [14.06.2022, 09:03:27@Class] Trying to insert frames...
> [14.06.2022, 09:03:27@Class] Inserting 250 frames...
> [14.06.2022, 09:03:27@Controller] Calling Garbage Collector...
> [14.06.2022, 09:03:27@Controller] view loaded!
> [14.06.2022, 09:03:34@Controller] Shutting down program, please wait...
> [14.06.2022, 09:03:34@FileMaster] saving config...
> [14.06.2022, 09:03:34@FileMaster] configuration.cfg saved sucsessfully!
> 