> [20.06.2022, 23:22:29@Controller] initializing Controller...
> [20.06.2022, 23:22:29@Controller] initializing Executors...
> [20.06.2022, 23:22:29@Controller] Executors initialized sucsessfully!
> [20.06.2022, 23:22:29@Controller] Controller initialized sucsessfully!
> [20.06.2022, 23:22:29@GUI] initialising GUI...
> [20.06.2022, 23:22:29@GUI] GUI initialized sucsessfully!
> [20.06.2022, 23:22:39@Controller] Calling Garbage Collector...
> [20.06.2022, 23:22:49@Controller] view loaded!
> [20.06.2022, 23:22:49@] Trying to insert frames...
> [20.06.2022, 23:22:49@] Inserting 500 frames...
> [20.06.2022, 23:22:49@Controller] Calling Garbage Collector...
> [20.06.2022, 23:22:59@Controller] Calling Garbage Collector...
> [20.06.2022, 23:23:09@Controller] Calling Garbage Collector...
> [20.06.2022, 23:23:09@Controller] view loaded!
> [20.06.2022, 23:23:17@Controller] view loaded!
> [20.06.2022, 23:23:19@Controller] Calling Garbage Collector...
> [20.06.2022, 23:23:23@Controller] Shutting down program, please wait...
> [20.06.2022, 23:23:23@FileMaster] saving config...
> [20.06.2022, 23:23:23@FileMaster] configuration.cfg saved sucsessfully!
> 