> [15.06.2022, 10:51:12@Controller] initializing Controller...
> [15.06.2022, 10:51:12@Controller] initializing Executors...
> [15.06.2022, 10:51:12@Controller] Executors initialized sucsessfully!
> [15.06.2022, 10:51:12@Controller] Controller initialized sucsessfully!
> [15.06.2022, 10:51:12@GUI] initialising GUI...
> [15.06.2022, 10:51:12@GUI] GUI initialized sucsessfully!
> [15.06.2022, 10:51:22@Controller] Calling Garbage Collector...
> [15.06.2022, 10:51:32@Class] Trying to insert frames...
> [15.06.2022, 10:51:32@Class] Inserting 250 frames...
> [15.06.2022, 10:51:32@Controller] Calling Garbage Collector...
> [15.06.2022, 10:51:40@Controller] view loaded!
> [15.06.2022, 10:51:42@Controller] Calling Garbage Collector...
> [15.06.2022, 10:51:52@Class] Trying to insert frames...
> [15.06.2022, 10:51:52@Class] Inserting 250 frames...
> [15.06.2022, 10:51:52@Controller] Calling Garbage Collector...
> [15.06.2022, 10:52:02@Controller] Calling Garbage Collector...
> [15.06.2022, 10:52:12@FileMaster] saving config...
> [15.06.2022, 10:52:12@FileMaster] configuration.cfg saved sucsessfully!
> [15.06.2022, 10:52:12@Class] Trying to insert frames...
> [15.06.2022, 10:52:12@Class] Inserting 250 frames...
> [15.06.2022, 10:52:12@Controller] Calling Garbage Collector...
> [15.06.2022, 10:52:22@Controller] Calling Garbage Collector...
> [15.06.2022, 10:52:32@Class] Trying to insert frames...
> [15.06.2022, 10:52:32@Class] Inserting 250 frames...
> [15.06.2022, 10:52:32@Controller] Calling Garbage Collector...
> [15.06.2022, 10:52:42@Controller] Calling Garbage Collector...
> [15.06.2022, 10:52:52@Class] Trying to insert frames...
> [15.06.2022, 10:52:52@Class] Inserting 250 frames...
> [15.06.2022, 10:52:52@Controller] Calling Garbage Collector...
> [15.06.2022, 10:53:02@Controller] Calling Garbage Collector...
> [15.06.2022, 10:53:12@Class] Trying to insert frames...
> [15.06.2022, 10:53:12@Class] Inserting 250 frames...
> [15.06.2022, 10:53:12@Controller] Calling Garbage Collector...
> [15.06.2022, 10:53:22@Controller] Calling Garbage Collector...
> [15.06.2022, 10:53:32@Class] Trying to insert frames...
> [15.06.2022, 10:53:32@Class] Inserting 250 frames...
> [15.06.2022, 10:53:32@Controller] Calling Garbage Collector...
> [15.06.2022, 10:53:42@Controller] Calling Garbage Collector...
> [15.06.2022, 10:53:52@Class] Trying to insert frames...
> [15.06.2022, 10:53:52@Class] Inserting 250 frames...
> [15.06.2022, 10:53:52@Controller] Calling Garbage Collector...
> [15.06.2022, 10:54:02@Controller] Calling Garbage Collector...
> [15.06.2022, 10:54:12@Class] Trying to insert frames...
> [15.06.2022, 10:54:12@Class] Inserting 250 frames...
> [15.06.2022, 10:54:12@Controller] Calling Garbage Collector...
> [15.06.2022, 10:54:22@Controller] Calling Garbage Collector...
> [15.06.2022, 10:54:32@Controller] Calling Garbage Collector...
> [15.06.2022, 10:54:37@Controller] view loaded!
> [15.06.2022, 10:54:42@Controller] Calling Garbage Collector...
> [15.06.2022, 10:54:52@Class] Trying to insert frames...
> [15.06.2022, 10:54:52@Class] Inserting 250 frames...
> [15.06.2022, 10:54:52@Controller] Calling Garbage Collector...
> [15.06.2022, 10:55:02@Controller] Calling Garbage Collector...
> [15.06.2022, 10:55:12@Controller] Calling Garbage Collector...
> [15.06.2022, 10:55:22@Controller] Calling Garbage Collector...
> [15.06.2022, 10:55:32@Controller] Calling Garbage Collector...
> [15.06.2022, 10:55:42@Controller] Calling Garbage Collector...
> [15.06.2022, 10:55:52@Controller] Calling Garbage Collector...
> [15.06.2022, 10:56:02@Controller] Calling Garbage Collector...
> [15.06.2022, 10:56:12@Controller] Calling Garbage Collector...
> [15.06.2022, 10:56:22@Controller] Calling Garbage Collector...
> [15.06.2022, 10:56:32@Controller] Calling Garbage Collector...
> [15.06.2022, 10:56:42@Controller] Calling Garbage Collector...
> [15.06.2022, 10:56:43@Controller] view loaded!
> [15.06.2022, 10:56:52@Class] Trying to insert frames...
> [15.06.2022, 10:56:52@Class] Inserting 250 frames...
> [15.06.2022, 10:56:52@Controller] Calling Garbage Collector...
> [15.06.2022, 10:57:02@Controller] Calling Garbage Collector...
> [15.06.2022, 10:57:12@FileMaster] saving config...
> [15.06.2022, 10:57:12@FileMaster] configuration.cfg saved sucsessfully!
> [15.06.2022, 10:57:12@Class] Trying to insert frames...
> [15.06.2022, 10:57:12@Controller] Calling Garbage Collector...
> [15.06.2022, 10:57:22@Controller] Calling Garbage Collector...
> [15.06.2022, 10:57:32@Controller] Calling Garbage Collector...
> [15.06.2022, 10:57:42@Controller] Calling Garbage Collector...
> [15.06.2022, 10:57:52@Controller] Calling Garbage Collector...
> [15.06.2022, 10:58:02@Controller] Calling Garbage Collector...
> [15.06.2022, 10:58:12@Controller] Calling Garbage Collector...
> [15.06.2022, 10:58:22@Controller] Calling Garbage Collector...
> [15.06.2022, 10:58:32@Controller] Calling Garbage Collector...
> [15.06.2022, 10:58:42@Controller] Calling Garbage Collector...
> [15.06.2022, 10:58:52@Controller] Calling Garbage Collector...
> [15.06.2022, 10:59:02@Controller] Calling Garbage Collector...
> [15.06.2022, 10:59:02@Controller] view loaded!
> [15.06.2022, 10:59:12@Class] Trying to insert frames...
> [15.06.2022, 10:59:12@Controller] Calling Garbage Collector...
> [15.06.2022, 10:59:22@Controller] Calling Garbage Collector...
> [15.06.2022, 10:59:32@Class] Trying to insert frames...
> [15.06.2022, 10:59:32@Controller] Calling Garbage Collector...
> [15.06.2022, 10:59:42@Controller] Calling Garbage Collector...
> [15.06.2022, 10:59:52@Class] Trying to insert frames...
> [15.06.2022, 10:59:52@Controller] Calling Garbage Collector...
> [15.06.2022, 11:00:02@Controller] Calling Garbage Collector...
> [15.06.2022, 11:00:12@Class] Trying to insert frames...
> [15.06.2022, 11:00:12@Controller] Calling Garbage Collector...
> [15.06.2022, 11:00:22@Controller] Calling Garbage Collector...
> [15.06.2022, 11:00:32@Class] Trying to insert frames...
> [15.06.2022, 11:00:32@Controller] Calling Garbage Collector...
> [15.06.2022, 11:00:42@Controller] Calling Garbage Collector...
> [15.06.2022, 11:00:52@Class] Trying to insert frames...
> [15.06.2022, 11:00:52@Controller] Calling Garbage Collector...
> [15.06.2022, 11:01:02@Controller] Calling Garbage Collector...
> [15.06.2022, 11:01:12@Class] Trying to insert frames...
> [15.06.2022, 11:01:12@Controller] Calling Garbage Collector...
> [15.06.2022, 11:01:22@Controller] Calling Garbage Collector...
> [15.06.2022, 11:01:32@Class] Trying to insert frames...
> [15.06.2022, 11:01:32@Controller] Calling Garbage Collector...
> [15.06.2022, 11:01:42@Controller] Calling Garbage Collector...
> [15.06.2022, 11:01:52@Class] Trying to insert frames...
> [15.06.2022, 11:01:52@Controller] Calling Garbage Collector...
> [15.06.2022, 11:02:02@Controller] Calling Garbage Collector...
> [15.06.2022, 11:02:12@Controller] Calling Garbage Collector...
> [15.06.2022, 11:02:22@Controller] Calling Garbage Collector...
> [15.06.2022, 11:02:32@Controller] Calling Garbage Collector...
> [15.06.2022, 11:02:42@Controller] Calling Garbage Collector...
> [15.06.2022, 11:02:52@Controller] Calling Garbage Collector...
> [15.06.2022, 11:03:02@Controller] Calling Garbage Collector...
> [15.06.2022, 11:03:12@Controller] Calling Garbage Collector...
> [15.06.2022, 11:03:22@Controller] Calling Garbage Collector...
> [15.06.2022, 11:03:32@Controller] Calling Garbage Collector...
> [15.06.2022, 11:03:42@Controller] Calling Garbage Collector...
> [15.06.2022, 11:03:52@Controller] Calling Garbage Collector...
> [15.06.2022, 11:04:02@Controller] Calling Garbage Collector...
> [15.06.2022, 11:04:12@Controller] Calling Garbage Collector...
> [15.06.2022, 11:04:22@Controller] Calling Garbage Collector...
> [15.06.2022, 11:04:32@Controller] Calling Garbage Collector...
> [15.06.2022, 11:04:42@Controller] Calling Garbage Collector...
> [15.06.2022, 11:04:52@Controller] Calling Garbage Collector...
> [15.06.2022, 11:05:02@Controller] Calling Garbage Collector...
> [15.06.2022, 11:05:12@Controller] Calling Garbage Collector...
> [15.06.2022, 11:05:22@Controller] Calling Garbage Collector...
> [15.06.2022, 11:05:32@Controller] Calling Garbage Collector...
> [15.06.2022, 11:05:42@Controller] Calling Garbage Collector...
> [15.06.2022, 11:05:52@Controller] Calling Garbage Collector...
> [15.06.2022, 11:06:02@Controller] Calling Garbage Collector...
> [15.06.2022, 11:06:12@Controller] Calling Garbage Collector...
> [15.06.2022, 11:06:22@Controller] Calling Garbage Collector...
> [15.06.2022, 11:06:32@Controller] Calling Garbage Collector...
> [15.06.2022, 11:06:42@Controller] Calling Garbage Collector...
> [15.06.2022, 11:06:52@Controller] Calling Garbage Collector...
> [15.06.2022, 11:06:59@Controller] view loaded!
> [15.06.2022, 11:07:02@Controller] Calling Garbage Collector...
> [15.06.2022, 11:07:12@FileMaster] saving config...
> [15.06.2022, 11:07:12@FileMaster] configuration.cfg saved sucsessfully!
> [15.06.2022, 11:07:12@Class] Trying to insert frames...
> [15.06.2022, 11:07:12@Controller] Calling Garbage Collector...
> [15.06.2022, 11:07:22@Controller] Calling Garbage Collector...
> [15.06.2022, 11:07:32@Class] Trying to insert frames...
> [15.06.2022, 11:07:32@Controller] Calling Garbage Collector...
> [15.06.2022, 11:07:42@Controller] Calling Garbage Collector...
> [15.06.2022, 11:07:52@Class] Trying to insert frames...
> [15.06.2022, 11:07:52@Controller] Calling Garbage Collector...
> [15.06.2022, 11:08:02@Controller] Calling Garbage Collector...
> [15.06.2022, 11:08:12@Class] Trying to insert frames...
> [15.06.2022, 11:08:12@Controller] Calling Garbage Collector...
> [15.06.2022, 11:08:22@Controller] Calling Garbage Collector...
> [15.06.2022, 11:08:32@Class] Trying to insert frames...
> [15.06.2022, 11:08:32@Controller] Calling Garbage Collector...
> [15.06.2022, 11:08:42@Controller] Calling Garbage Collector...
> [15.06.2022, 11:08:52@Class] Trying to insert frames...
> [15.06.2022, 11:08:52@Controller] Calling Garbage Collector...
> [15.06.2022, 11:09:02@Controller] Calling Garbage Collector...
> [15.06.2022, 11:09:12@Class] Trying to insert frames...
> [15.06.2022, 11:09:12@Controller] Calling Garbage Collector...
> [15.06.2022, 11:09:22@Controller] Calling Garbage Collector...
> [15.06.2022, 11:09:32@Class] Trying to insert frames...
> [15.06.2022, 11:09:32@Controller] Calling Garbage Collector...
> [15.06.2022, 11:09:42@Controller] Calling Garbage Collector...
> [15.06.2022, 11:09:52@Class] Trying to insert frames...
> [15.06.2022, 11:09:52@Controller] Calling Garbage Collector...
> [15.06.2022, 11:10:02@Controller] Calling Garbage Collector...
> [15.06.2022, 11:10:12@Class] Trying to insert frames...
> [15.06.2022, 11:10:12@Controller] Calling Garbage Collector...
> [15.06.2022, 11:10:22@Controller] Calling Garbage Collector...
> [15.06.2022, 11:10:25@Controller] Shutting down program, please wait...
> [15.06.2022, 11:10:25@FileMaster] saving config...
> [15.06.2022, 11:10:25@FileMaster] configuration.cfg saved sucsessfully!
> 