> [13.06.2022, 21:57:07@Controller] initializing Controller...
> [13.06.2022, 21:57:07@Controller] initializing Executors...
> [13.06.2022, 21:57:07@Controller] Executors initialized sucsessfully!
> [13.06.2022, 21:57:07@Controller] Controller initialized sucsessfully!
> [13.06.2022, 21:57:07@GUI] initialising GUI...
> [13.06.2022, 21:57:07@GUI] GUI initialized sucsessfully!
> [13.06.2022, 21:57:17@Controller] Calling Garbage Collector...
> [13.06.2022, 21:57:20@Controller] view loaded!
> [13.06.2022, 21:57:27@Class] Trying to insert frames...
> [13.06.2022, 21:57:27@Class] Inserting 250 frames...
> [13.06.2022, 21:57:27@Controller] Calling Garbage Collector...
> [13.06.2022, 21:57:37@Controller] Calling Garbage Collector...
> [13.06.2022, 21:57:47@Class] Trying to insert frames...
> [13.06.2022, 21:57:47@Class] Inserting 250 frames...
> [13.06.2022, 21:57:47@Controller] Calling Garbage Collector...
> [13.06.2022, 21:57:57@Controller] Calling Garbage Collector...
> [13.06.2022, 21:58:07@FileMaster] saving config...
> [13.06.2022, 21:58:07@FileMaster] configuration.cfg saved sucsessfully!
> [13.06.2022, 21:58:07@Class] Trying to insert frames...
> [13.06.2022, 21:58:07@Class] Inserting 250 frames...
> [13.06.2022, 21:58:07@Controller] Calling Garbage Collector...
> [13.06.2022, 21:58:17@Controller] Calling Garbage Collector...
> [13.06.2022, 21:58:27@Class] Trying to insert frames...
> [13.06.2022, 21:58:27@Class] Inserting 250 frames...
> [13.06.2022, 21:58:27@Controller] Calling Garbage Collector...
> [13.06.2022, 21:58:37@Controller] Calling Garbage Collector...
> [13.06.2022, 21:58:41@Controller] view loaded!
> [13.06.2022, 21:58:47@Class] Trying to insert frames...
> [13.06.2022, 21:58:47@Class] Inserting 250 frames...
> [13.06.2022, 21:58:47@Controller] Calling Garbage Collector...
> [13.06.2022, 21:58:57@Controller] Calling Garbage Collector...
> [13.06.2022, 21:58:59@Controller] view loaded!
> [13.06.2022, 21:59:07@Class] Trying to insert frames...
> [13.06.2022, 21:59:07@Class] Inserting 250 frames...
> [13.06.2022, 21:59:07@Controller] Calling Garbage Collector...
> [13.06.2022, 21:59:17@Controller] Calling Garbage Collector...
> [13.06.2022, 21:59:27@Class] Trying to insert frames...
> [13.06.2022, 21:59:27@Class] Inserting 250 frames...
> [13.06.2022, 21:59:27@Controller] Calling Garbage Collector...
> [13.06.2022, 21:59:37@Controller] Calling Garbage Collector...
> [13.06.2022, 21:59:47@Class] Trying to insert frames...
> [13.06.2022, 21:59:47@Class] Inserting 250 frames...
> [13.06.2022, 21:59:47@Controller] Calling Garbage Collector...
> [13.06.2022, 21:59:57@Controller] Calling Garbage Collector...
> [13.06.2022, 22:00:07@Class] Trying to insert frames...
> [13.06.2022, 22:00:07@Class] Inserting 250 frames...
> [13.06.2022, 22:00:07@Controller] Calling Garbage Collector...
> [13.06.2022, 22:00:10@Controller] view loaded!
> [13.06.2022, 22:00:17@Controller] Calling Garbage Collector...
> [13.06.2022, 22:00:25@Controller] Shutting down program, please wait...
> [13.06.2022, 22:00:25@FileMaster] saving config...
> [13.06.2022, 22:00:25@FileMaster] configuration.cfg saved sucsessfully!
> 