> [14.06.2022, 17:07:45@Controller] initializing Controller...
> [14.06.2022, 17:07:45@Controller] initializing Executors...
> [14.06.2022, 17:07:45@Controller] Executors initialized sucsessfully!
> [14.06.2022, 17:07:45@Controller] Controller initialized sucsessfully!
> [14.06.2022, 17:07:45@GUI] initialising GUI...
> [14.06.2022, 17:07:45@GUI] GUI initialized sucsessfully!
> [14.06.2022, 17:07:55@Controller] Calling Garbage Collector...
> [14.06.2022, 17:08:05@Class] Trying to insert frames...
> [14.06.2022, 17:08:05@Controller] Calling Garbage Collector...
> [14.06.2022, 17:08:15@Controller] Calling Garbage Collector...
> [14.06.2022, 17:08:25@Class] Trying to insert frames...
> [14.06.2022, 17:08:25@Controller] Calling Garbage Collector...
> [14.06.2022, 17:08:35@Controller] Calling Garbage Collector...
> [14.06.2022, 17:08:45@FileMaster] saving config...
> [14.06.2022, 17:08:45@FileMaster] configuration.cfg saved sucsessfully!
> [14.06.2022, 17:08:45@Class] Trying to insert frames...
> [14.06.2022, 17:08:45@Controller] Calling Garbage Collector...
> [14.06.2022, 17:08:55@Controller] Calling Garbage Collector...
> [14.06.2022, 17:08:59@Controller] view loaded!
> [14.06.2022, 17:09:05@Class] Trying to insert frames...
> [14.06.2022, 17:09:05@Controller] Calling Garbage Collector...
> [14.06.2022, 17:09:15@Controller] Calling Garbage Collector...
> [14.06.2022, 17:09:25@Class] Trying to insert frames...
> [14.06.2022, 17:09:25@Controller] Calling Garbage Collector...
> [14.06.2022, 17:09:35@Controller] Calling Garbage Collector...
> [14.06.2022, 17:09:40@Controller] Shutting down program, please wait...
> [14.06.2022, 17:09:40@FileMaster] saving config...
> [14.06.2022, 17:09:40@FileMaster] configuration.cfg saved sucsessfully!
> 