> [17.06.2022, 00:34:51@Controller] initializing Controller...
> [17.06.2022, 00:34:51@Controller] initializing Executors...
> [17.06.2022, 00:34:51@Controller] Executors initialized sucsessfully!
> [17.06.2022, 00:34:51@Controller] Controller initialized sucsessfully!
> [17.06.2022, 00:34:51@GUI] initialising GUI...
> [17.06.2022, 00:34:51@GUI] GUI initialized sucsessfully!
> [17.06.2022, 00:35:01@Controller] Calling Garbage Collector...
> [17.06.2022, 00:35:09@Controller] view loaded!
> [17.06.2022, 00:35:11@] Trying to insert frames...
> [17.06.2022, 00:35:11@] Inserting 500 frames...
> [17.06.2022, 00:35:11@Controller] Calling Garbage Collector...
> [17.06.2022, 00:35:21@Controller] Calling Garbage Collector...
> [17.06.2022, 00:35:31@] Trying to insert frames...
> [17.06.2022, 00:35:31@] Inserting 500 frames...
> [17.06.2022, 00:35:31@Controller] Calling Garbage Collector...
> [17.06.2022, 00:35:41@Controller] Calling Garbage Collector...
> [17.06.2022, 00:35:51@FileMaster] saving config...
> [17.06.2022, 00:35:51@FileMaster] configuration.cfg saved sucsessfully!
> [17.06.2022, 00:35:51@] Trying to insert frames...
> [17.06.2022, 00:35:51@] Inserting 500 frames...
> [17.06.2022, 00:35:51@Controller] Calling Garbage Collector...
> [17.06.2022, 00:36:01@Controller] Calling Garbage Collector...
> [17.06.2022, 00:36:11@] Trying to insert frames...
> [17.06.2022, 00:36:11@] Inserting 500 frames...
> [17.06.2022, 00:36:11@Controller] Calling Garbage Collector...
> [17.06.2022, 00:36:21@Controller] Calling Garbage Collector...
> [17.06.2022, 00:36:27@Controller] view loaded!
> [17.06.2022, 00:36:31@] Trying to insert frames...
> [17.06.2022, 00:36:31@] Inserting 500 frames...
> [17.06.2022, 00:36:31@Controller] Calling Garbage Collector...
> [17.06.2022, 00:36:41@Controller] Calling Garbage Collector...
> [17.06.2022, 00:36:51@] Trying to insert frames...
> [17.06.2022, 00:36:51@] Inserting 500 frames...
> [17.06.2022, 00:36:51@Controller] Calling Garbage Collector...
> [17.06.2022, 00:37:01@Controller] Calling Garbage Collector...
> [17.06.2022, 00:37:11@Controller] Calling Garbage Collector...
> [17.06.2022, 00:37:21@Controller] Calling Garbage Collector...
> [17.06.2022, 00:37:31@Controller] Calling Garbage Collector...
> [17.06.2022, 00:37:38@Controller] view loaded!
> [17.06.2022, 00:37:41@Controller] Calling Garbage Collector...
> [17.06.2022, 00:37:51@] Trying to insert frames...
> [17.06.2022, 00:37:51@] Inserting 500 frames...
> [17.06.2022, 00:37:51@Controller] Calling Garbage Collector...
> [17.06.2022, 00:38:01@Controller] Calling Garbage Collector...
> [17.06.2022, 00:38:11@] Trying to insert frames...
> [17.06.2022, 00:38:11@] Inserting 500 frames...
> [17.06.2022, 00:38:11@Controller] Calling Garbage Collector...
> [17.06.2022, 00:38:21@Controller] Calling Garbage Collector...
> [17.06.2022, 00:38:31@] Trying to insert frames...
> [17.06.2022, 00:38:31@] Inserting 500 frames...
> [17.06.2022, 00:38:31@Controller] Calling Garbage Collector...
> [17.06.2022, 00:38:41@Controller] Calling Garbage Collector...
> [17.06.2022, 00:38:51@] Trying to insert frames...
> [17.06.2022, 00:38:51@] Inserting 500 frames...
> [17.06.2022, 00:38:51@Controller] Calling Garbage Collector...
> [17.06.2022, 00:39:01@Controller] Calling Garbage Collector...
> [17.06.2022, 00:39:11@] Trying to insert frames...
> [17.06.2022, 00:39:11@] Inserting 500 frames...
> [17.06.2022, 00:39:11@Controller] Calling Garbage Collector...
> [17.06.2022, 00:39:21@Controller] Calling Garbage Collector...
> [17.06.2022, 00:39:31@] Trying to insert frames...
> [17.06.2022, 00:39:31@] Inserting 500 frames...
> [17.06.2022, 00:39:31@Controller] Calling Garbage Collector...
> [17.06.2022, 00:39:41@Controller] Calling Garbage Collector...
> [17.06.2022, 00:39:51@] Trying to insert frames...
> [17.06.2022, 00:39:51@] Inserting 500 frames...
> [17.06.2022, 00:39:51@Controller] Calling Garbage Collector...
> [17.06.2022, 00:40:01@Controller] Calling Garbage Collector...
> [17.06.2022, 00:40:11@] Trying to insert frames...
> [17.06.2022, 00:40:11@] Inserting 500 frames...
> [17.06.2022, 00:40:11@Controller] Calling Garbage Collector...
> [17.06.2022, 00:40:21@Controller] Calling Garbage Collector...
> [17.06.2022, 00:40:31@] Trying to insert frames...
> [17.06.2022, 00:40:31@] Inserting 500 frames...
> [17.06.2022, 00:40:31@Controller] Calling Garbage Collector...
> [17.06.2022, 00:40:41@Controller] Calling Garbage Collector...
> [17.06.2022, 00:40:51@FileMaster] saving config...
> [17.06.2022, 00:40:51@FileMaster] configuration.cfg saved sucsessfully!
> [17.06.2022, 00:40:51@] Trying to insert frames...
> [17.06.2022, 00:40:51@] Inserting 500 frames...
> [17.06.2022, 00:40:51@Controller] Calling Garbage Collector...
> [17.06.2022, 00:41:01@Controller] Calling Garbage Collector...
> [17.06.2022, 00:41:11@Controller] Calling Garbage Collector...
> [17.06.2022, 00:41:21@Controller] Calling Garbage Collector...
> [17.06.2022, 00:41:26@Controller] view loaded!
> [17.06.2022, 00:41:31@] Trying to insert frames...
> [17.06.2022, 00:41:31@] Inserting 500 frames...
> [17.06.2022, 00:41:31@Controller] Calling Garbage Collector...
> [17.06.2022, 00:41:41@Controller] Calling Garbage Collector...
> [17.06.2022, 00:41:51@] Trying to insert frames...
> [17.06.2022, 00:41:51@] Inserting 500 frames...
> [17.06.2022, 00:41:51@Controller] Calling Garbage Collector...
> [17.06.2022, 00:42:01@Controller] Calling Garbage Collector...
> [17.06.2022, 00:42:11@] Trying to insert frames...
> [17.06.2022, 00:42:11@] Inserting 500 frames...
> [17.06.2022, 00:42:11@Controller] Calling Garbage Collector...
> [17.06.2022, 00:42:21@Controller] Calling Garbage Collector...
> [17.06.2022, 00:42:31@] Trying to insert frames...
> [17.06.2022, 00:42:31@] Inserting 500 frames...
> [17.06.2022, 00:42:31@Controller] Calling Garbage Collector...
> [17.06.2022, 00:42:41@Controller] Calling Garbage Collector...
> [17.06.2022, 00:42:51@] Trying to insert frames...
> [17.06.2022, 00:42:51@] Inserting 500 frames...
> [17.06.2022, 00:42:51@Controller] Calling Garbage Collector...
> [17.06.2022, 00:43:01@Controller] Calling Garbage Collector...
> [17.06.2022, 00:43:11@] Trying to insert frames...
> [17.06.2022, 00:43:11@] Inserting 500 frames...
> [17.06.2022, 00:43:11@Controller] Calling Garbage Collector...
> [17.06.2022, 00:43:21@Controller] Calling Garbage Collector...
> [17.06.2022, 00:43:31@] Trying to insert frames...
> [17.06.2022, 00:43:31@] Inserting 500 frames...
> [17.06.2022, 00:43:31@Controller] Calling Garbage Collector...
> [17.06.2022, 00:43:41@Controller] Calling Garbage Collector...
> [17.06.2022, 00:43:51@] Trying to insert frames...
> [17.06.2022, 00:43:51@] Inserting 500 frames...
> [17.06.2022, 00:43:51@Controller] Calling Garbage Collector...
> [17.06.2022, 00:44:01@Controller] Calling Garbage Collector...
> [17.06.2022, 00:44:11@] Trying to insert frames...
> [17.06.2022, 00:44:11@] Inserting 500 frames...
> [17.06.2022, 00:44:11@Controller] Calling Garbage Collector...
> [17.06.2022, 00:44:21@Controller] Calling Garbage Collector...
> [17.06.2022, 00:44:31@] Trying to insert frames...
> [17.06.2022, 00:44:31@] Inserting 500 frames...
> [17.06.2022, 00:44:31@Controller] Calling Garbage Collector...
> [17.06.2022, 00:44:41@Controller] Calling Garbage Collector...
> [17.06.2022, 00:44:51@] Trying to insert frames...
> [17.06.2022, 00:44:51@] Inserting 500 frames...
> [17.06.2022, 00:44:51@Controller] Calling Garbage Collector...
> [17.06.2022, 00:45:01@Controller] Calling Garbage Collector...
> [17.06.2022, 00:45:11@] Trying to insert frames...
> [17.06.2022, 00:45:11@] Inserting 500 frames...
> [17.06.2022, 00:45:11@Controller] Calling Garbage Collector...
> [17.06.2022, 00:45:21@Controller] Calling Garbage Collector...
> [17.06.2022, 00:45:31@] Trying to insert frames...
> [17.06.2022, 00:45:31@] Inserting 500 frames...
> [17.06.2022, 00:45:31@Controller] Calling Garbage Collector...
> [17.06.2022, 00:45:41@Controller] Calling Garbage Collector...
> [17.06.2022, 00:45:51@FileMaster] saving config...
> [17.06.2022, 00:45:51@FileMaster] configuration.cfg saved sucsessfully!
> [17.06.2022, 00:45:51@] Trying to insert frames...
> [17.06.2022, 00:45:51@] Inserting 500 frames...
> [17.06.2022, 00:45:51@Controller] Calling Garbage Collector...
> [17.06.2022, 00:46:01@Controller] Calling Garbage Collector...
> [17.06.2022, 00:46:11@] Trying to insert frames...
> [17.06.2022, 00:46:11@] Inserting 500 frames...
> [17.06.2022, 00:46:11@Controller] Calling Garbage Collector...
> [17.06.2022, 00:46:21@Controller] Calling Garbage Collector...
> [17.06.2022, 00:46:31@] Trying to insert frames...
> [17.06.2022, 00:46:31@] Inserting 500 frames...
> [17.06.2022, 00:46:31@Controller] Calling Garbage Collector...
> [17.06.2022, 00:46:41@Controller] Calling Garbage Collector...
> [17.06.2022, 00:46:51@Controller] Calling Garbage Collector...
> [17.06.2022, 00:47:01@Controller] Calling Garbage Collector...
> [17.06.2022, 00:47:11@Controller] Calling Garbage Collector...
> [17.06.2022, 00:47:21@Controller] Calling Garbage Collector...
> [17.06.2022, 00:47:31@Controller] Calling Garbage Collector...
> [17.06.2022, 00:47:41@Controller] Calling Garbage Collector...
> [17.06.2022, 00:47:51@Controller] Calling Garbage Collector...
> [17.06.2022, 00:48:01@Controller] Calling Garbage Collector...
> [17.06.2022, 00:48:11@Controller] Calling Garbage Collector...
> [17.06.2022, 00:48:21@Controller] Calling Garbage Collector...
> [17.06.2022, 00:48:31@Controller] Calling Garbage Collector...
> [17.06.2022, 00:48:41@Controller] Calling Garbage Collector...
> [17.06.2022, 00:48:51@Controller] Calling Garbage Collector...
> [17.06.2022, 00:49:01@Controller] Calling Garbage Collector...
> [17.06.2022, 00:49:11@Controller] Calling Garbage Collector...
> [17.06.2022, 00:49:21@Controller] Calling Garbage Collector...
> [17.06.2022, 00:49:31@Controller] Calling Garbage Collector...
> [17.06.2022, 00:49:41@Controller] Calling Garbage Collector...
> [17.06.2022, 00:49:51@Controller] Calling Garbage Collector...
> [17.06.2022, 00:50:01@Controller] Calling Garbage Collector...
> [17.06.2022, 00:50:11@Controller] Calling Garbage Collector...
> [17.06.2022, 00:50:21@Controller] Calling Garbage Collector...
> [17.06.2022, 00:50:25@Controller] view loaded!
> [17.06.2022, 00:50:31@] Trying to insert frames...
> [17.06.2022, 00:50:31@Controller] Calling Garbage Collector...
> [17.06.2022, 00:50:41@Controller] Calling Garbage Collector...
> [17.06.2022, 00:50:51@FileMaster] saving config...
> [17.06.2022, 00:50:51@FileMaster] configuration.cfg saved sucsessfully!
> [17.06.2022, 00:50:51@] Trying to insert frames...
> [17.06.2022, 00:50:51@Controller] Calling Garbage Collector...
> [17.06.2022, 00:51:01@Controller] Calling Garbage Collector...
> [17.06.2022, 00:51:11@] Trying to insert frames...
> [17.06.2022, 00:51:11@Controller] Calling Garbage Collector...
> [17.06.2022, 00:51:21@Controller] Calling Garbage Collector...
> [17.06.2022, 00:51:31@] Trying to insert frames...
> [17.06.2022, 00:51:31@Controller] Calling Garbage Collector...
> [17.06.2022, 00:51:41@Controller] Calling Garbage Collector...
> [17.06.2022, 00:51:51@] Trying to insert frames...
> [17.06.2022, 00:51:51@Controller] Calling Garbage Collector...
> [17.06.2022, 00:52:01@Controller] Calling Garbage Collector...
> [17.06.2022, 00:52:11@] Trying to insert frames...
> [17.06.2022, 00:52:11@Controller] Calling Garbage Collector...
> [17.06.2022, 00:52:21@Controller] Calling Garbage Collector...
> [17.06.2022, 00:52:31@] Trying to insert frames...
> [17.06.2022, 00:52:31@Controller] Calling Garbage Collector...
> [17.06.2022, 00:52:41@Controller] Calling Garbage Collector...
> [17.06.2022, 00:52:51@] Trying to insert frames...
> [17.06.2022, 00:52:51@Controller] Calling Garbage Collector...
> [17.06.2022, 00:53:01@Controller] Calling Garbage Collector...
> [17.06.2022, 00:53:11@] Trying to insert frames...
> [17.06.2022, 00:53:11@Controller] Calling Garbage Collector...
> [17.06.2022, 00:53:21@Controller] Calling Garbage Collector...
> [17.06.2022, 00:53:31@] Trying to insert frames...
> [17.06.2022, 00:53:31@Controller] Calling Garbage Collector...
> [17.06.2022, 00:53:41@Controller] Calling Garbage Collector...
> [17.06.2022, 00:53:51@] Trying to insert frames...
> [17.06.2022, 00:53:51@Controller] Calling Garbage Collector...
> [17.06.2022, 00:54:01@Controller] Calling Garbage Collector...
> [17.06.2022, 00:54:11@] Trying to insert frames...
> [17.06.2022, 00:54:11@Controller] Calling Garbage Collector...
> [17.06.2022, 00:54:21@Controller] Calling Garbage Collector...
> [17.06.2022, 00:54:31@] Trying to insert frames...
> [17.06.2022, 00:54:31@Controller] Calling Garbage Collector...
> [17.06.2022, 00:54:37@Controller] view loaded!
> [17.06.2022, 00:54:41@Controller] Calling Garbage Collector...
> [17.06.2022, 00:54:51@] Trying to insert frames...
> [17.06.2022, 00:54:51@] Inserting 500 frames...
> [17.06.2022, 00:54:51@Controller] Calling Garbage Collector...
> [17.06.2022, 00:55:01@Controller] Calling Garbage Collector...
> [17.06.2022, 00:55:10@Controller] Shutting down program, please wait...
> [17.06.2022, 00:55:10@FileMaster] saving config...
> [17.06.2022, 00:55:10@FileMaster] configuration.cfg saved sucsessfully!
> 