> [15.06.2022, 23:01:43@Controller] initializing Controller...
> [15.06.2022, 23:01:43@Controller] initializing Executors...
> [15.06.2022, 23:01:43@Controller] Executors initialized sucsessfully!
> [15.06.2022, 23:01:43@Controller] Controller initialized sucsessfully!
> [15.06.2022, 23:01:43@GUI] initialising GUI...
> [15.06.2022, 23:01:43@GUI] GUI initialized sucsessfully!
> [15.06.2022, 23:01:46@Controller] view loaded!
> [15.06.2022, 23:01:53@Controller] Calling Garbage Collector...
> [15.06.2022, 23:02:03@Class] Trying to insert frames...
> [15.06.2022, 23:02:03@Controller] Calling Garbage Collector...
> [15.06.2022, 23:02:13@Controller] Calling Garbage Collector...
> [15.06.2022, 23:02:23@Class] Trying to insert frames...
> [15.06.2022, 23:02:23@Controller] Calling Garbage Collector...
> [15.06.2022, 23:02:33@Controller] Calling Garbage Collector...
> [15.06.2022, 23:02:43@FileMaster] saving config...
> [15.06.2022, 23:02:43@FileMaster] configuration.cfg saved sucsessfully!
> [15.06.2022, 23:02:43@Class] Trying to insert frames...
> [15.06.2022, 23:02:43@Controller] Calling Garbage Collector...
> [15.06.2022, 23:02:52@Controller] view loaded!
> [15.06.2022, 23:02:53@Controller] Calling Garbage Collector...
> [15.06.2022, 23:03:03@Class] Trying to insert frames...
> [15.06.2022, 23:03:03@Controller] Calling Garbage Collector...
> [15.06.2022, 23:03:08@Controller] Shutting down program, please wait...
> [15.06.2022, 23:03:08@FileMaster] saving config...
> [15.06.2022, 23:03:08@FileMaster] configuration.cfg saved sucsessfully!
> 