> [20.06.2022, 19:43:13@Controller] initializing Controller...
> [20.06.2022, 19:43:13@Controller] initializing Executors...
> [20.06.2022, 19:43:13@Controller] Executors initialized sucsessfully!
> [20.06.2022, 19:43:13@Controller] Controller initialized sucsessfully!
> [20.06.2022, 19:43:13@GUI] initialising GUI...
> [20.06.2022, 19:43:13@GUI] GUI initialized sucsessfully!
> [20.06.2022, 19:43:23@Controller] Calling Garbage Collector...
> [20.06.2022, 19:43:33@Controller] Calling Garbage Collector...
> [20.06.2022, 19:43:37@Controller] view loaded!
> [20.06.2022, 19:43:43@Controller] Calling Garbage Collector...
> [20.06.2022, 19:43:43@Controller] view loaded!
> [20.06.2022, 19:43:53@Controller] view loaded!
> [20.06.2022, 19:43:53@] Trying to insert frames...
> [20.06.2022, 19:43:53@] Inserting 500 frames...
> [20.06.2022, 19:43:53@Controller] Calling Garbage Collector...
> [20.06.2022, 19:43:57@Controller] view loaded!
> [20.06.2022, 19:44:00@Controller] Shutting down program, please wait...
> [20.06.2022, 19:44:00@FileMaster] saving config...
> [20.06.2022, 19:44:00@FileMaster] configuration.cfg saved sucsessfully!
> [20.06.2022, 19:44:03@Controller] Calling Garbage Collector...
> 