> [14.06.2022, 12:35:26@Controller] initializing Controller...
> [14.06.2022, 12:35:26@Controller] initializing Executors...
> [14.06.2022, 12:35:26@Controller] Executors initialized sucsessfully!
> [14.06.2022, 12:35:26@Controller] Controller initialized sucsessfully!
> [14.06.2022, 12:35:26@GUI] initialising GUI...
> [14.06.2022, 12:35:26@GUI] GUI initialized sucsessfully!
> [14.06.2022, 12:35:36@Controller] Calling Garbage Collector...
> [14.06.2022, 12:35:46@Controller] Calling Garbage Collector...
> [14.06.2022, 12:35:56@Controller] Calling Garbage Collector...
> [14.06.2022, 12:36:06@Controller] Calling Garbage Collector...
> [14.06.2022, 12:36:16@Controller] Calling Garbage Collector...
> [14.06.2022, 12:36:26@Controller] Calling Garbage Collector...
> [14.06.2022, 12:36:36@Controller] Calling Garbage Collector...
> [14.06.2022, 12:36:46@Controller] Calling Garbage Collector...
> [14.06.2022, 12:36:56@Controller] Calling Garbage Collector...
> [14.06.2022, 12:37:06@Controller] Calling Garbage Collector...
> [14.06.2022, 12:37:16@Controller] Calling Garbage Collector...
> [14.06.2022, 12:37:26@Controller] Calling Garbage Collector...
> [14.06.2022, 12:37:36@Controller] view loaded!
> [14.06.2022, 12:37:36@Controller] Calling Garbage Collector...
> [14.06.2022, 12:37:46@Class] Trying to insert frames...
> [14.06.2022, 12:37:46@Class] Inserting 250 frames...
> [14.06.2022, 12:37:46@Controller] Calling Garbage Collector...
> [14.06.2022, 12:37:56@Controller] Calling Garbage Collector...
> [14.06.2022, 12:38:06@Class] Trying to insert frames...
> [14.06.2022, 12:38:06@Class] Inserting 250 frames...
> [14.06.2022, 12:38:06@Controller] Calling Garbage Collector...
> [14.06.2022, 12:38:16@Controller] Calling Garbage Collector...
> [14.06.2022, 12:38:26@Class] Trying to insert frames...
> [14.06.2022, 12:38:26@Class] Inserting 250 frames...
> [14.06.2022, 12:38:26@Controller] Calling Garbage Collector...
> [14.06.2022, 12:38:36@Controller] Calling Garbage Collector...
> [14.06.2022, 12:38:46@Class] Trying to insert frames...
> [14.06.2022, 12:38:46@Class] Inserting 250 frames...
> [14.06.2022, 12:38:46@Controller] Calling Garbage Collector...
> [14.06.2022, 12:38:56@Controller] Calling Garbage Collector...
> [14.06.2022, 12:39:06@Class] Trying to insert frames...
> [14.06.2022, 12:39:06@Class] Inserting 250 frames...
> [14.06.2022, 12:39:06@Controller] Calling Garbage Collector...
> [14.06.2022, 12:39:16@Controller] Calling Garbage Collector...
> [14.06.2022, 12:39:26@Class] Trying to insert frames...
> [14.06.2022, 12:39:26@Controller] Calling Garbage Collector...
> [14.06.2022, 12:39:36@Controller] Calling Garbage Collector...
> [14.06.2022, 12:39:46@Controller] Calling Garbage Collector...
> [14.06.2022, 12:39:56@Controller] Calling Garbage Collector...
> [14.06.2022, 12:40:06@Controller] Calling Garbage Collector...
> [14.06.2022, 12:40:16@Controller] Calling Garbage Collector...
> [14.06.2022, 12:40:18@Controller] view loaded!
> [14.06.2022, 12:40:26@Class] Trying to insert frames...
> [14.06.2022, 12:40:26@Controller] Calling Garbage Collector...
> [14.06.2022, 12:40:36@Controller] Calling Garbage Collector...
> [14.06.2022, 12:40:46@Class] Trying to insert frames...
> [14.06.2022, 12:40:46@Controller] Calling Garbage Collector...
> [14.06.2022, 12:40:56@Controller] Calling Garbage Collector...
> [14.06.2022, 12:41:06@Class] Trying to insert frames...
> [14.06.2022, 12:41:06@Controller] Calling Garbage Collector...
> [14.06.2022, 12:41:16@Controller] Calling Garbage Collector...
> [14.06.2022, 12:41:25@Controller] view loaded!
> [14.06.2022, 12:41:26@FileMaster] saving config...
> [14.06.2022, 12:41:26@FileMaster] configuration.cfg saved sucsessfully!
> [14.06.2022, 12:41:26@Class] Trying to insert frames...
> [14.06.2022, 12:41:26@Controller] Calling Garbage Collector...
> [14.06.2022, 12:41:36@Controller] Calling Garbage Collector...
> [14.06.2022, 12:41:46@Class] Trying to insert frames...
> [14.06.2022, 12:41:46@Class] Inserting 250 frames...
> [14.06.2022, 12:41:46@Controller] Calling Garbage Collector...
> [14.06.2022, 12:41:56@Controller] Calling Garbage Collector...
> [14.06.2022, 12:42:06@Class] Trying to insert frames...
> [14.06.2022, 12:42:06@Class] Inserting 250 frames...
> [14.06.2022, 12:42:06@Controller] Calling Garbage Collector...
> [14.06.2022, 12:42:16@Controller] Calling Garbage Collector...
> [14.06.2022, 12:42:26@Class] Trying to insert frames...
> [14.06.2022, 12:42:26@Class] Inserting 250 frames...
> [14.06.2022, 12:42:26@Controller] Calling Garbage Collector...
> [14.06.2022, 12:42:36@Controller] Calling Garbage Collector...
> [14.06.2022, 12:42:46@Class] Trying to insert frames...
> [14.06.2022, 12:42:46@Class] Inserting 250 frames...
> [14.06.2022, 12:42:46@Controller] Calling Garbage Collector...
> [14.06.2022, 12:42:56@Controller] Calling Garbage Collector...
> [14.06.2022, 12:43:06@Controller] Calling Garbage Collector...
> [14.06.2022, 12:43:16@Controller] Calling Garbage Collector...
> [14.06.2022, 12:43:26@Controller] Calling Garbage Collector...
> [14.06.2022, 12:43:36@Controller] Calling Garbage Collector...
> [14.06.2022, 12:43:46@Controller] Calling Garbage Collector...
> [14.06.2022, 12:43:56@Controller] Calling Garbage Collector...
> [14.06.2022, 12:44:06@Controller] Calling Garbage Collector...
> [14.06.2022, 12:44:16@Controller] Calling Garbage Collector...
> [14.06.2022, 12:44:17@Controller] view loaded!
> [14.06.2022, 12:44:26@Class] Trying to insert frames...
> [14.06.2022, 12:44:26@Class] Inserting 250 frames...
> [14.06.2022, 12:44:26@Controller] Calling Garbage Collector...
> [14.06.2022, 12:44:36@Controller] Calling Garbage Collector...
> [14.06.2022, 12:44:46@Class] Trying to insert frames...
> [14.06.2022, 12:44:46@Class] Inserting 250 frames...
> [14.06.2022, 12:44:46@Controller] Calling Garbage Collector...
> [14.06.2022, 12:44:56@Controller] Calling Garbage Collector...
> [14.06.2022, 12:45:06@Class] Trying to insert frames...
> [14.06.2022, 12:45:06@Class] Inserting 250 frames...
> [14.06.2022, 12:45:06@Controller] Calling Garbage Collector...
> [14.06.2022, 12:45:16@Controller] Calling Garbage Collector...
> [14.06.2022, 12:45:26@Class] Trying to insert frames...
> [14.06.2022, 12:45:26@Class] Inserting 250 frames...
> [14.06.2022, 12:45:26@Controller] Calling Garbage Collector...
> [14.06.2022, 12:45:36@Controller] Calling Garbage Collector...
> [14.06.2022, 12:45:46@Class] Trying to insert frames...
> [14.06.2022, 12:45:46@Class] Inserting 250 frames...
> [14.06.2022, 12:45:46@Controller] Calling Garbage Collector...
> [14.06.2022, 12:45:56@Controller] Calling Garbage Collector...
> [14.06.2022, 12:46:06@Class] Trying to insert frames...
> [14.06.2022, 12:46:06@Class] Inserting 250 frames...
> [14.06.2022, 12:46:06@Controller] Calling Garbage Collector...
> [14.06.2022, 12:46:16@Controller] Calling Garbage Collector...
> [14.06.2022, 12:46:26@FileMaster] saving config...
> [14.06.2022, 12:46:26@FileMaster] configuration.cfg saved sucsessfully!
> [14.06.2022, 12:46:26@Class] Trying to insert frames...
> [14.06.2022, 12:46:26@Class] Inserting 250 frames...
> [14.06.2022, 12:46:26@Controller] Calling Garbage Collector...
> [14.06.2022, 12:46:32@Controller] view loaded!
> [14.06.2022, 12:46:36@Controller] Calling Garbage Collector...
> [14.06.2022, 12:46:46@Class] Trying to insert frames...
> [14.06.2022, 12:46:46@Class] Inserting 250 frames...
> [14.06.2022, 12:46:46@Controller] Calling Garbage Collector...
> [14.06.2022, 12:46:56@Controller] Calling Garbage Collector...
> [14.06.2022, 12:47:06@Class] Trying to insert frames...
> [14.06.2022, 12:47:06@Class] Inserting 250 frames...
> [14.06.2022, 12:47:06@Controller] Calling Garbage Collector...
> [14.06.2022, 12:47:16@Controller] Calling Garbage Collector...
> [14.06.2022, 12:47:26@Class] Trying to insert frames...
> [14.06.2022, 12:47:26@Class] Inserting 250 frames...
> [14.06.2022, 12:47:26@Controller] Calling Garbage Collector...
> [14.06.2022, 12:47:36@Controller] Calling Garbage Collector...
> [14.06.2022, 12:47:46@Class] Trying to insert frames...
> [14.06.2022, 12:47:46@Class] Inserting 250 frames...
> [14.06.2022, 12:47:46@Controller] Calling Garbage Collector...
> [14.06.2022, 12:47:56@Controller] Calling Garbage Collector...
> [14.06.2022, 12:48:06@Class] Trying to insert frames...
> [14.06.2022, 12:48:06@Class] Inserting 250 frames...
> [14.06.2022, 12:48:06@Controller] Calling Garbage Collector...
> [14.06.2022, 12:48:16@Controller] Calling Garbage Collector...
> [14.06.2022, 12:48:26@Controller] Calling Garbage Collector...
> [14.06.2022, 12:48:27@DataNotFoundException] db-data couldn't be found!
No flights found with airport tag psy!
> [14.06.2022, 12:48:36@Controller] Calling Garbage Collector...
> [14.06.2022, 12:48:40@Controller] Shutting down program, please wait...
> [14.06.2022, 12:48:40@FileMaster] saving config...
> [14.06.2022, 12:48:40@FileMaster] configuration.cfg saved sucsessfully!
> 