> [15.06.2022, 10:01:23@Controller] initializing Controller...
> [15.06.2022, 10:01:23@Controller] initializing Executors...
> [15.06.2022, 10:01:23@Controller] Executors initialized sucsessfully!
> [15.06.2022, 10:01:23@Controller] Controller initialized sucsessfully!
> [15.06.2022, 10:01:23@GUI] initialising GUI...
> [15.06.2022, 10:01:23@GUI] GUI initialized sucsessfully!
> [15.06.2022, 10:01:33@Controller] Calling Garbage Collector...
> [15.06.2022, 10:01:43@Class] Trying to insert frames...
> [15.06.2022, 10:01:43@Class] Inserting 250 frames...
> [15.06.2022, 10:01:43@Controller] Calling Garbage Collector...
> [15.06.2022, 10:01:53@Controller] Calling Garbage Collector...
> [15.06.2022, 10:02:03@Class] Trying to insert frames...
> [15.06.2022, 10:02:03@Class] Inserting 250 frames...
> [15.06.2022, 10:02:03@Controller] Calling Garbage Collector...
> [15.06.2022, 10:02:13@Controller] Calling Garbage Collector...
> [15.06.2022, 10:02:23@FileMaster] saving config...
> [15.06.2022, 10:02:23@FileMaster] configuration.cfg saved sucsessfully!
> [15.06.2022, 10:02:23@Class] Trying to insert frames...
> [15.06.2022, 10:02:23@Class] Inserting 250 frames...
> [15.06.2022, 10:02:23@Controller] Calling Garbage Collector...
> [15.06.2022, 10:02:33@Controller] Calling Garbage Collector...
> [15.06.2022, 10:02:33@Controller] view loaded!
> [15.06.2022, 10:02:43@Class] Trying to insert frames...
> [15.06.2022, 10:02:43@Class] Inserting 250 frames...
> [15.06.2022, 10:02:43@Controller] Calling Garbage Collector...
> [15.06.2022, 10:02:53@Controller] Calling Garbage Collector...
> [15.06.2022, 10:03:03@Class] Trying to insert frames...
> [15.06.2022, 10:03:03@Class] Inserting 250 frames...
> [15.06.2022, 10:03:03@Controller] Calling Garbage Collector...
> [15.06.2022, 10:03:13@Controller] Calling Garbage Collector...
> [15.06.2022, 10:03:23@Controller] Calling Garbage Collector...
> [15.06.2022, 10:03:33@Controller] Calling Garbage Collector...
> [15.06.2022, 10:03:43@Controller] Calling Garbage Collector...
> [15.06.2022, 10:03:53@Controller] Calling Garbage Collector...
> [15.06.2022, 10:04:03@Controller] Calling Garbage Collector...
> [15.06.2022, 10:04:13@Controller] Calling Garbage Collector...
> [15.06.2022, 10:04:23@Controller] Calling Garbage Collector...
> [15.06.2022, 10:04:33@Controller] Calling Garbage Collector...
> [15.06.2022, 10:04:43@Controller] Calling Garbage Collector...
> [15.06.2022, 10:04:53@Controller] Calling Garbage Collector...
> [15.06.2022, 10:05:03@Controller] Calling Garbage Collector...
> [15.06.2022, 10:05:13@Controller] Calling Garbage Collector...
> [15.06.2022, 10:05:19@Controller] view loaded!
> [15.06.2022, 10:05:23@Class] Trying to insert frames...
> [15.06.2022, 10:05:23@Class] Inserting 250 frames...
> [15.06.2022, 10:05:23@Controller] Calling Garbage Collector...
> [15.06.2022, 10:05:33@Controller] Calling Garbage Collector...
> [15.06.2022, 10:05:43@Class] Trying to insert frames...
> [15.06.2022, 10:05:43@Class] Inserting 250 frames...
> [15.06.2022, 10:05:43@Controller] Calling Garbage Collector...
> [15.06.2022, 10:05:53@Controller] Calling Garbage Collector...
> [15.06.2022, 10:06:03@Class] Trying to insert frames...
> [15.06.2022, 10:06:03@Class] Inserting 250 frames...
> [15.06.2022, 10:06:03@Controller] Calling Garbage Collector...
> [15.06.2022, 10:06:13@Controller] Calling Garbage Collector...
> [15.06.2022, 10:06:23@Class] Trying to insert frames...
> [15.06.2022, 10:06:23@Class] Inserting 250 frames...
> [15.06.2022, 10:06:23@Controller] Calling Garbage Collector...
> [15.06.2022, 10:06:33@Controller] Calling Garbage Collector...
> [15.06.2022, 10:06:43@Class] Trying to insert frames...
> [15.06.2022, 10:06:43@Class] Inserting 250 frames...
> [15.06.2022, 10:06:43@Controller] Calling Garbage Collector...
> [15.06.2022, 10:06:53@Controller] Calling Garbage Collector...
> [15.06.2022, 10:07:03@Class] Trying to insert frames...
> [15.06.2022, 10:07:03@Class] Inserting 250 frames...
> [15.06.2022, 10:07:03@Controller] Calling Garbage Collector...
> [15.06.2022, 10:07:13@Controller] Calling Garbage Collector...
> [15.06.2022, 10:07:23@Controller] Calling Garbage Collector...
> [15.06.2022, 10:07:33@Controller] Calling Garbage Collector...
> [15.06.2022, 10:07:43@Controller] Calling Garbage Collector...
> [15.06.2022, 10:07:53@Controller] Calling Garbage Collector...
> [15.06.2022, 10:08:03@Controller] Calling Garbage Collector...
> [15.06.2022, 10:08:13@Controller] Calling Garbage Collector...
> [15.06.2022, 10:08:23@Controller] Calling Garbage Collector...
> [15.06.2022, 10:08:33@Controller] Calling Garbage Collector...
> [15.06.2022, 10:08:43@Controller] Calling Garbage Collector...
> [15.06.2022, 10:08:53@Controller] Calling Garbage Collector...
> [15.06.2022, 10:09:03@Controller] Calling Garbage Collector...
> [15.06.2022, 10:09:13@Controller] Calling Garbage Collector...
> [15.06.2022, 10:09:23@Controller] Calling Garbage Collector...
> [15.06.2022, 10:09:33@Controller] Calling Garbage Collector...
> [15.06.2022, 10:09:43@Controller] Calling Garbage Collector...
> [15.06.2022, 10:09:53@Controller] Calling Garbage Collector...
> [15.06.2022, 10:10:03@Controller] Calling Garbage Collector...
> [15.06.2022, 10:10:13@Controller] Calling Garbage Collector...
> [15.06.2022, 10:10:23@Controller] Calling Garbage Collector...
> [15.06.2022, 10:10:33@Controller] Calling Garbage Collector...
> [15.06.2022, 10:10:43@Controller] Calling Garbage Collector...
> [15.06.2022, 10:10:53@Controller] Calling Garbage Collector...
> [15.06.2022, 10:11:03@Controller] Calling Garbage Collector...
> [15.06.2022, 10:11:13@Controller] Calling Garbage Collector...
> [15.06.2022, 10:11:23@Controller] Calling Garbage Collector...
> [15.06.2022, 10:11:33@Controller] Calling Garbage Collector...
> [15.06.2022, 10:11:43@Controller] Calling Garbage Collector...
> [15.06.2022, 10:11:53@Controller] Calling Garbage Collector...
> [15.06.2022, 10:12:03@Controller] Calling Garbage Collector...
> [15.06.2022, 10:12:13@Controller] Calling Garbage Collector...
> [15.06.2022, 10:12:23@Controller] Calling Garbage Collector...
> [15.06.2022, 10:12:33@Controller] Calling Garbage Collector...
> [15.06.2022, 10:12:43@Controller] Calling Garbage Collector...
> [15.06.2022, 10:12:53@Controller] Calling Garbage Collector...
> [15.06.2022, 10:13:03@Controller] Calling Garbage Collector...
> [15.06.2022, 10:13:13@Controller] Calling Garbage Collector...
> [15.06.2022, 10:13:23@Controller] Calling Garbage Collector...
> [15.06.2022, 10:13:33@Controller] Calling Garbage Collector...
> [15.06.2022, 10:13:43@Controller] Calling Garbage Collector...
> [15.06.2022, 10:13:53@Controller] Calling Garbage Collector...
> [15.06.2022, 10:14:03@Controller] Calling Garbage Collector...
> [15.06.2022, 10:14:13@Controller] Calling Garbage Collector...
> [15.06.2022, 10:14:23@Controller] Calling Garbage Collector...
> [15.06.2022, 10:14:33@Controller] Calling Garbage Collector...
> [15.06.2022, 10:14:43@Controller] Calling Garbage Collector...
> [15.06.2022, 10:14:53@Controller] Calling Garbage Collector...
> [15.06.2022, 10:15:03@Controller] Calling Garbage Collector...
> [15.06.2022, 10:15:13@Controller] Calling Garbage Collector...
> [15.06.2022, 10:15:23@Controller] Calling Garbage Collector...
> [15.06.2022, 10:15:33@Controller] Calling Garbage Collector...
> [15.06.2022, 10:15:43@Controller] Calling Garbage Collector...
> [15.06.2022, 10:15:53@Controller] Calling Garbage Collector...
> [15.06.2022, 10:16:03@Controller] Calling Garbage Collector...
> [15.06.2022, 10:16:13@Controller] Calling Garbage Collector...
> [15.06.2022, 10:16:23@Controller] Calling Garbage Collector...
> [15.06.2022, 10:16:33@Controller] Calling Garbage Collector...
> [15.06.2022, 10:16:43@Controller] Calling Garbage Collector...
> [15.06.2022, 10:16:53@Controller] Calling Garbage Collector...
> [15.06.2022, 10:17:03@Controller] Calling Garbage Collector...
> [15.06.2022, 10:17:13@Controller] Calling Garbage Collector...
> [15.06.2022, 10:17:23@Controller] Calling Garbage Collector...
> [15.06.2022, 10:17:33@Controller] Calling Garbage Collector...
> [15.06.2022, 10:17:43@Controller] Calling Garbage Collector...
> [15.06.2022, 10:17:53@Controller] Calling Garbage Collector...
> [15.06.2022, 10:18:03@Controller] Calling Garbage Collector...
> [15.06.2022, 10:18:13@Controller] Calling Garbage Collector...
> [15.06.2022, 10:18:19@Controller] view loaded!
> [15.06.2022, 10:18:23@Class] Trying to insert frames...
> [15.06.2022, 10:18:23@Class] Inserting 250 frames...
> [15.06.2022, 10:18:23@Controller] Calling Garbage Collector...
> [15.06.2022, 10:18:33@Controller] Calling Garbage Collector...
> [15.06.2022, 10:18:43@Class] Trying to insert frames...
> [15.06.2022, 10:18:43@Class] Inserting 250 frames...
> [15.06.2022, 10:18:43@Controller] Calling Garbage Collector...
> [15.06.2022, 10:18:51@Controller] view loaded!
> [15.06.2022, 10:18:53@Controller] Calling Garbage Collector...
> [15.06.2022, 10:19:03@Class] Trying to insert frames...
> [15.06.2022, 10:19:03@Class] Inserting 250 frames...
> [15.06.2022, 10:19:03@Controller] Calling Garbage Collector...
> [15.06.2022, 10:19:13@Controller] Calling Garbage Collector...
> [15.06.2022, 10:19:23@Class] Trying to insert frames...
> [15.06.2022, 10:19:23@Class] Inserting 250 frames...
> [15.06.2022, 10:19:23@Controller] Calling Garbage Collector...
> [15.06.2022, 10:19:33@Controller] Calling Garbage Collector...
> [15.06.2022, 10:19:41@Controller] view loaded!
> [15.06.2022, 10:19:43@Class] Trying to insert frames...
> [15.06.2022, 10:19:43@Class] Inserting 250 frames...
> [15.06.2022, 10:19:43@Controller] Calling Garbage Collector...
> [15.06.2022, 10:19:53@Controller] Calling Garbage Collector...
> [15.06.2022, 10:20:03@Class] Trying to insert frames...
> [15.06.2022, 10:20:03@Class] Inserting 250 frames...
> [15.06.2022, 10:20:03@Controller] Calling Garbage Collector...
> [15.06.2022, 10:20:13@Controller] Calling Garbage Collector...
> [15.06.2022, 10:20:23@Class] Trying to insert frames...
> [15.06.2022, 10:20:23@Class] Inserting 250 frames...
> [15.06.2022, 10:20:23@Controller] Calling Garbage Collector...
> [15.06.2022, 10:20:33@Controller] Calling Garbage Collector...
> [15.06.2022, 10:20:43@Class] Trying to insert frames...
> [15.06.2022, 10:20:43@Class] Inserting 250 frames...
> [15.06.2022, 10:20:43@Controller] Calling Garbage Collector...
> [15.06.2022, 10:20:53@Controller] Calling Garbage Collector...
> [15.06.2022, 10:21:03@Class] Trying to insert frames...
> [15.06.2022, 10:21:03@Class] Inserting 250 frames...
> [15.06.2022, 10:21:03@Controller] Calling Garbage Collector...
> [15.06.2022, 10:21:13@Controller] Calling Garbage Collector...
> [15.06.2022, 10:21:23@Class] Trying to insert frames...
> [15.06.2022, 10:21:23@Class] Inserting 250 frames...
> [15.06.2022, 10:21:23@Controller] Calling Garbage Collector...
> [15.06.2022, 10:21:33@Controller] Calling Garbage Collector...
> [15.06.2022, 10:21:43@Class] Trying to insert frames...
> [15.06.2022, 10:21:43@Class] Inserting 250 frames...
> [15.06.2022, 10:21:43@Controller] Calling Garbage Collector...
> [15.06.2022, 10:21:53@Controller] Calling Garbage Collector...
> [15.06.2022, 10:22:03@Class] Trying to insert frames...
> [15.06.2022, 10:22:03@Class] Inserting 250 frames...
> [15.06.2022, 10:22:03@Controller] Calling Garbage Collector...
> [15.06.2022, 10:22:13@Controller] Calling Garbage Collector...
> [15.06.2022, 10:22:23@FileMaster] saving config...
> [15.06.2022, 10:22:23@FileMaster] configuration.cfg saved sucsessfully!
> [15.06.2022, 10:22:23@Class] Trying to insert frames...
> [15.06.2022, 10:22:23@Class] Inserting 250 frames...
> [15.06.2022, 10:22:23@Controller] Calling Garbage Collector...
> [15.06.2022, 10:22:33@Controller] Calling Garbage Collector...
> [15.06.2022, 10:22:43@Class] Trying to insert frames...
> [15.06.2022, 10:22:43@Class] Inserting 250 frames...
> [15.06.2022, 10:22:43@Controller] Calling Garbage Collector...
> [15.06.2022, 10:22:53@Controller] Calling Garbage Collector...
> [15.06.2022, 10:23:03@Class] Trying to insert frames...
> [15.06.2022, 10:23:03@Class] Inserting 250 frames...
> [15.06.2022, 10:23:03@Controller] Calling Garbage Collector...
> [15.06.2022, 10:23:13@Controller] Calling Garbage Collector...
> [15.06.2022, 10:23:23@Class] Trying to insert frames...
> [15.06.2022, 10:23:23@Class] Inserting 250 frames...
> [15.06.2022, 10:23:23@Controller] Calling Garbage Collector...
> [15.06.2022, 10:23:33@Controller] Calling Garbage Collector...
> [15.06.2022, 10:23:43@Class] Trying to insert frames...
> [15.06.2022, 10:23:43@Class] Inserting 250 frames...
> [15.06.2022, 10:23:43@Controller] Calling Garbage Collector...
> [15.06.2022, 10:23:53@Controller] Calling Garbage Collector...
> [15.06.2022, 10:24:03@Class] Trying to insert frames...
> [15.06.2022, 10:24:03@Class] Inserting 250 frames...
> [15.06.2022, 10:24:03@Controller] Calling Garbage Collector...
> [15.06.2022, 10:24:13@Controller] Calling Garbage Collector...
> [15.06.2022, 10:24:23@Class] Trying to insert frames...
> [15.06.2022, 10:24:23@Class] Inserting 250 frames...
> [15.06.2022, 10:24:23@Controller] Calling Garbage Collector...
> [15.06.2022, 10:24:33@Controller] Calling Garbage Collector...
> [15.06.2022, 10:24:43@Class] Trying to insert frames...
> [15.06.2022, 10:24:43@Class] Inserting 250 frames...
> [15.06.2022, 10:24:43@Controller] Calling Garbage Collector...
> [15.06.2022, 10:24:53@Controller] Calling Garbage Collector...
> [15.06.2022, 10:25:03@Class] Trying to insert frames...
> [15.06.2022, 10:25:03@Class] Inserting 250 frames...
> [15.06.2022, 10:25:03@Controller] Calling Garbage Collector...
> [15.06.2022, 10:25:13@Controller] Calling Garbage Collector...
> [15.06.2022, 10:25:23@Class] Trying to insert frames...
> [15.06.2022, 10:25:23@Class] Inserting 250 frames...
> [15.06.2022, 10:25:23@Controller] Calling Garbage Collector...
> [15.06.2022, 10:25:33@Controller] Calling Garbage Collector...
> [15.06.2022, 10:25:43@Class] Trying to insert frames...
> [15.06.2022, 10:25:43@Class] Inserting 250 frames...
> [15.06.2022, 10:25:43@Controller] Calling Garbage Collector...
> [15.06.2022, 10:25:53@Controller] Calling Garbage Collector...
> [15.06.2022, 10:26:03@Class] Trying to insert frames...
> [15.06.2022, 10:26:03@Class] Inserting 250 frames...
> [15.06.2022, 10:26:03@Controller] Calling Garbage Collector...
> [15.06.2022, 10:26:13@Controller] Calling Garbage Collector...
> [15.06.2022, 10:26:23@Class] Trying to insert frames...
> [15.06.2022, 10:26:23@Class] Inserting 250 frames...
> [15.06.2022, 10:26:23@Controller] Calling Garbage Collector...
> [15.06.2022, 10:26:33@Controller] Calling Garbage Collector...
> [15.06.2022, 10:26:43@Class] Trying to insert frames...
> [15.06.2022, 10:26:43@Class] Inserting 250 frames...
> [15.06.2022, 10:26:43@Controller] Calling Garbage Collector...
> [15.06.2022, 10:26:53@Controller] Calling Garbage Collector...
> [15.06.2022, 10:27:03@Class] Trying to insert frames...
> [15.06.2022, 10:27:03@Class] Inserting 250 frames...
> [15.06.2022, 10:27:03@Controller] Calling Garbage Collector...
> [15.06.2022, 10:27:13@Controller] Calling Garbage Collector...
> [15.06.2022, 10:27:14@DataNotFoundException] db-data couldn't be found!
No flights found with airport tag edvi!
> [15.06.2022, 10:27:23@Controller] Calling Garbage Collector...
> [15.06.2022, 10:27:33@Controller] Calling Garbage Collector...
> [15.06.2022, 10:27:43@Controller] Calling Garbage Collector...
> [15.06.2022, 10:27:53@Controller] Calling Garbage Collector...
> [15.06.2022, 10:27:57@DataNotFoundException] db-data couldn't be found!
No flights found with airport tag edvy!
> [15.06.2022, 10:28:03@Controller] Calling Garbage Collector...
> [15.06.2022, 10:28:03@DataNotFoundException] db-data couldn't be found!
No flights found with airport tag edv!
> [15.06.2022, 10:28:13@Controller] Calling Garbage Collector...
> [15.06.2022, 10:28:23@Controller] Calling Garbage Collector...
> [15.06.2022, 10:28:33@Controller] Calling Garbage Collector...
> [15.06.2022, 10:28:43@Controller] Calling Garbage Collector...
> [15.06.2022, 10:28:53@Controller] Calling Garbage Collector...
> [15.06.2022, 10:29:03@Controller] Calling Garbage Collector...
> [15.06.2022, 10:29:13@Controller] Calling Garbage Collector...
> [15.06.2022, 10:29:23@Controller] Calling Garbage Collector...
> [15.06.2022, 10:29:33@Controller] Calling Garbage Collector...
> [15.06.2022, 10:29:43@Controller] Calling Garbage Collector...
> [15.06.2022, 10:29:53@Controller] Calling Garbage Collector...
> [15.06.2022, 10:30:03@Controller] Calling Garbage Collector...
> [15.06.2022, 10:30:13@Controller] Calling Garbage Collector...
> [15.06.2022, 10:30:16@Controller] view loaded!
> [15.06.2022, 10:30:23@Class] Trying to insert frames...
> [15.06.2022, 10:30:23@Class] Inserting 250 frames...
> [15.06.2022, 10:30:23@Controller] Calling Garbage Collector...
> [15.06.2022, 10:30:33@Controller] Calling Garbage Collector...
> [15.06.2022, 10:30:43@Class] Trying to insert frames...
> [15.06.2022, 10:30:43@Class] Inserting 250 frames...
> [15.06.2022, 10:30:43@Controller] Calling Garbage Collector...
> [15.06.2022, 10:30:46@Controller] view loaded!
> [15.06.2022, 10:30:53@Controller] Calling Garbage Collector...
> [15.06.2022, 10:31:03@Class] Trying to insert frames...
> [15.06.2022, 10:31:03@Class] Inserting 250 frames...
> [15.06.2022, 10:31:03@Controller] Calling Garbage Collector...
> [15.06.2022, 10:31:13@Controller] Calling Garbage Collector...
> [15.06.2022, 10:31:23@Class] Trying to insert frames...
> [15.06.2022, 10:31:23@Class] Inserting 250 frames...
> [15.06.2022, 10:31:23@Controller] Calling Garbage Collector...
> [15.06.2022, 10:31:33@Controller] Calling Garbage Collector...
> [15.06.2022, 10:31:43@Class] Trying to insert frames...
> [15.06.2022, 10:31:43@Class] Inserting 250 frames...
> [15.06.2022, 10:31:43@Controller] Calling Garbage Collector...
> [15.06.2022, 10:31:53@Controller] Calling Garbage Collector...
> [15.06.2022, 10:32:03@Class] Trying to insert frames...
> [15.06.2022, 10:32:03@Class] Inserting 250 frames...
> [15.06.2022, 10:32:03@Controller] Calling Garbage Collector...
> [15.06.2022, 10:32:13@Controller] Calling Garbage Collector...
> [15.06.2022, 10:32:23@FileMaster] saving config...
> [15.06.2022, 10:32:23@FileMaster] configuration.cfg saved sucsessfully!
> [15.06.2022, 10:32:23@Class] Trying to insert frames...
> [15.06.2022, 10:32:23@Class] Inserting 250 frames...
> [15.06.2022, 10:32:23@Controller] Calling Garbage Collector...
> [15.06.2022, 10:32:33@Controller] Calling Garbage Collector...
> [15.06.2022, 10:32:43@Class] Trying to insert frames...
> [15.06.2022, 10:32:43@Class] Inserting 250 frames...
> [15.06.2022, 10:32:43@Controller] Calling Garbage Collector...
> [15.06.2022, 10:32:53@Controller] Calling Garbage Collector...
> [15.06.2022, 10:33:03@Class] Trying to insert frames...
> [15.06.2022, 10:33:03@Class] Inserting 250 frames...
> [15.06.2022, 10:33:03@Controller] Calling Garbage Collector...
> [15.06.2022, 10:33:13@Controller] Calling Garbage Collector...
> [15.06.2022, 10:33:23@Class] Trying to insert frames...
> [15.06.2022, 10:33:23@Class] Inserting 250 frames...
> [15.06.2022, 10:33:23@Controller] Calling Garbage Collector...
> [15.06.2022, 10:33:33@Controller] Calling Garbage Collector...
> [15.06.2022, 10:33:43@Class] Trying to insert frames...
> [15.06.2022, 10:33:43@Class] Inserting 250 frames...
> [15.06.2022, 10:33:43@Controller] Calling Garbage Collector...
> [15.06.2022, 10:33:53@Controller] Calling Garbage Collector...
> [15.06.2022, 10:34:03@Class] Trying to insert frames...
> [15.06.2022, 10:34:03@Class] Inserting 250 frames...
> [15.06.2022, 10:34:03@Controller] Calling Garbage Collector...
> [15.06.2022, 10:34:13@Controller] Calling Garbage Collector...
> [15.06.2022, 10:34:23@Class] Trying to insert frames...
> [15.06.2022, 10:34:23@Class] Inserting 250 frames...
> [15.06.2022, 10:34:23@Controller] Calling Garbage Collector...
> [15.06.2022, 10:34:33@Controller] Calling Garbage Collector...
> [15.06.2022, 10:34:43@Class] Trying to insert frames...
> [15.06.2022, 10:34:43@Class] Inserting 250 frames...
> [15.06.2022, 10:34:43@Controller] Calling Garbage Collector...
> [15.06.2022, 10:34:53@Controller] Calling Garbage Collector...
> [15.06.2022, 10:35:03@Class] Trying to insert frames...
> [15.06.2022, 10:35:03@Class] Inserting 250 frames...
> [15.06.2022, 10:35:03@Controller] Calling Garbage Collector...
> [15.06.2022, 10:35:13@Controller] Calling Garbage Collector...
> [15.06.2022, 10:35:23@Class] Trying to insert frames...
> [15.06.2022, 10:35:23@Class] Inserting 250 frames...
> [15.06.2022, 10:35:23@Controller] Calling Garbage Collector...
> [15.06.2022, 10:35:33@Controller] Calling Garbage Collector...
> [15.06.2022, 10:35:43@Class] Trying to insert frames...
> [15.06.2022, 10:35:43@Class] Inserting 250 frames...
> [15.06.2022, 10:35:43@Controller] Calling Garbage Collector...
> [15.06.2022, 10:35:53@Controller] Calling Garbage Collector...
> [15.06.2022, 10:36:03@Class] Trying to insert frames...
> [15.06.2022, 10:36:03@Class] Inserting 250 frames...
> [15.06.2022, 10:36:03@Controller] Calling Garbage Collector...
> [15.06.2022, 10:36:07@Controller] Shutting down program, please wait...
> [15.06.2022, 10:36:07@FileMaster] saving config...
> [15.06.2022, 10:36:07@FileMaster] configuration.cfg saved sucsessfully!
> 