> [21.06.2022, 22:42:42@Controller] initializing Controller...
> [21.06.2022, 22:42:42@Controller] initializing Executors...
> [21.06.2022, 22:42:43@Controller] Executors initialized sucsessfully!
> [21.06.2022, 22:42:43@Controller] Controller initialized sucsessfully!
> [21.06.2022, 22:42:43@GUI] initialising GUI...
> [21.06.2022, 22:42:43@GUI] GUI initialized sucsessfully!
> [21.06.2022, 22:42:53@Controller] Calling Garbage Collector...
> [21.06.2022, 22:43:03@] Trying to insert frames...
> [21.06.2022, 22:43:03@] Inserting 500 frames...
> [21.06.2022, 22:43:03@Controller] Calling Garbage Collector...
> [21.06.2022, 22:43:13@Controller] Calling Garbage Collector...
> [21.06.2022, 22:43:23@] Trying to insert frames...
> [21.06.2022, 22:43:23@] Inserting 500 frames...
> [21.06.2022, 22:43:23@Controller] Calling Garbage Collector...
> [21.06.2022, 22:43:27@Controller] view loaded!
> [21.06.2022, 22:43:33@Controller] Calling Garbage Collector...
> [21.06.2022, 22:43:43@Controller] Calling Garbage Collector...
> [21.06.2022, 22:43:53@Controller] Calling Garbage Collector...
> [21.06.2022, 22:43:53@Controller] view loaded!
> [21.06.2022, 22:44:03@] Trying to insert frames...
> [21.06.2022, 22:44:03@] Inserting 500 frames...
> [21.06.2022, 22:44:03@Controller] Calling Garbage Collector...
> [21.06.2022, 22:44:13@Controller] Calling Garbage Collector...
> [21.06.2022, 22:44:23@] Trying to insert frames...
> [21.06.2022, 22:44:23@] Inserting 500 frames...
> [21.06.2022, 22:44:23@Controller] Calling Garbage Collector...
> [21.06.2022, 22:44:33@Controller] Calling Garbage Collector...
> [21.06.2022, 22:44:43@] Trying to insert frames...
> [21.06.2022, 22:44:43@] Inserting 500 frames...
> [21.06.2022, 22:44:43@Controller] Calling Garbage Collector...
> [21.06.2022, 22:44:53@Controller] Calling Garbage Collector...
> [21.06.2022, 22:45:03@Controller] Calling Garbage Collector...
> [21.06.2022, 22:45:10@Controller] view loaded!
> [21.06.2022, 22:45:13@Controller] Calling Garbage Collector...
> [21.06.2022, 22:45:23@Controller] Calling Garbage Collector...
> [21.06.2022, 22:45:32@Controller] view loaded!
> [21.06.2022, 22:45:33@Controller] Calling Garbage Collector...
> [21.06.2022, 22:45:43@Controller] Calling Garbage Collector...
> [21.06.2022, 22:45:51@Controller] view loaded!
> [21.06.2022, 22:45:53@Controller] Calling Garbage Collector...
> [21.06.2022, 22:46:03@] Trying to insert frames...
> [21.06.2022, 22:46:03@] Inserting 500 frames...
> [21.06.2022, 22:46:03@Controller] Calling Garbage Collector...
> [21.06.2022, 22:46:13@Controller] Calling Garbage Collector...
> [21.06.2022, 22:46:23@] Trying to insert frames...
> [21.06.2022, 22:46:23@] Inserting 500 frames...
> [21.06.2022, 22:46:23@Controller] Calling Garbage Collector...
> [21.06.2022, 22:46:33@Controller] Calling Garbage Collector...
> [21.06.2022, 22:46:43@] Trying to insert frames...
> [21.06.2022, 22:46:43@] Inserting 500 frames...
> [21.06.2022, 22:46:43@Controller] Calling Garbage Collector...
> [21.06.2022, 22:46:53@Controller] Calling Garbage Collector...
> [21.06.2022, 22:47:03@Controller] Calling Garbage Collector...
> [21.06.2022, 22:47:13@Controller] Calling Garbage Collector...
> [21.06.2022, 22:47:15@Controller] view loaded!
> [21.06.2022, 22:47:23@] Trying to insert frames...
> [21.06.2022, 22:47:23@] Inserting 500 frames...
> [21.06.2022, 22:47:23@Controller] Calling Garbage Collector...
> [21.06.2022, 22:47:33@Controller] Calling Garbage Collector...
> [21.06.2022, 22:47:43@] Trying to insert frames...
> [21.06.2022, 22:47:43@] Inserting 500 frames...
> [21.06.2022, 22:47:43@Controller] Calling Garbage Collector...
> [21.06.2022, 22:47:53@Controller] Calling Garbage Collector...
> [21.06.2022, 22:48:03@Controller] Calling Garbage Collector...
> [21.06.2022, 22:48:13@Controller] Calling Garbage Collector...
> [21.06.2022, 22:48:23@Controller] Calling Garbage Collector...
> [21.06.2022, 22:48:33@Controller] Calling Garbage Collector...
> [21.06.2022, 22:48:43@Controller] Calling Garbage Collector...
> [21.06.2022, 22:48:53@Controller] Calling Garbage Collector...
> [21.06.2022, 22:49:03@Controller] Calling Garbage Collector...
> [21.06.2022, 22:49:07@Controller] view loaded!
> [21.06.2022, 22:49:13@Controller] Calling Garbage Collector...
> [21.06.2022, 22:49:23@] Trying to insert frames...
> [21.06.2022, 22:49:23@] Inserting 500 frames...
> [21.06.2022, 22:49:23@Controller] Calling Garbage Collector...
> [21.06.2022, 22:49:33@Controller] Calling Garbage Collector...
> [21.06.2022, 22:49:43@] Trying to insert frames...
> [21.06.2022, 22:49:43@] Inserting 500 frames...
> [21.06.2022, 22:49:43@Controller] Calling Garbage Collector...
> [21.06.2022, 22:49:53@Controller] Calling Garbage Collector...
> [21.06.2022, 22:50:03@Controller] Calling Garbage Collector...
> [21.06.2022, 22:50:13@Controller] Calling Garbage Collector...
> [21.06.2022, 22:50:23@Controller] Calling Garbage Collector...
> [21.06.2022, 22:50:33@Controller] Calling Garbage Collector...
> [21.06.2022, 22:50:41@Controller] view loaded!
> [21.06.2022, 22:50:43@] Trying to insert frames...
> [21.06.2022, 22:50:43@] Inserting 500 frames...
> [21.06.2022, 22:50:43@Controller] Calling Garbage Collector...
> [21.06.2022, 22:50:53@Controller] Calling Garbage Collector...
> [21.06.2022, 22:51:03@Controller] Calling Garbage Collector...
> [21.06.2022, 22:51:13@Controller] Calling Garbage Collector...
> [21.06.2022, 22:51:23@Controller] Calling Garbage Collector...
> [21.06.2022, 22:51:33@Controller] Calling Garbage Collector...
> [21.06.2022, 22:51:43@Controller] Calling Garbage Collector...
> [21.06.2022, 22:51:53@Controller] Calling Garbage Collector...
> [21.06.2022, 22:52:03@Controller] Calling Garbage Collector...
> [21.06.2022, 22:52:13@Controller] Calling Garbage Collector...
> [21.06.2022, 22:52:23@Controller] Calling Garbage Collector...
> [21.06.2022, 22:52:33@Controller] Calling Garbage Collector...
> [21.06.2022, 22:52:43@Controller] Calling Garbage Collector...
> [21.06.2022, 22:52:53@Controller] Calling Garbage Collector...
> [21.06.2022, 22:53:03@Controller] Calling Garbage Collector...
> [21.06.2022, 22:53:13@Controller] Calling Garbage Collector...
> [21.06.2022, 22:53:23@Controller] Calling Garbage Collector...
> [21.06.2022, 22:53:33@Controller] Calling Garbage Collector...
> [21.06.2022, 22:53:43@Controller] Calling Garbage Collector...
> [21.06.2022, 22:53:53@Controller] Calling Garbage Collector...
> [21.06.2022, 22:54:03@Controller] Calling Garbage Collector...
> [21.06.2022, 22:54:13@Controller] Calling Garbage Collector...
> [21.06.2022, 22:54:23@Controller] Calling Garbage Collector...
> [21.06.2022, 22:54:33@Controller] Calling Garbage Collector...
> [21.06.2022, 22:54:43@Controller] Calling Garbage Collector...
> [21.06.2022, 22:54:53@Controller] Calling Garbage Collector...
> [21.06.2022, 22:55:03@Controller] Calling Garbage Collector...
> [21.06.2022, 22:55:13@Controller] Calling Garbage Collector...
> [21.06.2022, 22:55:23@Controller] Calling Garbage Collector...
> [21.06.2022, 22:55:33@Controller] Calling Garbage Collector...
> [21.06.2022, 22:55:43@Controller] Calling Garbage Collector...
> [21.06.2022, 22:55:53@Controller] Calling Garbage Collector...
> [21.06.2022, 22:56:03@Controller] Calling Garbage Collector...
> [21.06.2022, 22:56:13@Controller] Calling Garbage Collector...
> [21.06.2022, 22:56:23@Controller] Calling Garbage Collector...
> [21.06.2022, 22:56:33@Controller] Calling Garbage Collector...
> [21.06.2022, 22:56:43@Controller] Calling Garbage Collector...
> [21.06.2022, 22:56:53@Controller] Calling Garbage Collector...
> [21.06.2022, 22:57:03@Controller] Calling Garbage Collector...
> [21.06.2022, 22:57:13@Controller] Calling Garbage Collector...
> [21.06.2022, 22:57:23@Controller] Calling Garbage Collector...
> [21.06.2022, 22:57:33@Controller] Calling Garbage Collector...
> [21.06.2022, 22:57:42@Controller] view loaded!
> [21.06.2022, 22:57:43@] Trying to insert frames...
> [21.06.2022, 22:57:43@] Inserting 500 frames...
> [21.06.2022, 22:57:43@Controller] Calling Garbage Collector...
> [21.06.2022, 22:57:53@Controller] Calling Garbage Collector...
> [21.06.2022, 22:58:03@] Trying to insert frames...
> [21.06.2022, 22:58:03@] Inserting 500 frames...
> [21.06.2022, 22:58:03@Controller] Calling Garbage Collector...
> [21.06.2022, 22:58:13@Controller] Calling Garbage Collector...
> [21.06.2022, 22:58:23@] Trying to insert frames...
> [21.06.2022, 22:58:23@] Inserting 500 frames...
> [21.06.2022, 22:58:23@Controller] Calling Garbage Collector...
> [21.06.2022, 22:58:33@Controller] Calling Garbage Collector...
> [21.06.2022, 22:58:43@FileMaster] saving config...
> [21.06.2022, 22:58:43@FileMaster] configuration.cfg saved sucsessfully!
> [21.06.2022, 22:58:43@] Trying to insert frames...
> [21.06.2022, 22:58:43@Controller] Calling Garbage Collector...
> [21.06.2022, 22:58:53@Controller] Calling Garbage Collector...
> [21.06.2022, 22:59:03@] Trying to insert frames...
> [21.06.2022, 22:59:03@Controller] Calling Garbage Collector...
> [21.06.2022, 22:59:13@Controller] Calling Garbage Collector...
> [21.06.2022, 22:59:23@] Trying to insert frames...
> [21.06.2022, 22:59:23@Controller] Calling Garbage Collector...
> [21.06.2022, 22:59:33@Controller] Calling Garbage Collector...
> [21.06.2022, 22:59:33@Controller] Shutting down program, please wait...
> [21.06.2022, 22:59:33@FileMaster] saving config...
> [21.06.2022, 22:59:33@FileMaster] configuration.cfg saved sucsessfully!
> 