> [12.06.2022, 18:56:06@Controller] initializing Controller...
> [12.06.2022, 18:56:06@Controller] Controller initialized sucsessfully!
> [12.06.2022, 18:56:06@Controller] initializing Executors...
> [12.06.2022, 18:56:06@Controller] Executors initialized sucsessfully!
> [12.06.2022, 18:56:06@GUI] initialising GUI...
> [12.06.2022, 18:56:06@GUI] GUI initialized sucsessfully!
> [12.06.2022, 18:56:09@Controller] view loaded!
> [12.06.2022, 18:56:16@Controller] Calling Garbage Collector...
> [12.06.2022, 18:56:26@Class] Trying to insert fr24Frames...
> [12.06.2022, 18:56:26@Class] Inserting 250 fr24Frames...
> [12.06.2022, 18:56:27@Controller] Calling Garbage Collector...
> [12.06.2022, 18:56:36@Controller] Calling Garbage Collector...
> [12.06.2022, 18:56:46@Class] Trying to insert fr24Frames...
> [12.06.2022, 18:56:46@Class] Inserting 250 fr24Frames...
> [12.06.2022, 18:56:46@Controller] Calling Garbage Collector...
> [12.06.2022, 18:56:56@Controller] Calling Garbage Collector...
> [12.06.2022, 18:57:06@FileMaster] saving config...
> [12.06.2022, 18:57:06@FileMaster] configuration.cfg saved sucsessfully!
> [12.06.2022, 18:57:06@Class] Trying to insert fr24Frames...
> [12.06.2022, 18:57:06@Class] Inserting 250 fr24Frames...
> [12.06.2022, 18:57:07@Controller] Calling Garbage Collector...
> [12.06.2022, 18:57:16@Controller] Calling Garbage Collector...
> [12.06.2022, 18:57:26@Class] Trying to insert fr24Frames...
> [12.06.2022, 18:57:26@Class] Inserting 250 fr24Frames...
> [12.06.2022, 18:57:26@Controller] Calling Garbage Collector...
> [12.06.2022, 18:57:36@Controller] Calling Garbage Collector...
> [12.06.2022, 18:57:46@Class] Trying to insert fr24Frames...
> [12.06.2022, 18:57:46@Class] Inserting 250 fr24Frames...
> [12.06.2022, 18:57:46@Controller] Calling Garbage Collector...
> [12.06.2022, 18:57:56@Controller] Calling Garbage Collector...
> [12.06.2022, 18:58:06@Class] Trying to insert fr24Frames...
> [12.06.2022, 18:58:06@Class] Inserting 250 fr24Frames...
> [12.06.2022, 18:58:06@Controller] Calling Garbage Collector...
> [12.06.2022, 18:58:16@Controller] Calling Garbage Collector...
> [12.06.2022, 18:58:26@Class] Trying to insert fr24Frames...
> [12.06.2022, 18:58:26@Class] Inserting 250 fr24Frames...
> [12.06.2022, 18:58:26@Controller] Calling Garbage Collector...
> [12.06.2022, 18:58:36@Controller] Calling Garbage Collector...
> [12.06.2022, 18:58:46@Class] Trying to insert fr24Frames...
> [12.06.2022, 18:58:46@Class] Inserting 250 fr24Frames...
> [12.06.2022, 18:58:46@Controller] Calling Garbage Collector...
> [12.06.2022, 18:58:56@Controller] Calling Garbage Collector...
> [12.06.2022, 18:59:06@Class] Trying to insert fr24Frames...
> [12.06.2022, 18:59:06@Class] Inserting 250 fr24Frames...
> [12.06.2022, 18:59:06@Controller] Calling Garbage Collector...
> [12.06.2022, 18:59:16@Controller] Calling Garbage Collector...
> [12.06.2022, 18:59:26@Class] Trying to insert fr24Frames...
> [12.06.2022, 18:59:26@Class] Inserting 250 fr24Frames...
> [12.06.2022, 18:59:26@Controller] Calling Garbage Collector...
> [12.06.2022, 18:59:36@Controller] Calling Garbage Collector...
> [12.06.2022, 18:59:46@Class] Trying to insert fr24Frames...
> [12.06.2022, 18:59:46@Class] Inserting 250 fr24Frames...
> [12.06.2022, 18:59:46@Controller] Calling Garbage Collector...
> [12.06.2022, 18:59:56@Controller] Calling Garbage Collector...
> [12.06.2022, 19:00:06@Class] Trying to insert fr24Frames...
> [12.06.2022, 19:00:06@Class] Inserting 250 fr24Frames...
> [12.06.2022, 19:00:06@Controller] Calling Garbage Collector...
> [12.06.2022, 19:00:16@Controller] Calling Garbage Collector...
> [12.06.2022, 19:00:26@Class] Trying to insert fr24Frames...
> [12.06.2022, 19:00:26@Class] Inserting 250 fr24Frames...
> [12.06.2022, 19:00:26@Controller] Calling Garbage Collector...
> [12.06.2022, 19:00:36@Controller] Calling Garbage Collector...
> [12.06.2022, 19:00:46@Class] Trying to insert fr24Frames...
> [12.06.2022, 19:00:46@Class] Inserting 250 fr24Frames...
> [12.06.2022, 19:00:46@Controller] Calling Garbage Collector...
> [12.06.2022, 19:00:56@Controller] Calling Garbage Collector...
> [12.06.2022, 19:01:06@Class] Trying to insert fr24Frames...
> [12.06.2022, 19:01:06@Class] Inserting 250 fr24Frames...
> [12.06.2022, 19:01:06@Controller] Calling Garbage Collector...
> [12.06.2022, 19:01:16@Controller] Calling Garbage Collector...
> [12.06.2022, 19:01:26@Class] Trying to insert fr24Frames...
> [12.06.2022, 19:01:26@Class] Inserting 250 fr24Frames...
> [12.06.2022, 19:01:26@Controller] Calling Garbage Collector...
> [12.06.2022, 19:01:36@Controller] Calling Garbage Collector...
> [12.06.2022, 19:01:46@Class] Trying to insert fr24Frames...
> [12.06.2022, 19:01:46@Class] Inserting 250 fr24Frames...
> [12.06.2022, 19:01:47@Controller] Calling Garbage Collector...
> [12.06.2022, 19:01:56@Controller] Calling Garbage Collector...
> [12.06.2022, 19:02:06@FileMaster] saving config...
> [12.06.2022, 19:02:06@FileMaster] configuration.cfg saved sucsessfully!
> [12.06.2022, 19:02:06@Class] Trying to insert fr24Frames...
> [12.06.2022, 19:02:06@Class] Inserting 250 fr24Frames...
> [12.06.2022, 19:02:06@Controller] Calling Garbage Collector...
> [12.06.2022, 19:02:16@Controller] Calling Garbage Collector...
> [12.06.2022, 19:02:26@Class] Trying to insert fr24Frames...
> [12.06.2022, 19:02:26@Class] Inserting 250 fr24Frames...
> [12.06.2022, 19:02:27@Controller] Calling Garbage Collector...
> [12.06.2022, 19:02:36@Controller] Calling Garbage Collector...
> [12.06.2022, 19:02:46@Class] Trying to insert fr24Frames...
> [12.06.2022, 19:02:46@Class] Inserting 250 fr24Frames...
> [12.06.2022, 19:02:46@Controller] Calling Garbage Collector...
> [12.06.2022, 19:02:56@Controller] Calling Garbage Collector...
> [12.06.2022, 19:03:06@Class] Trying to insert fr24Frames...
> [12.06.2022, 19:03:06@Class] Inserting 250 fr24Frames...
> [12.06.2022, 19:03:06@Controller] Calling Garbage Collector...
> [12.06.2022, 19:03:16@Controller] Calling Garbage Collector...
> [12.06.2022, 19:03:26@Class] Trying to insert fr24Frames...
> [12.06.2022, 19:03:26@Class] Inserting 250 fr24Frames...
> [12.06.2022, 19:03:26@Controller] Calling Garbage Collector...
> [12.06.2022, 19:03:36@Controller] Calling Garbage Collector...
> [12.06.2022, 19:03:46@Class] Trying to insert fr24Frames...
> [12.06.2022, 19:03:46@Class] Inserting 250 fr24Frames...
> [12.06.2022, 19:03:47@Controller] Calling Garbage Collector...
> [12.06.2022, 19:03:56@Controller] Calling Garbage Collector...
> [12.06.2022, 19:04:06@Class] Trying to insert fr24Frames...
> [12.06.2022, 19:04:06@Class] Inserting 250 fr24Frames...
> [12.06.2022, 19:04:07@Controller] Calling Garbage Collector...
> [12.06.2022, 19:04:16@Controller] Calling Garbage Collector...
> [12.06.2022, 19:04:26@Class] Trying to insert fr24Frames...
> [12.06.2022, 19:04:26@Class] Inserting 250 fr24Frames...
> [12.06.2022, 19:04:26@Controller] Calling Garbage Collector...
> [12.06.2022, 19:04:37@Controller] Calling Garbage Collector...
> [12.06.2022, 19:04:46@Class] Trying to insert fr24Frames...
> [12.06.2022, 19:04:46@Class] Inserting 250 fr24Frames...
> [12.06.2022, 19:04:46@Controller] Calling Garbage Collector...
> [12.06.2022, 19:04:48@Controller] Shutting down program, please wait...
> [12.06.2022, 19:04:48@FileMaster] saving config...
> [12.06.2022, 19:04:48@FileMaster] configuration.cfg saved sucsessfully!
> [12.06.2022, 19:04:57@Controller] Calling Garbage Collector...
> 