> [18.06.2022, 01:28:39@Controller] initializing Controller...
> [18.06.2022, 01:28:39@Controller] initializing Executors...
> [18.06.2022, 01:28:39@Controller] Executors initialized sucsessfully!
> [18.06.2022, 01:28:39@Controller] Controller initialized sucsessfully!
> [18.06.2022, 01:28:39@GUI] initialising GUI...
> [18.06.2022, 01:28:39@GUI] GUI initialized sucsessfully!
> [18.06.2022, 01:28:49@Controller] Calling Garbage Collector...
> [18.06.2022, 01:28:59@Controller] Calling Garbage Collector...
> [18.06.2022, 01:29:03@Controller] view loaded!
> [18.06.2022, 01:29:09@Controller] Calling Garbage Collector...
> [18.06.2022, 01:29:19@] Trying to insert frames...
> [18.06.2022, 01:29:19@] Inserting 500 frames...
> [18.06.2022, 01:29:19@Controller] Calling Garbage Collector...
> [18.06.2022, 01:29:29@Controller] Calling Garbage Collector...
> [18.06.2022, 01:29:39@FileMaster] saving config...
> [18.06.2022, 01:29:39@FileMaster] configuration.cfg saved sucsessfully!
> [18.06.2022, 01:29:39@] Trying to insert frames...
> [18.06.2022, 01:29:39@] Inserting 500 frames...
> [18.06.2022, 01:29:39@Controller] Calling Garbage Collector...
> [18.06.2022, 01:29:49@Controller] Calling Garbage Collector...
> [18.06.2022, 01:29:59@] Trying to insert frames...
> [18.06.2022, 01:29:59@] Inserting 500 frames...
> [18.06.2022, 01:29:59@Controller] Calling Garbage Collector...
> [18.06.2022, 01:30:09@Controller] Calling Garbage Collector...
> [18.06.2022, 01:30:19@] Trying to insert frames...
> [18.06.2022, 01:30:19@] Inserting 500 frames...
> [18.06.2022, 01:30:19@Controller] Calling Garbage Collector...
> [18.06.2022, 01:30:29@Controller] Calling Garbage Collector...
> [18.06.2022, 01:30:39@] Trying to insert frames...
> [18.06.2022, 01:30:39@] Inserting 500 frames...
> [18.06.2022, 01:30:39@Controller] Calling Garbage Collector...
> [18.06.2022, 01:30:49@Controller] Calling Garbage Collector...
> [18.06.2022, 01:30:59@] Trying to insert frames...
> [18.06.2022, 01:30:59@] Inserting 500 frames...
> [18.06.2022, 01:30:59@Controller] Calling Garbage Collector...
> [18.06.2022, 01:31:09@Controller] Calling Garbage Collector...
> [18.06.2022, 01:31:19@] Trying to insert frames...
> [18.06.2022, 01:31:19@] Inserting 500 frames...
> [18.06.2022, 01:31:19@Controller] Calling Garbage Collector...
> [18.06.2022, 01:31:29@Controller] Calling Garbage Collector...
> [18.06.2022, 01:31:39@Controller] Calling Garbage Collector...
> [18.06.2022, 01:31:49@Controller] Calling Garbage Collector...
> [18.06.2022, 01:31:59@Controller] Calling Garbage Collector...
> [18.06.2022, 01:32:09@Controller] Calling Garbage Collector...
> [18.06.2022, 01:32:19@Controller] Calling Garbage Collector...
> [18.06.2022, 01:32:29@Controller] Calling Garbage Collector...
> [18.06.2022, 01:32:33@Controller] view loaded!
> [18.06.2022, 01:32:39@] Trying to insert frames...
> [18.06.2022, 01:32:39@] Inserting 500 frames...
> [18.06.2022, 01:32:39@Controller] Calling Garbage Collector...
> [18.06.2022, 01:32:49@Controller] Calling Garbage Collector...
> [18.06.2022, 01:32:59@] Trying to insert frames...
> [18.06.2022, 01:32:59@] Inserting 500 frames...
> [18.06.2022, 01:32:59@Controller] Calling Garbage Collector...
> [18.06.2022, 01:33:09@Controller] Calling Garbage Collector...
> [18.06.2022, 01:33:19@Controller] Calling Garbage Collector...
> [18.06.2022, 01:33:29@Controller] Calling Garbage Collector...
> [18.06.2022, 01:33:39@Controller] Calling Garbage Collector...
> [18.06.2022, 01:33:40@Controller] view loaded!
> [18.06.2022, 01:33:49@Controller] Calling Garbage Collector...
> [18.06.2022, 01:33:59@Controller] Calling Garbage Collector...
> [18.06.2022, 01:34:07@Controller] view loaded!
> [18.06.2022, 01:34:09@Controller] Calling Garbage Collector...
> [18.06.2022, 01:34:19@] Trying to insert frames...
> [18.06.2022, 01:34:19@] Inserting 500 frames...
> [18.06.2022, 01:34:19@Controller] Calling Garbage Collector...
> [18.06.2022, 01:34:29@Controller] Calling Garbage Collector...
> [18.06.2022, 01:34:39@FileMaster] saving config...
> [18.06.2022, 01:34:39@FileMaster] configuration.cfg saved sucsessfully!
> [18.06.2022, 01:34:39@] Trying to insert frames...
> [18.06.2022, 01:34:39@] Inserting 500 frames...
> [18.06.2022, 01:34:39@Controller] Calling Garbage Collector...
> [18.06.2022, 01:34:49@Controller] Calling Garbage Collector...
> [18.06.2022, 01:34:59@Controller] Calling Garbage Collector...
> [18.06.2022, 01:35:05@Controller] view loaded!
> [18.06.2022, 01:35:09@Controller] Calling Garbage Collector...
> [18.06.2022, 01:35:19@] Trying to insert frames...
> [18.06.2022, 01:35:19@] Inserting 500 frames...
> [18.06.2022, 01:35:19@Controller] Calling Garbage Collector...
> [18.06.2022, 01:35:29@Controller] Calling Garbage Collector...
> [18.06.2022, 01:35:39@] Trying to insert frames...
> [18.06.2022, 01:35:39@] Inserting 500 frames...
> [18.06.2022, 01:35:39@Controller] Calling Garbage Collector...
> [18.06.2022, 01:35:49@Controller] Calling Garbage Collector...
> [18.06.2022, 01:35:59@] Trying to insert frames...
> [18.06.2022, 01:35:59@] Inserting 500 frames...
> [18.06.2022, 01:35:59@Controller] Calling Garbage Collector...
> [18.06.2022, 01:36:09@Controller] Calling Garbage Collector...
> [18.06.2022, 01:36:13@Controller] Shutting down program, please wait...
> [18.06.2022, 01:36:13@FileMaster] saving config...
> [18.06.2022, 01:36:13@FileMaster] configuration.cfg saved sucsessfully!
> 