> [21.06.2022, 09:24:27@Controller] initializing Controller...
> [21.06.2022, 09:24:27@Controller] initializing Executors...
> [21.06.2022, 09:24:27@Controller] Executors initialized sucsessfully!
> [21.06.2022, 09:24:27@Controller] Controller initialized sucsessfully!
> [21.06.2022, 09:24:27@GUI] initialising GUI...
> [21.06.2022, 09:24:27@GUI] GUI initialized sucsessfully!
> [21.06.2022, 09:24:37@Controller] Calling Garbage Collector...
> [21.06.2022, 09:24:47@Controller] Calling Garbage Collector...
> [21.06.2022, 09:24:57@Controller] Calling Garbage Collector...
> [21.06.2022, 09:24:59@Controller] view loaded!
> [21.06.2022, 09:25:07@] Trying to insert frames...
> [21.06.2022, 09:25:07@] Inserting 500 frames...
> [21.06.2022, 09:25:07@Controller] Calling Garbage Collector...
> [21.06.2022, 09:25:17@Controller] Calling Garbage Collector...
> [21.06.2022, 09:25:27@FileMaster] saving config...
> [21.06.2022, 09:25:27@FileMaster] configuration.cfg saved sucsessfully!
> [21.06.2022, 09:25:27@] Trying to insert frames...
> [21.06.2022, 09:25:27@] Inserting 500 frames...
> [21.06.2022, 09:25:27@Controller] Calling Garbage Collector...
> [21.06.2022, 09:25:37@Controller] Calling Garbage Collector...
> [21.06.2022, 09:25:47@] Trying to insert frames...
> [21.06.2022, 09:25:47@] Inserting 500 frames...
> [21.06.2022, 09:25:47@Controller] Calling Garbage Collector...
> [21.06.2022, 09:25:57@Controller] Calling Garbage Collector...
> [21.06.2022, 09:26:07@Controller] Calling Garbage Collector...
> [21.06.2022, 09:26:17@Controller] Calling Garbage Collector...
> [21.06.2022, 09:26:20@Controller] view loaded!
> [21.06.2022, 09:26:27@Controller] Calling Garbage Collector...
> [21.06.2022, 09:26:37@Controller] Calling Garbage Collector...
> [21.06.2022, 09:26:39@Controller] view loaded!
> [21.06.2022, 09:26:47@] Trying to insert frames...
> [21.06.2022, 09:26:47@] Inserting 500 frames...
> [21.06.2022, 09:26:47@Controller] Calling Garbage Collector...
> [21.06.2022, 09:26:57@Controller] Calling Garbage Collector...
> [21.06.2022, 09:27:07@Controller] Calling Garbage Collector...
> [21.06.2022, 09:27:12@Controller] view loaded!
> [21.06.2022, 09:27:17@Controller] Calling Garbage Collector...
> [21.06.2022, 09:27:27@] Trying to insert frames...
> [21.06.2022, 09:27:27@] Inserting 500 frames...
> [21.06.2022, 09:27:27@Controller] Calling Garbage Collector...
> [21.06.2022, 09:27:37@Controller] Calling Garbage Collector...
> [21.06.2022, 09:27:47@] Trying to insert frames...
> [21.06.2022, 09:27:47@] Inserting 500 frames...
> [21.06.2022, 09:27:47@Controller] Calling Garbage Collector...
> [21.06.2022, 09:27:57@Controller] Calling Garbage Collector...
> [21.06.2022, 09:28:07@] Trying to insert frames...
> [21.06.2022, 09:28:07@] Inserting 500 frames...
> [21.06.2022, 09:28:07@Controller] Calling Garbage Collector...
> [21.06.2022, 09:28:17@Controller] Calling Garbage Collector...
> [21.06.2022, 09:28:29@] Trying to insert frames...
> [21.06.2022, 09:28:29@] Inserting 500 frames...
> [21.06.2022, 09:28:29@Controller] Calling Garbage Collector...
> [21.06.2022, 09:28:37@Controller] Calling Garbage Collector...
> [21.06.2022, 09:28:47@] Trying to insert frames...
> [21.06.2022, 09:28:47@] Inserting 500 frames...
> [21.06.2022, 09:28:47@Controller] Calling Garbage Collector...
> [21.06.2022, 09:28:57@Controller] Calling Garbage Collector...
> [21.06.2022, 09:29:07@] Trying to insert frames...
> [21.06.2022, 09:29:07@] Inserting 500 frames...
> [21.06.2022, 09:29:07@Controller] Calling Garbage Collector...
> [21.06.2022, 09:29:17@Controller] Calling Garbage Collector...
> [21.06.2022, 09:29:27@] Trying to insert frames...
> [21.06.2022, 09:29:27@] Inserting 500 frames...
> [21.06.2022, 09:29:27@Controller] Calling Garbage Collector...
> [21.06.2022, 09:29:37@Controller] Calling Garbage Collector...
> [21.06.2022, 09:29:47@] Trying to insert frames...
> [21.06.2022, 09:29:47@] Inserting 500 frames...
> [21.06.2022, 09:29:47@Controller] Calling Garbage Collector...
> [21.06.2022, 09:29:57@Controller] Calling Garbage Collector...
> [21.06.2022, 09:30:07@] Trying to insert frames...
> [21.06.2022, 09:30:07@] Inserting 500 frames...
> [21.06.2022, 09:30:07@Controller] Calling Garbage Collector...
> [21.06.2022, 09:30:17@Controller] Calling Garbage Collector...
> [21.06.2022, 09:30:19@Controller] view loaded!
> [21.06.2022, 09:30:27@FileMaster] saving config...
> [21.06.2022, 09:30:27@FileMaster] configuration.cfg saved sucsessfully!
> [21.06.2022, 09:30:27@] Trying to insert frames...
> [21.06.2022, 09:30:27@] Inserting 500 frames...
> [21.06.2022, 09:30:27@Controller] Calling Garbage Collector...
> [21.06.2022, 09:30:37@Controller] Calling Garbage Collector...
> [21.06.2022, 09:30:47@] Trying to insert frames...
> [21.06.2022, 09:30:47@] Inserting 500 frames...
> [21.06.2022, 09:30:47@Controller] Calling Garbage Collector...
> [21.06.2022, 09:30:57@Controller] Calling Garbage Collector...
> [21.06.2022, 09:31:07@] Trying to insert frames...
> [21.06.2022, 09:31:07@Controller] Calling Garbage Collector...
> [21.06.2022, 09:31:17@Controller] Calling Garbage Collector...
> [21.06.2022, 09:31:27@Controller] Calling Garbage Collector...
> [21.06.2022, 09:31:29@Controller] view loaded!
> [21.06.2022, 09:31:37@Controller] Calling Garbage Collector...
> [21.06.2022, 09:31:47@] Trying to insert frames...
> [21.06.2022, 09:31:47@Controller] Calling Garbage Collector...
> [21.06.2022, 09:31:57@Controller] Calling Garbage Collector...
> [21.06.2022, 09:32:07@] Trying to insert frames...
> [21.06.2022, 09:32:07@Controller] Calling Garbage Collector...
> [21.06.2022, 09:32:17@Controller] Calling Garbage Collector...
> [21.06.2022, 09:32:27@] Trying to insert frames...
> [21.06.2022, 09:32:27@Controller] Calling Garbage Collector...
> [21.06.2022, 09:32:37@Controller] Calling Garbage Collector...
> [21.06.2022, 09:32:47@] Trying to insert frames...
> [21.06.2022, 09:32:47@Controller] Calling Garbage Collector...
> [21.06.2022, 09:32:57@Controller] Calling Garbage Collector...
> [21.06.2022, 09:33:07@] Trying to insert frames...
> [21.06.2022, 09:33:07@Controller] Calling Garbage Collector...
> [21.06.2022, 09:33:17@Controller] Calling Garbage Collector...
> [21.06.2022, 09:33:27@] Trying to insert frames...
> [21.06.2022, 09:33:27@Controller] Calling Garbage Collector...
> [21.06.2022, 09:33:37@Controller] Calling Garbage Collector...
> [21.06.2022, 09:33:41@Controller] view loaded!
> [21.06.2022, 09:33:47@] Trying to insert frames...
> [21.06.2022, 09:33:47@Controller] Calling Garbage Collector...
> [21.06.2022, 09:33:57@Controller] Calling Garbage Collector...
> [21.06.2022, 09:34:07@Controller] Calling Garbage Collector...
> [21.06.2022, 09:34:17@Controller] Calling Garbage Collector...
> [21.06.2022, 09:34:27@Controller] Calling Garbage Collector...
> [21.06.2022, 09:34:37@Controller] Calling Garbage Collector...
> [21.06.2022, 09:34:47@Controller] Calling Garbage Collector...
> [21.06.2022, 09:34:57@Controller] Calling Garbage Collector...
> [21.06.2022, 09:35:07@Controller] Calling Garbage Collector...
> [21.06.2022, 09:35:17@Controller] Calling Garbage Collector...
> [21.06.2022, 09:35:27@Controller] Calling Garbage Collector...
> [21.06.2022, 09:35:37@Controller] Calling Garbage Collector...
> [21.06.2022, 09:35:47@Controller] Calling Garbage Collector...
> [21.06.2022, 09:35:57@Controller] Calling Garbage Collector...
> [21.06.2022, 09:36:07@Controller] Calling Garbage Collector...
> [21.06.2022, 09:36:17@Controller] Calling Garbage Collector...
> [21.06.2022, 09:36:27@Controller] Calling Garbage Collector...
> [21.06.2022, 09:36:37@Controller] Calling Garbage Collector...
> [21.06.2022, 09:36:47@Controller] Calling Garbage Collector...
> [21.06.2022, 09:36:57@Controller] Calling Garbage Collector...
> [21.06.2022, 09:37:07@Controller] Calling Garbage Collector...
> [21.06.2022, 09:37:17@Controller] Calling Garbage Collector...
> [21.06.2022, 09:37:27@Controller] Calling Garbage Collector...
> [21.06.2022, 09:37:37@Controller] Calling Garbage Collector...
> [21.06.2022, 09:37:47@Controller] Calling Garbage Collector...
> [21.06.2022, 09:37:57@Controller] Calling Garbage Collector...
> [21.06.2022, 09:38:07@Controller] Calling Garbage Collector...
> [21.06.2022, 09:38:17@Controller] Calling Garbage Collector...
> [21.06.2022, 09:38:27@Controller] Calling Garbage Collector...
> [21.06.2022, 09:38:37@Controller] Calling Garbage Collector...
> [21.06.2022, 09:38:47@Controller] Calling Garbage Collector...
> [21.06.2022, 09:38:57@Controller] Calling Garbage Collector...
> [21.06.2022, 09:39:07@Controller] Calling Garbage Collector...
> [21.06.2022, 09:39:17@Controller] Calling Garbage Collector...
> [21.06.2022, 09:39:27@Controller] Calling Garbage Collector...
> [21.06.2022, 09:39:37@Controller] Calling Garbage Collector...
> [21.06.2022, 09:39:47@Controller] Calling Garbage Collector...
> [21.06.2022, 09:39:56@Controller] view loaded!
> [21.06.2022, 09:39:57@Controller] Calling Garbage Collector...
> [21.06.2022, 09:40:07@] Trying to insert frames...
> [21.06.2022, 09:40:07@Controller] Calling Garbage Collector...
> [21.06.2022, 09:40:17@Controller] Calling Garbage Collector...
> [21.06.2022, 09:40:27@Controller] Calling Garbage Collector...
> [21.06.2022, 09:40:37@Controller] Calling Garbage Collector...
> [21.06.2022, 09:40:40@Controller] view loaded!
> [21.06.2022, 09:40:47@] Trying to insert frames...
> [21.06.2022, 09:40:47@Controller] Calling Garbage Collector...
> [21.06.2022, 09:40:57@Controller] Calling Garbage Collector...
> [21.06.2022, 09:41:07@] Trying to insert frames...
> [21.06.2022, 09:41:07@Controller] Calling Garbage Collector...
> [21.06.2022, 09:41:17@Controller] Calling Garbage Collector...
> [21.06.2022, 09:41:27@] Trying to insert frames...
> [21.06.2022, 09:41:27@Controller] Calling Garbage Collector...
> [21.06.2022, 09:41:37@Controller] Calling Garbage Collector...
> [21.06.2022, 09:41:47@] Trying to insert frames...
> [21.06.2022, 09:41:47@Controller] Calling Garbage Collector...
> [21.06.2022, 09:41:57@Controller] Calling Garbage Collector...
> [21.06.2022, 09:42:07@] Trying to insert frames...
> [21.06.2022, 09:42:07@Controller] Calling Garbage Collector...
> [21.06.2022, 09:42:17@Controller] Calling Garbage Collector...
> [21.06.2022, 09:42:27@] Trying to insert frames...
> [21.06.2022, 09:42:27@Controller] Calling Garbage Collector...
> [21.06.2022, 09:42:37@Controller] Calling Garbage Collector...
> [21.06.2022, 09:42:47@Controller] Calling Garbage Collector...
> [21.06.2022, 09:42:53@Controller] view loaded!
> [21.06.2022, 09:42:57@Controller] Calling Garbage Collector...
> [21.06.2022, 09:43:07@] Trying to insert frames...
> [21.06.2022, 09:43:07@Controller] Calling Garbage Collector...
> [21.06.2022, 09:43:17@Controller] Calling Garbage Collector...
> [21.06.2022, 09:43:27@] Trying to insert frames...
> [21.06.2022, 09:43:27@Controller] Calling Garbage Collector...
> [21.06.2022, 09:43:37@Controller] Calling Garbage Collector...
> [21.06.2022, 09:43:47@] Trying to insert frames...
> [21.06.2022, 09:43:47@Controller] Calling Garbage Collector...
> [21.06.2022, 09:43:57@Controller] Calling Garbage Collector...
> [21.06.2022, 09:44:07@Controller] Calling Garbage Collector...
> [21.06.2022, 09:44:17@Controller] Calling Garbage Collector...
> [21.06.2022, 09:44:27@Controller] Calling Garbage Collector...
> [21.06.2022, 09:44:27@Controller] view loaded!
> [21.06.2022, 09:44:37@Controller] Calling Garbage Collector...
> [21.06.2022, 09:44:47@] Trying to insert frames...
> [21.06.2022, 09:44:47@Controller] Calling Garbage Collector...
> [21.06.2022, 09:44:57@Controller] Calling Garbage Collector...
> [21.06.2022, 09:45:07@] Trying to insert frames...
> [21.06.2022, 09:45:07@Controller] Calling Garbage Collector...
> [21.06.2022, 09:45:17@Controller] Calling Garbage Collector...
> [21.06.2022, 09:45:27@FileMaster] saving config...
> [21.06.2022, 09:45:27@FileMaster] configuration.cfg saved sucsessfully!
> [21.06.2022, 09:45:27@] Trying to insert frames...
> [21.06.2022, 09:45:27@Controller] Calling Garbage Collector...
> [21.06.2022, 09:45:37@Controller] Calling Garbage Collector...
> [21.06.2022, 09:45:47@Controller] Calling Garbage Collector...
> [21.06.2022, 09:45:57@Controller] Calling Garbage Collector...
> [21.06.2022, 09:46:07@Controller] Calling Garbage Collector...
> [21.06.2022, 09:46:16@Controller] view loaded!
> [21.06.2022, 09:46:17@Controller] Calling Garbage Collector...
> [21.06.2022, 09:46:27@] Trying to insert frames...
> [21.06.2022, 09:46:27@Controller] Calling Garbage Collector...
> [21.06.2022, 09:46:37@Controller] Calling Garbage Collector...
> [21.06.2022, 09:46:47@] Trying to insert frames...
> [21.06.2022, 09:46:47@Controller] Calling Garbage Collector...
> [21.06.2022, 09:46:57@Controller] Calling Garbage Collector...
> [21.06.2022, 09:47:07@Controller] Calling Garbage Collector...
> [21.06.2022, 09:47:17@Controller] Calling Garbage Collector...
> [21.06.2022, 09:47:27@Controller] Calling Garbage Collector...
> [21.06.2022, 09:47:37@Controller] Calling Garbage Collector...
> [21.06.2022, 09:47:47@Controller] Calling Garbage Collector...
> [21.06.2022, 09:47:57@Controller] Calling Garbage Collector...
> [21.06.2022, 09:48:07@Controller] Calling Garbage Collector...
> [21.06.2022, 09:48:17@Controller] Calling Garbage Collector...
> [21.06.2022, 09:48:27@Controller] Calling Garbage Collector...
> [21.06.2022, 09:48:37@Controller] Calling Garbage Collector...
> [21.06.2022, 09:48:47@Controller] Calling Garbage Collector...
> [21.06.2022, 09:48:57@Controller] Calling Garbage Collector...
> [21.06.2022, 09:49:07@Controller] Calling Garbage Collector...
> [21.06.2022, 09:49:17@Controller] Calling Garbage Collector...
> [21.06.2022, 09:49:27@Controller] Calling Garbage Collector...
> [21.06.2022, 09:49:37@Controller] Calling Garbage Collector...
> [21.06.2022, 09:49:47@Controller] Calling Garbage Collector...
> [21.06.2022, 09:49:57@Controller] Calling Garbage Collector...
> [21.06.2022, 09:50:07@Controller] Calling Garbage Collector...
> [21.06.2022, 09:50:17@Controller] Calling Garbage Collector...
> [21.06.2022, 09:50:27@Controller] Calling Garbage Collector...
> [21.06.2022, 09:50:37@Controller] Calling Garbage Collector...
> [21.06.2022, 09:50:47@Controller] Calling Garbage Collector...
> [21.06.2022, 09:50:57@Controller] Calling Garbage Collector...
> [21.06.2022, 09:51:07@Controller] Calling Garbage Collector...
> [21.06.2022, 09:51:17@Controller] Calling Garbage Collector...
> [21.06.2022, 09:51:27@Controller] Calling Garbage Collector...
> [21.06.2022, 09:51:37@Controller] Calling Garbage Collector...
> [21.06.2022, 09:51:47@Controller] Calling Garbage Collector...
> [21.06.2022, 09:51:57@Controller] Calling Garbage Collector...
> [21.06.2022, 09:52:07@Controller] Calling Garbage Collector...
> [21.06.2022, 09:52:17@Controller] Calling Garbage Collector...
> [21.06.2022, 09:52:27@Controller] Calling Garbage Collector...
> [21.06.2022, 09:52:36@Controller] view loaded!
> [21.06.2022, 09:52:37@Controller] Calling Garbage Collector...
> [21.06.2022, 09:52:47@] Trying to insert frames...
> [21.06.2022, 09:52:47@Controller] Calling Garbage Collector...
> [21.06.2022, 09:52:57@Controller] Calling Garbage Collector...
> [21.06.2022, 09:53:07@] Trying to insert frames...
> [21.06.2022, 09:53:07@Controller] Calling Garbage Collector...
> [21.06.2022, 09:53:17@Controller] Calling Garbage Collector...
> [21.06.2022, 09:53:27@Controller] view loaded!
> [21.06.2022, 09:53:27@] Trying to insert frames...
> [21.06.2022, 09:53:27@Controller] Calling Garbage Collector...
> [21.06.2022, 09:53:37@Controller] Calling Garbage Collector...
> [21.06.2022, 09:53:47@] Trying to insert frames...
> [21.06.2022, 09:53:47@Controller] Calling Garbage Collector...
> [21.06.2022, 09:53:57@Controller] Calling Garbage Collector...
> [21.06.2022, 09:54:07@] Trying to insert frames...
> [21.06.2022, 09:54:07@Controller] Calling Garbage Collector...
> [21.06.2022, 09:54:17@Controller] Calling Garbage Collector...
> [21.06.2022, 09:54:27@] Trying to insert frames...
> [21.06.2022, 09:54:27@Controller] Calling Garbage Collector...
> [21.06.2022, 09:54:37@Controller] Calling Garbage Collector...
> [21.06.2022, 09:54:47@] Trying to insert frames...
> [21.06.2022, 09:54:47@Controller] Calling Garbage Collector...
> [21.06.2022, 09:54:57@Controller] Calling Garbage Collector...
> [21.06.2022, 09:55:07@] Trying to insert frames...
> [21.06.2022, 09:55:07@Controller] Calling Garbage Collector...
> [21.06.2022, 09:55:17@Controller] Calling Garbage Collector...
> [21.06.2022, 09:55:27@FileMaster] saving config...
> [21.06.2022, 09:55:27@FileMaster] configuration.cfg saved sucsessfully!
> [21.06.2022, 09:55:27@] Trying to insert frames...
> [21.06.2022, 09:55:27@Controller] Calling Garbage Collector...
> [21.06.2022, 09:55:37@Controller] Calling Garbage Collector...
> [21.06.2022, 09:55:47@] Trying to insert frames...
> [21.06.2022, 09:55:47@Controller] Calling Garbage Collector...
> [21.06.2022, 09:55:57@Controller] Calling Garbage Collector...
> [21.06.2022, 09:56:07@] Trying to insert frames...
> [21.06.2022, 09:56:07@Controller] Calling Garbage Collector...
> [21.06.2022, 09:56:17@Controller] Calling Garbage Collector...
> [21.06.2022, 09:56:27@] Trying to insert frames...
> [21.06.2022, 09:56:27@Controller] Calling Garbage Collector...
> [21.06.2022, 09:56:37@Controller] Calling Garbage Collector...
> [21.06.2022, 09:56:47@] Trying to insert frames...
> [21.06.2022, 09:56:47@Controller] Calling Garbage Collector...
> [21.06.2022, 09:56:57@Controller] Calling Garbage Collector...
> [21.06.2022, 09:57:07@] Trying to insert frames...
> [21.06.2022, 09:57:07@Controller] Calling Garbage Collector...
> [21.06.2022, 09:57:17@Controller] Calling Garbage Collector...
> [21.06.2022, 09:57:27@] Trying to insert frames...
> [21.06.2022, 09:57:27@Controller] Calling Garbage Collector...
> [21.06.2022, 09:57:37@Controller] Calling Garbage Collector...
> [21.06.2022, 09:57:47@] Trying to insert frames...
> [21.06.2022, 09:57:47@Controller] Calling Garbage Collector...
> [21.06.2022, 09:57:57@Controller] Calling Garbage Collector...
> [21.06.2022, 09:58:07@] Trying to insert frames...
> [21.06.2022, 09:58:07@Controller] Calling Garbage Collector...
> [21.06.2022, 09:58:17@Controller] Calling Garbage Collector...
> [21.06.2022, 09:58:27@] Trying to insert frames...
> [21.06.2022, 09:58:27@Controller] Calling Garbage Collector...
> [21.06.2022, 09:58:37@Controller] Calling Garbage Collector...
> [21.06.2022, 09:58:47@] Trying to insert frames...
> [21.06.2022, 09:58:47@Controller] Calling Garbage Collector...
> [21.06.2022, 09:58:57@Controller] Calling Garbage Collector...
> [21.06.2022, 09:59:07@] Trying to insert frames...
> [21.06.2022, 09:59:07@Controller] Calling Garbage Collector...
> [21.06.2022, 09:59:17@Controller] Calling Garbage Collector...
> [21.06.2022, 09:59:27@] Trying to insert frames...
> [21.06.2022, 09:59:27@Controller] Calling Garbage Collector...
> [21.06.2022, 09:59:37@Controller] Calling Garbage Collector...
> [21.06.2022, 09:59:47@] Trying to insert frames...
> [21.06.2022, 09:59:47@Controller] Calling Garbage Collector...
> [21.06.2022, 09:59:57@Controller] Calling Garbage Collector...
> [21.06.2022, 10:00:07@] Trying to insert frames...
> [21.06.2022, 10:00:07@Controller] Calling Garbage Collector...
> [21.06.2022, 10:00:17@Controller] Calling Garbage Collector...
> [21.06.2022, 10:00:27@FileMaster] saving config...
> [21.06.2022, 10:00:27@FileMaster] configuration.cfg saved sucsessfully!
> [21.06.2022, 10:00:27@] Trying to insert frames...
> [21.06.2022, 10:00:27@Controller] Calling Garbage Collector...
> [21.06.2022, 10:00:37@Controller] Calling Garbage Collector...
> [21.06.2022, 10:00:47@] Trying to insert frames...
> [21.06.2022, 10:00:47@Controller] Calling Garbage Collector...
> [21.06.2022, 10:00:57@Controller] Calling Garbage Collector...
> [21.06.2022, 10:01:07@] Trying to insert frames...
> [21.06.2022, 10:01:07@Controller] Calling Garbage Collector...
> [21.06.2022, 10:01:17@Controller] Calling Garbage Collector...
> [21.06.2022, 10:01:27@] Trying to insert frames...
> [21.06.2022, 10:01:27@Controller] Calling Garbage Collector...
> [21.06.2022, 10:01:37@Controller] Calling Garbage Collector...
> [21.06.2022, 10:01:47@] Trying to insert frames...
> [21.06.2022, 10:01:47@Controller] Calling Garbage Collector...
> [21.06.2022, 10:01:57@Controller] Calling Garbage Collector...
> [21.06.2022, 10:02:07@] Trying to insert frames...
> [21.06.2022, 10:02:07@Controller] Calling Garbage Collector...
> [21.06.2022, 10:02:17@Controller] Calling Garbage Collector...
> [21.06.2022, 10:02:27@] Trying to insert frames...
> [21.06.2022, 10:02:27@Controller] Calling Garbage Collector...
> [21.06.2022, 10:02:37@Controller] Calling Garbage Collector...
> [21.06.2022, 10:02:47@] Trying to insert frames...
> [21.06.2022, 10:02:47@Controller] Calling Garbage Collector...
> [21.06.2022, 10:02:57@Controller] Calling Garbage Collector...
> [21.06.2022, 10:03:07@Controller] Calling Garbage Collector...
> [21.06.2022, 10:03:17@Controller] Calling Garbage Collector...
> [21.06.2022, 10:03:27@Controller] Calling Garbage Collector...
> [21.06.2022, 10:03:37@Controller] Calling Garbage Collector...
> [21.06.2022, 10:03:47@Controller] Calling Garbage Collector...
> [21.06.2022, 10:03:57@Controller] Calling Garbage Collector...
> [21.06.2022, 10:04:07@Controller] Calling Garbage Collector...
> [21.06.2022, 10:04:17@Controller] Calling Garbage Collector...
> [21.06.2022, 10:04:27@Controller] Calling Garbage Collector...
> [21.06.2022, 10:04:37@Controller] Calling Garbage Collector...
> [21.06.2022, 10:04:47@Controller] Calling Garbage Collector...
> [21.06.2022, 10:04:48@Controller] view loaded!
> [21.06.2022, 10:04:57@Controller] Calling Garbage Collector...
> [21.06.2022, 10:05:07@Controller] Calling Garbage Collector...
> [21.06.2022, 10:05:10@Controller] view loaded!
> [21.06.2022, 10:05:17@Controller] Calling Garbage Collector...
> [21.06.2022, 10:05:22@Controller] view loaded!
> [21.06.2022, 10:05:27@FileMaster] saving config...
> [21.06.2022, 10:05:27@FileMaster] configuration.cfg saved sucsessfully!
> [21.06.2022, 10:05:27@] Trying to insert frames...
> [21.06.2022, 10:05:27@Controller] Calling Garbage Collector...
> [21.06.2022, 10:05:37@Controller] Calling Garbage Collector...
> [21.06.2022, 10:05:47@Controller] Calling Garbage Collector...
> [21.06.2022, 10:05:49@Controller] view loaded!
> [21.06.2022, 10:05:57@Controller] Calling Garbage Collector...
> [21.06.2022, 10:06:07@] Trying to insert frames...
> [21.06.2022, 10:06:07@Controller] Calling Garbage Collector...
> [21.06.2022, 10:06:17@Controller] Calling Garbage Collector...
> [21.06.2022, 10:06:27@] Trying to insert frames...
> [21.06.2022, 10:06:27@Controller] Calling Garbage Collector...
> [21.06.2022, 10:06:37@Controller] Calling Garbage Collector...
> [21.06.2022, 10:06:47@] Trying to insert frames...
> [21.06.2022, 10:06:47@Controller] Calling Garbage Collector...
> [21.06.2022, 10:06:57@Controller] Calling Garbage Collector...
> [21.06.2022, 10:07:07@Controller] Calling Garbage Collector...
> [21.06.2022, 10:07:17@Controller] Calling Garbage Collector...
> [21.06.2022, 10:07:20@Controller] view loaded!
> [21.06.2022, 10:07:27@] Trying to insert frames...
> [21.06.2022, 10:07:27@Controller] Calling Garbage Collector...
> [21.06.2022, 10:07:37@Controller] Calling Garbage Collector...
> [21.06.2022, 10:07:47@] Trying to insert frames...
> [21.06.2022, 10:07:47@Controller] Calling Garbage Collector...
> [21.06.2022, 10:07:57@Controller] Calling Garbage Collector...
> [21.06.2022, 10:08:07@] Trying to insert frames...
> [21.06.2022, 10:08:07@Controller] Calling Garbage Collector...
> [21.06.2022, 10:08:17@Controller] Calling Garbage Collector...
> [21.06.2022, 10:08:27@] Trying to insert frames...
> [21.06.2022, 10:08:27@Controller] Calling Garbage Collector...
> [21.06.2022, 10:08:37@Controller] Calling Garbage Collector...
> [21.06.2022, 10:08:47@] Trying to insert frames...
> [21.06.2022, 10:08:47@Controller] Calling Garbage Collector...
> [21.06.2022, 10:08:57@Controller] Calling Garbage Collector...
> [21.06.2022, 10:09:07@] Trying to insert frames...
> [21.06.2022, 10:09:07@Controller] Calling Garbage Collector...
> [21.06.2022, 10:09:17@Controller] Calling Garbage Collector...
> [21.06.2022, 10:09:27@] Trying to insert frames...
> [21.06.2022, 10:09:27@Controller] Calling Garbage Collector...
> [21.06.2022, 10:09:31@Controller] view loaded!
> [21.06.2022, 10:09:37@Controller] Calling Garbage Collector...
> [21.06.2022, 10:09:47@Controller] Calling Garbage Collector...
> [21.06.2022, 10:09:55@Controller] view loaded!
> [21.06.2022, 10:09:57@Controller] Calling Garbage Collector...
> [21.06.2022, 10:10:07@] Trying to insert frames...
> [21.06.2022, 10:10:07@Controller] Calling Garbage Collector...
> [21.06.2022, 10:10:17@Controller] Calling Garbage Collector...
> [21.06.2022, 10:10:27@FileMaster] saving config...
> [21.06.2022, 10:10:27@FileMaster] configuration.cfg saved sucsessfully!
> [21.06.2022, 10:10:27@] Trying to insert frames...
> [21.06.2022, 10:10:27@Controller] Calling Garbage Collector...
> [21.06.2022, 10:10:37@Controller] Calling Garbage Collector...
> [21.06.2022, 10:10:42@Controller] Shutting down program, please wait...
> [21.06.2022, 10:10:42@FileMaster] saving config...
> [21.06.2022, 10:10:42@FileMaster] configuration.cfg saved sucsessfully!
> 