> [20.06.2022, 19:44:12@Controller] initializing Controller...
> [20.06.2022, 19:44:12@Controller] initializing Executors...
> [20.06.2022, 19:44:12@Controller] Executors initialized sucsessfully!
> [20.06.2022, 19:44:12@Controller] Controller initialized sucsessfully!
> [20.06.2022, 19:44:12@GUI] initialising GUI...
> [20.06.2022, 19:44:12@GUI] GUI initialized sucsessfully!
> [20.06.2022, 19:44:14@Controller] view loaded!
> [20.06.2022, 19:44:22@Controller] Calling Garbage Collector...
> [20.06.2022, 19:44:32@] Trying to insert frames...
> [20.06.2022, 19:44:32@] Inserting 500 frames...
> [20.06.2022, 19:44:32@Controller] Calling Garbage Collector...
> [20.06.2022, 19:44:42@Controller] Calling Garbage Collector...
> [20.06.2022, 19:44:52@] Trying to insert frames...
> [20.06.2022, 19:44:52@] Inserting 500 frames...
> [20.06.2022, 19:44:52@Controller] Calling Garbage Collector...
> [20.06.2022, 19:45:02@Controller] Calling Garbage Collector...
> [20.06.2022, 19:45:12@Controller] Calling Garbage Collector...
> [20.06.2022, 19:45:22@Controller] Calling Garbage Collector...
> [20.06.2022, 19:45:32@Controller] Calling Garbage Collector...
> [20.06.2022, 19:45:42@Controller] Calling Garbage Collector...
> [20.06.2022, 19:45:52@Controller] Calling Garbage Collector...
> [20.06.2022, 19:46:02@Controller] Calling Garbage Collector...
> [20.06.2022, 19:46:12@Controller] Calling Garbage Collector...
> [20.06.2022, 19:46:22@Controller] Calling Garbage Collector...
> [20.06.2022, 19:46:32@Controller] Calling Garbage Collector...
> [20.06.2022, 19:46:42@Controller] Calling Garbage Collector...
> [20.06.2022, 19:46:52@Controller] Calling Garbage Collector...
> [20.06.2022, 19:47:02@Controller] Calling Garbage Collector...
> [20.06.2022, 19:47:12@Controller] Calling Garbage Collector...
> [20.06.2022, 19:47:20@Controller] view loaded!
> [20.06.2022, 19:47:22@Controller] Calling Garbage Collector...
> [20.06.2022, 19:47:32@] Trying to insert frames...
> [20.06.2022, 19:47:32@] Inserting 500 frames...
> [20.06.2022, 19:47:32@Controller] Calling Garbage Collector...
> [20.06.2022, 19:47:42@Controller] Calling Garbage Collector...
> [20.06.2022, 19:47:52@Controller] Calling Garbage Collector...
> [20.06.2022, 19:48:02@Controller] Calling Garbage Collector...
> [20.06.2022, 19:48:12@Controller] Calling Garbage Collector...
> [20.06.2022, 19:48:22@Controller] Calling Garbage Collector...
> [20.06.2022, 19:48:32@Controller] Calling Garbage Collector...
> [20.06.2022, 19:48:42@Controller] Calling Garbage Collector...
> [20.06.2022, 19:48:52@Controller] Calling Garbage Collector...
> [20.06.2022, 19:49:02@Controller] Calling Garbage Collector...
> [20.06.2022, 19:49:12@Controller] Calling Garbage Collector...
> [20.06.2022, 19:49:22@Controller] Calling Garbage Collector...
> [20.06.2022, 19:49:32@Controller] Calling Garbage Collector...
> [20.06.2022, 19:49:33@Controller] Shutting down program, please wait...
> [20.06.2022, 19:49:33@FileMaster] saving config...
> [20.06.2022, 19:49:33@FileMaster] configuration.cfg saved sucsessfully!
> [20.06.2022, 19:49:35@Controller] view loaded!
> [20.06.2022, 19:49:35@Controller] view loaded!
> 