> [14.06.2022, 14:46:57@Controller] initializing Controller...
> [14.06.2022, 14:46:57@Controller] initializing Executors...
> [14.06.2022, 14:46:57@Controller] Executors initialized sucsessfully!
> [14.06.2022, 14:46:57@Controller] Controller initialized sucsessfully!
> [14.06.2022, 14:46:57@GUI] initialising GUI...
> [14.06.2022, 14:46:57@GUI] GUI initialized sucsessfully!
> [14.06.2022, 14:47:07@Controller] Calling Garbage Collector...
> [14.06.2022, 14:47:17@Class] Trying to insert frames...
> [14.06.2022, 14:47:17@Class] Inserting 250 frames...
> [14.06.2022, 14:47:17@Controller] Calling Garbage Collector...
> [14.06.2022, 14:47:27@Controller] Calling Garbage Collector...
> [14.06.2022, 14:47:37@Class] Trying to insert frames...
> [14.06.2022, 14:47:37@Class] Inserting 250 frames...
> [14.06.2022, 14:47:37@Controller] Calling Garbage Collector...
> [14.06.2022, 14:47:40@Controller] view loaded!
> [14.06.2022, 14:47:47@Controller] Calling Garbage Collector...
> [14.06.2022, 14:47:57@FileMaster] saving config...
> [14.06.2022, 14:47:57@FileMaster] configuration.cfg saved sucsessfully!
> [14.06.2022, 14:47:57@Class] Trying to insert frames...
> [14.06.2022, 14:47:57@Class] Inserting 250 frames...
> [14.06.2022, 14:47:57@Controller] Calling Garbage Collector...
> [14.06.2022, 14:48:07@Controller] Calling Garbage Collector...
> [14.06.2022, 14:48:17@Class] Trying to insert frames...
> [14.06.2022, 14:48:17@Class] Inserting 250 frames...
> [14.06.2022, 14:48:17@Controller] Calling Garbage Collector...
> [14.06.2022, 14:48:27@Controller] Calling Garbage Collector...
> [14.06.2022, 14:48:37@Class] Trying to insert frames...
> [14.06.2022, 14:48:37@Class] Inserting 250 frames...
> [14.06.2022, 14:48:37@Controller] Calling Garbage Collector...
> [14.06.2022, 14:48:47@Controller] Calling Garbage Collector...
> [14.06.2022, 14:48:49@Controller] Shutting down program, please wait...
> [14.06.2022, 14:48:49@FileMaster] saving config...
> [14.06.2022, 14:48:49@FileMaster] configuration.cfg saved sucsessfully!
> 