> [16.06.2022, 19:23:58@Controller] initializing Controller...
> [16.06.2022, 19:23:58@Controller] initializing Executors...
> [16.06.2022, 19:23:58@Controller] Executors initialized sucsessfully!
> [16.06.2022, 19:23:58@Controller] Controller initialized sucsessfully!
> [16.06.2022, 19:23:58@GUI] initialising GUI...
> [16.06.2022, 19:23:58@GUI] GUI initialized sucsessfully!
> [16.06.2022, 19:24:08@Controller] Calling Garbage Collector...
> [16.06.2022, 19:24:18@Controller] Calling Garbage Collector...
> [16.06.2022, 19:24:28@Controller] Calling Garbage Collector...
> [16.06.2022, 19:24:38@Controller] Calling Garbage Collector...
> [16.06.2022, 19:24:48@Controller] Calling Garbage Collector...
> [16.06.2022, 19:24:58@Controller] Calling Garbage Collector...
> [16.06.2022, 19:25:02@Controller] view loaded!
> [16.06.2022, 19:25:08@Controller] Calling Garbage Collector...
> [16.06.2022, 19:25:18@] Trying to insert frames...
> [16.06.2022, 19:25:18@] Inserting 500 frames...
> [16.06.2022, 19:25:18@Controller] Calling Garbage Collector...
> [16.06.2022, 19:25:28@Controller] Calling Garbage Collector...
> [16.06.2022, 19:25:38@] Trying to insert frames...
> [16.06.2022, 19:25:38@] Inserting 500 frames...
> [16.06.2022, 19:25:38@Controller] Calling Garbage Collector...
> [16.06.2022, 19:25:48@Controller] Calling Garbage Collector...
> [16.06.2022, 19:25:58@] Trying to insert frames...
> [16.06.2022, 19:25:58@] Inserting 500 frames...
> [16.06.2022, 19:25:58@Controller] Calling Garbage Collector...
> [16.06.2022, 19:26:08@Controller] Calling Garbage Collector...
> [16.06.2022, 19:26:18@] Trying to insert frames...
> [16.06.2022, 19:26:18@] Inserting 500 frames...
> [16.06.2022, 19:26:18@Controller] Calling Garbage Collector...
> [16.06.2022, 19:26:28@DataNotFoundException] db-data couldn't be found!
No flights found with airport tag nig!
> [16.06.2022, 19:26:28@Controller] Calling Garbage Collector...
> [16.06.2022, 19:26:30@Controller] view loaded!
> [16.06.2022, 19:26:38@] Trying to insert frames...
> [16.06.2022, 19:26:38@] Inserting 500 frames...
> [16.06.2022, 19:26:38@Controller] Calling Garbage Collector...
> [16.06.2022, 19:26:48@Controller] Calling Garbage Collector...
> [16.06.2022, 19:26:58@] Trying to insert frames...
> [16.06.2022, 19:26:58@] Inserting 500 frames...
> [16.06.2022, 19:26:58@Controller] Calling Garbage Collector...
> [16.06.2022, 19:27:08@Controller] Calling Garbage Collector...
> [16.06.2022, 19:27:16@Controller] view loaded!
> [16.06.2022, 19:27:18@] Trying to insert frames...
> [16.06.2022, 19:27:18@] Inserting 500 frames...
> [16.06.2022, 19:27:18@Controller] Calling Garbage Collector...
> [16.06.2022, 19:27:28@Controller] Calling Garbage Collector...
> [16.06.2022, 19:27:38@] Trying to insert frames...
> [16.06.2022, 19:27:38@] Inserting 500 frames...
> [16.06.2022, 19:27:38@Controller] Calling Garbage Collector...
> [16.06.2022, 19:27:48@Controller] Calling Garbage Collector...
> [16.06.2022, 19:27:58@] Trying to insert frames...
> [16.06.2022, 19:27:58@] Inserting 500 frames...
> [16.06.2022, 19:27:58@Controller] Calling Garbage Collector...
> [16.06.2022, 19:28:08@Controller] Calling Garbage Collector...
> [16.06.2022, 19:28:18@Controller] Calling Garbage Collector...
> [16.06.2022, 19:28:28@Controller] Calling Garbage Collector...
> [16.06.2022, 19:28:38@Controller] Calling Garbage Collector...
> [16.06.2022, 19:28:48@Controller] Calling Garbage Collector...
> [16.06.2022, 19:28:58@Controller] Calling Garbage Collector...
> [16.06.2022, 19:29:03@Controller] view loaded!
> [16.06.2022, 19:29:08@Controller] Calling Garbage Collector...
> [16.06.2022, 19:29:18@] Trying to insert frames...
> [16.06.2022, 19:29:18@] Inserting 500 frames...
> [16.06.2022, 19:29:18@Controller] Calling Garbage Collector...
> [16.06.2022, 19:29:28@Controller] Calling Garbage Collector...
> [16.06.2022, 19:29:38@] Trying to insert frames...
> [16.06.2022, 19:29:38@] Inserting 500 frames...
> [16.06.2022, 19:29:38@Controller] Calling Garbage Collector...
> [16.06.2022, 19:29:48@Controller] Calling Garbage Collector...
> [16.06.2022, 19:29:58@FileMaster] saving config...
> [16.06.2022, 19:29:58@FileMaster] configuration.cfg saved sucsessfully!
> [16.06.2022, 19:29:58@] Trying to insert frames...
> [16.06.2022, 19:29:58@] Inserting 500 frames...
> [16.06.2022, 19:29:58@Controller] Calling Garbage Collector...
> [16.06.2022, 19:30:08@Controller] Calling Garbage Collector...
> [16.06.2022, 19:30:18@] Trying to insert frames...
> [16.06.2022, 19:30:18@] Inserting 500 frames...
> [16.06.2022, 19:30:18@Controller] Calling Garbage Collector...
> [16.06.2022, 19:30:28@Controller] Calling Garbage Collector...
> [16.06.2022, 19:30:38@] Trying to insert frames...
> [16.06.2022, 19:30:38@] Inserting 500 frames...
> [16.06.2022, 19:30:38@Controller] Calling Garbage Collector...
> [16.06.2022, 19:30:48@Controller] Calling Garbage Collector...
> [16.06.2022, 19:30:52@DataNotFoundException] db-data couldn't be found!
No flights found with airport tag duh!
> [16.06.2022, 19:30:58@Controller] Calling Garbage Collector...
> [16.06.2022, 19:30:58@DataNotFoundException] db-data couldn't be found!
No flights found with airport tag dux!
> [16.06.2022, 19:31:05@DataNotFoundException] db-data couldn't be found!
No flights found with airport tag dox!
> [16.06.2022, 19:31:08@Controller] Calling Garbage Collector...
> [16.06.2022, 19:31:09@DataNotFoundException] db-data couldn't be found!
No flights found with airport tag x!
> [16.06.2022, 19:31:18@Controller] Calling Garbage Collector...
> [16.06.2022, 19:31:28@Controller] Calling Garbage Collector...
> [16.06.2022, 19:31:38@Controller] Calling Garbage Collector...
> [16.06.2022, 19:31:48@Controller] Calling Garbage Collector...
> [16.06.2022, 19:31:58@Controller] Calling Garbage Collector...
> [16.06.2022, 19:32:08@Controller] Calling Garbage Collector...
> [16.06.2022, 19:32:18@Controller] Calling Garbage Collector...
> [16.06.2022, 19:32:28@Controller] Calling Garbage Collector...
> [16.06.2022, 19:32:38@Controller] Calling Garbage Collector...
> [16.06.2022, 19:32:48@Controller] Calling Garbage Collector...
> [16.06.2022, 19:32:58@Controller] Calling Garbage Collector...
> [16.06.2022, 19:33:03@Controller] view loaded!
> [16.06.2022, 19:33:08@Controller] Calling Garbage Collector...
> [16.06.2022, 19:33:18@] Trying to insert frames...
> [16.06.2022, 19:33:18@] Inserting 500 frames...
> [16.06.2022, 19:33:18@Controller] Calling Garbage Collector...
> [16.06.2022, 19:33:28@Controller] Calling Garbage Collector...
> [16.06.2022, 19:33:38@] Trying to insert frames...
> [16.06.2022, 19:33:38@] Inserting 500 frames...
> [16.06.2022, 19:33:38@Controller] Calling Garbage Collector...
> [16.06.2022, 19:33:48@Controller] Calling Garbage Collector...
> [16.06.2022, 19:33:58@] Trying to insert frames...
> [16.06.2022, 19:33:58@] Inserting 500 frames...
> [16.06.2022, 19:33:58@Controller] Calling Garbage Collector...
> [16.06.2022, 19:34:08@Controller] Calling Garbage Collector...
> [16.06.2022, 19:34:18@] Trying to insert frames...
> [16.06.2022, 19:34:18@] Inserting 500 frames...
> [16.06.2022, 19:34:18@Controller] Calling Garbage Collector...
> [16.06.2022, 19:34:28@Controller] Calling Garbage Collector...
> [16.06.2022, 19:34:38@] Trying to insert frames...
> [16.06.2022, 19:34:38@] Inserting 500 frames...
> [16.06.2022, 19:34:38@Controller] Calling Garbage Collector...
> [16.06.2022, 19:34:48@Controller] Calling Garbage Collector...
> [16.06.2022, 19:34:58@FileMaster] saving config...
> [16.06.2022, 19:34:58@FileMaster] configuration.cfg saved sucsessfully!
> [16.06.2022, 19:34:58@] Trying to insert frames...
> [16.06.2022, 19:34:58@] Inserting 500 frames...
> [16.06.2022, 19:34:58@Controller] Calling Garbage Collector...
> [16.06.2022, 19:35:08@Controller] Calling Garbage Collector...
> [16.06.2022, 19:35:18@] Trying to insert frames...
> [16.06.2022, 19:35:18@] Inserting 500 frames...
> [16.06.2022, 19:35:18@Controller] Calling Garbage Collector...
> [16.06.2022, 19:35:20@Controller] Shutting down program, please wait...
> [16.06.2022, 19:35:20@FileMaster] saving config...
> [16.06.2022, 19:35:20@FileMaster] configuration.cfg saved sucsessfully!
> [16.06.2022, 19:35:22@] Trying to insert last live data...
> [16.06.2022, 19:35:22@] Inserted 7500 frames!
> 