> [14.06.2022, 12:57:25@Controller] initializing Controller...
> [14.06.2022, 12:57:25@Controller] initializing Executors...
> [14.06.2022, 12:57:25@Controller] Executors initialized sucsessfully!
> [14.06.2022, 12:57:25@Controller] Controller initialized sucsessfully!
> [14.06.2022, 12:57:25@GUI] initialising GUI...
> [14.06.2022, 12:57:25@GUI] GUI initialized sucsessfully!
> [14.06.2022, 12:57:27@Controller] view loaded!
> [14.06.2022, 12:57:35@Controller] Calling Garbage Collector...
> [14.06.2022, 12:57:45@Class] Trying to insert frames...
> [14.06.2022, 12:57:45@Class] Inserting 250 frames...
> [14.06.2022, 12:57:45@Controller] Calling Garbage Collector...
> [14.06.2022, 12:57:55@Controller] Calling Garbage Collector...
> [14.06.2022, 12:58:05@Class] Trying to insert frames...
> [14.06.2022, 12:58:05@Class] Inserting 250 frames...
> [14.06.2022, 12:58:05@Controller] Calling Garbage Collector...
> [14.06.2022, 12:58:15@Controller] Calling Garbage Collector...
> [14.06.2022, 12:58:25@FileMaster] saving config...
> [14.06.2022, 12:58:25@FileMaster] configuration.cfg saved sucsessfully!
> [14.06.2022, 12:58:25@Class] Trying to insert frames...
> [14.06.2022, 12:58:25@Class] Inserting 250 frames...
> [14.06.2022, 12:58:25@Controller] Calling Garbage Collector...
> [14.06.2022, 12:58:28@Controller] Shutting down program, please wait...
> [14.06.2022, 12:58:28@FileMaster] saving config...
> [14.06.2022, 12:58:28@FileMaster] configuration.cfg saved sucsessfully!
> 