> [14.06.2022, 00:48:51@Controller] initializing Controller...
> [14.06.2022, 00:48:51@Controller] initializing Executors...
> [14.06.2022, 00:48:51@Controller] Executors initialized sucsessfully!
> [14.06.2022, 00:48:51@Controller] Controller initialized sucsessfully!
> [14.06.2022, 00:48:51@GUI] initialising GUI...
> [14.06.2022, 00:48:51@GUI] GUI initialized sucsessfully!
> [14.06.2022, 00:49:01@Controller] Calling Garbage Collector...
> [14.06.2022, 00:49:06@Controller] view loaded!
> [14.06.2022, 00:49:11@Class] Trying to insert frames...
> [14.06.2022, 00:49:11@Class] Inserting 250 frames...
> [14.06.2022, 00:49:11@Controller] Calling Garbage Collector...
> [14.06.2022, 00:49:21@Controller] Calling Garbage Collector...
> [14.06.2022, 00:49:31@Class] Trying to insert frames...
> [14.06.2022, 00:49:31@Class] Inserting 250 frames...
> [14.06.2022, 00:49:31@Controller] Calling Garbage Collector...
> [14.06.2022, 00:49:41@Controller] Calling Garbage Collector...
> [14.06.2022, 00:49:51@Controller] Calling Garbage Collector...
> [14.06.2022, 00:50:01@Controller] Calling Garbage Collector...
> [14.06.2022, 00:50:04@Controller] view loaded!
> [14.06.2022, 00:50:11@Class] Trying to insert frames...
> [14.06.2022, 00:50:11@Class] Inserting 250 frames...
> [14.06.2022, 00:50:11@Controller] Calling Garbage Collector...
> [14.06.2022, 00:50:21@Controller] Calling Garbage Collector...
> [14.06.2022, 00:50:31@Class] Trying to insert frames...
> [14.06.2022, 00:50:31@Class] Inserting 250 frames...
> [14.06.2022, 00:50:31@Controller] Calling Garbage Collector...
> [14.06.2022, 00:50:38@Controller] Shutting down program, please wait...
> [14.06.2022, 00:50:38@FileMaster] saving config...
> [14.06.2022, 00:50:38@FileMaster] configuration.cfg saved sucsessfully!
> 