> [13.06.2022, 15:35:42@Controller] initializing Controller...
> [13.06.2022, 15:35:42@Controller] initializing Executors...
> [13.06.2022, 15:35:43@Controller] Executors initialized sucsessfully!
> [13.06.2022, 15:35:43@Controller] Controller initialized sucsessfully!
> [13.06.2022, 15:35:43@GUI] initialising GUI...
> [13.06.2022, 15:35:43@GUI] GUI initialized sucsessfully!
> [13.06.2022, 15:35:51@Controller] view loaded!
> [13.06.2022, 15:35:53@Controller] Calling Garbage Collector...
> [13.06.2022, 15:36:03@Controller] Calling Garbage Collector...
> [13.06.2022, 15:36:08@Controller] view loaded!
> [13.06.2022, 15:36:13@Controller] Calling Garbage Collector...
> [13.06.2022, 15:36:21@DataNotFoundException] db-data couldn't be found!
No flights found with airport tag "cdg!
> [13.06.2022, 15:36:23@Controller] Calling Garbage Collector...
> [13.06.2022, 15:36:26@Controller] view loaded!
> [13.06.2022, 15:36:33@Controller] Calling Garbage Collector...
> [13.06.2022, 15:36:36@DataNotFoundException] db-data couldn't be found!
No flights found with airport tag "cdg!
> [13.06.2022, 15:36:43@Controller] Calling Garbage Collector...
> [13.06.2022, 15:36:48@Controller] Shutting down program, please wait...
> [13.06.2022, 15:36:48@FileMaster] saving config...
> [13.06.2022, 15:36:48@FileMaster] configuration.cfg saved sucsessfully!
> 