> [14.06.2022, 13:00:47@Controller] initializing Controller...
> [14.06.2022, 13:00:47@Controller] initializing Executors...
> [14.06.2022, 13:00:47@Controller] Executors initialized sucsessfully!
> [14.06.2022, 13:00:47@Controller] Controller initialized sucsessfully!
> [14.06.2022, 13:00:47@GUI] initialising GUI...
> [14.06.2022, 13:00:47@GUI] GUI initialized sucsessfully!
> [14.06.2022, 13:00:49@Controller] view loaded!
> [14.06.2022, 13:00:57@Controller] Calling Garbage Collector...
> [14.06.2022, 13:01:07@Class] Trying to insert frames...
> [14.06.2022, 13:01:07@Class] Inserting 250 frames...
> [14.06.2022, 13:01:07@Controller] Calling Garbage Collector...
> [14.06.2022, 13:01:17@Controller] Calling Garbage Collector...
> [14.06.2022, 13:01:27@Class] Trying to insert frames...
> [14.06.2022, 13:01:27@Class] Inserting 250 frames...
> [14.06.2022, 13:01:27@Controller] Calling Garbage Collector...
> [14.06.2022, 13:01:37@Controller] Calling Garbage Collector...
> [14.06.2022, 13:01:47@FileMaster] saving config...
> [14.06.2022, 13:01:47@FileMaster] configuration.cfg saved sucsessfully!
> [14.06.2022, 13:01:47@Class] Trying to insert frames...
> [14.06.2022, 13:01:47@Class] Inserting 250 frames...
> [14.06.2022, 13:01:47@Controller] Calling Garbage Collector...
> [14.06.2022, 13:01:51@Controller] Shutting down program, please wait...
> [14.06.2022, 13:01:51@FileMaster] saving config...
> [14.06.2022, 13:01:51@FileMaster] configuration.cfg saved sucsessfully!
> 