> [13.06.2022, 16:04:14@Controller] initializing Controller...
> [13.06.2022, 16:04:14@Controller] initializing Executors...
> [13.06.2022, 16:04:14@Controller] Executors initialized sucsessfully!
> [13.06.2022, 16:04:14@Controller] Controller initialized sucsessfully!
> [13.06.2022, 16:04:14@GUI] initialising GUI...
> [13.06.2022, 16:04:14@GUI] GUI initialized sucsessfully!
> [13.06.2022, 16:04:24@Controller] Calling Garbage Collector...
> [13.06.2022, 16:04:34@Class] Trying to insert fr24Frames...
> [13.06.2022, 16:04:34@Class] Inserting 250 fr24Frames...
> [13.06.2022, 16:04:34@Controller] Calling Garbage Collector...
> [13.06.2022, 16:04:44@Controller] Calling Garbage Collector...
> [13.06.2022, 16:04:54@Class] Trying to insert fr24Frames...
> [13.06.2022, 16:04:54@Class] Inserting 250 fr24Frames...
> [13.06.2022, 16:04:54@Controller] Calling Garbage Collector...
> [13.06.2022, 16:05:04@Controller] Calling Garbage Collector...
> [13.06.2022, 16:05:14@FileMaster] saving config...
> [13.06.2022, 16:05:14@FileMaster] configuration.cfg saved sucsessfully!
> [13.06.2022, 16:05:14@Class] Trying to insert fr24Frames...
> [13.06.2022, 16:05:14@Class] Inserting 250 fr24Frames...
> [13.06.2022, 16:05:14@Controller] Calling Garbage Collector...
> [13.06.2022, 16:05:24@Controller] Calling Garbage Collector...
> [13.06.2022, 16:05:34@Class] Trying to insert fr24Frames...
> [13.06.2022, 16:05:34@Class] Inserting 250 fr24Frames...
> [13.06.2022, 16:05:34@Controller] Calling Garbage Collector...
> [13.06.2022, 16:05:44@Controller] Calling Garbage Collector...
> [13.06.2022, 16:05:54@Class] Trying to insert fr24Frames...
> [13.06.2022, 16:05:54@Class] Inserting 250 fr24Frames...
> [13.06.2022, 16:05:54@Controller] Calling Garbage Collector...
> [13.06.2022, 16:06:04@Controller] Calling Garbage Collector...
> [13.06.2022, 16:06:14@Class] Trying to insert fr24Frames...
> [13.06.2022, 16:06:14@Class] Inserting 250 fr24Frames...
> [13.06.2022, 16:06:14@Controller] Calling Garbage Collector...
> [13.06.2022, 16:06:24@Controller] Calling Garbage Collector...
> [13.06.2022, 16:06:34@Class] Trying to insert fr24Frames...
> [13.06.2022, 16:06:34@Class] Inserting 250 fr24Frames...
> [13.06.2022, 16:06:34@Controller] Calling Garbage Collector...
> [13.06.2022, 16:06:44@Controller] Calling Garbage Collector...
> [13.06.2022, 16:06:54@Class] Trying to insert fr24Frames...
> [13.06.2022, 16:06:54@Class] Inserting 250 fr24Frames...
> [13.06.2022, 16:06:54@Controller] Calling Garbage Collector...
> [13.06.2022, 16:07:04@Controller] Calling Garbage Collector...
> [13.06.2022, 16:07:14@Class] Trying to insert fr24Frames...
> [13.06.2022, 16:07:14@Class] Inserting 250 fr24Frames...
> [13.06.2022, 16:07:14@Controller] Calling Garbage Collector...
> [13.06.2022, 16:07:24@Controller] Calling Garbage Collector...
> [13.06.2022, 16:07:34@Class] Trying to insert fr24Frames...
> [13.06.2022, 16:07:34@Class] Inserting 250 fr24Frames...
> [13.06.2022, 16:07:34@Controller] Calling Garbage Collector...
> [13.06.2022, 16:07:39@Controller] view loaded!
> [13.06.2022, 16:07:44@Controller] Calling Garbage Collector...
> [13.06.2022, 16:07:46@Controller] view loaded!
> [13.06.2022, 16:07:54@Class] Trying to insert fr24Frames...
> [13.06.2022, 16:07:54@Class] Inserting 250 fr24Frames...
> [13.06.2022, 16:07:54@Controller] Calling Garbage Collector...
> [13.06.2022, 16:08:04@Controller] Calling Garbage Collector...
> [13.06.2022, 16:08:14@Class] Trying to insert fr24Frames...
> [13.06.2022, 16:08:14@Class] Inserting 250 fr24Frames...
> [13.06.2022, 16:08:14@Controller] Calling Garbage Collector...
> [13.06.2022, 16:08:24@Controller] Calling Garbage Collector...
> [13.06.2022, 16:08:34@Class] Trying to insert fr24Frames...
> [13.06.2022, 16:08:34@Class] Inserting 250 fr24Frames...
> [13.06.2022, 16:08:34@Controller] Calling Garbage Collector...
> [13.06.2022, 16:08:44@Controller] Calling Garbage Collector...
> [13.06.2022, 16:08:54@Class] Trying to insert fr24Frames...
> [13.06.2022, 16:08:54@Class] Inserting 250 fr24Frames...
> [13.06.2022, 16:08:54@Controller] Calling Garbage Collector...
> [13.06.2022, 16:09:04@Controller] Calling Garbage Collector...
> [13.06.2022, 16:09:14@Class] Trying to insert fr24Frames...
> [13.06.2022, 16:09:14@Class] Inserting 250 fr24Frames...
> [13.06.2022, 16:09:14@Controller] Calling Garbage Collector...
> [13.06.2022, 16:09:24@Controller] Calling Garbage Collector...
> [13.06.2022, 16:09:34@Class] Trying to insert fr24Frames...
> [13.06.2022, 16:09:34@Class] Inserting 250 fr24Frames...
> [13.06.2022, 16:09:34@Controller] Calling Garbage Collector...
> [13.06.2022, 16:09:44@Controller] Calling Garbage Collector...
> [13.06.2022, 16:09:54@Class] Trying to insert fr24Frames...
> [13.06.2022, 16:09:54@Class] Inserting 250 fr24Frames...
> [13.06.2022, 16:09:54@Controller] Calling Garbage Collector...
> [13.06.2022, 16:10:04@Controller] Calling Garbage Collector...
> [13.06.2022, 16:10:14@FileMaster] saving config...
> [13.06.2022, 16:10:14@FileMaster] configuration.cfg saved sucsessfully!
> [13.06.2022, 16:10:14@Class] Trying to insert fr24Frames...
> [13.06.2022, 16:10:14@Class] Inserting 250 fr24Frames...
> [13.06.2022, 16:10:14@Controller] Calling Garbage Collector...
> [13.06.2022, 16:10:24@Controller] Calling Garbage Collector...
> [13.06.2022, 16:10:34@Class] Trying to insert fr24Frames...
> [13.06.2022, 16:10:34@Class] Inserting 250 fr24Frames...
> [13.06.2022, 16:10:34@Controller] Calling Garbage Collector...
> [13.06.2022, 16:10:44@Controller] Calling Garbage Collector...
> [13.06.2022, 16:10:54@Class] Trying to insert fr24Frames...
> [13.06.2022, 16:10:54@Class] Inserting 250 fr24Frames...
> [13.06.2022, 16:10:54@Controller] Calling Garbage Collector...
> [13.06.2022, 16:11:04@Controller] Calling Garbage Collector...
> [13.06.2022, 16:11:14@Class] Trying to insert fr24Frames...
> [13.06.2022, 16:11:14@Class] Inserting 250 fr24Frames...
> [13.06.2022, 16:11:14@Controller] Calling Garbage Collector...
> [13.06.2022, 16:11:24@Controller] Calling Garbage Collector...
> [13.06.2022, 16:11:34@Class] Trying to insert fr24Frames...
> [13.06.2022, 16:11:34@Class] Inserting 250 fr24Frames...
> [13.06.2022, 16:11:34@Controller] Calling Garbage Collector...
> [13.06.2022, 16:11:44@Controller] Calling Garbage Collector...
> [13.06.2022, 16:11:54@Class] Trying to insert fr24Frames...
> [13.06.2022, 16:11:54@Class] Inserting 250 fr24Frames...
> [13.06.2022, 16:11:54@Controller] Calling Garbage Collector...
> [13.06.2022, 16:12:04@Controller] Calling Garbage Collector...
> [13.06.2022, 16:12:14@Class] Trying to insert fr24Frames...
> [13.06.2022, 16:12:14@Class] Inserting 250 fr24Frames...
> [13.06.2022, 16:12:14@Controller] Calling Garbage Collector...
> [13.06.2022, 16:12:24@Controller] Calling Garbage Collector...
> [13.06.2022, 16:12:34@Class] Trying to insert fr24Frames...
> [13.06.2022, 16:12:34@Class] Inserting 250 fr24Frames...
> [13.06.2022, 16:12:34@Controller] Calling Garbage Collector...
> [13.06.2022, 16:12:44@Controller] Calling Garbage Collector...
> [13.06.2022, 16:12:54@Class] Trying to insert fr24Frames...
> [13.06.2022, 16:12:54@Class] Inserting 250 fr24Frames...
> [13.06.2022, 16:12:54@Controller] Calling Garbage Collector...
> [13.06.2022, 16:13:04@Controller] Calling Garbage Collector...
> [13.06.2022, 16:13:14@Class] Trying to insert fr24Frames...
> [13.06.2022, 16:13:14@Class] Inserting 250 fr24Frames...
> [13.06.2022, 16:13:14@Controller] Calling Garbage Collector...
> [13.06.2022, 16:13:24@Controller] Calling Garbage Collector...
> [13.06.2022, 16:13:34@Class] Trying to insert fr24Frames...
> [13.06.2022, 16:13:34@Class] Inserting 250 fr24Frames...
> [13.06.2022, 16:13:34@Controller] Calling Garbage Collector...
> [13.06.2022, 16:13:44@Controller] Calling Garbage Collector...
> [13.06.2022, 16:13:54@Class] Trying to insert fr24Frames...
> [13.06.2022, 16:13:54@Class] Inserting 250 fr24Frames...
> [13.06.2022, 16:13:54@Controller] Calling Garbage Collector...
> [13.06.2022, 16:14:04@Controller] Calling Garbage Collector...
> [13.06.2022, 16:14:10@Controller] view loaded!
> [13.06.2022, 16:14:14@Class] Trying to insert fr24Frames...
> [13.06.2022, 16:14:14@Class] Inserting 250 fr24Frames...
> [13.06.2022, 16:14:14@Controller] Calling Garbage Collector...
> [13.06.2022, 16:14:24@Controller] Calling Garbage Collector...
> [13.06.2022, 16:14:27@Controller] Shutting down program, please wait...
> [13.06.2022, 16:14:27@FileMaster] saving config...
> [13.06.2022, 16:14:27@FileMaster] configuration.cfg saved sucsessfully!
> 