> [15.06.2022, 17:52:29@Controller] initializing Controller...
> [15.06.2022, 17:52:29@Controller] initializing Executors...
> [15.06.2022, 17:52:29@Controller] Executors initialized sucsessfully!
> [15.06.2022, 17:52:29@Controller] Controller initialized sucsessfully!
> [15.06.2022, 17:52:29@GUI] initialising GUI...
> [15.06.2022, 17:52:29@GUI] GUI initialized sucsessfully!
> [15.06.2022, 17:52:39@Controller] Calling Garbage Collector...
> [15.06.2022, 17:52:49@Class] Trying to insert frames...
> [15.06.2022, 17:52:49@Controller] Calling Garbage Collector...
> [15.06.2022, 17:52:59@Controller] Calling Garbage Collector...
> [15.06.2022, 17:53:01@Controller] view loaded!
> [15.06.2022, 17:53:09@Class] Trying to insert frames...
> [15.06.2022, 17:53:09@Controller] Calling Garbage Collector...
> [15.06.2022, 17:53:19@Controller] Calling Garbage Collector...
> [15.06.2022, 17:53:19@Controller] db-data couldn't be found!
> [15.06.2022, 17:53:19@Controller] view loaded!
> [15.06.2022, 17:53:29@FileMaster] saving config...
> [15.06.2022, 17:53:29@FileMaster] configuration.cfg saved sucsessfully!
> [15.06.2022, 17:53:29@Class] Trying to insert frames...
> [15.06.2022, 17:53:29@Controller] Calling Garbage Collector...
> [15.06.2022, 17:53:39@Controller] Calling Garbage Collector...
> [15.06.2022, 17:53:49@Class] Trying to insert frames...
> [15.06.2022, 17:53:49@Controller] Calling Garbage Collector...
> [15.06.2022, 17:53:59@Controller] Calling Garbage Collector...
> [15.06.2022, 17:54:09@Class] Trying to insert frames...
> [15.06.2022, 17:54:09@Controller] Calling Garbage Collector...
> [15.06.2022, 17:54:19@Controller] Calling Garbage Collector...
> [15.06.2022, 17:54:29@Class] Trying to insert frames...
> [15.06.2022, 17:54:29@Controller] Calling Garbage Collector...
> [15.06.2022, 17:54:37@Controller] db-data couldn't be found!
> [15.06.2022, 17:54:37@Controller] view loaded!
> [15.06.2022, 17:54:39@Controller] Calling Garbage Collector...
> [15.06.2022, 17:54:49@Class] Trying to insert frames...
> [15.06.2022, 17:54:49@Controller] Calling Garbage Collector...
> [15.06.2022, 17:54:59@Controller] Calling Garbage Collector...
> [15.06.2022, 17:55:09@Class] Trying to insert frames...
> [15.06.2022, 17:55:09@Controller] Calling Garbage Collector...
> [15.06.2022, 17:55:19@Controller] Calling Garbage Collector...
> [15.06.2022, 17:55:29@Class] Trying to insert frames...
> [15.06.2022, 17:55:29@Controller] Calling Garbage Collector...
> [15.06.2022, 17:55:39@Controller] Calling Garbage Collector...
> [15.06.2022, 17:55:49@Class] Trying to insert frames...
> [15.06.2022, 17:55:49@Controller] Calling Garbage Collector...
> [15.06.2022, 17:55:59@Controller] Calling Garbage Collector...
> [15.06.2022, 17:56:03@Controller] view loaded!
> [15.06.2022, 17:56:09@Class] Trying to insert frames...
> [15.06.2022, 17:56:09@Controller] Calling Garbage Collector...
> [15.06.2022, 17:56:19@Controller] Calling Garbage Collector...
> [15.06.2022, 17:56:29@Class] Trying to insert frames...
> [15.06.2022, 17:56:29@Controller] Calling Garbage Collector...
> [15.06.2022, 17:56:39@Controller] Calling Garbage Collector...
> [15.06.2022, 17:56:49@Class] Trying to insert frames...
> [15.06.2022, 17:56:49@Controller] Calling Garbage Collector...
> [15.06.2022, 17:56:59@Controller] db-data couldn't be found!
> [15.06.2022, 17:56:59@Controller] view loaded!
> [15.06.2022, 17:56:59@Controller] Calling Garbage Collector...
> [15.06.2022, 17:57:09@Class] Trying to insert frames...
> [15.06.2022, 17:57:09@Controller] Calling Garbage Collector...
> [15.06.2022, 17:57:19@Controller] Calling Garbage Collector...
> [15.06.2022, 17:57:29@Class] Trying to insert frames...
> [15.06.2022, 17:57:29@Controller] Calling Garbage Collector...
> [15.06.2022, 17:57:35@Controller] view loaded!
> [15.06.2022, 17:57:39@Controller] Calling Garbage Collector...
> [15.06.2022, 17:57:49@Class] Trying to insert frames...
> [15.06.2022, 17:57:49@Controller] Calling Garbage Collector...
> [15.06.2022, 17:57:59@Controller] Calling Garbage Collector...
> [15.06.2022, 17:58:09@Class] Trying to insert frames...
> [15.06.2022, 17:58:09@Controller] Calling Garbage Collector...
> [15.06.2022, 17:58:19@Controller] Calling Garbage Collector...
> [15.06.2022, 17:58:29@FileMaster] saving config...
> [15.06.2022, 17:58:29@FileMaster] configuration.cfg saved sucsessfully!
> [15.06.2022, 17:58:29@Class] Trying to insert frames...
> [15.06.2022, 17:58:29@Controller] Calling Garbage Collector...
> [15.06.2022, 17:58:39@Controller] Calling Garbage Collector...
> [15.06.2022, 17:58:49@Class] Trying to insert frames...
> [15.06.2022, 17:58:49@Controller] Calling Garbage Collector...
> [15.06.2022, 17:58:56@Controller] Shutting down program, please wait...
> [15.06.2022, 17:58:56@FileMaster] saving config...
> [15.06.2022, 17:58:56@FileMaster] configuration.cfg saved sucsessfully!
> 