> [16.06.2022, 13:57:59@Controller] initializing Controller...
> [16.06.2022, 13:57:59@Controller] initializing Executors...
> [16.06.2022, 13:57:59@Controller] Executors initialized sucsessfully!
> [16.06.2022, 13:57:59@Controller] Controller initialized sucsessfully!
> [16.06.2022, 13:57:59@GUI] initialising GUI...
> [16.06.2022, 13:57:59@GUI] GUI initialized sucsessfully!
> [16.06.2022, 13:58:03@Controller] view loaded!
> [16.06.2022, 13:58:09@Controller] Calling Garbage Collector...
> [16.06.2022, 13:58:19@] Trying to insert frames...
> [16.06.2022, 13:58:19@] Inserting 500 frames...
> [16.06.2022, 13:58:19@Controller] Calling Garbage Collector...
> [16.06.2022, 13:58:29@Controller] Calling Garbage Collector...
> [16.06.2022, 13:58:39@] Trying to insert frames...
> [16.06.2022, 13:58:39@] Inserting 500 frames...
> [16.06.2022, 13:58:39@Controller] Calling Garbage Collector...
> [16.06.2022, 13:58:49@Controller] Calling Garbage Collector...
> [16.06.2022, 13:58:59@FileMaster] saving config...
> [16.06.2022, 13:58:59@FileMaster] configuration.cfg saved sucsessfully!
> [16.06.2022, 13:58:59@] Trying to insert frames...
> [16.06.2022, 13:58:59@] Inserting 500 frames...
> [16.06.2022, 13:58:59@Controller] Calling Garbage Collector...
> [16.06.2022, 13:59:09@Controller] Calling Garbage Collector...
> [16.06.2022, 13:59:19@] Trying to insert frames...
> [16.06.2022, 13:59:19@] Inserting 500 frames...
> [16.06.2022, 13:59:19@Controller] Calling Garbage Collector...
> [16.06.2022, 13:59:29@Controller] Calling Garbage Collector...
> [16.06.2022, 13:59:39@] Trying to insert frames...
> [16.06.2022, 13:59:39@] Inserting 500 frames...
> [16.06.2022, 13:59:39@Controller] Calling Garbage Collector...
> [16.06.2022, 13:59:49@Controller] Calling Garbage Collector...
> [16.06.2022, 13:59:59@] Trying to insert frames...
> [16.06.2022, 13:59:59@] Inserting 500 frames...
> [16.06.2022, 13:59:59@Controller] Calling Garbage Collector...
> [16.06.2022, 14:00:09@Controller] Calling Garbage Collector...
> [16.06.2022, 14:00:19@] Trying to insert frames...
> [16.06.2022, 14:00:19@] Inserting 500 frames...
> [16.06.2022, 14:00:19@Controller] Calling Garbage Collector...
> [16.06.2022, 14:00:29@Controller] Calling Garbage Collector...
> [16.06.2022, 14:00:39@] Trying to insert frames...
> [16.06.2022, 14:00:39@] Inserting 500 frames...
> [16.06.2022, 14:00:39@Controller] Calling Garbage Collector...
> [16.06.2022, 14:00:49@Controller] Calling Garbage Collector...
> [16.06.2022, 14:00:59@Controller] Calling Garbage Collector...
> [16.06.2022, 14:01:02@Controller] view loaded!
> [16.06.2022, 14:01:09@Controller] Calling Garbage Collector...
> [16.06.2022, 14:01:19@] Trying to insert frames...
> [16.06.2022, 14:01:19@] Inserting 500 frames...
> [16.06.2022, 14:01:19@Controller] Calling Garbage Collector...
> [16.06.2022, 14:01:29@Controller] Calling Garbage Collector...
> [16.06.2022, 14:01:39@] Trying to insert frames...
> [16.06.2022, 14:01:39@] Inserting 500 frames...
> [16.06.2022, 14:01:39@Controller] Calling Garbage Collector...
> [16.06.2022, 14:01:49@Controller] Calling Garbage Collector...
> [16.06.2022, 14:01:59@] Trying to insert frames...
> [16.06.2022, 14:01:59@] Inserting 500 frames...
> [16.06.2022, 14:01:59@Controller] Calling Garbage Collector...
> [16.06.2022, 14:02:09@Controller] Calling Garbage Collector...
> [16.06.2022, 14:02:19@] Trying to insert frames...
> [16.06.2022, 14:02:19@] Inserting 500 frames...
> [16.06.2022, 14:02:19@Controller] Calling Garbage Collector...
> [16.06.2022, 14:02:29@Controller] Calling Garbage Collector...
> [16.06.2022, 14:02:39@] Trying to insert frames...
> [16.06.2022, 14:02:39@] Inserting 500 frames...
> [16.06.2022, 14:02:39@Controller] Calling Garbage Collector...
> [16.06.2022, 14:02:49@Controller] Calling Garbage Collector...
> [16.06.2022, 14:02:59@] Trying to insert frames...
> [16.06.2022, 14:02:59@] Inserting 500 frames...
> [16.06.2022, 14:02:59@Controller] Calling Garbage Collector...
> [16.06.2022, 14:03:09@Controller] Calling Garbage Collector...
> [16.06.2022, 14:03:19@] Trying to insert frames...
> [16.06.2022, 14:03:19@] Inserting 500 frames...
> [16.06.2022, 14:03:19@Controller] Calling Garbage Collector...
> [16.06.2022, 14:03:29@Controller] Calling Garbage Collector...
> [16.06.2022, 14:03:39@] Trying to insert frames...
> [16.06.2022, 14:03:39@] Inserting 500 frames...
> [16.06.2022, 14:03:39@Controller] Calling Garbage Collector...
> [16.06.2022, 14:03:49@Controller] Calling Garbage Collector...
> [16.06.2022, 14:03:59@FileMaster] saving config...
> [16.06.2022, 14:03:59@FileMaster] configuration.cfg saved sucsessfully!
> [16.06.2022, 14:03:59@] Trying to insert frames...
> [16.06.2022, 14:03:59@] Inserting 500 frames...
> [16.06.2022, 14:03:59@Controller] Calling Garbage Collector...
> [16.06.2022, 14:04:09@Controller] Calling Garbage Collector...
> [16.06.2022, 14:04:18@Controller] Shutting down program, please wait...
> [16.06.2022, 14:04:18@FileMaster] saving config...
> [16.06.2022, 14:04:18@FileMaster] configuration.cfg saved sucsessfully!
> [16.06.2022, 14:04:18@] Trying to insert last live data...
> [16.06.2022, 14:04:18@] Inserted 9500 frames!
> 