> [22.06.2022, 12:04:22@Controller] initializing Controller...
> [22.06.2022, 12:04:22@Controller] initializing Executors...
> [22.06.2022, 12:04:22@Controller] Executors initialized sucsessfully!
> [22.06.2022, 12:04:22@Controller] Controller initialized sucsessfully!
> [22.06.2022, 12:04:22@GUI] initialising GUI...
> [22.06.2022, 12:04:22@GUI] GUI initialized sucsessfully!
> [22.06.2022, 12:04:32@Controller] Calling Garbage Collector...
> [22.06.2022, 12:04:42@Controller] Calling Garbage Collector...
> [22.06.2022, 12:04:52@Controller] Calling Garbage Collector...
> [22.06.2022, 12:05:02@Controller] Calling Garbage Collector...
> [22.06.2022, 12:05:12@Controller] Calling Garbage Collector...
> [22.06.2022, 12:05:22@Controller] Calling Garbage Collector...
> [22.06.2022, 12:05:32@Controller] Calling Garbage Collector...
> [22.06.2022, 12:05:42@Controller] Calling Garbage Collector...
> [22.06.2022, 12:05:52@Controller] Calling Garbage Collector...
> [22.06.2022, 12:06:02@Controller] Calling Garbage Collector...
> [22.06.2022, 12:06:12@Controller] Calling Garbage Collector...
> [22.06.2022, 12:06:22@Controller] Calling Garbage Collector...
> [22.06.2022, 12:06:32@Controller] Calling Garbage Collector...
> [22.06.2022, 12:06:42@Controller] Calling Garbage Collector...
> [22.06.2022, 12:06:52@Controller] Calling Garbage Collector...
> [22.06.2022, 12:07:02@Controller] Calling Garbage Collector...
> [22.06.2022, 12:07:12@Controller] Calling Garbage Collector...
> [22.06.2022, 12:07:22@Controller] Calling Garbage Collector...
> [22.06.2022, 12:07:32@Controller] Calling Garbage Collector...
> [22.06.2022, 12:07:42@Controller] Calling Garbage Collector...
> [22.06.2022, 12:07:52@Controller] Calling Garbage Collector...
> [22.06.2022, 12:08:02@Controller] Calling Garbage Collector...
> [22.06.2022, 12:08:05@Controller] view loaded!
> [22.06.2022, 12:08:12@Controller] Calling Garbage Collector...
> [22.06.2022, 12:08:22@] Trying to insert frames...
> [22.06.2022, 12:08:22@] Inserting 500 frames...
> [22.06.2022, 12:08:22@Controller] Calling Garbage Collector...
> [22.06.2022, 12:08:32@Controller] Calling Garbage Collector...
> [22.06.2022, 12:08:42@] Trying to insert frames...
> [22.06.2022, 12:08:42@] Inserting 500 frames...
> [22.06.2022, 12:08:42@Controller] Calling Garbage Collector...
> [22.06.2022, 12:08:52@Controller] Calling Garbage Collector...
> [22.06.2022, 12:09:02@] Trying to insert frames...
> [22.06.2022, 12:09:02@] Inserting 500 frames...
> [22.06.2022, 12:09:02@Controller] Calling Garbage Collector...
> [22.06.2022, 12:09:12@Controller] Calling Garbage Collector...
> [22.06.2022, 12:09:22@] Trying to insert frames...
> [22.06.2022, 12:09:22@] Inserting 500 frames...
> [22.06.2022, 12:09:22@Controller] Calling Garbage Collector...
> [22.06.2022, 12:09:32@Controller] Calling Garbage Collector...
> [22.06.2022, 12:09:42@] Trying to insert frames...
> [22.06.2022, 12:09:42@] Inserting 500 frames...
> [22.06.2022, 12:09:42@Controller] Calling Garbage Collector...
> [22.06.2022, 12:09:52@Controller] Calling Garbage Collector...
> [22.06.2022, 12:10:02@Controller] Calling Garbage Collector...
> [22.06.2022, 12:10:12@Controller] Calling Garbage Collector...
> [22.06.2022, 12:10:22@Controller] Calling Garbage Collector...
> [22.06.2022, 12:10:32@Controller] Calling Garbage Collector...
> [22.06.2022, 12:10:42@Controller] Calling Garbage Collector...
> [22.06.2022, 12:10:52@Controller] Calling Garbage Collector...
> [22.06.2022, 12:11:02@Controller] Calling Garbage Collector...
> [22.06.2022, 12:11:12@Controller] Calling Garbage Collector...
> [22.06.2022, 12:11:22@Controller] Calling Garbage Collector...
> [22.06.2022, 12:11:24@Controller] view loaded!
> [22.06.2022, 12:11:32@Controller] Calling Garbage Collector...
> [22.06.2022, 12:11:42@] Trying to insert frames...
> [22.06.2022, 12:11:42@] Inserting 500 frames...
> [22.06.2022, 12:11:42@Controller] Calling Garbage Collector...
> [22.06.2022, 12:11:52@Controller] Calling Garbage Collector...
> [22.06.2022, 12:12:02@] Trying to insert frames...
> [22.06.2022, 12:12:02@] Inserting 500 frames...
> [22.06.2022, 12:12:02@Controller] Calling Garbage Collector...
> [22.06.2022, 12:12:12@Controller] Calling Garbage Collector...
> [22.06.2022, 12:12:22@] Trying to insert frames...
> [22.06.2022, 12:12:22@] Inserting 500 frames...
> [22.06.2022, 12:12:22@Controller] Calling Garbage Collector...
> [22.06.2022, 12:12:32@Controller] Calling Garbage Collector...
> [22.06.2022, 12:12:42@] Trying to insert frames...
> [22.06.2022, 12:12:42@] Inserting 500 frames...
> [22.06.2022, 12:12:42@Controller] Calling Garbage Collector...
> [22.06.2022, 12:12:52@Controller] Calling Garbage Collector...
> [22.06.2022, 12:13:02@] Trying to insert frames...
> [22.06.2022, 12:13:02@] Inserting 500 frames...
> [22.06.2022, 12:13:02@Controller] Calling Garbage Collector...
> [22.06.2022, 12:13:12@Controller] Calling Garbage Collector...
> [22.06.2022, 12:13:22@] Trying to insert frames...
> [22.06.2022, 12:13:22@] Inserting 500 frames...
> [22.06.2022, 12:13:22@Controller] Calling Garbage Collector...
> [22.06.2022, 12:13:32@Controller] Calling Garbage Collector...
> [22.06.2022, 12:13:42@] Trying to insert frames...
> [22.06.2022, 12:13:42@] Inserting 500 frames...
> [22.06.2022, 12:13:42@Controller] Calling Garbage Collector...
> [22.06.2022, 12:13:52@Controller] Calling Garbage Collector...
> [22.06.2022, 12:14:02@] Trying to insert frames...
> [22.06.2022, 12:14:02@] Inserting 500 frames...
> [22.06.2022, 12:14:02@Controller] Calling Garbage Collector...
> [22.06.2022, 12:14:12@Controller] Calling Garbage Collector...
> [22.06.2022, 12:14:12@Controller] view loaded!
> [22.06.2022, 12:14:22@] Trying to insert frames...
> [22.06.2022, 12:14:22@] Inserting 500 frames...
> [22.06.2022, 12:14:22@Controller] Calling Garbage Collector...
> [22.06.2022, 12:14:32@Controller] Calling Garbage Collector...
> [22.06.2022, 12:14:42@] Trying to insert frames...
> [22.06.2022, 12:14:42@] Inserting 500 frames...
> [22.06.2022, 12:14:42@Controller] Calling Garbage Collector...
> [22.06.2022, 12:14:50@Controller] view loaded!
> [22.06.2022, 12:14:52@Controller] Calling Garbage Collector...
> [22.06.2022, 12:15:02@] Trying to insert frames...
> [22.06.2022, 12:15:02@] Inserting 500 frames...
> [22.06.2022, 12:15:02@Controller] Calling Garbage Collector...
> [22.06.2022, 12:15:12@Controller] Calling Garbage Collector...
> [22.06.2022, 12:15:22@FileMaster] saving config...
> [22.06.2022, 12:15:22@FileMaster] configuration.cfg saved sucsessfully!
> [22.06.2022, 12:15:22@] Trying to insert frames...
> [22.06.2022, 12:15:22@Controller] Calling Garbage Collector...
> [22.06.2022, 12:15:32@Controller] Calling Garbage Collector...
> [22.06.2022, 12:15:42@] Trying to insert frames...
> [22.06.2022, 12:15:42@Controller] Calling Garbage Collector...
> [22.06.2022, 12:15:52@Controller] Calling Garbage Collector...
> [22.06.2022, 12:16:02@] Trying to insert frames...
> [22.06.2022, 12:16:02@Controller] Calling Garbage Collector...
> [22.06.2022, 12:16:12@Controller] Calling Garbage Collector...
> [22.06.2022, 12:16:22@] Trying to insert frames...
> [22.06.2022, 12:16:22@Controller] Calling Garbage Collector...
> [22.06.2022, 12:16:32@Controller] Calling Garbage Collector...
> [22.06.2022, 12:16:42@] Trying to insert frames...
> [22.06.2022, 12:16:42@Controller] Calling Garbage Collector...
> [22.06.2022, 12:16:52@Controller] Calling Garbage Collector...
> [22.06.2022, 12:17:02@] Trying to insert frames...
> [22.06.2022, 12:17:02@Controller] Calling Garbage Collector...
> [22.06.2022, 12:17:12@Controller] Calling Garbage Collector...
> [22.06.2022, 12:17:22@] Trying to insert frames...
> [22.06.2022, 12:17:22@Controller] Calling Garbage Collector...
> [22.06.2022, 12:17:32@Controller] Calling Garbage Collector...
> [22.06.2022, 12:17:42@] Trying to insert frames...
> [22.06.2022, 12:17:42@Controller] Calling Garbage Collector...
> [22.06.2022, 12:17:52@Controller] Calling Garbage Collector...
> [22.06.2022, 12:18:02@Controller] Calling Garbage Collector...
> [22.06.2022, 12:18:12@Controller] Calling Garbage Collector...
> [22.06.2022, 12:18:22@Controller] Calling Garbage Collector...
> [22.06.2022, 12:18:32@Controller] Calling Garbage Collector...
> [22.06.2022, 12:18:42@Controller] Calling Garbage Collector...
> [22.06.2022, 12:18:52@Controller] Calling Garbage Collector...
> [22.06.2022, 12:19:02@Controller] Calling Garbage Collector...
> [22.06.2022, 12:19:12@Controller] Calling Garbage Collector...
> [22.06.2022, 12:19:22@Controller] Calling Garbage Collector...
> [22.06.2022, 12:19:32@Controller] Calling Garbage Collector...
> [22.06.2022, 12:19:42@Controller] Calling Garbage Collector...
> [22.06.2022, 12:19:44@Controller] view loaded!
> [22.06.2022, 12:19:52@Controller] Calling Garbage Collector...
> [22.06.2022, 12:20:02@] Trying to insert frames...
> [22.06.2022, 12:20:02@Controller] Calling Garbage Collector...
> [22.06.2022, 12:20:12@Controller] Calling Garbage Collector...
> [22.06.2022, 12:20:22@FileMaster] saving config...
> [22.06.2022, 12:20:22@FileMaster] configuration.cfg saved sucsessfully!
> [22.06.2022, 12:20:22@] Trying to insert frames...
> [22.06.2022, 12:20:22@Controller] Calling Garbage Collector...
> [22.06.2022, 12:20:32@Controller] Calling Garbage Collector...
> [22.06.2022, 12:20:42@] Trying to insert frames...
> [22.06.2022, 12:20:42@Controller] Calling Garbage Collector...
> [22.06.2022, 12:20:52@Controller] Calling Garbage Collector...
> [22.06.2022, 12:21:02@] Trying to insert frames...
> [22.06.2022, 12:21:02@Controller] Calling Garbage Collector...
> [22.06.2022, 12:21:12@Controller] Calling Garbage Collector...
> [22.06.2022, 12:21:22@] Trying to insert frames...
> [22.06.2022, 12:21:22@Controller] Calling Garbage Collector...
> [22.06.2022, 12:21:32@Controller] Calling Garbage Collector...
> [22.06.2022, 12:21:42@] Trying to insert frames...
> [22.06.2022, 12:21:42@Controller] Calling Garbage Collector...
> [22.06.2022, 12:21:52@Controller] Calling Garbage Collector...
> [22.06.2022, 12:22:02@] Trying to insert frames...
> [22.06.2022, 12:22:02@Controller] Calling Garbage Collector...
> [22.06.2022, 12:22:12@Controller] Calling Garbage Collector...
> [22.06.2022, 12:22:22@] Trying to insert frames...
> [22.06.2022, 12:22:22@Controller] Calling Garbage Collector...
> [22.06.2022, 12:22:32@Controller] Calling Garbage Collector...
> [22.06.2022, 12:22:42@] Trying to insert frames...
> [22.06.2022, 12:22:42@Controller] Calling Garbage Collector...
> [22.06.2022, 12:22:52@Controller] Calling Garbage Collector...
> [22.06.2022, 12:23:02@] Trying to insert frames...
> [22.06.2022, 12:23:02@Controller] Calling Garbage Collector...
> [22.06.2022, 12:23:12@Controller] Calling Garbage Collector...
> [22.06.2022, 12:23:22@] Trying to insert frames...
> [22.06.2022, 12:23:22@Controller] Calling Garbage Collector...
> [22.06.2022, 12:23:32@Controller] Calling Garbage Collector...
> [22.06.2022, 12:23:42@] Trying to insert frames...
> [22.06.2022, 12:23:42@Controller] Calling Garbage Collector...
> [22.06.2022, 12:23:52@Controller] Calling Garbage Collector...
> [22.06.2022, 12:24:02@] Trying to insert frames...
> [22.06.2022, 12:24:02@Controller] Calling Garbage Collector...
> [22.06.2022, 12:24:12@Controller] Calling Garbage Collector...
> [22.06.2022, 12:24:22@] Trying to insert frames...
> [22.06.2022, 12:24:22@Controller] Calling Garbage Collector...
> [22.06.2022, 12:24:32@Controller] Calling Garbage Collector...
> [22.06.2022, 12:24:42@] Trying to insert frames...
> [22.06.2022, 12:24:42@Controller] Calling Garbage Collector...
> [22.06.2022, 12:24:52@Controller] Calling Garbage Collector...
> [22.06.2022, 12:25:02@] Trying to insert frames...
> [22.06.2022, 12:25:02@Controller] Calling Garbage Collector...
> [22.06.2022, 12:25:12@Controller] Calling Garbage Collector...
> [22.06.2022, 12:25:22@FileMaster] saving config...
> [22.06.2022, 12:25:22@FileMaster] configuration.cfg saved sucsessfully!
> [22.06.2022, 12:25:22@] Trying to insert frames...
> [22.06.2022, 12:25:22@Controller] Calling Garbage Collector...
> [22.06.2022, 12:25:32@Controller] Calling Garbage Collector...
> [22.06.2022, 12:25:42@] Trying to insert frames...
> [22.06.2022, 12:25:42@Controller] Calling Garbage Collector...
> [22.06.2022, 12:25:52@Controller] Calling Garbage Collector...
> [22.06.2022, 12:26:02@] Trying to insert frames...
> [22.06.2022, 12:26:02@Controller] Calling Garbage Collector...
> [22.06.2022, 12:26:12@Controller] Calling Garbage Collector...
> [22.06.2022, 12:26:22@] Trying to insert frames...
> [22.06.2022, 12:26:22@Controller] Calling Garbage Collector...
> [22.06.2022, 12:26:32@Controller] Calling Garbage Collector...
> [22.06.2022, 12:26:42@] Trying to insert frames...
> [22.06.2022, 12:26:42@Controller] Calling Garbage Collector...
> [22.06.2022, 12:26:52@Controller] Calling Garbage Collector...
> [22.06.2022, 12:27:02@] Trying to insert frames...
> [22.06.2022, 12:27:02@Controller] Calling Garbage Collector...
> [22.06.2022, 12:27:12@Controller] Calling Garbage Collector...
> [22.06.2022, 12:27:22@] Trying to insert frames...
> [22.06.2022, 12:27:22@Controller] Calling Garbage Collector...
> [22.06.2022, 12:27:32@Controller] Calling Garbage Collector...
> [22.06.2022, 12:27:42@] Trying to insert frames...
> [22.06.2022, 12:27:42@Controller] Calling Garbage Collector...
> [22.06.2022, 12:27:52@Controller] Calling Garbage Collector...
> [22.06.2022, 12:28:02@] Trying to insert frames...
> [22.06.2022, 12:28:02@Controller] Calling Garbage Collector...
> [22.06.2022, 12:28:12@Controller] Calling Garbage Collector...
> [22.06.2022, 12:28:22@] Trying to insert frames...
> [22.06.2022, 12:28:22@Controller] Calling Garbage Collector...
> [22.06.2022, 12:28:32@Controller] Calling Garbage Collector...
> [22.06.2022, 12:28:42@] Trying to insert frames...
> [22.06.2022, 12:28:42@Controller] Calling Garbage Collector...
> [22.06.2022, 12:28:52@Controller] Calling Garbage Collector...
> [22.06.2022, 12:29:02@] Trying to insert frames...
> [22.06.2022, 12:29:02@Controller] Calling Garbage Collector...
> [22.06.2022, 12:29:12@Controller] Calling Garbage Collector...
> [22.06.2022, 12:29:22@] Trying to insert frames...
> [22.06.2022, 12:29:22@Controller] Calling Garbage Collector...
> [22.06.2022, 12:29:32@Controller] Calling Garbage Collector...
> [22.06.2022, 12:29:42@] Trying to insert frames...
> [22.06.2022, 12:29:42@Controller] Calling Garbage Collector...
> [22.06.2022, 12:29:52@Controller] Calling Garbage Collector...
> [22.06.2022, 12:30:02@] Trying to insert frames...
> [22.06.2022, 12:30:02@Controller] Calling Garbage Collector...
> [22.06.2022, 12:30:12@Controller] Calling Garbage Collector...
> [22.06.2022, 12:30:22@FileMaster] saving config...
> [22.06.2022, 12:30:22@FileMaster] configuration.cfg saved sucsessfully!
> [22.06.2022, 12:30:22@] Trying to insert frames...
> [22.06.2022, 12:30:22@Controller] Calling Garbage Collector...
> [22.06.2022, 12:30:32@Controller] Calling Garbage Collector...
> [22.06.2022, 12:30:42@] Trying to insert frames...
> [22.06.2022, 12:30:42@Controller] Calling Garbage Collector...
> [22.06.2022, 12:30:52@Controller] Calling Garbage Collector...
> [22.06.2022, 12:31:02@] Trying to insert frames...
> [22.06.2022, 12:31:02@Controller] Calling Garbage Collector...
> [22.06.2022, 12:31:12@Controller] Calling Garbage Collector...
> [22.06.2022, 12:31:22@] Trying to insert frames...
> [22.06.2022, 12:31:22@Controller] Calling Garbage Collector...
> [22.06.2022, 12:31:32@Controller] Calling Garbage Collector...
> [22.06.2022, 12:31:42@] Trying to insert frames...
> [22.06.2022, 12:31:42@Controller] Calling Garbage Collector...
> [22.06.2022, 12:31:52@Controller] Calling Garbage Collector...
> [22.06.2022, 12:32:02@] Trying to insert frames...
> [22.06.2022, 12:32:02@Controller] Calling Garbage Collector...
> [22.06.2022, 12:32:12@Controller] Calling Garbage Collector...
> [22.06.2022, 12:32:22@] Trying to insert frames...
> [22.06.2022, 12:32:22@Controller] Calling Garbage Collector...
> [22.06.2022, 12:32:32@Controller] Calling Garbage Collector...
> [22.06.2022, 12:32:42@] Trying to insert frames...
> [22.06.2022, 12:32:42@Controller] Calling Garbage Collector...
> [22.06.2022, 12:32:52@Controller] Calling Garbage Collector...
> [22.06.2022, 12:33:02@] Trying to insert frames...
> [22.06.2022, 12:33:02@Controller] Calling Garbage Collector...
> [22.06.2022, 12:33:12@Controller] Calling Garbage Collector...
> [22.06.2022, 12:33:22@] Trying to insert frames...
> [22.06.2022, 12:33:22@Controller] Calling Garbage Collector...
> [22.06.2022, 12:33:32@Controller] Calling Garbage Collector...
> [22.06.2022, 12:33:42@Controller] Calling Garbage Collector...
> [22.06.2022, 12:33:46@Controller] view loaded!
> [22.06.2022, 12:33:52@Controller] Calling Garbage Collector...
> [22.06.2022, 12:34:02@] Trying to insert frames...
> [22.06.2022, 12:34:02@Controller] Calling Garbage Collector...
> [22.06.2022, 12:34:12@Controller] Calling Garbage Collector...
> [22.06.2022, 12:34:22@] Trying to insert frames...
> [22.06.2022, 12:34:22@Controller] Calling Garbage Collector...
> [22.06.2022, 12:34:32@Controller] Calling Garbage Collector...
> [22.06.2022, 12:34:42@] Trying to insert frames...
> [22.06.2022, 12:34:42@Controller] Calling Garbage Collector...
> [22.06.2022, 12:34:52@Controller] Calling Garbage Collector...
> [22.06.2022, 12:35:02@] Trying to insert frames...
> [22.06.2022, 12:35:02@Controller] Calling Garbage Collector...
> [22.06.2022, 12:35:12@Controller] Calling Garbage Collector...
> [22.06.2022, 12:35:22@FileMaster] saving config...
> [22.06.2022, 12:35:22@FileMaster] configuration.cfg saved sucsessfully!
> [22.06.2022, 12:35:22@] Trying to insert frames...
> [22.06.2022, 12:35:22@Controller] Calling Garbage Collector...
> [22.06.2022, 12:35:32@Controller] Calling Garbage Collector...
> [22.06.2022, 12:35:42@] Trying to insert frames...
> [22.06.2022, 12:35:42@Controller] Calling Garbage Collector...
> [22.06.2022, 12:35:52@Controller] Calling Garbage Collector...
> [22.06.2022, 12:36:02@] Trying to insert frames...
> [22.06.2022, 12:36:02@Controller] Calling Garbage Collector...
> [22.06.2022, 12:36:12@Controller] Calling Garbage Collector...
> [22.06.2022, 12:36:22@] Trying to insert frames...
> [22.06.2022, 12:36:22@Controller] Calling Garbage Collector...
> [22.06.2022, 12:36:32@Controller] Calling Garbage Collector...
> [22.06.2022, 12:36:42@] Trying to insert frames...
> [22.06.2022, 12:36:42@Controller] Calling Garbage Collector...
> [22.06.2022, 12:36:52@Controller] Calling Garbage Collector...
> [22.06.2022, 12:37:02@] Trying to insert frames...
> [22.06.2022, 12:37:02@Controller] Calling Garbage Collector...
> [22.06.2022, 12:37:12@Controller] Calling Garbage Collector...
> [22.06.2022, 12:37:22@] Trying to insert frames...
> [22.06.2022, 12:37:22@Controller] Calling Garbage Collector...
> [22.06.2022, 12:37:32@Controller] Calling Garbage Collector...
> [22.06.2022, 12:37:42@Controller] Calling Garbage Collector...
> [22.06.2022, 12:37:52@Controller] Calling Garbage Collector...
> [22.06.2022, 12:38:02@Controller] Calling Garbage Collector...
> [22.06.2022, 12:38:12@Controller] Calling Garbage Collector...
> [22.06.2022, 12:38:22@Controller] Calling Garbage Collector...
> [22.06.2022, 12:38:32@Controller] Calling Garbage Collector...
> [22.06.2022, 12:38:42@Controller] Calling Garbage Collector...
> [22.06.2022, 12:38:52@Controller] Calling Garbage Collector...
> [22.06.2022, 12:39:02@Controller] Calling Garbage Collector...
> [22.06.2022, 12:39:12@Controller] Calling Garbage Collector...
> [22.06.2022, 12:39:22@Controller] Calling Garbage Collector...
> [22.06.2022, 12:39:29@Controller] view loaded!
> [22.06.2022, 12:39:32@Controller] Calling Garbage Collector...
> [22.06.2022, 12:39:42@] Trying to insert frames...
> [22.06.2022, 12:39:42@Controller] Calling Garbage Collector...
> [22.06.2022, 12:39:52@Controller] Calling Garbage Collector...
> [22.06.2022, 12:40:02@] Trying to insert frames...
> [22.06.2022, 12:40:02@Controller] Calling Garbage Collector...
> [22.06.2022, 12:40:12@Controller] Calling Garbage Collector...
> [22.06.2022, 12:40:22@FileMaster] saving config...
> [22.06.2022, 12:40:22@FileMaster] configuration.cfg saved sucsessfully!
> [22.06.2022, 12:40:22@] Trying to insert frames...
> [22.06.2022, 12:40:22@Controller] Calling Garbage Collector...
> [22.06.2022, 12:40:32@Controller] Calling Garbage Collector...
> [22.06.2022, 12:40:42@] Trying to insert frames...
> [22.06.2022, 12:40:42@Controller] Calling Garbage Collector...
> [22.06.2022, 12:40:52@Controller] Calling Garbage Collector...
> [22.06.2022, 12:41:02@] Trying to insert frames...
> [22.06.2022, 12:41:02@Controller] Calling Garbage Collector...
> [22.06.2022, 12:41:12@Controller] Calling Garbage Collector...
> [22.06.2022, 12:41:19@Controller] view loaded!
> [22.06.2022, 12:41:22@] Trying to insert frames...
> [22.06.2022, 12:41:22@Controller] Calling Garbage Collector...
> [22.06.2022, 12:41:32@Controller] Calling Garbage Collector...
> [22.06.2022, 12:41:42@] Trying to insert frames...
> [22.06.2022, 12:41:42@Controller] Calling Garbage Collector...
> [22.06.2022, 12:41:52@Controller] Calling Garbage Collector...
> [22.06.2022, 12:42:02@] Trying to insert frames...
> [22.06.2022, 12:42:02@Controller] Calling Garbage Collector...
> [22.06.2022, 12:42:12@Controller] Calling Garbage Collector...
> [22.06.2022, 12:42:22@Controller] Calling Garbage Collector...
> [22.06.2022, 12:42:32@Controller] Calling Garbage Collector...
> [22.06.2022, 12:42:42@Controller] Calling Garbage Collector...
> [22.06.2022, 12:42:52@Controller] Calling Garbage Collector...
> [22.06.2022, 12:43:02@Controller] Calling Garbage Collector...
> [22.06.2022, 12:43:12@Controller] Calling Garbage Collector...
> [22.06.2022, 12:43:22@Controller] Calling Garbage Collector...
> [22.06.2022, 12:43:32@Controller] Calling Garbage Collector...
> [22.06.2022, 12:43:42@Controller] Calling Garbage Collector...
> [22.06.2022, 12:43:52@Controller] Calling Garbage Collector...
> [22.06.2022, 12:44:02@Controller] Calling Garbage Collector...
> [22.06.2022, 12:44:12@Controller] Calling Garbage Collector...
> [22.06.2022, 12:44:22@Controller] Calling Garbage Collector...
> [22.06.2022, 12:44:32@Controller] Calling Garbage Collector...
> [22.06.2022, 12:44:42@Controller] Calling Garbage Collector...
> [22.06.2022, 12:44:52@Controller] Calling Garbage Collector...
> [22.06.2022, 12:45:02@Controller] Calling Garbage Collector...
> [22.06.2022, 12:45:12@Controller] Calling Garbage Collector...
> [22.06.2022, 12:45:16@Controller] view loaded!
> [22.06.2022, 12:45:22@FileMaster] saving config...
> [22.06.2022, 12:45:22@FileMaster] configuration.cfg saved sucsessfully!
> [22.06.2022, 12:45:22@] Trying to insert frames...
> [22.06.2022, 12:45:22@Controller] Calling Garbage Collector...
> [22.06.2022, 12:45:32@Controller] Calling Garbage Collector...
> [22.06.2022, 12:45:42@] Trying to insert frames...
> [22.06.2022, 12:45:42@Controller] Calling Garbage Collector...
> [22.06.2022, 12:45:52@Controller] Calling Garbage Collector...
> [22.06.2022, 12:46:01@Controller] view loaded!
> [22.06.2022, 12:46:02@] Trying to insert frames...
> [22.06.2022, 12:46:02@Controller] Calling Garbage Collector...
> [22.06.2022, 12:46:12@Controller] Calling Garbage Collector...
> [22.06.2022, 12:46:22@] Trying to insert frames...
> [22.06.2022, 12:46:22@Controller] Calling Garbage Collector...
> [22.06.2022, 12:46:32@Controller] Calling Garbage Collector...
> [22.06.2022, 12:46:42@] Trying to insert frames...
> [22.06.2022, 12:46:42@Controller] Calling Garbage Collector...
> [22.06.2022, 12:46:52@Controller] Calling Garbage Collector...
> [22.06.2022, 12:47:02@] Trying to insert frames...
> [22.06.2022, 12:47:02@Controller] Calling Garbage Collector...
> [22.06.2022, 12:47:12@Controller] Calling Garbage Collector...
> [22.06.2022, 12:47:22@] Trying to insert frames...
> [22.06.2022, 12:47:22@Controller] Calling Garbage Collector...
> [22.06.2022, 12:47:32@Controller] Calling Garbage Collector...
> [22.06.2022, 12:47:42@] Trying to insert frames...
> [22.06.2022, 12:47:42@Controller] Calling Garbage Collector...
> [22.06.2022, 12:47:52@Controller] Calling Garbage Collector...
> [22.06.2022, 12:48:02@] Trying to insert frames...
> [22.06.2022, 12:48:02@Controller] Calling Garbage Collector...
> [22.06.2022, 12:48:12@Controller] Calling Garbage Collector...
> [22.06.2022, 12:48:22@] Trying to insert frames...
> [22.06.2022, 12:48:22@Controller] Calling Garbage Collector...
> [22.06.2022, 12:48:32@Controller] Calling Garbage Collector...
> [22.06.2022, 12:48:42@] Trying to insert frames...
> [22.06.2022, 12:48:42@Controller] Calling Garbage Collector...
> [22.06.2022, 12:48:52@Controller] Calling Garbage Collector...
> [22.06.2022, 12:49:02@] Trying to insert frames...
> [22.06.2022, 12:49:02@Controller] Calling Garbage Collector...
> [22.06.2022, 12:49:12@Controller] Calling Garbage Collector...
> [22.06.2022, 12:49:22@] Trying to insert frames...
> [22.06.2022, 12:49:22@Controller] Calling Garbage Collector...
> [22.06.2022, 12:49:32@Controller] Calling Garbage Collector...
> [22.06.2022, 12:49:42@] Trying to insert frames...
> [22.06.2022, 12:49:42@Controller] Calling Garbage Collector...
> [22.06.2022, 12:49:52@Controller] Calling Garbage Collector...
> [22.06.2022, 12:49:59@Controller] Shutting down program, please wait...
> [22.06.2022, 12:49:59@FileMaster] saving config...
> [22.06.2022, 12:49:59@FileMaster] configuration.cfg saved sucsessfully!
> 