> [15.06.2022, 16:39:16@Controller] initializing Controller...
> [15.06.2022, 16:39:16@Controller] initializing Executors...
> [15.06.2022, 16:39:16@Controller] Executors initialized sucsessfully!
> [15.06.2022, 16:39:16@Controller] Controller initialized sucsessfully!
> [15.06.2022, 16:39:16@GUI] initialising GUI...
> [15.06.2022, 16:39:16@GUI] GUI initialized sucsessfully!
> [15.06.2022, 16:39:26@Controller] Calling Garbage Collector...
> [15.06.2022, 16:39:36@Class] Trying to insert frames...
> [15.06.2022, 16:39:36@Controller] Calling Garbage Collector...
> [15.06.2022, 16:39:46@Controller] Calling Garbage Collector...
> [15.06.2022, 16:39:54@Controller] db-data couldn't be found!
> [15.06.2022, 16:39:54@Controller] view loaded!
> [15.06.2022, 16:39:56@Class] Trying to insert frames...
> [15.06.2022, 16:39:56@Controller] Calling Garbage Collector...
> [15.06.2022, 16:40:06@Controller] Calling Garbage Collector...
> [15.06.2022, 16:40:16@FileMaster] saving config...
> [15.06.2022, 16:40:16@FileMaster] configuration.cfg saved sucsessfully!
> [15.06.2022, 16:40:16@Class] Trying to insert frames...
> [15.06.2022, 16:40:16@Controller] Calling Garbage Collector...
> [15.06.2022, 16:40:26@Controller] Calling Garbage Collector...
> [15.06.2022, 16:40:36@Class] Trying to insert frames...
> [15.06.2022, 16:40:36@Controller] Calling Garbage Collector...
> [15.06.2022, 16:40:46@Controller] Calling Garbage Collector...
> [15.06.2022, 16:40:56@Class] Trying to insert frames...
> [15.06.2022, 16:40:56@Controller] Calling Garbage Collector...
> [15.06.2022, 16:41:06@Controller] Calling Garbage Collector...
> [15.06.2022, 16:41:16@Class] Trying to insert frames...
> [15.06.2022, 16:41:16@Controller] Calling Garbage Collector...
> [15.06.2022, 16:41:26@Controller] Calling Garbage Collector...
> [15.06.2022, 16:41:36@Class] Trying to insert frames...
> [15.06.2022, 16:41:36@Controller] Calling Garbage Collector...
> [15.06.2022, 16:41:46@Controller] Calling Garbage Collector...
> [15.06.2022, 16:41:56@Class] Trying to insert frames...
> [15.06.2022, 16:41:56@Controller] Calling Garbage Collector...
> [15.06.2022, 16:42:06@Controller] Calling Garbage Collector...
> [15.06.2022, 16:42:16@Class] Trying to insert frames...
> [15.06.2022, 16:42:16@Controller] Calling Garbage Collector...
> [15.06.2022, 16:42:26@Controller] Calling Garbage Collector...
> [15.06.2022, 16:42:36@Class] Trying to insert frames...
> [15.06.2022, 16:42:36@Controller] Calling Garbage Collector...
> [15.06.2022, 16:42:46@Controller] Calling Garbage Collector...
> [15.06.2022, 16:42:56@Class] Trying to insert frames...
> [15.06.2022, 16:42:56@Controller] Calling Garbage Collector...
> [15.06.2022, 16:43:06@Controller] Calling Garbage Collector...
> [15.06.2022, 16:43:16@Class] Trying to insert frames...
> [15.06.2022, 16:43:16@Controller] Calling Garbage Collector...
> [15.06.2022, 16:43:26@Controller] Calling Garbage Collector...
> [15.06.2022, 16:43:36@Class] Trying to insert frames...
> [15.06.2022, 16:43:36@Controller] Calling Garbage Collector...
> [15.06.2022, 16:43:46@Controller] Calling Garbage Collector...
> [15.06.2022, 16:43:56@Class] Trying to insert frames...
> [15.06.2022, 16:43:56@Controller] Calling Garbage Collector...
> [15.06.2022, 16:44:06@Controller] Calling Garbage Collector...
> [15.06.2022, 16:44:16@Class] Trying to insert frames...
> [15.06.2022, 16:44:16@Controller] Calling Garbage Collector...
> [15.06.2022, 16:44:26@Controller] Calling Garbage Collector...
> [15.06.2022, 16:44:36@Class] Trying to insert frames...
> [15.06.2022, 16:44:36@Controller] Calling Garbage Collector...
> [15.06.2022, 16:44:46@Controller] Calling Garbage Collector...
> [15.06.2022, 16:44:56@Class] Trying to insert frames...
> [15.06.2022, 16:44:56@Controller] Calling Garbage Collector...
> [15.06.2022, 16:45:06@Controller] Calling Garbage Collector...
> [15.06.2022, 16:45:16@FileMaster] saving config...
> [15.06.2022, 16:45:16@FileMaster] configuration.cfg saved sucsessfully!
> [15.06.2022, 16:45:16@Class] Trying to insert frames...
> [15.06.2022, 16:45:16@Controller] Calling Garbage Collector...
> [15.06.2022, 16:45:26@Controller] Calling Garbage Collector...
> [15.06.2022, 16:45:36@Class] Trying to insert frames...
> [15.06.2022, 16:45:36@Controller] Calling Garbage Collector...
> [15.06.2022, 16:45:46@Controller] Calling Garbage Collector...
> [15.06.2022, 16:45:56@Class] Trying to insert frames...
> [15.06.2022, 16:45:56@Controller] Calling Garbage Collector...
> [15.06.2022, 16:46:06@Controller] Calling Garbage Collector...
> [15.06.2022, 16:46:16@Class] Trying to insert frames...
> [15.06.2022, 16:46:16@Controller] Calling Garbage Collector...
> [15.06.2022, 16:46:26@Controller] Calling Garbage Collector...
> [15.06.2022, 16:46:36@Class] Trying to insert frames...
> [15.06.2022, 16:46:36@Controller] Calling Garbage Collector...
> [15.06.2022, 16:46:46@Controller] Calling Garbage Collector...
> [15.06.2022, 16:46:56@Class] Trying to insert frames...
> [15.06.2022, 16:46:56@Controller] Calling Garbage Collector...
> [15.06.2022, 16:47:06@Controller] Calling Garbage Collector...
> [15.06.2022, 16:47:16@Class] Trying to insert frames...
> [15.06.2022, 16:47:16@Controller] Calling Garbage Collector...
> [15.06.2022, 16:47:26@Controller] Calling Garbage Collector...
> [15.06.2022, 16:47:36@Class] Trying to insert frames...
> [15.06.2022, 16:47:36@Controller] Calling Garbage Collector...
> [15.06.2022, 16:47:46@Controller] Calling Garbage Collector...
> [15.06.2022, 16:47:56@Class] Trying to insert frames...
> [15.06.2022, 16:47:56@Controller] Calling Garbage Collector...
> [15.06.2022, 16:48:06@Controller] Calling Garbage Collector...
> [15.06.2022, 16:48:16@Class] Trying to insert frames...
> [15.06.2022, 16:48:16@Controller] Calling Garbage Collector...
> [15.06.2022, 16:48:26@Controller] Calling Garbage Collector...
> [15.06.2022, 16:48:36@Class] Trying to insert frames...
> [15.06.2022, 16:48:36@Controller] Calling Garbage Collector...
> [15.06.2022, 16:48:46@Controller] Calling Garbage Collector...
> [15.06.2022, 16:48:56@Class] Trying to insert frames...
> [15.06.2022, 16:48:56@Controller] Calling Garbage Collector...
> [15.06.2022, 16:49:06@Controller] Calling Garbage Collector...
> [15.06.2022, 16:49:16@Class] Trying to insert frames...
> [15.06.2022, 16:49:16@Controller] Calling Garbage Collector...
> [15.06.2022, 16:49:23@Controller] Shutting down program, please wait...
> [15.06.2022, 16:49:23@FileMaster] saving config...
> [15.06.2022, 16:49:23@FileMaster] configuration.cfg saved sucsessfully!
> 