> [23.06.2022, 04:13:03@] initializing Controller...
> [23.06.2022, 04:13:03@] initializing Executors...
> [23.06.2022, 04:13:03@] Executors initialized sucsessfully!
> [23.06.2022, 04:13:03@] Controller initialized sucsessfully!
> [23.06.2022, 04:13:03@GUI] initialising GUI...
> [23.06.2022, 04:13:03@GUI] GUI initialized sucsessfully!
> [23.06.2022, 04:13:08@] view loaded!
> [23.06.2022, 04:13:13@] Calling Garbage Collector...
> [23.06.2022, 04:13:23@] Trying to insert frames...
> [23.06.2022, 04:13:23@] Inserting 500 frames...
> [23.06.2022, 04:13:23@] Calling Garbage Collector...
> [23.06.2022, 04:13:33@] Calling Garbage Collector...
> [23.06.2022, 04:13:43@] Trying to insert frames...
> [23.06.2022, 04:13:43@] Inserting 500 frames...
> [23.06.2022, 04:13:43@] Calling Garbage Collector...
> [23.06.2022, 04:13:53@] Calling Garbage Collector...
> [23.06.2022, 04:14:03@FileMaster] saving config...
> [23.06.2022, 04:14:03@FileMaster] configuration.cfg saved sucsessfully!
> [23.06.2022, 04:14:03@] Trying to insert frames...
> [23.06.2022, 04:14:03@] Inserting 500 frames...
> [23.06.2022, 04:14:03@] Calling Garbage Collector...
> [23.06.2022, 04:14:13@] Calling Garbage Collector...
> [23.06.2022, 04:14:23@] Trying to insert frames...
> [23.06.2022, 04:14:23@] Inserting 500 frames...
> [23.06.2022, 04:14:23@] Calling Garbage Collector...
> [23.06.2022, 04:14:33@] Calling Garbage Collector...
> [23.06.2022, 04:14:43@] Trying to insert frames...
> [23.06.2022, 04:14:43@] Inserting 500 frames...
> [23.06.2022, 04:14:43@] Calling Garbage Collector...
> [23.06.2022, 04:14:53@] Calling Garbage Collector...
> [23.06.2022, 04:15:03@] Trying to insert frames...
> [23.06.2022, 04:15:03@] Inserting 500 frames...
> [23.06.2022, 04:15:03@] Calling Garbage Collector...
> [23.06.2022, 04:15:13@] Calling Garbage Collector...
> [23.06.2022, 04:15:23@] Trying to insert frames...
> [23.06.2022, 04:15:23@] Inserting 500 frames...
> [23.06.2022, 04:15:23@] Calling Garbage Collector...
> [23.06.2022, 04:15:33@] Calling Garbage Collector...
> [23.06.2022, 04:15:43@] Trying to insert frames...
> [23.06.2022, 04:15:43@] Inserting 500 frames...
> [23.06.2022, 04:15:43@] Calling Garbage Collector...
> [23.06.2022, 04:15:53@] Calling Garbage Collector...
> [23.06.2022, 04:16:03@] Trying to insert frames...
> [23.06.2022, 04:16:03@] Inserting 500 frames...
> [23.06.2022, 04:16:03@] Calling Garbage Collector...
> [23.06.2022, 04:16:13@] Calling Garbage Collector...
> [23.06.2022, 04:16:23@] Trying to insert frames...
> [23.06.2022, 04:16:23@] Inserting 500 frames...
> [23.06.2022, 04:16:23@] Calling Garbage Collector...
> [23.06.2022, 04:16:33@] Calling Garbage Collector...
> [23.06.2022, 04:16:43@] Calling Garbage Collector...
> [23.06.2022, 04:16:47@] view loaded!
> [23.06.2022, 04:16:53@] Calling Garbage Collector...
> [23.06.2022, 04:17:03@] Trying to insert frames...
> [23.06.2022, 04:17:03@] Inserting 500 frames...
> [23.06.2022, 04:17:03@] Calling Garbage Collector...
> [23.06.2022, 04:17:13@] Calling Garbage Collector...
> [23.06.2022, 04:17:23@] Trying to insert frames...
> [23.06.2022, 04:17:23@] Inserting 500 frames...
> [23.06.2022, 04:17:23@] Calling Garbage Collector...
> [23.06.2022, 04:17:33@] Calling Garbage Collector...
> [23.06.2022, 04:17:36@] Shutting down program, please wait...
> [23.06.2022, 04:17:36@FileMaster] saving config...
> [23.06.2022, 04:17:36@FileMaster] configuration.cfg saved sucsessfully!
> [23.06.2022, 04:17:43@] Calling Garbage Collector...
> [23.06.2022, 04:17:53@] Calling Garbage Collector...
> [23.06.2022, 04:18:03@] Calling Garbage Collector...
> [23.06.2022, 04:18:13@] Calling Garbage Collector...
> [23.06.2022, 04:18:23@] Calling Garbage Collector...
> [23.06.2022, 04:18:33@] Calling Garbage Collector...
> [23.06.2022, 04:18:43@] Calling Garbage Collector...
> [23.06.2022, 04:18:53@] Calling Garbage Collector...
> [23.06.2022, 04:19:03@] Calling Garbage Collector...
> 