> [10.06.2022, 02:00:06@Controller] initializing Controller...
> [10.06.2022, 02:00:06@Controller] Controller initialized sucsessfully!
> [10.06.2022, 02:00:06@Controller] initializing Executors...
> [10.06.2022, 02:00:06@Controller] Executors initialized sucsessfully!
> [10.06.2022, 02:00:06@GUI] initialising GUI...
> [10.06.2022, 02:00:06@GUI] GUI initialized sucsessfully!
> [10.06.2022, 02:00:09@Controller] view loaded!
> [10.06.2022, 02:00:16@Controller] Calling Garbage Collector...
> [10.06.2022, 02:00:26@Class] Trying to insert fr24Frames...
> [10.06.2022, 02:00:26@Class] Inserting 250 fr24Frames...
> [10.06.2022, 02:00:26@Controller] Calling Garbage Collector...
> [10.06.2022, 02:00:36@Controller] Calling Garbage Collector...
> [10.06.2022, 02:00:46@Class] Trying to insert fr24Frames...
> [10.06.2022, 02:00:46@Class] Inserting 250 fr24Frames...
> [10.06.2022, 02:00:46@Controller] Calling Garbage Collector...
> [10.06.2022, 02:00:56@Controller] Calling Garbage Collector...
> [10.06.2022, 02:01:06@FileMaster] saving config...
> [10.06.2022, 02:01:06@FileMaster] configuration.cfg saved sucsessfully!
> [10.06.2022, 02:01:06@Class] Trying to insert fr24Frames...
> [10.06.2022, 02:01:06@Class] Inserting 250 fr24Frames...
> [10.06.2022, 02:01:06@Controller] Calling Garbage Collector...
> [10.06.2022, 02:01:16@Controller] Calling Garbage Collector...
> [10.06.2022, 02:01:26@Class] Trying to insert fr24Frames...
> [10.06.2022, 02:01:26@Class] Inserting 250 fr24Frames...
> [10.06.2022, 02:01:26@Controller] Calling Garbage Collector...
> [10.06.2022, 02:01:36@Controller] Calling Garbage Collector...
> [10.06.2022, 02:01:46@Class] Trying to insert fr24Frames...
> [10.06.2022, 02:01:46@Class] Inserting 250 fr24Frames...
> [10.06.2022, 02:01:46@Controller] Calling Garbage Collector...
> [10.06.2022, 02:01:56@Controller] Calling Garbage Collector...
> [10.06.2022, 02:02:06@Class] Trying to insert fr24Frames...
> [10.06.2022, 02:02:06@Class] Inserting 250 fr24Frames...
> [10.06.2022, 02:02:06@Controller] Calling Garbage Collector...
> [10.06.2022, 02:02:16@Controller] Calling Garbage Collector...
> [10.06.2022, 02:02:26@Class] Trying to insert fr24Frames...
> [10.06.2022, 02:02:26@Class] Inserting 250 fr24Frames...
> [10.06.2022, 02:02:26@Controller] Calling Garbage Collector...
> [10.06.2022, 02:02:36@Controller] Calling Garbage Collector...
> [10.06.2022, 02:02:46@Class] Trying to insert fr24Frames...
> [10.06.2022, 02:02:46@Class] Inserting 250 fr24Frames...
> [10.06.2022, 02:02:46@Controller] Calling Garbage Collector...
> [10.06.2022, 02:02:56@Controller] Calling Garbage Collector...
> [10.06.2022, 02:03:02@Controller] view loaded!
> [10.06.2022, 02:03:06@Class] Trying to insert fr24Frames...
> [10.06.2022, 02:03:06@Class] Inserting 250 fr24Frames...
> [10.06.2022, 02:03:06@Controller] Calling Garbage Collector...
> [10.06.2022, 02:03:16@Controller] Calling Garbage Collector...
> [10.06.2022, 02:03:26@Class] Trying to insert fr24Frames...
> [10.06.2022, 02:03:26@Class] Inserting 250 fr24Frames...
> [10.06.2022, 02:03:26@Controller] Calling Garbage Collector...
> [10.06.2022, 02:03:36@Controller] Calling Garbage Collector...
> [10.06.2022, 02:03:39@Controller] Shutting down program, please wait...
> [10.06.2022, 02:03:39@FileMaster] saving config...
> [10.06.2022, 02:03:39@FileMaster] configuration.cfg saved sucsessfully!
> 