> [14.06.2022, 08:18:24@Controller] initializing Controller...
> [14.06.2022, 08:18:24@Controller] initializing Executors...
> [14.06.2022, 08:18:24@Controller] Executors initialized sucsessfully!
> [14.06.2022, 08:18:24@Controller] Controller initialized sucsessfully!
> [14.06.2022, 08:18:24@GUI] initialising GUI...
> [14.06.2022, 08:18:24@GUI] GUI initialized sucsessfully!
> [14.06.2022, 08:18:34@Controller] Calling Garbage Collector...
> [14.06.2022, 08:18:44@Controller] Calling Garbage Collector...
> [14.06.2022, 08:18:54@Controller] Calling Garbage Collector...
> [14.06.2022, 08:19:04@Controller] Calling Garbage Collector...
> [14.06.2022, 08:19:14@Controller] Calling Garbage Collector...
> [14.06.2022, 08:19:24@Controller] Calling Garbage Collector...
> [14.06.2022, 08:19:34@Controller] Calling Garbage Collector...
> [14.06.2022, 08:19:44@Controller] Calling Garbage Collector...
> [14.06.2022, 08:19:54@Controller] Calling Garbage Collector...
> [14.06.2022, 08:20:04@Controller] Calling Garbage Collector...
> [14.06.2022, 08:20:14@Controller] Calling Garbage Collector...
> [14.06.2022, 08:20:18@Controller] view loaded!
> [14.06.2022, 08:20:24@Class] Trying to insert frames...
> [14.06.2022, 08:20:24@Class] Inserting 250 frames...
> [14.06.2022, 08:20:24@Controller] Calling Garbage Collector...
> [14.06.2022, 08:20:34@Controller] Calling Garbage Collector...
> [14.06.2022, 08:20:44@Class] Trying to insert frames...
> [14.06.2022, 08:20:44@Class] Inserting 250 frames...
> [14.06.2022, 08:20:44@Controller] Calling Garbage Collector...
> [14.06.2022, 08:20:54@Controller] Calling Garbage Collector...
> [14.06.2022, 08:21:04@Controller] Calling Garbage Collector...
> [14.06.2022, 08:21:06@Controller] view loaded!
> [14.06.2022, 08:21:14@Controller] Calling Garbage Collector...
> [14.06.2022, 08:21:24@Class] Trying to insert frames...
> [14.06.2022, 08:21:24@Class] Inserting 250 frames...
> [14.06.2022, 08:21:24@Controller] Calling Garbage Collector...
> [14.06.2022, 08:21:34@Controller] Calling Garbage Collector...
> [14.06.2022, 08:21:44@Class] Trying to insert frames...
> [14.06.2022, 08:21:44@Class] Inserting 250 frames...
> [14.06.2022, 08:21:44@Controller] Calling Garbage Collector...
> [14.06.2022, 08:21:54@Controller] Calling Garbage Collector...
> [14.06.2022, 08:22:04@Class] Trying to insert frames...
> [14.06.2022, 08:22:04@Class] Inserting 250 frames...
> [14.06.2022, 08:22:04@Controller] Calling Garbage Collector...
> [14.06.2022, 08:22:14@Controller] Calling Garbage Collector...
> [14.06.2022, 08:22:24@Class] Trying to insert frames...
> [14.06.2022, 08:22:24@Class] Inserting 250 frames...
> [14.06.2022, 08:22:24@Controller] Calling Garbage Collector...
> [14.06.2022, 08:22:34@Controller] Calling Garbage Collector...
> [14.06.2022, 08:22:44@Class] Trying to insert frames...
> [14.06.2022, 08:22:44@Class] Inserting 250 frames...
> [14.06.2022, 08:22:44@Controller] Calling Garbage Collector...
> [14.06.2022, 08:22:54@Controller] Calling Garbage Collector...
> [14.06.2022, 08:23:00@Controller] view loaded!
> [14.06.2022, 08:23:04@Class] Trying to insert frames...
> [14.06.2022, 08:23:04@Class] Inserting 250 frames...
> [14.06.2022, 08:23:04@Controller] Calling Garbage Collector...
> [14.06.2022, 08:23:14@Controller] Calling Garbage Collector...
> [14.06.2022, 08:23:24@Class] Trying to insert frames...
> [14.06.2022, 08:23:24@Class] Inserting 250 frames...
> [14.06.2022, 08:23:24@Controller] Calling Garbage Collector...
> [14.06.2022, 08:23:34@Controller] Calling Garbage Collector...
> [14.06.2022, 08:23:44@Class] Trying to insert frames...
> [14.06.2022, 08:23:44@Class] Inserting 250 frames...
> [14.06.2022, 08:23:44@Controller] Calling Garbage Collector...
> [14.06.2022, 08:23:54@Controller] Calling Garbage Collector...
> [14.06.2022, 08:24:04@Class] Trying to insert frames...
> [14.06.2022, 08:24:04@Class] Inserting 250 frames...
> [14.06.2022, 08:24:04@Controller] Calling Garbage Collector...
> [14.06.2022, 08:24:14@Controller] Calling Garbage Collector...
> [14.06.2022, 08:24:24@FileMaster] saving config...
> [14.06.2022, 08:24:24@FileMaster] configuration.cfg saved sucsessfully!
> [14.06.2022, 08:24:24@Class] Trying to insert frames...
> [14.06.2022, 08:24:24@Controller] Calling Garbage Collector...
> [14.06.2022, 08:24:34@Controller] Calling Garbage Collector...
> [14.06.2022, 08:24:44@Class] Trying to insert frames...
> [14.06.2022, 08:24:44@Controller] Calling Garbage Collector...
> [14.06.2022, 08:24:54@Controller] Calling Garbage Collector...
> [14.06.2022, 08:25:04@Class] Trying to insert frames...
> [14.06.2022, 08:25:04@Controller] Calling Garbage Collector...
> [14.06.2022, 08:25:14@Controller] Calling Garbage Collector...
> [14.06.2022, 08:25:24@Class] Trying to insert frames...
> [14.06.2022, 08:25:24@Controller] Calling Garbage Collector...
> [14.06.2022, 08:25:34@Controller] Calling Garbage Collector...
> [14.06.2022, 08:25:44@Class] Trying to insert frames...
> [14.06.2022, 08:25:44@Controller] Calling Garbage Collector...
> [14.06.2022, 08:25:54@Controller] Calling Garbage Collector...
> [14.06.2022, 08:26:04@Class] Trying to insert frames...
> [14.06.2022, 08:26:04@Controller] Calling Garbage Collector...
> [14.06.2022, 08:26:10@Controller] Shutting down program, please wait...
> [14.06.2022, 08:26:10@FileMaster] saving config...
> [14.06.2022, 08:26:10@FileMaster] configuration.cfg saved sucsessfully!
> 