> [19.06.2022, 20:47:33@Controller] initializing Controller...
> [19.06.2022, 20:47:33@Controller] initializing Executors...
> [19.06.2022, 20:47:33@Controller] Executors initialized sucsessfully!
> [19.06.2022, 20:47:33@Controller] Controller initialized sucsessfully!
> [19.06.2022, 20:47:33@GUI] initialising GUI...
> [19.06.2022, 20:47:33@GUI] GUI initialized sucsessfully!
> [19.06.2022, 20:47:43@Controller] Calling Garbage Collector...
> [19.06.2022, 20:47:53@] Trying to insert frames...
> [19.06.2022, 20:47:53@] Inserting 500 frames...
> [19.06.2022, 20:47:53@Controller] Calling Garbage Collector...
> [19.06.2022, 20:48:03@Controller] Calling Garbage Collector...
> [19.06.2022, 20:48:13@] Trying to insert frames...
> [19.06.2022, 20:48:13@] Inserting 500 frames...
> [19.06.2022, 20:48:13@Controller] Calling Garbage Collector...
> [19.06.2022, 20:48:23@Controller] Calling Garbage Collector...
> [19.06.2022, 20:48:33@FileMaster] saving config...
> [19.06.2022, 20:48:33@FileMaster] configuration.cfg saved sucsessfully!
> [19.06.2022, 20:48:33@] Trying to insert frames...
> [19.06.2022, 20:48:33@] Inserting 500 frames...
> [19.06.2022, 20:48:33@Controller] Calling Garbage Collector...
> [19.06.2022, 20:48:43@Controller] Calling Garbage Collector...
> [19.06.2022, 20:48:53@Controller] Calling Garbage Collector...
> [19.06.2022, 20:49:03@Controller] Calling Garbage Collector...
> [19.06.2022, 20:49:13@Controller] Calling Garbage Collector...
> [19.06.2022, 20:49:15@Controller] view loaded!
> [19.06.2022, 20:49:23@Controller] Calling Garbage Collector...
> [19.06.2022, 20:49:33@] Trying to insert frames...
> [19.06.2022, 20:49:33@] Inserting 500 frames...
> [19.06.2022, 20:49:33@Controller] Calling Garbage Collector...
> [19.06.2022, 20:49:42@Controller] view loaded!
> [19.06.2022, 20:49:43@Controller] Calling Garbage Collector...
> [19.06.2022, 20:49:53@Controller] Calling Garbage Collector...
> [19.06.2022, 20:49:53@Controller] view loaded!
> [19.06.2022, 20:50:03@Controller] Calling Garbage Collector...
> [19.06.2022, 20:50:04@Controller] view loaded!
> [19.06.2022, 20:50:13@] Trying to insert frames...
> [19.06.2022, 20:50:13@] Inserting 500 frames...
> [19.06.2022, 20:50:13@Controller] Calling Garbage Collector...
> [19.06.2022, 20:50:23@Controller] Calling Garbage Collector...
> [19.06.2022, 20:50:33@] Trying to insert frames...
> [19.06.2022, 20:50:33@] Inserting 500 frames...
> [19.06.2022, 20:50:33@Controller] Calling Garbage Collector...
> [19.06.2022, 20:50:43@Controller] Calling Garbage Collector...
> [19.06.2022, 20:50:53@] Trying to insert frames...
> [19.06.2022, 20:50:53@] Inserting 500 frames...
> [19.06.2022, 20:50:53@Controller] Calling Garbage Collector...
> [19.06.2022, 20:51:03@Controller] Calling Garbage Collector...
> [19.06.2022, 20:51:13@] Trying to insert frames...
> [19.06.2022, 20:51:13@] Inserting 500 frames...
> [19.06.2022, 20:51:13@Controller] Calling Garbage Collector...
> [19.06.2022, 20:51:14@Controller] Shutting down program, please wait...
> [19.06.2022, 20:51:14@FileMaster] saving config...
> [19.06.2022, 20:51:14@FileMaster] configuration.cfg saved sucsessfully!
> 