> [17.06.2022, 13:09:13@Controller] initializing Controller...
> [17.06.2022, 13:09:13@Controller] initializing Executors...
> [17.06.2022, 13:09:13@Controller] Executors initialized sucsessfully!
> [17.06.2022, 13:09:13@Controller] Controller initialized sucsessfully!
> [17.06.2022, 13:09:13@GUI] initialising GUI...
> [17.06.2022, 13:09:13@GUI] GUI initialized sucsessfully!
> [17.06.2022, 13:09:23@Controller] Calling Garbage Collector...
> [17.06.2022, 13:09:33@Controller] Calling Garbage Collector...
> [17.06.2022, 13:09:39@Controller] view loaded!
> [17.06.2022, 13:09:44@Controller] Calling Garbage Collector...
> [17.06.2022, 13:09:53@Class] Trying to insert frames...
> [17.06.2022, 13:09:53@Controller] Calling Garbage Collector...
> [17.06.2022, 13:10:03@Controller] Calling Garbage Collector...
> [17.06.2022, 13:10:13@FileMaster] saving config...
> [17.06.2022, 13:10:13@FileMaster] configuration.cfg saved sucsessfully!
> [17.06.2022, 13:10:13@Class] Trying to insert frames...
> [17.06.2022, 13:10:14@Controller] Calling Garbage Collector...
> [17.06.2022, 13:10:23@Controller] Calling Garbage Collector...
> [17.06.2022, 13:10:33@Class] Trying to insert frames...
> [17.06.2022, 13:10:33@Controller] Calling Garbage Collector...
> [17.06.2022, 13:10:43@Controller] Calling Garbage Collector...
> [17.06.2022, 13:10:53@Class] Trying to insert frames...
> [17.06.2022, 13:10:53@Controller] Calling Garbage Collector...
> [17.06.2022, 13:11:04@Controller] Calling Garbage Collector...
> [17.06.2022, 13:11:13@Class] Trying to insert frames...
> [17.06.2022, 13:11:13@Controller] Calling Garbage Collector...
> [17.06.2022, 13:11:24@Controller] Calling Garbage Collector...
> [17.06.2022, 13:11:33@Class] Trying to insert frames...
> [17.06.2022, 13:11:33@Controller] Calling Garbage Collector...
> [17.06.2022, 13:11:43@Controller] Calling Garbage Collector...
> [17.06.2022, 13:11:53@Class] Trying to insert frames...
> [17.06.2022, 13:11:53@Controller] Calling Garbage Collector...
> [17.06.2022, 13:12:03@Controller] Calling Garbage Collector...
> [17.06.2022, 13:12:13@Class] Trying to insert frames...
> [17.06.2022, 13:12:13@Controller] Calling Garbage Collector...
> [17.06.2022, 13:12:24@Controller] Calling Garbage Collector...
> [17.06.2022, 13:12:33@Class] Trying to insert frames...
> [17.06.2022, 13:12:33@Controller] Calling Garbage Collector...
> [17.06.2022, 13:12:43@Controller] Calling Garbage Collector...
> [17.06.2022, 13:12:53@Class] Trying to insert frames...
> [17.06.2022, 13:12:53@Controller] Calling Garbage Collector...
> [17.06.2022, 13:13:03@Controller] Calling Garbage Collector...
> [17.06.2022, 13:13:13@Class] Trying to insert frames...
> [17.06.2022, 13:13:13@Controller] Calling Garbage Collector...
> [17.06.2022, 13:13:23@Controller] Calling Garbage Collector...
> [17.06.2022, 13:13:33@Class] Trying to insert frames...
> [17.06.2022, 13:13:33@Controller] Calling Garbage Collector...
> [17.06.2022, 13:13:43@Controller] Calling Garbage Collector...
> [17.06.2022, 13:13:53@Class] Trying to insert frames...
> [17.06.2022, 13:13:53@Controller] Calling Garbage Collector...
> [17.06.2022, 13:14:03@Controller] Calling Garbage Collector...
> [17.06.2022, 13:14:13@Class] Trying to insert frames...
> [17.06.2022, 13:14:13@Controller] Calling Garbage Collector...
> [17.06.2022, 13:14:23@Controller] Calling Garbage Collector...
> [17.06.2022, 13:14:33@Class] Trying to insert frames...
> [17.06.2022, 13:14:33@Controller] Calling Garbage Collector...
> [17.06.2022, 13:14:43@Controller] Calling Garbage Collector...
> [17.06.2022, 13:14:53@Class] Trying to insert frames...
> [17.06.2022, 13:14:53@Controller] Calling Garbage Collector...
> [17.06.2022, 13:15:03@Controller] Calling Garbage Collector...
> [17.06.2022, 13:15:13@FileMaster] saving config...
> [17.06.2022, 13:15:13@FileMaster] configuration.cfg saved sucsessfully!
> [17.06.2022, 13:15:13@Class] Trying to insert frames...
> [17.06.2022, 13:15:14@Controller] Calling Garbage Collector...
> [17.06.2022, 13:15:23@Controller] Calling Garbage Collector...
> [17.06.2022, 13:15:33@Class] Trying to insert frames...
> [17.06.2022, 13:15:33@Controller] Calling Garbage Collector...
> [17.06.2022, 13:15:44@Controller] Calling Garbage Collector...
> [17.06.2022, 13:15:53@Class] Trying to insert frames...
> [17.06.2022, 13:15:54@Controller] Calling Garbage Collector...
> [17.06.2022, 13:16:03@Controller] Calling Garbage Collector...
> [17.06.2022, 13:16:13@Class] Trying to insert frames...
> [17.06.2022, 13:16:13@Controller] Calling Garbage Collector...
> [17.06.2022, 13:16:23@Controller] Calling Garbage Collector...
> [17.06.2022, 13:16:33@Class] Trying to insert frames...
> [17.06.2022, 13:16:33@Controller] Calling Garbage Collector...
> [17.06.2022, 13:16:43@Controller] Calling Garbage Collector...
> [17.06.2022, 13:16:53@Class] Trying to insert frames...
> [17.06.2022, 13:16:54@Controller] Calling Garbage Collector...
> [17.06.2022, 13:17:04@Controller] Calling Garbage Collector...
> [17.06.2022, 13:17:13@Class] Trying to insert frames...
> [17.06.2022, 13:17:13@Controller] Calling Garbage Collector...
> [17.06.2022, 13:17:23@Controller] Calling Garbage Collector...
> [17.06.2022, 13:17:33@Class] Trying to insert frames...
> [17.06.2022, 13:17:33@Controller] Calling Garbage Collector...
> [17.06.2022, 13:17:43@Controller] Calling Garbage Collector...
> [17.06.2022, 13:17:53@Class] Trying to insert frames...
> [17.06.2022, 13:17:53@Controller] Calling Garbage Collector...
> [17.06.2022, 13:18:03@Controller] Calling Garbage Collector...
> [17.06.2022, 13:18:13@Class] Trying to insert frames...
> [17.06.2022, 13:18:13@Controller] Calling Garbage Collector...
> [17.06.2022, 13:18:23@Controller] Calling Garbage Collector...
> [17.06.2022, 13:18:33@Class] Trying to insert frames...
> [17.06.2022, 13:18:33@Controller] Calling Garbage Collector...
> [17.06.2022, 13:18:35@Controller] view loaded!
> [17.06.2022, 13:18:44@Controller] Calling Garbage Collector...
> [17.06.2022, 13:18:53@Class] Trying to insert frames...
> [17.06.2022, 13:18:54@Controller] Calling Garbage Collector...
> [17.06.2022, 13:19:03@Controller] Calling Garbage Collector...
> [17.06.2022, 13:19:04@Controller] view loaded!
> [17.06.2022, 13:19:13@Class] Trying to insert frames...
> [17.06.2022, 13:19:14@Controller] Calling Garbage Collector...
> [17.06.2022, 13:19:17@Controller] view loaded!
> [17.06.2022, 13:19:23@Controller] Calling Garbage Collector...
> [17.06.2022, 13:19:33@Class] Trying to insert frames...
> [17.06.2022, 13:19:34@Controller] Calling Garbage Collector...
> [17.06.2022, 13:19:44@Controller] Calling Garbage Collector...
> [17.06.2022, 13:19:53@Class] Trying to insert frames...
> [17.06.2022, 13:19:54@Controller] Calling Garbage Collector...
> [17.06.2022, 13:20:03@Controller] Calling Garbage Collector...
> [17.06.2022, 13:20:13@FileMaster] saving config...
> [17.06.2022, 13:20:13@FileMaster] configuration.cfg saved sucsessfully!
> [17.06.2022, 13:20:13@Class] Trying to insert frames...
> [17.06.2022, 13:20:14@Controller] Calling Garbage Collector...
> [17.06.2022, 13:20:24@Controller] Calling Garbage Collector...
> [17.06.2022, 13:20:33@Class] Trying to insert frames...
> [17.06.2022, 13:20:33@Controller] Calling Garbage Collector...
> [17.06.2022, 13:20:44@Controller] Calling Garbage Collector...
> [17.06.2022, 13:20:53@Class] Trying to insert frames...
> [17.06.2022, 13:20:53@Controller] Calling Garbage Collector...
> [17.06.2022, 13:21:03@Controller] Calling Garbage Collector...
> [17.06.2022, 13:21:13@Class] Trying to insert frames...
> [17.06.2022, 13:21:14@Controller] Calling Garbage Collector...
> [17.06.2022, 13:21:23@Controller] Calling Garbage Collector...
> [17.06.2022, 13:21:33@Class] Trying to insert frames...
> [17.06.2022, 13:21:34@Controller] Calling Garbage Collector...
> [17.06.2022, 13:21:43@Controller] Calling Garbage Collector...
> [17.06.2022, 13:21:53@Class] Trying to insert frames...
> [17.06.2022, 13:21:53@Controller] Calling Garbage Collector...
> [17.06.2022, 13:21:56@Controller] view loaded!
> [17.06.2022, 13:22:03@Controller] Calling Garbage Collector...
> [17.06.2022, 13:22:05@Controller] view loaded!
> [17.06.2022, 13:22:13@Class] Trying to insert frames...
> [17.06.2022, 13:22:14@Controller] Calling Garbage Collector...
> [17.06.2022, 13:22:24@Controller] Calling Garbage Collector...
> [17.06.2022, 13:22:33@Class] Trying to insert frames...
> [17.06.2022, 13:22:34@Controller] Calling Garbage Collector...
> [17.06.2022, 13:22:43@Controller] Calling Garbage Collector...
> [17.06.2022, 13:22:53@Class] Trying to insert frames...
> [17.06.2022, 13:22:54@Controller] Calling Garbage Collector...
> [17.06.2022, 13:23:03@Controller] Calling Garbage Collector...
> [17.06.2022, 13:23:10@Controller] Shutting down program, please wait...
> [17.06.2022, 13:23:10@FileMaster] saving config...
> [17.06.2022, 13:23:10@FileMaster] configuration.cfg saved sucsessfully!
> 