> [16.06.2022, 01:27:27@Controller] initializing Controller...
> [16.06.2022, 01:27:27@Controller] initializing Executors...
> [16.06.2022, 01:27:27@Controller] Executors initialized sucsessfully!
> [16.06.2022, 01:27:27@Controller] Controller initialized sucsessfully!
> [16.06.2022, 01:27:27@GUI] initialising GUI...
> [16.06.2022, 01:27:27@GUI] GUI initialized sucsessfully!
> [16.06.2022, 01:27:31@Controller] view loaded!
> [16.06.2022, 01:27:37@Controller] Calling Garbage Collector...
> [16.06.2022, 01:27:47@Class] Trying to insert frames...
> [16.06.2022, 01:27:47@] Inserting 500 frames...
> [16.06.2022, 01:27:47@Controller] Calling Garbage Collector...
> [16.06.2022, 01:27:57@Controller] Calling Garbage Collector...
> [16.06.2022, 01:28:07@Class] Trying to insert frames...
> [16.06.2022, 01:28:07@] Inserting 500 frames...
> [16.06.2022, 01:28:07@Controller] Calling Garbage Collector...
> [16.06.2022, 01:28:17@Controller] Calling Garbage Collector...
> [16.06.2022, 01:28:27@Controller] Calling Garbage Collector...
> [16.06.2022, 01:28:31@Controller] view loaded!
> [16.06.2022, 01:28:37@Controller] Calling Garbage Collector...
> [16.06.2022, 01:28:47@Class] Trying to insert frames...
> [16.06.2022, 01:28:47@] Inserting 500 frames...
> [16.06.2022, 01:28:47@Controller] Calling Garbage Collector...
> [16.06.2022, 01:28:52@Controller] Shutting down program, please wait...
> [16.06.2022, 01:28:52@FileMaster] saving config...
> [16.06.2022, 01:28:52@FileMaster] configuration.cfg saved sucsessfully!
> 