> [17.06.2022, 11:37:29@Controller] initializing Controller...
> [17.06.2022, 11:37:29@Controller] initializing Executors...
> [17.06.2022, 11:37:29@Controller] Executors initialized sucsessfully!
> [17.06.2022, 11:37:29@Controller] Controller initialized sucsessfully!
> [17.06.2022, 11:37:29@GUI] initialising GUI...
> [17.06.2022, 11:37:29@GUI] GUI initialized sucsessfully!
> [17.06.2022, 11:37:39@Controller] Calling Garbage Collector...
> [17.06.2022, 11:37:49@] Trying to insert frames...
> [17.06.2022, 11:37:49@] Inserting 500 frames...
> [17.06.2022, 11:37:49@Controller] Calling Garbage Collector...
> [17.06.2022, 11:37:59@Controller] Calling Garbage Collector...
> [17.06.2022, 11:38:09@] Trying to insert frames...
> [17.06.2022, 11:38:09@] Inserting 500 frames...
> [17.06.2022, 11:38:09@Controller] Calling Garbage Collector...
> [17.06.2022, 11:38:19@Controller] Calling Garbage Collector...
> [17.06.2022, 11:38:29@Controller] Calling Garbage Collector...
> [17.06.2022, 11:38:39@Controller] Calling Garbage Collector...
> [17.06.2022, 11:38:49@Controller] Calling Garbage Collector...
> [17.06.2022, 11:38:59@Controller] Calling Garbage Collector...
> [17.06.2022, 11:39:09@Controller] Calling Garbage Collector...
> [17.06.2022, 11:39:19@Controller] Calling Garbage Collector...
> [17.06.2022, 11:39:29@Controller] Calling Garbage Collector...
> [17.06.2022, 11:39:39@Controller] Calling Garbage Collector...
> [17.06.2022, 11:39:49@Controller] Calling Garbage Collector...
> [17.06.2022, 11:39:59@Controller] Calling Garbage Collector...
> [17.06.2022, 11:40:09@Controller] Calling Garbage Collector...
> [17.06.2022, 11:40:19@Controller] Calling Garbage Collector...
> [17.06.2022, 11:40:29@Controller] Calling Garbage Collector...
> [17.06.2022, 11:40:39@Controller] Calling Garbage Collector...
> [17.06.2022, 11:40:49@Controller] Calling Garbage Collector...
> [17.06.2022, 11:40:59@Controller] Calling Garbage Collector...
> [17.06.2022, 11:41:09@Controller] Calling Garbage Collector...
> [17.06.2022, 11:41:19@Controller] Calling Garbage Collector...
> [17.06.2022, 11:41:29@Controller] Calling Garbage Collector...
> [17.06.2022, 11:41:39@Controller] Calling Garbage Collector...
> [17.06.2022, 11:41:40@Controller] view loaded!
> [17.06.2022, 11:41:49@] Trying to insert frames...
> [17.06.2022, 11:41:49@] Inserting 500 frames...
> [17.06.2022, 11:41:49@Controller] Calling Garbage Collector...
> [17.06.2022, 11:41:59@Controller] Calling Garbage Collector...
> [17.06.2022, 11:42:09@] Trying to insert frames...
> [17.06.2022, 11:42:09@] Inserting 500 frames...
> [17.06.2022, 11:42:09@Controller] Calling Garbage Collector...
> [17.06.2022, 11:42:19@Controller] Calling Garbage Collector...
> [17.06.2022, 11:42:29@] Trying to insert frames...
> [17.06.2022, 11:42:29@] Inserting 500 frames...
> [17.06.2022, 11:42:29@Controller] Calling Garbage Collector...
> [17.06.2022, 11:42:39@Controller] Calling Garbage Collector...
> [17.06.2022, 11:42:49@] Trying to insert frames...
> [17.06.2022, 11:42:49@] Inserting 500 frames...
> [17.06.2022, 11:42:49@Controller] Calling Garbage Collector...
> [17.06.2022, 11:42:59@Controller] Calling Garbage Collector...
> [17.06.2022, 11:43:09@] Trying to insert frames...
> [17.06.2022, 11:43:09@] Inserting 500 frames...
> [17.06.2022, 11:43:09@Controller] Calling Garbage Collector...
> [17.06.2022, 11:43:19@Controller] Calling Garbage Collector...
> [17.06.2022, 11:43:29@FileMaster] saving config...
> [17.06.2022, 11:43:29@FileMaster] configuration.cfg saved sucsessfully!
> [17.06.2022, 11:43:29@] Trying to insert frames...
> [17.06.2022, 11:43:29@] Inserting 500 frames...
> [17.06.2022, 11:43:29@Controller] Calling Garbage Collector...
> [17.06.2022, 11:43:39@Controller] Calling Garbage Collector...
> [17.06.2022, 11:43:49@] Trying to insert frames...
> [17.06.2022, 11:43:49@] Inserting 500 frames...
> [17.06.2022, 11:43:49@Controller] Calling Garbage Collector...
> [17.06.2022, 11:43:59@Controller] Calling Garbage Collector...
> [17.06.2022, 11:44:09@] Trying to insert frames...
> [17.06.2022, 11:44:09@] Inserting 500 frames...
> [17.06.2022, 11:44:09@Controller] Calling Garbage Collector...
> [17.06.2022, 11:44:19@Controller] Calling Garbage Collector...
> [17.06.2022, 11:44:29@] Trying to insert frames...
> [17.06.2022, 11:44:29@] Inserting 500 frames...
> [17.06.2022, 11:44:29@Controller] Calling Garbage Collector...
> [17.06.2022, 11:44:39@Controller] Calling Garbage Collector...
> [17.06.2022, 11:44:49@] Trying to insert frames...
> [17.06.2022, 11:44:49@] Inserting 500 frames...
> [17.06.2022, 11:44:49@Controller] Calling Garbage Collector...
> [17.06.2022, 11:44:59@Controller] Calling Garbage Collector...
> [17.06.2022, 11:45:09@] Trying to insert frames...
> [17.06.2022, 11:45:09@] Inserting 500 frames...
> [17.06.2022, 11:45:09@Controller] Calling Garbage Collector...
> [17.06.2022, 11:45:19@Controller] Calling Garbage Collector...
> [17.06.2022, 11:45:29@] Trying to insert frames...
> [17.06.2022, 11:45:29@] Inserting 500 frames...
> [17.06.2022, 11:45:29@Controller] Calling Garbage Collector...
> [17.06.2022, 11:45:39@Controller] Calling Garbage Collector...
> [17.06.2022, 11:45:49@] Trying to insert frames...
> [17.06.2022, 11:45:49@] Inserting 500 frames...
> [17.06.2022, 11:45:49@Controller] Calling Garbage Collector...
> [17.06.2022, 11:45:59@Controller] Calling Garbage Collector...
> [17.06.2022, 11:46:09@] Trying to insert frames...
> [17.06.2022, 11:46:09@Controller] Calling Garbage Collector...
> [17.06.2022, 11:46:19@Controller] Calling Garbage Collector...
> [17.06.2022, 11:46:29@] Trying to insert frames...
> [17.06.2022, 11:46:29@Controller] Calling Garbage Collector...
> [17.06.2022, 11:46:39@Controller] Calling Garbage Collector...
> [17.06.2022, 11:46:49@] Trying to insert frames...
> [17.06.2022, 11:46:49@Controller] Calling Garbage Collector...
> [17.06.2022, 11:46:59@Controller] Calling Garbage Collector...
> [17.06.2022, 11:47:09@] Trying to insert frames...
> [17.06.2022, 11:47:09@Controller] Calling Garbage Collector...
> [17.06.2022, 11:47:19@Controller] Calling Garbage Collector...
> [17.06.2022, 11:47:29@] Trying to insert frames...
> [17.06.2022, 11:47:29@Controller] Calling Garbage Collector...
> [17.06.2022, 11:47:39@Controller] Calling Garbage Collector...
> [17.06.2022, 11:47:49@] Trying to insert frames...
> [17.06.2022, 11:47:49@Controller] Calling Garbage Collector...
> [17.06.2022, 11:47:59@Controller] Calling Garbage Collector...
> [17.06.2022, 11:48:09@] Trying to insert frames...
> [17.06.2022, 11:48:09@Controller] Calling Garbage Collector...
> [17.06.2022, 11:48:19@Controller] Calling Garbage Collector...
> [17.06.2022, 11:48:29@FileMaster] saving config...
> [17.06.2022, 11:48:29@FileMaster] configuration.cfg saved sucsessfully!
> [17.06.2022, 11:48:29@] Trying to insert frames...
> [17.06.2022, 11:48:29@Controller] Calling Garbage Collector...
> [17.06.2022, 11:48:39@Controller] Calling Garbage Collector...
> [17.06.2022, 11:48:49@] Trying to insert frames...
> [17.06.2022, 11:48:49@Controller] Calling Garbage Collector...
> [17.06.2022, 11:48:59@Controller] Calling Garbage Collector...
> [17.06.2022, 11:49:09@] Trying to insert frames...
> [17.06.2022, 11:49:09@Controller] Calling Garbage Collector...
> [17.06.2022, 11:49:19@Controller] Calling Garbage Collector...
> [17.06.2022, 11:49:29@] Trying to insert frames...
> [17.06.2022, 11:49:29@Controller] Calling Garbage Collector...
> [17.06.2022, 11:49:39@Controller] Calling Garbage Collector...
> [17.06.2022, 11:49:49@] Trying to insert frames...
> [17.06.2022, 11:49:49@Controller] Calling Garbage Collector...
> [17.06.2022, 11:49:59@Controller] Calling Garbage Collector...
> [17.06.2022, 11:50:09@] Trying to insert frames...
> [17.06.2022, 11:50:09@Controller] Calling Garbage Collector...
> [17.06.2022, 11:50:19@Controller] Calling Garbage Collector...
> [17.06.2022, 11:50:29@] Trying to insert frames...
> [17.06.2022, 11:50:29@Controller] Calling Garbage Collector...
> [17.06.2022, 11:50:39@Controller] Calling Garbage Collector...
> [17.06.2022, 11:50:49@] Trying to insert frames...
> [17.06.2022, 11:50:49@Controller] Calling Garbage Collector...
> [17.06.2022, 11:50:59@Controller] Calling Garbage Collector...
> [17.06.2022, 11:51:09@] Trying to insert frames...
> [17.06.2022, 11:51:09@Controller] Calling Garbage Collector...
> [17.06.2022, 11:51:19@Controller] Calling Garbage Collector...
> [17.06.2022, 11:51:29@] Trying to insert frames...
> [17.06.2022, 11:51:29@Controller] Calling Garbage Collector...
> [17.06.2022, 11:51:39@Controller] Calling Garbage Collector...
> [17.06.2022, 11:51:49@] Trying to insert frames...
> [17.06.2022, 11:51:49@Controller] Calling Garbage Collector...
> [17.06.2022, 11:51:59@Controller] Calling Garbage Collector...
> [17.06.2022, 11:52:09@] Trying to insert frames...
> [17.06.2022, 11:52:09@Controller] Calling Garbage Collector...
> [17.06.2022, 11:52:19@Controller] Calling Garbage Collector...
> [17.06.2022, 11:52:29@] Trying to insert frames...
> [17.06.2022, 11:52:29@Controller] Calling Garbage Collector...
> [17.06.2022, 11:52:39@Controller] Calling Garbage Collector...
> [17.06.2022, 11:52:49@] Trying to insert frames...
> [17.06.2022, 11:52:49@Controller] Calling Garbage Collector...
> [17.06.2022, 11:52:59@Controller] Calling Garbage Collector...
> [17.06.2022, 11:53:09@] Trying to insert frames...
> [17.06.2022, 11:53:09@Controller] Calling Garbage Collector...
> [17.06.2022, 11:53:19@Controller] Calling Garbage Collector...
> [17.06.2022, 11:53:29@FileMaster] saving config...
> [17.06.2022, 11:53:29@FileMaster] configuration.cfg saved sucsessfully!
> [17.06.2022, 11:53:29@] Trying to insert frames...
> [17.06.2022, 11:53:29@Controller] Calling Garbage Collector...
> [17.06.2022, 11:53:39@Controller] Calling Garbage Collector...
> [17.06.2022, 11:53:49@] Trying to insert frames...
> [17.06.2022, 11:53:49@Controller] Calling Garbage Collector...
> [17.06.2022, 11:53:59@Controller] Calling Garbage Collector...
> [17.06.2022, 11:54:09@] Trying to insert frames...
> [17.06.2022, 11:54:09@Controller] Calling Garbage Collector...
> [17.06.2022, 11:54:19@Controller] Calling Garbage Collector...
> [17.06.2022, 11:54:29@] Trying to insert frames...
> [17.06.2022, 11:54:29@Controller] Calling Garbage Collector...
> [17.06.2022, 11:54:39@Controller] Calling Garbage Collector...
> [17.06.2022, 11:54:49@] Trying to insert frames...
> [17.06.2022, 11:54:49@Controller] Calling Garbage Collector...
> [17.06.2022, 11:54:59@Controller] Calling Garbage Collector...
> [17.06.2022, 11:55:09@] Trying to insert frames...
> [17.06.2022, 11:55:09@Controller] Calling Garbage Collector...
> [17.06.2022, 11:55:19@Controller] Calling Garbage Collector...
> [17.06.2022, 11:55:29@] Trying to insert frames...
> [17.06.2022, 11:55:29@Controller] Calling Garbage Collector...
> [17.06.2022, 11:55:39@Controller] Calling Garbage Collector...
> [17.06.2022, 11:55:49@] Trying to insert frames...
> [17.06.2022, 11:55:49@Controller] Calling Garbage Collector...
> [17.06.2022, 11:55:59@Controller] Calling Garbage Collector...
> [17.06.2022, 11:56:09@] Trying to insert frames...
> [17.06.2022, 11:56:09@Controller] Calling Garbage Collector...
> [17.06.2022, 11:56:19@Controller] Calling Garbage Collector...
> [17.06.2022, 11:56:29@] Trying to insert frames...
> [17.06.2022, 11:56:29@Controller] Calling Garbage Collector...
> [17.06.2022, 11:56:39@Controller] Calling Garbage Collector...
> [17.06.2022, 11:56:49@] Trying to insert frames...
> [17.06.2022, 11:56:49@Controller] Calling Garbage Collector...
> [17.06.2022, 11:56:59@Controller] Calling Garbage Collector...
> [17.06.2022, 11:57:09@] Trying to insert frames...
> [17.06.2022, 11:57:09@Controller] Calling Garbage Collector...
> [17.06.2022, 11:57:19@Controller] Calling Garbage Collector...
> [17.06.2022, 11:57:29@] Trying to insert frames...
> [17.06.2022, 11:57:29@Controller] Calling Garbage Collector...
> [17.06.2022, 11:57:39@Controller] Calling Garbage Collector...
> [17.06.2022, 11:57:49@] Trying to insert frames...
> [17.06.2022, 11:57:49@Controller] Calling Garbage Collector...
> [17.06.2022, 11:57:59@Controller] Calling Garbage Collector...
> [17.06.2022, 11:58:09@] Trying to insert frames...
> [17.06.2022, 11:58:09@Controller] Calling Garbage Collector...
> [17.06.2022, 11:58:19@Controller] Calling Garbage Collector...
> [17.06.2022, 11:58:29@FileMaster] saving config...
> [17.06.2022, 11:58:29@FileMaster] configuration.cfg saved sucsessfully!
> [17.06.2022, 11:58:29@] Trying to insert frames...
> [17.06.2022, 11:58:29@Controller] Calling Garbage Collector...
> [17.06.2022, 11:58:39@Controller] Calling Garbage Collector...
> [17.06.2022, 11:58:43@Controller] view loaded!
> [17.06.2022, 11:58:49@] Trying to insert frames...
> [17.06.2022, 11:58:49@] Inserting 500 frames...
> [17.06.2022, 11:58:49@Controller] Calling Garbage Collector...
> [17.06.2022, 11:58:59@Controller] Calling Garbage Collector...
> [17.06.2022, 11:59:09@] Trying to insert frames...
> [17.06.2022, 11:59:09@] Inserting 500 frames...
> [17.06.2022, 11:59:09@Controller] Calling Garbage Collector...
> [17.06.2022, 11:59:19@Controller] Calling Garbage Collector...
> [17.06.2022, 11:59:29@] Trying to insert frames...
> [17.06.2022, 11:59:29@] Inserting 500 frames...
> [17.06.2022, 11:59:29@Controller] Calling Garbage Collector...
> [17.06.2022, 11:59:39@Controller] Calling Garbage Collector...
> [17.06.2022, 11:59:49@] Trying to insert frames...
> [17.06.2022, 11:59:49@] Inserting 500 frames...
> [17.06.2022, 11:59:49@Controller] Calling Garbage Collector...
> [17.06.2022, 11:59:59@Controller] Calling Garbage Collector...
> [17.06.2022, 12:00:09@] Trying to insert frames...
> [17.06.2022, 12:00:09@] Inserting 500 frames...
> [17.06.2022, 12:00:09@Controller] Calling Garbage Collector...
> [17.06.2022, 12:00:19@Controller] Calling Garbage Collector...
> [17.06.2022, 12:00:29@] Trying to insert frames...
> [17.06.2022, 12:00:29@] Inserting 500 frames...
> [17.06.2022, 12:00:29@Controller] Calling Garbage Collector...
> [17.06.2022, 12:00:39@Controller] Calling Garbage Collector...
> [17.06.2022, 12:00:49@] Trying to insert frames...
> [17.06.2022, 12:00:49@] Inserting 500 frames...
> [17.06.2022, 12:00:49@Controller] Calling Garbage Collector...
> [17.06.2022, 12:00:59@Controller] Calling Garbage Collector...
> [17.06.2022, 12:01:09@] Trying to insert frames...
> [17.06.2022, 12:01:09@] Inserting 500 frames...
> [17.06.2022, 12:01:09@Controller] Calling Garbage Collector...
> [17.06.2022, 12:01:19@Controller] Calling Garbage Collector...
> [17.06.2022, 12:01:29@] Trying to insert frames...
> [17.06.2022, 12:01:29@] Inserting 500 frames...
> [17.06.2022, 12:01:29@Controller] Calling Garbage Collector...
> [17.06.2022, 12:01:39@Controller] Calling Garbage Collector...
> [17.06.2022, 12:01:49@] Trying to insert frames...
> [17.06.2022, 12:01:49@] Inserting 500 frames...
> [17.06.2022, 12:01:49@Controller] Calling Garbage Collector...
> [17.06.2022, 12:01:59@Controller] Calling Garbage Collector...
> [17.06.2022, 12:02:09@] Trying to insert frames...
> [17.06.2022, 12:02:09@] Inserting 500 frames...
> [17.06.2022, 12:02:09@Controller] Calling Garbage Collector...
> [17.06.2022, 12:02:19@Controller] Calling Garbage Collector...
> [17.06.2022, 12:02:29@] Trying to insert frames...
> [17.06.2022, 12:02:29@] Inserting 500 frames...
> [17.06.2022, 12:02:29@Controller] Calling Garbage Collector...
> [17.06.2022, 12:02:39@Controller] Calling Garbage Collector...
> [17.06.2022, 12:02:49@] Trying to insert frames...
> [17.06.2022, 12:02:49@] Inserting 500 frames...
> [17.06.2022, 12:02:49@Controller] Calling Garbage Collector...
> [17.06.2022, 12:02:59@Controller] Calling Garbage Collector...
> [17.06.2022, 12:03:09@] Trying to insert frames...
> [17.06.2022, 12:03:09@] Inserting 500 frames...
> [17.06.2022, 12:03:09@Controller] Calling Garbage Collector...
> [17.06.2022, 12:03:19@Controller] Calling Garbage Collector...
> [17.06.2022, 12:03:29@FileMaster] saving config...
> [17.06.2022, 12:03:29@FileMaster] configuration.cfg saved sucsessfully!
> [17.06.2022, 12:03:29@] Trying to insert frames...
> [17.06.2022, 12:03:29@] Inserting 500 frames...
> [17.06.2022, 12:03:29@Controller] Calling Garbage Collector...
> [17.06.2022, 12:03:39@Controller] Calling Garbage Collector...
> [17.06.2022, 12:03:49@] Trying to insert frames...
> [17.06.2022, 12:03:49@] Inserting 500 frames...
> [17.06.2022, 12:03:49@Controller] Calling Garbage Collector...
> [17.06.2022, 12:03:59@Controller] Calling Garbage Collector...
> [17.06.2022, 12:04:09@] Trying to insert frames...
> [17.06.2022, 12:04:09@] Inserting 500 frames...
> [17.06.2022, 12:04:09@Controller] Calling Garbage Collector...
> [17.06.2022, 12:04:19@Controller] Calling Garbage Collector...
> [17.06.2022, 12:04:29@] Trying to insert frames...
> [17.06.2022, 12:04:29@] Inserting 500 frames...
> [17.06.2022, 12:04:29@Controller] Calling Garbage Collector...
> [17.06.2022, 12:04:39@Controller] Calling Garbage Collector...
> [17.06.2022, 12:04:49@] Trying to insert frames...
> [17.06.2022, 12:04:49@] Inserting 500 frames...
> [17.06.2022, 12:04:49@Controller] Calling Garbage Collector...
> [17.06.2022, 12:04:59@Controller] Calling Garbage Collector...
> [17.06.2022, 12:05:09@] Trying to insert frames...
> [17.06.2022, 12:05:09@] Inserting 500 frames...
> [17.06.2022, 12:05:09@Controller] Calling Garbage Collector...
> [17.06.2022, 12:05:19@Controller] Calling Garbage Collector...
> [17.06.2022, 12:05:29@] Trying to insert frames...
> [17.06.2022, 12:05:29@] Inserting 500 frames...
> [17.06.2022, 12:05:29@Controller] Calling Garbage Collector...
> [17.06.2022, 12:05:39@Controller] Calling Garbage Collector...
> [17.06.2022, 12:05:49@] Trying to insert frames...
> [17.06.2022, 12:05:49@] Inserting 500 frames...
> [17.06.2022, 12:05:49@Controller] Calling Garbage Collector...
> [17.06.2022, 12:05:59@Controller] Calling Garbage Collector...
> [17.06.2022, 12:06:09@] Trying to insert frames...
> [17.06.2022, 12:06:09@] Inserting 500 frames...
> [17.06.2022, 12:06:09@Controller] Calling Garbage Collector...
> [17.06.2022, 12:06:19@Controller] Calling Garbage Collector...
> [17.06.2022, 12:06:29@] Trying to insert frames...
> [17.06.2022, 12:06:29@] Inserting 500 frames...
> [17.06.2022, 12:06:29@Controller] Calling Garbage Collector...
> [17.06.2022, 12:06:39@Controller] Calling Garbage Collector...
> [17.06.2022, 12:06:49@] Trying to insert frames...
> [17.06.2022, 12:06:49@] Inserting 500 frames...
> [17.06.2022, 12:06:49@Controller] Calling Garbage Collector...
> [17.06.2022, 12:06:59@Controller] Calling Garbage Collector...
> [17.06.2022, 12:07:09@] Trying to insert frames...
> [17.06.2022, 12:07:09@] Inserting 500 frames...
> [17.06.2022, 12:07:09@Controller] Calling Garbage Collector...
> [17.06.2022, 12:07:19@Controller] Calling Garbage Collector...
> [17.06.2022, 12:07:29@] Trying to insert frames...
> [17.06.2022, 12:07:29@] Inserting 500 frames...
> [17.06.2022, 12:07:29@Controller] Calling Garbage Collector...
> [17.06.2022, 12:07:39@Controller] Calling Garbage Collector...
> [17.06.2022, 12:07:49@] Trying to insert frames...
> [17.06.2022, 12:07:49@] Inserting 500 frames...
> [17.06.2022, 12:07:49@Controller] Calling Garbage Collector...
> [17.06.2022, 12:07:59@Controller] Calling Garbage Collector...
> [17.06.2022, 12:08:09@] Trying to insert frames...
> [17.06.2022, 12:08:09@] Inserting 500 frames...
> [17.06.2022, 12:08:09@Controller] Calling Garbage Collector...
> [17.06.2022, 12:08:19@Controller] Calling Garbage Collector...
> [17.06.2022, 12:08:29@FileMaster] saving config...
> [17.06.2022, 12:08:29@FileMaster] configuration.cfg saved sucsessfully!
> [17.06.2022, 12:08:29@] Trying to insert frames...
> [17.06.2022, 12:08:29@] Inserting 500 frames...
> [17.06.2022, 12:08:29@Controller] Calling Garbage Collector...
> [17.06.2022, 12:08:39@Controller] Calling Garbage Collector...
> [17.06.2022, 12:08:49@] Trying to insert frames...
> [17.06.2022, 12:08:49@] Inserting 500 frames...
> [17.06.2022, 12:08:49@Controller] Calling Garbage Collector...
> [17.06.2022, 12:08:59@Controller] Calling Garbage Collector...
> [17.06.2022, 12:09:09@] Trying to insert frames...
> [17.06.2022, 12:09:09@] Inserting 500 frames...
> [17.06.2022, 12:09:09@Controller] Calling Garbage Collector...
> [17.06.2022, 12:09:19@Controller] Calling Garbage Collector...
> [17.06.2022, 12:09:29@] Trying to insert frames...
> [17.06.2022, 12:09:29@] Inserting 500 frames...
> [17.06.2022, 12:09:29@Controller] Calling Garbage Collector...
> [17.06.2022, 12:09:39@Controller] Calling Garbage Collector...
> [17.06.2022, 12:09:49@] Trying to insert frames...
> [17.06.2022, 12:09:49@] Inserting 500 frames...
> [17.06.2022, 12:09:49@Controller] Calling Garbage Collector...
> [17.06.2022, 12:09:59@Controller] Calling Garbage Collector...
> [17.06.2022, 12:10:09@] Trying to insert frames...
> [17.06.2022, 12:10:09@] Inserting 500 frames...
> [17.06.2022, 12:10:09@Controller] Calling Garbage Collector...
> [17.06.2022, 12:10:19@Controller] Calling Garbage Collector...
> [17.06.2022, 12:10:29@] Trying to insert frames...
> [17.06.2022, 12:10:29@] Inserting 500 frames...
> [17.06.2022, 12:10:29@Controller] Calling Garbage Collector...
> [17.06.2022, 12:10:39@Controller] Calling Garbage Collector...
> [17.06.2022, 12:10:49@] Trying to insert frames...
> [17.06.2022, 12:10:49@] Inserting 500 frames...
> [17.06.2022, 12:10:49@Controller] Calling Garbage Collector...
> [17.06.2022, 12:10:59@Controller] Calling Garbage Collector...
> [17.06.2022, 12:11:09@] Trying to insert frames...
> [17.06.2022, 12:11:09@] Inserting 500 frames...
> [17.06.2022, 12:11:09@Controller] Calling Garbage Collector...
> [17.06.2022, 12:11:19@Controller] Calling Garbage Collector...
> [17.06.2022, 12:11:19@Controller] Shutting down program, please wait...
> [17.06.2022, 12:11:19@FileMaster] saving config...
> [17.06.2022, 12:11:19@FileMaster] configuration.cfg saved sucsessfully!
> 