> [16.06.2022, 10:44:38@Controller] initializing Controller...
> [16.06.2022, 10:44:38@Controller] initializing Executors...
> [16.06.2022, 10:44:38@Controller] Executors initialized sucsessfully!
> [16.06.2022, 10:44:38@Controller] Controller initialized sucsessfully!
> [16.06.2022, 10:44:38@GUI] initialising GUI...
> [16.06.2022, 10:44:38@GUI] GUI initialized sucsessfully!
> [16.06.2022, 10:44:41@Controller] view loaded!
> [16.06.2022, 10:44:48@Controller] Calling Garbage Collector...
> [16.06.2022, 10:44:58@Class] Trying to insert frames...
> [16.06.2022, 10:44:58@] Inserting 500 frames...
> [16.06.2022, 10:44:58@Controller] Calling Garbage Collector...
> [16.06.2022, 10:45:08@Controller] Calling Garbage Collector...
> [16.06.2022, 10:45:18@Class] Trying to insert frames...
> [16.06.2022, 10:45:18@] Inserting 500 frames...
> [16.06.2022, 10:45:18@Controller] Calling Garbage Collector...
> [16.06.2022, 10:45:28@Controller] Calling Garbage Collector...
> [16.06.2022, 10:45:38@FileMaster] saving config...
> [16.06.2022, 10:45:38@FileMaster] configuration.cfg saved sucsessfully!
> [16.06.2022, 10:45:38@Class] Trying to insert frames...
> [16.06.2022, 10:45:38@] Inserting 500 frames...
> [16.06.2022, 10:45:38@Controller] Calling Garbage Collector...
> [16.06.2022, 10:45:47@Controller] view loaded!
> [16.06.2022, 10:45:48@Controller] Calling Garbage Collector...
> [16.06.2022, 10:45:58@Class] Trying to insert frames...
> [16.06.2022, 10:45:58@] Inserting 500 frames...
> [16.06.2022, 10:45:58@Controller] Calling Garbage Collector...
> [16.06.2022, 10:46:08@Controller] Calling Garbage Collector...
> [16.06.2022, 10:46:18@Class] Trying to insert frames...
> [16.06.2022, 10:46:18@] Inserting 500 frames...
> [16.06.2022, 10:46:18@Controller] Calling Garbage Collector...
> [16.06.2022, 10:46:23@Controller] view loaded!
> [16.06.2022, 10:46:28@Controller] Calling Garbage Collector...
> [16.06.2022, 10:46:38@Class] Trying to insert frames...
> [16.06.2022, 10:46:38@] Inserting 500 frames...
> [16.06.2022, 10:46:38@Controller] Calling Garbage Collector...
> [16.06.2022, 10:46:48@Controller] Calling Garbage Collector...
> [16.06.2022, 10:46:54@Controller] view loaded!
> [16.06.2022, 10:46:58@Class] Trying to insert frames...
> [16.06.2022, 10:46:58@] Inserting 500 frames...
> [16.06.2022, 10:46:58@Controller] Calling Garbage Collector...
> [16.06.2022, 10:47:08@Controller] Calling Garbage Collector...
> [16.06.2022, 10:47:18@Class] Trying to insert frames...
> [16.06.2022, 10:47:18@] Inserting 500 frames...
> [16.06.2022, 10:47:18@Controller] Calling Garbage Collector...
> [16.06.2022, 10:47:28@Controller] Calling Garbage Collector...
> [16.06.2022, 10:47:38@Controller] Shutting down program, please wait...
> [16.06.2022, 10:47:38@FileMaster] saving config...
> [16.06.2022, 10:47:38@FileMaster] configuration.cfg saved sucsessfully!
> [16.06.2022, 10:47:38@] Trying to insert last live data...
> [16.06.2022, 10:47:38@Class] Inserted 5000 frames!
> [16.06.2022, 10:47:38@Controller] Calling Garbage Collector...
> [16.06.2022, 10:47:48@Controller] Calling Garbage Collector...
> [16.06.2022, 10:47:58@Controller] Calling Garbage Collector...
> [16.06.2022, 10:48:08@Controller] Calling Garbage Collector...
> [16.06.2022, 10:48:18@Controller] Calling Garbage Collector...
> [16.06.2022, 10:48:28@Controller] Calling Garbage Collector...
> [16.06.2022, 10:48:38@Controller] Calling Garbage Collector...
> [16.06.2022, 10:48:48@Controller] Calling Garbage Collector...
> 