> [10.06.2022, 14:32:16@Controller] initializing Controller...
> [10.06.2022, 14:32:16@Controller] Controller initialized sucsessfully!
> [10.06.2022, 14:32:16@Controller] initializing Executors...
> [10.06.2022, 14:32:16@Controller] Executors initialized sucsessfully!
> [10.06.2022, 14:32:16@GUI] initialising GUI...
> [10.06.2022, 14:32:16@GUI] GUI initialized sucsessfully!
> [10.06.2022, 14:32:22@Controller] view loaded!
> [10.06.2022, 14:32:26@Controller] Calling Garbage Collector...
> [10.06.2022, 14:32:36@Class] Trying to insert frames...
> [10.06.2022, 14:32:36@Class] Inserting 250 frames...
> [10.06.2022, 14:32:36@Controller] Calling Garbage Collector...
> [10.06.2022, 14:32:46@Controller] Calling Garbage Collector...
> [10.06.2022, 14:32:56@Class] Trying to insert frames...
> [10.06.2022, 14:32:56@Class] Inserting 250 frames...
> [10.06.2022, 14:32:56@Controller] Calling Garbage Collector...
> [10.06.2022, 14:33:06@Controller] Calling Garbage Collector...
> [10.06.2022, 14:33:16@FileMaster] saving config...
> [10.06.2022, 14:33:16@FileMaster] configuration.cfg saved sucsessfully!
> [10.06.2022, 14:33:16@Class] Trying to insert frames...
> [10.06.2022, 14:33:16@Class] Inserting 250 frames...
> [10.06.2022, 14:33:16@Controller] Calling Garbage Collector...
> [10.06.2022, 14:33:26@Controller] Calling Garbage Collector...
> [10.06.2022, 14:33:36@Class] Trying to insert frames...
> [10.06.2022, 14:33:36@Class] Inserting 250 frames...
> [10.06.2022, 14:33:36@Controller] Calling Garbage Collector...
> [10.06.2022, 14:33:46@Controller] Calling Garbage Collector...
> [10.06.2022, 14:33:56@Class] Trying to insert frames...
> [10.06.2022, 14:33:56@Class] Inserting 250 frames...
> [10.06.2022, 14:33:56@Controller] Calling Garbage Collector...
> [10.06.2022, 14:34:06@Controller] Calling Garbage Collector...
> [10.06.2022, 14:34:16@Class] Trying to insert frames...
> [10.06.2022, 14:34:16@Class] Inserting 250 frames...
> [10.06.2022, 14:34:16@Controller] Calling Garbage Collector...
> [10.06.2022, 14:34:26@Controller] Calling Garbage Collector...
> [10.06.2022, 14:34:32@Controller] view loaded!
> [10.06.2022, 14:34:36@Class] Trying to insert frames...
> [10.06.2022, 14:34:36@Class] Inserting 250 frames...
> [10.06.2022, 14:34:36@Controller] Calling Garbage Collector...
> [10.06.2022, 14:34:46@Controller] Calling Garbage Collector...
> [10.06.2022, 14:34:56@Class] Trying to insert frames...
> [10.06.2022, 14:34:56@Class] Inserting 250 frames...
> [10.06.2022, 14:34:56@Controller] Calling Garbage Collector...
> [10.06.2022, 14:35:06@Controller] Calling Garbage Collector...
> [10.06.2022, 14:35:16@Class] Trying to insert frames...
> [10.06.2022, 14:35:16@Class] Inserting 250 frames...
> [10.06.2022, 14:35:16@Controller] Calling Garbage Collector...
> [10.06.2022, 14:35:26@Controller] Calling Garbage Collector...
> [10.06.2022, 14:35:36@Controller] view loaded!
> [10.06.2022, 14:35:36@Class] Trying to insert frames...
> [10.06.2022, 14:35:36@Class] Inserting 250 frames...
> [10.06.2022, 14:35:36@Controller] Calling Garbage Collector...
> [10.06.2022, 14:35:46@Controller] Calling Garbage Collector...
> [10.06.2022, 14:35:56@Class] Trying to insert frames...
> [10.06.2022, 14:35:56@Class] Inserting 250 frames...
> [10.06.2022, 14:35:56@Controller] Calling Garbage Collector...
> [10.06.2022, 14:36:06@Controller] Calling Garbage Collector...
> [10.06.2022, 14:36:16@Class] Trying to insert frames...
> [10.06.2022, 14:36:16@Class] Inserting 250 frames...
> [10.06.2022, 14:36:16@Controller] Calling Garbage Collector...
> [10.06.2022, 14:36:26@Controller] Calling Garbage Collector...
> [10.06.2022, 14:36:36@Class] Trying to insert frames...
> [10.06.2022, 14:36:36@Class] Inserting 250 frames...
> [10.06.2022, 14:36:36@Controller] Calling Garbage Collector...
> [10.06.2022, 14:36:46@Controller] Calling Garbage Collector...
> [10.06.2022, 14:36:56@Class] Trying to insert frames...
> [10.06.2022, 14:36:56@Class] Inserting 250 frames...
> [10.06.2022, 14:36:56@Controller] Calling Garbage Collector...
> [10.06.2022, 14:37:06@Controller] Calling Garbage Collector...
> [10.06.2022, 14:37:16@Class] Trying to insert frames...
> [10.06.2022, 14:37:16@Class] Inserting 250 frames...
> [10.06.2022, 14:37:16@Controller] Calling Garbage Collector...
> [10.06.2022, 14:37:26@Controller] Calling Garbage Collector...
> [10.06.2022, 14:37:36@Class] Trying to insert frames...
> [10.06.2022, 14:37:36@Class] Inserting 250 frames...
> [10.06.2022, 14:37:36@Controller] Calling Garbage Collector...
> [10.06.2022, 14:37:46@Controller] Calling Garbage Collector...
> [10.06.2022, 14:37:56@Class] Trying to insert frames...
> [10.06.2022, 14:37:56@Class] Inserting 250 frames...
> [10.06.2022, 14:37:56@Controller] Calling Garbage Collector...
> [10.06.2022, 14:38:06@Controller] Calling Garbage Collector...
> [10.06.2022, 14:38:16@FileMaster] saving config...
> [10.06.2022, 14:38:16@FileMaster] configuration.cfg saved sucsessfully!
> [10.06.2022, 14:38:16@Class] Trying to insert frames...
> [10.06.2022, 14:38:16@Class] Inserting 250 frames...
> [10.06.2022, 14:38:16@Controller] Calling Garbage Collector...
> [10.06.2022, 14:38:26@Controller] Calling Garbage Collector...
> [10.06.2022, 14:38:36@Class] Trying to insert frames...
> [10.06.2022, 14:38:36@Class] Inserting 250 frames...
> [10.06.2022, 14:38:36@Controller] Calling Garbage Collector...
> [10.06.2022, 14:38:46@Controller] Calling Garbage Collector...
> [10.06.2022, 14:38:56@Class] Trying to insert frames...
> [10.06.2022, 14:38:56@Class] Inserting 250 frames...
> [10.06.2022, 14:38:56@Controller] Calling Garbage Collector...
> [10.06.2022, 14:39:07@Controller] Calling Garbage Collector...
> [10.06.2022, 14:39:16@Class] Trying to insert frames...
> [10.06.2022, 14:39:16@Class] Inserting 250 frames...
> [10.06.2022, 14:39:16@Controller] Calling Garbage Collector...
> [10.06.2022, 14:39:26@Controller] Calling Garbage Collector...
> [10.06.2022, 14:39:36@Class] Trying to insert frames...
> [10.06.2022, 14:39:36@Class] Inserting 250 frames...
> [10.06.2022, 14:39:36@Controller] Calling Garbage Collector...
> [10.06.2022, 14:39:46@Controller] Calling Garbage Collector...
> [10.06.2022, 14:39:56@Class] Trying to insert frames...
> [10.06.2022, 14:39:56@Class] Inserting 250 frames...
> [10.06.2022, 14:39:56@Controller] Calling Garbage Collector...
> [10.06.2022, 14:40:06@Controller] Calling Garbage Collector...
> [10.06.2022, 14:40:16@Class] Trying to insert frames...
> [10.06.2022, 14:40:16@Controller] Calling Garbage Collector...
> [10.06.2022, 14:40:26@Controller] Calling Garbage Collector...
> [10.06.2022, 14:40:36@Class] Trying to insert frames...
> [10.06.2022, 14:40:36@Controller] Calling Garbage Collector...
> [10.06.2022, 14:40:37@Controller] view loaded!
> [10.06.2022, 14:40:46@Controller] Calling Garbage Collector...
> [10.06.2022, 14:40:56@Class] Trying to insert frames...
> [10.06.2022, 14:40:56@Class] Inserting 250 frames...
> [10.06.2022, 14:40:56@Controller] Calling Garbage Collector...
> [10.06.2022, 14:41:06@Controller] Calling Garbage Collector...
> [10.06.2022, 14:41:16@Class] Trying to insert frames...
> [10.06.2022, 14:41:16@Class] Inserting 250 frames...
> [10.06.2022, 14:41:16@Controller] Calling Garbage Collector...
> [10.06.2022, 14:41:26@Controller] Calling Garbage Collector...
> [10.06.2022, 14:41:36@Class] Trying to insert frames...
> [10.06.2022, 14:41:36@Class] Inserting 250 frames...
> [10.06.2022, 14:41:36@Controller] Calling Garbage Collector...
> [10.06.2022, 14:41:46@Controller] Calling Garbage Collector...
> [10.06.2022, 14:41:56@Class] Trying to insert frames...
> [10.06.2022, 14:41:56@Class] Inserting 250 frames...
> [10.06.2022, 14:41:56@Controller] Calling Garbage Collector...
> [10.06.2022, 14:42:03@Controller] view loaded!
> [10.06.2022, 14:42:06@Controller] Calling Garbage Collector...
> [10.06.2022, 14:42:16@Class] Trying to insert frames...
> [10.06.2022, 14:42:16@Class] Inserting 250 frames...
> [10.06.2022, 14:42:16@Controller] Calling Garbage Collector...
> [10.06.2022, 14:42:25@Controller] view loaded!
> [10.06.2022, 14:42:26@Controller] Calling Garbage Collector...
> [10.06.2022, 14:42:36@Class] Trying to insert frames...
> [10.06.2022, 14:42:36@Class] Inserting 250 frames...
> [10.06.2022, 14:42:36@Controller] Calling Garbage Collector...
> [10.06.2022, 14:42:46@Controller] Calling Garbage Collector...
> [10.06.2022, 14:42:56@Class] Trying to insert frames...
> [10.06.2022, 14:42:56@Class] Inserting 250 frames...
> [10.06.2022, 14:42:56@Controller] Calling Garbage Collector...
> [10.06.2022, 14:43:01@Controller] view loaded!
> [10.06.2022, 14:43:06@Controller] Calling Garbage Collector...
> [10.06.2022, 14:43:16@FileMaster] saving config...
> [10.06.2022, 14:43:16@FileMaster] configuration.cfg saved sucsessfully!
> [10.06.2022, 14:43:16@Class] Trying to insert frames...
> [10.06.2022, 14:43:16@Class] Inserting 250 frames...
> [10.06.2022, 14:43:16@Controller] Calling Garbage Collector...
> [10.06.2022, 14:43:22@Controller] view loaded!
> [10.06.2022, 14:43:26@Controller] Calling Garbage Collector...
> [10.06.2022, 14:43:36@Class] Trying to insert frames...
> [10.06.2022, 14:43:36@Class] Inserting 250 frames...
> [10.06.2022, 14:43:36@Controller] Calling Garbage Collector...
> [10.06.2022, 14:43:46@Controller] Calling Garbage Collector...
> [10.06.2022, 14:43:47@Controller] Shutting down program, please wait...
> [10.06.2022, 14:43:47@FileMaster] saving config...
> [10.06.2022, 14:43:47@FileMaster] configuration.cfg saved sucsessfully!
> 