> [15.06.2022, 23:36:19@Controller] initializing Controller...
> [15.06.2022, 23:36:19@Controller] initializing Executors...
> [15.06.2022, 23:36:19@Controller] Executors initialized sucsessfully!
> [15.06.2022, 23:36:19@Controller] Controller initialized sucsessfully!
> [15.06.2022, 23:36:19@GUI] initialising GUI...
> [15.06.2022, 23:36:19@GUI] GUI initialized sucsessfully!
> [15.06.2022, 23:36:29@Controller] Calling Garbage Collector...
> [15.06.2022, 23:36:39@Class] Trying to insert frames...
> [15.06.2022, 23:36:39@Controller] Calling Garbage Collector...
> [15.06.2022, 23:36:49@Controller] Calling Garbage Collector...
> [15.06.2022, 23:36:59@Controller] Calling Garbage Collector...
> [15.06.2022, 23:37:09@Controller] Calling Garbage Collector...
> [15.06.2022, 23:37:16@Controller] view loaded!
> [15.06.2022, 23:37:19@FileMaster] saving config...
> [15.06.2022, 23:37:19@FileMaster] configuration.cfg saved sucsessfully!
> [15.06.2022, 23:37:19@Class] Trying to insert frames...
> [15.06.2022, 23:37:19@Controller] Calling Garbage Collector...
> [15.06.2022, 23:37:29@Controller] Calling Garbage Collector...
> [15.06.2022, 23:37:39@Class] Trying to insert frames...
> [15.06.2022, 23:37:39@Controller] Calling Garbage Collector...
> [15.06.2022, 23:37:49@Controller] Calling Garbage Collector...
> [15.06.2022, 23:37:58@Controller] view loaded!
> [15.06.2022, 23:37:59@Class] Trying to insert frames...
> [15.06.2022, 23:37:59@Controller] Calling Garbage Collector...
> [15.06.2022, 23:38:09@Controller] Calling Garbage Collector...
> [15.06.2022, 23:38:19@Class] Trying to insert frames...
> [15.06.2022, 23:38:19@Controller] Calling Garbage Collector...
> [15.06.2022, 23:38:29@Controller] Calling Garbage Collector...
> [15.06.2022, 23:38:39@Class] Trying to insert frames...
> [15.06.2022, 23:38:39@Controller] Calling Garbage Collector...
> [15.06.2022, 23:38:46@Controller] view loaded!
> [15.06.2022, 23:38:49@Controller] Calling Garbage Collector...
> [15.06.2022, 23:38:59@Class] Trying to insert frames...
> [15.06.2022, 23:38:59@Controller] Calling Garbage Collector...
> [15.06.2022, 23:38:59@Controller] view loaded!
> [15.06.2022, 23:39:09@Controller] Calling Garbage Collector...
> [15.06.2022, 23:39:19@Class] Trying to insert frames...
> [15.06.2022, 23:39:19@Controller] Calling Garbage Collector...
> [15.06.2022, 23:39:29@Controller] Calling Garbage Collector...
> [15.06.2022, 23:39:39@Class] Trying to insert frames...
> [15.06.2022, 23:39:39@Controller] Calling Garbage Collector...
> [15.06.2022, 23:39:49@Controller] Calling Garbage Collector...
> [15.06.2022, 23:39:59@Class] Trying to insert frames...
> [15.06.2022, 23:39:59@Controller] Calling Garbage Collector...
> [15.06.2022, 23:40:09@Controller] Calling Garbage Collector...
> [15.06.2022, 23:40:19@Class] Trying to insert frames...
> [15.06.2022, 23:40:19@Controller] Calling Garbage Collector...
> [15.06.2022, 23:40:29@Controller] Calling Garbage Collector...
> [15.06.2022, 23:40:39@Class] Trying to insert frames...
> [15.06.2022, 23:40:39@Controller] Calling Garbage Collector...
> [15.06.2022, 23:40:49@Controller] Calling Garbage Collector...
> [15.06.2022, 23:40:59@Class] Trying to insert frames...
> [15.06.2022, 23:40:59@Controller] Calling Garbage Collector...
> [15.06.2022, 23:41:09@Controller] Calling Garbage Collector...
> [15.06.2022, 23:41:19@Class] Trying to insert frames...
> [15.06.2022, 23:41:19@Controller] Calling Garbage Collector...
> [15.06.2022, 23:41:25@Controller] view loaded!
> [15.06.2022, 23:41:29@Controller] Calling Garbage Collector...
> [15.06.2022, 23:41:39@Class] Trying to insert frames...
> [15.06.2022, 23:41:39@Controller] Calling Garbage Collector...
> [15.06.2022, 23:41:49@Controller] Calling Garbage Collector...
> [15.06.2022, 23:41:59@Class] Trying to insert frames...
> [15.06.2022, 23:41:59@Controller] Calling Garbage Collector...
> [15.06.2022, 23:42:09@Controller] Calling Garbage Collector...
> [15.06.2022, 23:42:19@FileMaster] saving config...
> [15.06.2022, 23:42:19@FileMaster] configuration.cfg saved sucsessfully!
> [15.06.2022, 23:42:19@Class] Trying to insert frames...
> [15.06.2022, 23:42:19@Controller] Calling Garbage Collector...
> [15.06.2022, 23:42:29@Controller] Calling Garbage Collector...
> [15.06.2022, 23:42:37@Controller] Shutting down program, please wait...
> [15.06.2022, 23:42:37@FileMaster] saving config...
> [15.06.2022, 23:42:37@FileMaster] configuration.cfg saved sucsessfully!
> 