> [10.06.2022, 02:12:24@Controller] initializing Controller...
> [10.06.2022, 02:12:24@Controller] Controller initialized sucsessfully!
> [10.06.2022, 02:12:24@Controller] initializing Executors...
> [10.06.2022, 02:12:24@Controller] Executors initialized sucsessfully!
> [10.06.2022, 02:12:24@GUI] initialising GUI...
> [10.06.2022, 02:12:24@GUI] GUI initialized sucsessfully!
> [10.06.2022, 02:12:34@Controller] Calling Garbage Collector...
> [10.06.2022, 02:12:44@Class] Trying to insert fr24Frames...
> [10.06.2022, 02:12:44@Class] Inserting 250 fr24Frames...
> [10.06.2022, 02:12:44@Controller] Calling Garbage Collector...
> [10.06.2022, 02:12:54@Controller] Calling Garbage Collector...
> [10.06.2022, 02:13:04@Class] Trying to insert fr24Frames...
> [10.06.2022, 02:13:04@Class] Inserting 250 fr24Frames...
> [10.06.2022, 02:13:04@Controller] Calling Garbage Collector...
> [10.06.2022, 02:13:14@Controller] Calling Garbage Collector...
> [10.06.2022, 02:13:24@FileMaster] saving config...
> [10.06.2022, 02:13:24@FileMaster] configuration.cfg saved sucsessfully!
> [10.06.2022, 02:13:24@Class] Trying to insert fr24Frames...
> [10.06.2022, 02:13:24@Class] Inserting 250 fr24Frames...
> [10.06.2022, 02:13:24@Controller] Calling Garbage Collector...
> [10.06.2022, 02:13:34@Controller] Calling Garbage Collector...
> [10.06.2022, 02:13:44@Class] Trying to insert fr24Frames...
> [10.06.2022, 02:13:44@Class] Inserting 250 fr24Frames...
> [10.06.2022, 02:13:44@Controller] Calling Garbage Collector...
> [10.06.2022, 02:13:54@Controller] Calling Garbage Collector...
> [10.06.2022, 02:14:04@Class] Trying to insert fr24Frames...
> [10.06.2022, 02:14:04@Class] Inserting 250 fr24Frames...
> [10.06.2022, 02:14:04@Controller] Calling Garbage Collector...
> [10.06.2022, 02:14:14@Controller] Calling Garbage Collector...
> [10.06.2022, 02:14:24@Class] Trying to insert fr24Frames...
> [10.06.2022, 02:14:24@Class] Inserting 250 fr24Frames...
> [10.06.2022, 02:14:24@Controller] Calling Garbage Collector...
> [10.06.2022, 02:14:34@Controller] Calling Garbage Collector...
> [10.06.2022, 02:14:44@Class] Trying to insert fr24Frames...
> [10.06.2022, 02:14:44@Class] Inserting 250 fr24Frames...
> [10.06.2022, 02:14:44@Controller] Calling Garbage Collector...
> [10.06.2022, 02:14:54@Controller] Calling Garbage Collector...
> [10.06.2022, 02:15:04@Class] Trying to insert fr24Frames...
> [10.06.2022, 02:15:04@Class] Inserting 250 fr24Frames...
> [10.06.2022, 02:15:04@Controller] Calling Garbage Collector...
> [10.06.2022, 02:15:14@Controller] Calling Garbage Collector...
> [10.06.2022, 02:15:24@Class] Trying to insert fr24Frames...
> [10.06.2022, 02:15:24@Class] Inserting 250 fr24Frames...
> [10.06.2022, 02:15:24@Controller] Calling Garbage Collector...
> [10.06.2022, 02:15:34@Controller] Calling Garbage Collector...
> [10.06.2022, 02:15:44@Class] Trying to insert fr24Frames...
> [10.06.2022, 02:15:44@Class] Inserting 250 fr24Frames...
> [10.06.2022, 02:15:44@Controller] Calling Garbage Collector...
> [10.06.2022, 02:15:54@Controller] Calling Garbage Collector...
> [10.06.2022, 02:15:58@Controller] view loaded!
> [10.06.2022, 02:16:04@Class] Trying to insert fr24Frames...
> [10.06.2022, 02:16:04@Class] Inserting 250 fr24Frames...
> [10.06.2022, 02:16:04@Controller] Calling Garbage Collector...
> [10.06.2022, 02:16:14@Controller] Calling Garbage Collector...
> [10.06.2022, 02:16:24@Class] Trying to insert fr24Frames...
> [10.06.2022, 02:16:24@Class] Inserting 250 fr24Frames...
> [10.06.2022, 02:16:24@Controller] Calling Garbage Collector...
> [10.06.2022, 02:16:34@Controller] Calling Garbage Collector...
> [10.06.2022, 02:16:40@Controller] view loaded!
> [10.06.2022, 02:16:44@Class] Trying to insert fr24Frames...
> [10.06.2022, 02:16:44@Class] Inserting 250 fr24Frames...
> [10.06.2022, 02:16:44@Controller] Calling Garbage Collector...
> [10.06.2022, 02:16:54@Controller] Calling Garbage Collector...
> [10.06.2022, 02:17:04@Class] Trying to insert fr24Frames...
> [10.06.2022, 02:17:04@Class] Inserting 250 fr24Frames...
> [10.06.2022, 02:17:04@Controller] Calling Garbage Collector...
> [10.06.2022, 02:17:09@Controller] view loaded!
> [10.06.2022, 02:17:14@Controller] Calling Garbage Collector...
> [10.06.2022, 02:17:24@Class] Trying to insert fr24Frames...
> [10.06.2022, 02:17:24@Class] Inserting 250 fr24Frames...
> [10.06.2022, 02:17:24@Controller] Calling Garbage Collector...
> [10.06.2022, 02:17:34@Controller] Calling Garbage Collector...
> [10.06.2022, 02:17:43@Controller] view loaded!
> [10.06.2022, 02:17:44@Class] Trying to insert fr24Frames...
> [10.06.2022, 02:17:44@Class] Inserting 250 fr24Frames...
> [10.06.2022, 02:17:44@Controller] Calling Garbage Collector...
> [10.06.2022, 02:17:54@Controller] Calling Garbage Collector...
> [10.06.2022, 02:18:02@Controller] view loaded!
> [10.06.2022, 02:18:04@Class] Trying to insert fr24Frames...
> [10.06.2022, 02:18:04@Class] Inserting 250 fr24Frames...
> [10.06.2022, 02:18:04@Controller] Calling Garbage Collector...
> [10.06.2022, 02:18:14@Controller] Calling Garbage Collector...
> [10.06.2022, 02:18:24@FileMaster] saving config...
> [10.06.2022, 02:18:24@FileMaster] configuration.cfg saved sucsessfully!
> [10.06.2022, 02:18:24@Class] Trying to insert fr24Frames...
> [10.06.2022, 02:18:24@Class] Inserting 250 fr24Frames...
> [10.06.2022, 02:18:24@Controller] Calling Garbage Collector...
> [10.06.2022, 02:18:34@Controller] Calling Garbage Collector...
> [10.06.2022, 02:18:44@Class] Trying to insert fr24Frames...
> [10.06.2022, 02:18:44@Class] Inserting 250 fr24Frames...
> [10.06.2022, 02:18:44@Controller] Calling Garbage Collector...
> [10.06.2022, 02:18:54@Controller] Calling Garbage Collector...
> [10.06.2022, 02:19:04@Class] Trying to insert fr24Frames...
> [10.06.2022, 02:19:04@Class] Inserting 250 fr24Frames...
> [10.06.2022, 02:19:04@Controller] Calling Garbage Collector...
> [10.06.2022, 02:19:14@Controller] Calling Garbage Collector...
> [10.06.2022, 02:19:24@Class] Trying to insert fr24Frames...
> [10.06.2022, 02:19:24@Class] Inserting 250 fr24Frames...
> [10.06.2022, 02:19:24@Controller] Calling Garbage Collector...
> [10.06.2022, 02:19:34@Controller] Calling Garbage Collector...
> [10.06.2022, 02:19:44@Class] Trying to insert fr24Frames...
> [10.06.2022, 02:19:44@Class] Inserting 250 fr24Frames...
> [10.06.2022, 02:19:44@Controller] Calling Garbage Collector...
> [10.06.2022, 02:19:54@Controller] Calling Garbage Collector...
> [10.06.2022, 02:20:04@Class] Trying to insert fr24Frames...
> [10.06.2022, 02:20:04@Class] Inserting 250 fr24Frames...
> [10.06.2022, 02:20:04@Controller] Calling Garbage Collector...
> [10.06.2022, 02:20:11@Controller] view loaded!
> [10.06.2022, 02:20:14@Controller] Calling Garbage Collector...
> [10.06.2022, 02:20:24@Class] Trying to insert fr24Frames...
> [10.06.2022, 02:20:24@Class] Inserting 250 fr24Frames...
> [10.06.2022, 02:20:24@Controller] Calling Garbage Collector...
> [10.06.2022, 02:20:34@Controller] Calling Garbage Collector...
> [10.06.2022, 02:20:44@Class] Trying to insert fr24Frames...
> [10.06.2022, 02:20:44@Class] Inserting 250 fr24Frames...
> [10.06.2022, 02:20:44@Controller] Calling Garbage Collector...
> [10.06.2022, 02:20:54@Controller] Calling Garbage Collector...
> [10.06.2022, 02:21:04@Class] Trying to insert fr24Frames...
> [10.06.2022, 02:21:04@Class] Inserting 250 fr24Frames...
> [10.06.2022, 02:21:04@Controller] Calling Garbage Collector...
> [10.06.2022, 02:21:14@Controller] Calling Garbage Collector...
> [10.06.2022, 02:21:24@Class] Trying to insert fr24Frames...
> [10.06.2022, 02:21:24@Class] Inserting 250 fr24Frames...
> [10.06.2022, 02:21:24@Controller] Calling Garbage Collector...
> [10.06.2022, 02:21:34@Controller] Calling Garbage Collector...
> [10.06.2022, 02:21:44@Class] Trying to insert fr24Frames...
> [10.06.2022, 02:21:44@Class] Inserting 250 fr24Frames...
> [10.06.2022, 02:21:44@Controller] Calling Garbage Collector...
> [10.06.2022, 02:21:55@Controller] Calling Garbage Collector...
> [10.06.2022, 02:22:04@Class] Trying to insert fr24Frames...
> [10.06.2022, 02:22:04@Class] Inserting 250 fr24Frames...
> [10.06.2022, 02:22:04@Controller] Calling Garbage Collector...
> [10.06.2022, 02:22:14@Controller] Calling Garbage Collector...
> [10.06.2022, 02:22:24@Class] Trying to insert fr24Frames...
> [10.06.2022, 02:22:24@Class] Inserting 250 fr24Frames...
> [10.06.2022, 02:22:24@Controller] Calling Garbage Collector...
> [10.06.2022, 02:22:34@Controller] Calling Garbage Collector...
> [10.06.2022, 02:22:44@Class] Trying to insert fr24Frames...
> [10.06.2022, 02:22:44@Class] Inserting 250 fr24Frames...
> [10.06.2022, 02:22:44@Controller] Calling Garbage Collector...
> [10.06.2022, 02:22:54@Controller] Calling Garbage Collector...
> [10.06.2022, 02:23:04@Class] Trying to insert fr24Frames...
> [10.06.2022, 02:23:04@Class] Inserting 250 fr24Frames...
> [10.06.2022, 02:23:04@Controller] Calling Garbage Collector...
> [10.06.2022, 02:23:14@Controller] Calling Garbage Collector...
> [10.06.2022, 02:23:24@FileMaster] saving config...
> [10.06.2022, 02:23:24@FileMaster] configuration.cfg saved sucsessfully!
> [10.06.2022, 02:23:24@Class] Trying to insert fr24Frames...
> [10.06.2022, 02:23:24@Class] Inserting 250 fr24Frames...
> [10.06.2022, 02:23:24@Controller] Calling Garbage Collector...
> [10.06.2022, 02:23:34@Controller] Calling Garbage Collector...
> [10.06.2022, 02:23:44@Class] Trying to insert fr24Frames...
> [10.06.2022, 02:23:44@Class] Inserting 250 fr24Frames...
> [10.06.2022, 02:23:44@Controller] Calling Garbage Collector...
> [10.06.2022, 02:23:54@Controller] Calling Garbage Collector...
> [10.06.2022, 02:24:04@Class] Trying to insert fr24Frames...
> [10.06.2022, 02:24:04@Class] Inserting 250 fr24Frames...
> [10.06.2022, 02:24:04@Controller] Calling Garbage Collector...
> [10.06.2022, 02:24:14@Controller] Calling Garbage Collector...
> [10.06.2022, 02:24:24@Class] Trying to insert fr24Frames...
> [10.06.2022, 02:24:24@Class] Inserting 250 fr24Frames...
> [10.06.2022, 02:24:24@Controller] Calling Garbage Collector...
> [10.06.2022, 02:24:34@Controller] Calling Garbage Collector...
> [10.06.2022, 02:24:44@Controller] Calling Garbage Collector...
> [10.06.2022, 02:24:46@Controller] view loaded!
> [10.06.2022, 02:24:54@Controller] Calling Garbage Collector...
> [10.06.2022, 02:25:04@Class] Trying to insert fr24Frames...
> [10.06.2022, 02:25:04@Class] Inserting 250 fr24Frames...
> [10.06.2022, 02:25:04@Controller] Calling Garbage Collector...
> [10.06.2022, 02:25:14@Controller] Calling Garbage Collector...
> [10.06.2022, 02:25:24@Controller] Calling Garbage Collector...
> [10.06.2022, 02:25:34@Controller] Calling Garbage Collector...
> [10.06.2022, 02:25:35@Controller] view loaded!
> [10.06.2022, 02:25:44@Class] Trying to insert fr24Frames...
> [10.06.2022, 02:25:44@Class] Inserting 250 fr24Frames...
> [10.06.2022, 02:25:44@Controller] Calling Garbage Collector...
> [10.06.2022, 02:25:54@Controller] Calling Garbage Collector...
> [10.06.2022, 02:26:04@Class] Trying to insert fr24Frames...
> [10.06.2022, 02:26:04@Class] Inserting 250 fr24Frames...
> [10.06.2022, 02:26:04@Controller] Calling Garbage Collector...
> [10.06.2022, 02:26:14@Controller] Calling Garbage Collector...
> [10.06.2022, 02:26:19@Controller] view loaded!
> [10.06.2022, 02:26:24@Class] Trying to insert fr24Frames...
> [10.06.2022, 02:26:24@Class] Inserting 250 fr24Frames...
> [10.06.2022, 02:26:24@Controller] Calling Garbage Collector...
> [10.06.2022, 02:26:34@Controller] Calling Garbage Collector...
> [10.06.2022, 02:26:44@Class] Trying to insert fr24Frames...
> [10.06.2022, 02:26:44@Class] Inserting 250 fr24Frames...
> [10.06.2022, 02:26:44@Controller] Calling Garbage Collector...
> [10.06.2022, 02:26:51@Controller] Shutting down program, please wait...
> [10.06.2022, 02:26:51@FileMaster] saving config...
> [10.06.2022, 02:26:51@FileMaster] configuration.cfg saved sucsessfully!
> 