> [13.06.2022, 17:17:08@Controller] initializing Controller...
> [13.06.2022, 17:17:08@Controller] initializing Executors...
> [13.06.2022, 17:17:08@Controller] Executors initialized sucsessfully!
> [13.06.2022, 17:17:08@Controller] Controller initialized sucsessfully!
> [13.06.2022, 17:17:08@GUI] initialising GUI...
> [13.06.2022, 17:17:08@GUI] GUI initialized sucsessfully!
> [13.06.2022, 17:17:18@Controller] Calling Garbage Collector...
> [13.06.2022, 17:17:19@Controller] view loaded!
> [13.06.2022, 17:17:28@Class] Trying to insert frames...
> [13.06.2022, 17:17:28@Class] Inserting 250 frames...
> [13.06.2022, 17:17:28@Controller] Calling Garbage Collector...
> [13.06.2022, 17:17:38@Controller] Calling Garbage Collector...
> [13.06.2022, 17:17:39@Controller] view loaded!
> [13.06.2022, 17:17:48@Class] Trying to insert frames...
> [13.06.2022, 17:17:48@Class] Inserting 250 frames...
> [13.06.2022, 17:17:48@Controller] Calling Garbage Collector...
> [13.06.2022, 17:17:58@Controller] Calling Garbage Collector...
> [13.06.2022, 17:18:08@FileMaster] saving config...
> [13.06.2022, 17:18:08@FileMaster] configuration.cfg saved sucsessfully!
> [13.06.2022, 17:18:08@Class] Trying to insert frames...
> [13.06.2022, 17:18:08@Class] Inserting 250 frames...
> [13.06.2022, 17:18:08@Controller] Calling Garbage Collector...
> [13.06.2022, 17:18:13@Controller] Shutting down program, please wait...
> [13.06.2022, 17:18:13@FileMaster] saving config...
> [13.06.2022, 17:18:13@FileMaster] configuration.cfg saved sucsessfully!
> 