JvmtiExport can_access_local_variables 0
JvmtiExport can_hotswap_or_post_breakpoint 0
JvmtiExport can_post_on_exceptions 0
# 124 ciObject found
instanceKlass java/util/concurrent/atomic/AtomicReferenceFieldUpdater$AtomicReferenceFieldUpdaterImpl$1
instanceKlass java/util/concurrent/atomic/AtomicReferenceFieldUpdater
instanceKlass java/lang/StackTraceElement$HashedModules
instanceKlass java/lang/Throwable$PrintStreamOrWriter
instanceKlass java/util/IdentityHashMap$IdentityHashMapIterator
instanceKlass java/util/concurrent/ConcurrentLinkedQueue$$Lambda$550+0x00000008002561f8
instanceKlass jdk/internal/net/http/SocketTube$InternalReadPublisher$InternalReadSubscription$$Lambda$549+0x0000000800260040
instanceKlass jdk/internal/net/http/Http2ClientImpl$$Lambda$548+0x000000080021fc68
instanceKlass jdk/internal/net/http/ConnectionPool$$Lambda$547+0x000000080021fa38
instanceKlass java/util/stream/Collectors$$Lambda$546+0x0000000800255fb8
instanceKlass java/util/stream/Collectors$$Lambda$545+0x0000000800255d90
instanceKlass java/util/stream/Collectors$$Lambda$544+0x0000000800255b78
instanceKlass jdk/internal/net/http/ConnectionPool$$Lambda$543+0x000000080021f800
instanceKlass jdk/internal/net/http/ConnectionPool$ExpiryEntry
instanceKlass java/util/LinkedList$LLSpliterator
instanceKlass jdk/internal/access/foreign/MemorySegmentProxy
instanceKlass sun/security/ssl/PreSharedKeyExtension$SHPreSharedKeySpec
instanceKlass sun/security/ssl/PreSharedKeyExtension$CHPreSharedKeySpec
instanceKlass sun/security/ssl/PreSharedKeyExtension$PskIdentity
instanceKlass jdk/internal/math/FDBigInteger
instanceKlass java/util/regex/Pattern$$Lambda$542+0x0000000800254630
instanceKlass java/sql/ParameterMetaData
instanceKlass sun/nio/cs/ThreadLocalCoders$Cache
instanceKlass sun/nio/cs/ThreadLocalCoders
instanceKlass java/sql/Clob
instanceKlass java/sql/ResultSetMetaData
instanceKlass java/sql/ResultSet
instanceKlass org/sqlite/core/CoreResultSet
instanceKlass org/sqlite/core/CoreStatement
instanceKlass org/sqlite/ProgressHandler
instanceKlass org/sqlite/core/DB$ProgressObserver
instanceKlass org/sqlite/Function
instanceKlass java/lang/Shutdown$Lock
instanceKlass java/lang/Shutdown
instanceKlass java/io/DeleteOnExitHook$1
instanceKlass java/io/DeleteOnExitHook
instanceKlass java/io/FileOutputStream$1
instanceKlass sun/security/util/FilePermCompat
instanceKlass java/io/FilePermission$1
instanceKlass jdk/internal/access/JavaIOFilePermissionAccess
instanceKlass java/util/UUID$Holder
instanceKlass java/util/UUID
instanceKlass java/util/Formattable
instanceKlass java/util/Formatter$Conversion
instanceKlass java/util/Formatter$Flags
instanceKlass java/util/Formatter$FormatSpecifier
instanceKlass java/util/Formatter$FixedString
instanceKlass java/util/Formatter$FormatString
instanceKlass java/lang/StringUTF16$CharsSpliterator
instanceKlass java/util/stream/Sink$ChainedInt
instanceKlass java/util/stream/FindOps$FindSink$OfInt$$Lambda$541+0x000000080024fb08
instanceKlass java/util/stream/FindOps$FindSink$OfInt$$Lambda$540+0x000000080024f8c0
instanceKlass java/util/stream/FindOps$FindSink$OfInt$$Lambda$539+0x000000080024f6a8
instanceKlass java/util/stream/FindOps$FindSink$OfInt$$Lambda$538+0x000000080024f460
instanceKlass java/util/OptionalInt
instanceKlass java/text/DecimalFormatSymbols$$Lambda$537+0x000000080024e7e8
instanceKlass java/util/function/IntPredicate
instanceKlass java/lang/StringLatin1$CharsSpliterator
instanceKlass sun/util/locale/provider/JRELocaleProviderAdapter$$Lambda$536+0x000000080024d930
instanceKlass java/text/DecimalFormatSymbols
instanceKlass java/util/Locale$1
instanceKlass java/util/Formatter
instanceKlass org/sqlite/util/OSInfo
instanceKlass java/lang/ClassLoader$$Lambda$535+0x000000080024cb38
instanceKlass org/sqlite/SQLiteJDBCLoader$1
instanceKlass java/io/FilenameFilter
instanceKlass org/sqlite/SQLiteJDBCLoader
instanceKlass java/util/regex/CharPredicates$$Lambda$534+0x000000080024c4f8
instanceKlass sun/util/locale/provider/LocaleResources
instanceKlass sun/util/cldr/CLDRLocaleProviderAdapter$$Lambda$533+0x000000080024b540
instanceKlass sun/util/locale/provider/CalendarDataUtility$CalendarWeekParameterGetter
instanceKlass sun/util/locale/provider/LocaleServiceProviderPool$LocalizedObjectGetter
instanceKlass sun/util/locale/provider/LocaleServiceProviderPool
instanceKlass java/util/Calendar$Builder
instanceKlass sun/util/locale/provider/JRELocaleProviderAdapter$$Lambda$532+0x00000008002494e0
instanceKlass sun/util/locale/Extension
instanceKlass java/lang/Character$CharacterCache
instanceKlass sun/util/locale/LocaleExtensions
instanceKlass org/sqlite/date/FastDateParser$Strategy
instanceKlass org/sqlite/date/FastDateParser
instanceKlass org/sqlite/date/FastDatePrinter$TwoDigitNumberField
instanceKlass org/sqlite/date/FastDatePrinter$TwoDigitMonthField
instanceKlass org/sqlite/date/FastDatePrinter$CharacterLiteral
instanceKlass org/sqlite/date/FastDatePrinter$PaddedNumberField
instanceKlass sun/util/resources/Bundles$2
instanceKlass sun/util/resources/Bundles$CacheKeyReference
instanceKlass java/util/ResourceBundle$ResourceBundleProviderHelper$$Lambda$531+0x0000000800247720
instanceKlass java/util/ResourceBundle$ResourceBundleProviderHelper
instanceKlass sun/util/resources/LocaleData$LocaleDataResourceBundleProvider
instanceKlass java/util/spi/ResourceBundleProvider
instanceKlass sun/util/resources/Bundles$CacheKey
instanceKlass java/util/ResourceBundle$1
instanceKlass jdk/internal/access/JavaUtilResourceBundleAccess
instanceKlass sun/util/resources/Bundles
instanceKlass sun/util/resources/LocaleData$LocaleDataStrategy
instanceKlass sun/util/resources/Bundles$Strategy
instanceKlass sun/util/resources/LocaleData$1
instanceKlass java/util/ResourceBundle
instanceKlass java/util/ResourceBundle$Control
instanceKlass sun/util/resources/LocaleData
instanceKlass sun/util/locale/provider/AvailableLanguageTags
instanceKlass sun/util/locale/provider/JRELocaleProviderAdapter$$Lambda$530+0x00000008002442b8
instanceKlass sun/util/resources/cldr/provider/CLDRLocaleDataMetaInfo
instanceKlass sun/util/cldr/CLDRLocaleProviderAdapter$1
instanceKlass sun/util/locale/LocaleObjectCache
instanceKlass sun/util/locale/BaseLocale$Key
instanceKlass sun/util/locale/StringTokenIterator
instanceKlass sun/util/locale/ParseStatus
instanceKlass sun/util/locale/LanguageTag
instanceKlass sun/util/cldr/CLDRBaseLocaleDataMetaInfo
instanceKlass sun/util/locale/provider/LocaleDataMetaInfo
instanceKlass sun/util/locale/provider/ResourceBundleBasedAdapter
instanceKlass sun/util/locale/provider/LocaleProviderAdapter$1
instanceKlass sun/util/locale/provider/LocaleProviderAdapter
instanceKlass java/util/spi/LocaleServiceProvider
instanceKlass sun/util/locale/InternalLocaleBuilder$CaseInsensitiveChar
instanceKlass sun/util/locale/InternalLocaleBuilder
instanceKlass java/util/Locale$Builder
instanceKlass sun/util/locale/provider/CalendarDataUtility
instanceKlass java/text/DateFormatSymbols
instanceKlass org/sqlite/date/FastDatePrinter$NumberRule
instanceKlass org/sqlite/date/FastDatePrinter$Rule
instanceKlass java/util/Calendar
instanceKlass org/sqlite/date/FastDatePrinter
instanceKlass org/sqlite/date/FormatCache$MultipartKey
instanceKlass sun/util/calendar/ZoneInfoFile$ZoneOffsetTransitionRule
instanceKlass sun/util/calendar/ZoneInfoFile$1
instanceKlass sun/util/calendar/ZoneInfoFile
instanceKlass java/util/TimeZone
instanceKlass org/sqlite/date/FormatCache
instanceKlass java/text/Format
instanceKlass org/sqlite/date/DatePrinter
instanceKlass org/sqlite/date/DateParser
instanceKlass org/sqlite/SQLiteConnectionConfig
instanceKlass org/sqlite/SQLiteConfig$PragmaValue
instanceKlass org/sqlite/SQLiteConfig
instanceKlass java/sql/PreparedStatement
instanceKlass java/sql/Statement
instanceKlass java/sql/Savepoint
instanceKlass org/sqlite/core/CoreDatabaseMetaData
instanceKlass java/sql/DatabaseMetaData
instanceKlass org/sqlite/core/DB
instanceKlass org/sqlite/core/Codes
instanceKlass java/util/BitSet
instanceKlass java/net/URLEncoder
instanceKlass java/net/URLDecoder
instanceKlass com/mysql/cj/util/StringUtils
instanceKlass java/util/regex/CharPredicates$$Lambda$529+0x00000008002261b8
instanceKlass com/mysql/cj/conf/ConnectionUrlParser
instanceKlass com/mysql/cj/conf/ConnectionUrl
instanceKlass com/mysql/cj/conf/DatabaseUrlContainer
instanceKlass sun/net/www/MessageHeader
instanceKlass sun/net/www/protocol/jar/JarFileFactory
instanceKlass sun/net/www/protocol/jar/URLJarFile$URLJarFileCloseController
instanceKlass java/net/URLConnection
instanceKlass org/sqlite/SQLiteConnection
instanceKlass org/sqlite/JDBC
instanceKlass java/sql/DriverManager$2
instanceKlass java/sql/DriverManager$1
instanceKlass java/lang/invoke/LambdaForm$MH+0x0000000800230040
instanceKlass java/lang/invoke/LambdaForm$MH+0x000000080020ec40
instanceKlass java/lang/invoke/LambdaForm$MH+0x000000080020e840
instanceKlass java/lang/invoke/LambdaForm$MH+0x000000080020f440
instanceKlass java/lang/invoke/LambdaForm$MH+0x000000080020f040
instanceKlass java/sql/DriverInfo
instanceKlass java/sql/DriverManager
instanceKlass java/util/concurrent/Executors$DelegatedExecutorService
instanceKlass com/mysql/cj/jdbc/AbandonedConnectionCleanupThread$$Lambda$528+0x0000000800228e18
instanceKlass com/mysql/cj/jdbc/AbandonedConnectionCleanupThread
instanceKlass com/mysql/cj/jdbc/JdbcPropertySet
instanceKlass com/mysql/cj/conf/PropertySet
instanceKlass java/sql/Connection
instanceKlass java/sql/Wrapper
instanceKlass com/mysql/cj/jdbc/NonRegisteringDriver
instanceKlass java/sql/Driver
instanceKlass planespotter/dataclasses/Frame
instanceKlass java/util/regex/Pattern$$Lambda$527+0x0000000800222a68
instanceKlass jdk/internal/net/http/websocket/RawChannel
instanceKlass jdk/internal/net/http/HttpResponseImpl$RawChannelProvider
instanceKlass jdk/internal/net/http/HttpResponseImpl
instanceKlass jdk/internal/net/http/websocket/RawChannel$Provider
instanceKlass jdk/internal/net/http/MultiExchange$$Lambda$526+0x000000080021b890
instanceKlass jdk/internal/net/http/Exchange$$Lambda$525+0x000000080021b660
instanceKlass jdk/internal/net/http/ResponseSubscribers$$Lambda$524+0x000000080021b430
instanceKlass jdk/internal/net/http/ResponseSubscribers$$Lambda$523+0x000000080021b210
instanceKlass jdk/internal/net/http/Stream$$Lambda$522+0x000000080021afe0
instanceKlass java/net/http/HttpResponse$BodySubscribers$$Lambda$521+0x000000080021ada0
instanceKlass jdk/internal/net/http/ResponseSubscribers
instanceKlass jdk/internal/net/http/ResponseSubscribers$ByteArraySubscriber
instanceKlass jdk/internal/net/http/ResponseSubscribers$TrustedSubscriber
instanceKlass java/net/http/HttpResponse$BodySubscribers
instanceKlass sun/net/www/HeaderParser
instanceKlass jdk/internal/net/http/ResponseInfoImpl
instanceKlass jdk/internal/net/http/Stream$$Lambda$520+0x0000000800219cf8
instanceKlass java/util/stream/FindOps$FindSink$OfLong$$Lambda$519+0x0000000800221eb8
instanceKlass java/util/stream/FindOps$FindSink$OfLong$$Lambda$518+0x0000000800221c70
instanceKlass java/util/stream/FindOps$FindSink$OfLong$$Lambda$517+0x0000000800221a58
instanceKlass java/util/stream/FindOps$FindSink$OfLong$$Lambda$516+0x0000000800221810
instanceKlass java/util/OptionalLong
instanceKlass java/util/stream/Sink$OfLong
instanceKlass java/util/function/LongConsumer
instanceKlass java/util/stream/LongStream
instanceKlass java/net/http/HttpHeaders$$Lambda$515+0x0000000800219ae0
instanceKlass java/util/function/ToLongFunction
instanceKlass jdk/internal/net/http/hpack/Decoder$1
instanceKlass jdk/internal/net/http/Stream$$Lambda$514+0x00000008002196a8
instanceKlass jdk/internal/net/http/Stream$$Lambda$513+0x0000000800219470
instanceKlass jdk/internal/net/http/Stream$$Lambda$512+0x0000000800219238
instanceKlass jdk/internal/net/http/Stream$$Lambda$511+0x0000000800219000
instanceKlass jdk/internal/net/http/Exchange$$Lambda$510+0x0000000800218dc0
instanceKlass jdk/internal/net/http/Exchange$$Lambda$509+0x0000000800218b80
instanceKlass jdk/internal/net/http/Exchange$$Lambda$508+0x0000000800218940
instanceKlass jdk/internal/net/http/Exchange$$Lambda$507+0x0000000800218700
instanceKlass jdk/internal/net/http/Stream$$Lambda$506+0x00000008002184c0
instanceKlass jdk/internal/net/http/Stream$$Lambda$505+0x0000000800218280
instanceKlass jdk/internal/net/http/Stream$$Lambda$504+0x0000000800218040
instanceKlass jdk/internal/net/http/Stream$$Lambda$503+0x0000000800217d90
instanceKlass jdk/internal/net/http/Stream$$Lambda$502+0x0000000800217b60
instanceKlass jdk/internal/net/http/Stream$$Lambda$499+0x0000000800217930
instanceKlass jdk/internal/net/http/Stream$$Lambda$501+0x0000000800217700
instanceKlass jdk/internal/net/http/Stream$$Lambda$500+0x00000008002174d0
instanceKlass jdk/internal/net/http/Exchange$$Lambda$497+0x00000008002172a0
instanceKlass jdk/internal/net/http/Exchange$$Lambda$498+0x0000000800217070
instanceKlass jdk/internal/net/http/Exchange$$Lambda$496+0x0000000800216e40
instanceKlass jdk/internal/net/http/Exchange$$Lambda$495+0x0000000800216c10
instanceKlass jdk/internal/net/http/HttpConnection$PlainHttpPublisher$$Lambda$493+0x00000008002169f8
instanceKlass jdk/internal/net/http/HttpConnection$PlainHttpPublisher$$Lambda$494+0x00000008002167e0
instanceKlass jdk/internal/net/http/HttpConnection$PlainHttpPublisher$$Lambda$492+0x00000008002165c8
instanceKlass jdk/internal/net/http/HttpConnection$PlainHttpPublisher$$Lambda$491+0x00000008002163b0
instanceKlass java/util/AbstractMap$2$1
instanceKlass java/util/Collections$UnmodifiableMap$UnmodifiableEntrySet$UnmodifiableEntry
instanceKlass java/util/Collections$UnmodifiableMap$UnmodifiableEntrySet$1
instanceKlass jdk/internal/net/http/Stream$$Lambda$489+0x0000000800215d20
instanceKlass jdk/internal/net/http/Stream$$Lambda$487+0x0000000800215f70
instanceKlass jdk/internal/net/http/Stream$$Lambda$490+0x0000000800215ad0
instanceKlass jdk/internal/net/http/Stream$$Lambda$488+0x0000000800215880
instanceKlass jdk/internal/net/http/common/Utils$$Lambda$486+0x0000000800215630
instanceKlass jdk/internal/net/http/common/Utils$$Lambda$485+0x0000000800215190
instanceKlass jdk/internal/net/http/common/Utils$$Lambda$483+0x00000008002153e0
instanceKlass jdk/internal/net/http/common/Utils$$Lambda$484+0x0000000800214f40
instanceKlass jdk/internal/net/http/Http2Connection$ValidatingHeadersConsumer
instanceKlass jdk/internal/net/http/Stream$$Lambda$482+0x0000000800214790
instanceKlass jdk/internal/net/http/Stream$$Lambda$481+0x0000000800214560
instanceKlass jdk/internal/net/http/Stream$$Lambda$479+0x0000000800214330
instanceKlass jdk/internal/net/http/Stream$$Lambda$480+0x0000000800214100
instanceKlass jdk/internal/net/http/Stream$$Lambda$477+0x0000000800213ee0
instanceKlass jdk/internal/net/http/Stream$$Lambda$478+0x0000000800213cc0
instanceKlass jdk/internal/net/http/Stream$$Lambda$475+0x0000000800213aa0
instanceKlass jdk/internal/net/http/Stream$$Lambda$476+0x0000000800213880
instanceKlass jdk/internal/net/http/Stream$$Lambda$473+0x0000000800213660
instanceKlass jdk/internal/net/http/Stream$$Lambda$474+0x0000000800213440
instanceKlass jdk/internal/net/http/Stream$$Lambda$471+0x0000000800213220
instanceKlass jdk/internal/net/http/Stream$$Lambda$472+0x0000000800213000
instanceKlass jdk/internal/net/http/Stream$$Lambda$470+0x0000000800212de0
instanceKlass jdk/internal/net/http/Stream$$Lambda$469+0x0000000800212bc0
instanceKlass jdk/internal/net/http/Stream$$Lambda$467+0x00000008002129a0
instanceKlass jdk/internal/net/http/Stream$$Lambda$468+0x0000000800212780
instanceKlass java/util/stream/ReduceOps$5ReducingSink
instanceKlass java/util/stream/Sink$OfInt
instanceKlass java/util/function/IntConsumer
instanceKlass java/util/stream/IntPipeline$$Lambda$466+0x00000008001fd348
instanceKlass java/util/stream/IntPipeline$$Lambda$465+0x00000008001fd130
instanceKlass java/util/stream/IntPipeline$$Lambda$463+0x00000008001fcf18
instanceKlass java/util/stream/IntPipeline$$Lambda$464+0x00000008001fcd00
instanceKlass java/util/stream/IntStream
instanceKlass jdk/internal/net/http/HttpConnection$PlainHttpPublisher$$Lambda$462+0x0000000800211ea8
instanceKlass jdk/internal/net/http/HttpConnection$PlainHttpPublisher$$Lambda$461+0x00000008002120c0
instanceKlass jdk/internal/net/http/HttpConnection$PlainHttpPublisher$$Lambda$459+0x0000000800211c90
instanceKlass jdk/internal/net/http/HttpConnection$PlainHttpPublisher$$Lambda$460+0x0000000800211a78
instanceKlass java/util/function/ToIntFunction
instanceKlass jdk/internal/net/http/HttpConnection$PlainHttpPublisher$HttpWriteSubscription
instanceKlass jdk/internal/net/http/common/SSLTube$DelegateWrapper$$Lambda$456+0x0000000800211620
instanceKlass jdk/internal/net/http/common/SSLTube$DelegateWrapper$$Lambda$458+0x00000008002113f0
instanceKlass jdk/internal/net/http/common/SSLTube$DelegateWrapper$$Lambda$457+0x00000008002111c0
instanceKlass jdk/internal/net/http/common/SSLTube$DelegateWrapper$$Lambda$455+0x0000000800210f90
instanceKlass jdk/internal/net/http/common/SSLTube$DelegateWrapper
instanceKlass jdk/internal/net/http/WindowUpdateSender$$Lambda$454+0x0000000800210af0
instanceKlass jdk/internal/net/http/WindowUpdateSender$$Lambda$453+0x00000008002108d0
instanceKlass jdk/internal/net/http/WindowUpdateSender$$Lambda$451+0x0000000800210490
instanceKlass jdk/internal/net/http/WindowUpdateSender$$Lambda$452+0x00000008002106b0
instanceKlass jdk/internal/net/http/WindowUpdateSender
instanceKlass jdk/internal/net/http/hpack/ISO_8859_1$Reader$$Lambda$450+0x0000000800207c40
instanceKlass jdk/internal/net/http/hpack/ISO_8859_1$Reader$$Lambda$449+0x00000008002075e0
instanceKlass jdk/internal/net/http/hpack/ISO_8859_1$Reader$$Lambda$447+0x0000000800207a20
instanceKlass jdk/internal/net/http/hpack/ISO_8859_1$Reader$$Lambda$448+0x0000000800207800
instanceKlass jdk/internal/net/http/hpack/ISO_8859_1$Reader
instanceKlass jdk/internal/net/http/hpack/QuickHuffman$ImmutableNode
instanceKlass jdk/internal/net/http/hpack/QuickHuffman$TemporaryNode
instanceKlass jdk/internal/net/http/hpack/QuickHuffman$Node
instanceKlass jdk/internal/net/http/hpack/QuickHuffman$Reader$$Lambda$446+0x0000000800206520
instanceKlass jdk/internal/net/http/hpack/QuickHuffman$Reader$$Lambda$444+0x0000000800206300
instanceKlass jdk/internal/net/http/hpack/QuickHuffman$Reader$$Lambda$445+0x00000008002060e0
instanceKlass jdk/internal/net/http/hpack/QuickHuffman$Reader$$Lambda$443+0x0000000800205ec0
instanceKlass jdk/internal/net/http/hpack/QuickHuffman$Reader
instanceKlass jdk/internal/net/http/hpack/Huffman$Reader
instanceKlass jdk/internal/net/http/hpack/StringReader
instanceKlass jdk/internal/net/http/hpack/IntegerReader
instanceKlass jdk/internal/net/http/hpack/Decoder
instanceKlass jdk/internal/net/http/hpack/SimpleHeaderTable$CircularBuffer
instanceKlass jdk/internal/net/http/hpack/HeaderTable$$Lambda$442+0x0000000800204c20
instanceKlass jdk/internal/net/http/hpack/SimpleHeaderTable$HeaderField
instanceKlass jdk/internal/net/http/hpack/SimpleHeaderTable
instanceKlass java/lang/invoke/LambdaForm$MH+0x000000080020e440
instanceKlass java/lang/invoke/LambdaForm$MH+0x000000080020d440
instanceKlass java/lang/invoke/LambdaForm$MH+0x000000080020c440
instanceKlass java/lang/invoke/LambdaForm$MH+0x000000080020bc40
instanceKlass java/lang/invoke/LambdaForm$MH+0x000000080020ac40
instanceKlass java/lang/invoke/LambdaForm$MH+0x0000000800209840
instanceKlass java/lang/invoke/LambdaForm$MH+0x0000000800208c40
instanceKlass java/lang/invoke/LambdaForm$MH+0x00000008001a2040
instanceKlass jdk/internal/net/http/hpack/HPACK$Logger$$Lambda$441+0x0000000800204148
instanceKlass jdk/internal/net/http/hpack/HPACK$$Lambda$440+0x0000000800203f28
instanceKlass jdk/internal/net/http/hpack/HPACK$Logger
instanceKlass jdk/internal/net/http/hpack/HPACK
instanceKlass jdk/internal/net/http/hpack/BulkSizeUpdateWriter
instanceKlass jdk/internal/net/http/hpack/SizeUpdateWriter
instanceKlass jdk/internal/net/http/hpack/ISO_8859_1$Writer$$Lambda$436+0x0000000800202838
instanceKlass jdk/internal/net/http/hpack/ISO_8859_1$Writer$$Lambda$438+0x0000000800202618
instanceKlass jdk/internal/net/http/hpack/ISO_8859_1$Writer$$Lambda$439+0x00000008002023f8
instanceKlass jdk/internal/net/http/hpack/ISO_8859_1$Writer$$Lambda$437+0x00000008002021d8
instanceKlass jdk/internal/net/http/hpack/ISO_8859_1
instanceKlass jdk/internal/net/http/hpack/ISO_8859_1$Writer
instanceKlass jdk/internal/net/http/hpack/StringWriter
instanceKlass jdk/internal/net/http/hpack/IndexNameValueWriter
instanceKlass jdk/internal/net/http/hpack/IntegerWriter
instanceKlass jdk/internal/net/http/hpack/IndexedWriter
instanceKlass jdk/internal/net/http/hpack/QuickHuffman$Writer$$Lambda$433+0x00000008002010d0
instanceKlass jdk/internal/net/http/hpack/QuickHuffman$Writer$$Lambda$432+0x0000000800200eb0
instanceKlass jdk/internal/net/http/hpack/QuickHuffman$Writer$$Lambda$435+0x0000000800200c90
instanceKlass jdk/internal/net/http/hpack/QuickHuffman$Writer$$Lambda$434+0x0000000800200a70
instanceKlass jdk/internal/net/http/hpack/QuickHuffman
instanceKlass java/lang/invoke/LambdaForm$DMH+0x00000008001a3840
instanceKlass jdk/internal/net/http/hpack/HPACK$BufferUpdateConsumer
instanceKlass jdk/internal/net/http/hpack/QuickHuffman$Writer
instanceKlass jdk/internal/net/http/hpack/Huffman$Writer
instanceKlass jdk/internal/net/http/hpack/BinaryRepresentationWriter
instanceKlass jdk/internal/net/http/hpack/Encoder
instanceKlass jdk/internal/net/http/Http2Connection$$Lambda$431+0x00000008001d7a20
instanceKlass jdk/internal/net/http/Http2Connection$$Lambda$430+0x00000008001d7800
instanceKlass jdk/internal/net/http/Http2Connection$$Lambda$429+0x00000008001d75e0
instanceKlass jdk/internal/net/http/Http2Connection$$Lambda$428+0x00000008001d73c0
instanceKlass jdk/internal/net/http/frame/FramesDecoder$FrameProcessor
instanceKlass jdk/internal/net/http/frame/FramesDecoder$$Lambda$427+0x00000008001d6fa8
instanceKlass jdk/internal/net/http/frame/FramesDecoder
instanceKlass jdk/internal/net/http/Http2Connection$Http2TubeSubscriber$$Lambda$426+0x00000008001d6440
instanceKlass jdk/internal/net/http/Http2Connection$Http2TubeSubscriber$$Lambda$425+0x00000008001d6220
instanceKlass jdk/internal/net/http/Http2Connection$Http2TubeSubscriber$$Lambda$424+0x00000008001d6000
instanceKlass jdk/internal/net/http/Http2Connection$Http2TubeSubscriber$$Lambda$423+0x00000008001d5de0
instanceKlass jdk/internal/net/http/Http2Connection$Http2TubeSubscriber
instanceKlass jdk/internal/net/http/Http2Connection$FramesController
instanceKlass jdk/internal/net/http/WindowController$$Lambda$422+0x00000008001d5738
instanceKlass jdk/internal/net/http/WindowController
instanceKlass jdk/internal/net/http/frame/FramesEncoder
instanceKlass jdk/internal/net/http/Http2Connection$$Lambda$421+0x00000008001d50f0
instanceKlass jdk/internal/net/http/Http2Connection$$Lambda$420+0x00000008001d4ed0
instanceKlass jdk/internal/net/http/Http2Connection$$Lambda$419+0x00000008001d4cb0
instanceKlass jdk/internal/net/http/Http2Connection$$Lambda$418+0x00000008001d4a90
instanceKlass jdk/internal/net/http/Http2Connection$$Lambda$416+0x00000008001d4870
instanceKlass jdk/internal/net/http/Http2Connection$$Lambda$417+0x00000008001d4650
instanceKlass jdk/internal/net/http/Http2Connection$$Lambda$414+0x00000008001d4430
instanceKlass jdk/internal/net/http/Http2Connection$$Lambda$415+0x00000008001d4210
instanceKlass jdk/internal/net/http/Http2Connection$$Lambda$413+0x00000008001d3fe0
instanceKlass jdk/internal/net/http/Http2Connection$$Lambda$412+0x00000008001d3db0
instanceKlass jdk/internal/net/http/Http2Connection$$Lambda$411+0x00000008001d3b80
instanceKlass jdk/internal/net/http/Http2Connection$$Lambda$410+0x00000008001d3950
instanceKlass jdk/internal/net/http/Http2Connection$$Lambda$409+0x00000008001d3710
instanceKlass jdk/internal/net/http/Http2Connection$$Lambda$408+0x00000008001d34d0
instanceKlass jdk/internal/net/http/Http2Connection$$Lambda$407+0x00000008001d3290
instanceKlass jdk/internal/net/http/Http2Connection$$Lambda$406+0x00000008001d3050
instanceKlass sun/security/ssl/CipherSuite$1
instanceKlass sun/security/ssl/SSLBasicKeyDerivation$SecretSizeSpec
instanceKlass sun/security/ssl/SSLBasicKeyDerivation
instanceKlass sun/security/ssl/Finished$1
instanceKlass sun/security/ssl/Finished$T13VerifyDataGenerator
instanceKlass sun/security/ssl/Finished$T12VerifyDataGenerator
instanceKlass sun/security/ssl/Finished$T10VerifyDataGenerator
instanceKlass sun/security/ssl/Finished$S30VerifyDataGenerator
instanceKlass sun/security/ssl/Finished$VerifyDataGenerator
instanceKlass sun/security/rsa/MGF1
instanceKlass sun/security/ssl/X509Authentication$X509Credentials
instanceKlass sun/security/util/HostnameChecker$$Lambda$405+0x00000008001f9250
instanceKlass sun/security/util/HostnameChecker$$Lambda$402+0x00000008001f9018
instanceKlass sun/security/util/HostnameChecker$$Lambda$404+0x00000008001f8de0
instanceKlass sun/security/util/HostnameChecker$$Lambda$403+0x00000008001f8ba8
instanceKlass sun/security/util/HostnameChecker$$Lambda$401+0x00000008001f8960
instanceKlass sun/security/util/HostnameChecker$$Lambda$400+0x00000008001f8718
instanceKlass sun/security/util/HostnameChecker$$Lambda$398+0x00000008001f84d0
instanceKlass sun/security/util/HostnameChecker$$Lambda$399+0x00000008001f8288
instanceKlass sun/security/util/DomainName$RegisteredDomainImpl
instanceKlass sun/security/util/DomainName$CommonMatch
instanceKlass sun/security/util/DomainName$Match
instanceKlass sun/security/util/DomainName$1
instanceKlass java/util/LinkedList$DescendingIterator
instanceKlass sun/security/util/DomainName$Rule
instanceKlass sun/security/util/DomainName$Rules$RuleSet
instanceKlass java/util/zip/Checksum$1
instanceKlass java/util/zip/CRC32
instanceKlass java/util/zip/Checksum
instanceKlass sun/security/util/DomainName$Rules$1
instanceKlass sun/security/util/DomainName$Rules$$Lambda$397+0x00000008001f59a8
instanceKlass sun/security/util/DomainName$Rules$$Lambda$394+0x00000008001f5768
instanceKlass sun/security/util/DomainName$Rules$$Lambda$395+0x00000008001f5528
instanceKlass sun/security/util/DomainName$Rules$$Lambda$396+0x00000008001f52e8
instanceKlass sun/security/util/DomainName$Rules
instanceKlass sun/security/util/DomainName
instanceKlass sun/security/util/RegisteredDomain
instanceKlass sun/security/util/HostnameChecker
instanceKlass java/time/temporal/ValueRange
instanceKlass java/time/temporal/TemporalField
instanceKlass java/time/LocalDate
instanceKlass java/time/chrono/ChronoLocalDate
instanceKlass java/time/temporal/TemporalAdjuster
instanceKlass sun/security/validator/SymantecTLSPolicy
instanceKlass java/util/RegularEnumSet$EnumSetIterator
instanceKlass sun/security/validator/CADistrustPolicy$2
instanceKlass java/util/Vector$Itr
instanceKlass java/security/cert/PKIXCertPathValidatorResult
instanceKlass java/security/cert/CertPathValidatorResult
instanceKlass sun/security/rsa/RSAPadding
instanceKlass sun/security/rsa/RSACore
instanceKlass java/security/interfaces/RSAPrivateCrtKey
instanceKlass java/security/interfaces/RSAPrivateKey
instanceKlass sun/security/util/SignatureUtil
instanceKlass jdk/internal/reflect/UnsafeFieldAccessorFactory
instanceKlass java/security/interfaces/DSAPublicKey
instanceKlass java/security/interfaces/DSAKey
instanceKlass sun/security/util/Length
instanceKlass sun/security/provider/certpath/PKIXMasterCertPathValidator
instanceKlass sun/security/provider/certpath/PolicyNodeImpl
instanceKlass java/security/cert/PolicyNode
instanceKlass sun/security/util/AnchorCertificates$1
instanceKlass sun/security/util/AnchorCertificates
instanceKlass sun/security/x509/X509CertImpl$$Lambda$393+0x00000008001ed0c0
instanceKlass sun/security/x509/X509CertImpl$$Lambda$392+0x00000008001ece80
instanceKlass sun/security/x509/X509CertImpl$$Lambda$390+0x00000008001ecc40
instanceKlass sun/security/x509/X509CertImpl$$Lambda$391+0x00000008001eca00
instanceKlass sun/security/util/UntrustedCertificates$1
instanceKlass sun/security/util/UntrustedCertificates
instanceKlass sun/security/provider/certpath/CertPathHelper
instanceKlass java/security/cert/X509CertSelector
instanceKlass java/security/cert/CertSelector
instanceKlass sun/security/provider/certpath/PKIX$ValidatorParams
instanceKlass sun/security/provider/certpath/PKIX
instanceKlass java/security/cert/CertPath
instanceKlass java/security/cert/CertPathValidatorSpi
instanceKlass java/security/cert/CertPathValidator
instanceKlass java/security/cert/PKIXCertPathChecker
instanceKlass java/security/cert/CertPathChecker
instanceKlass java/security/Timestamp
instanceKlass sun/security/ssl/SSLAlgorithmConstraints$SupportedSignatureAlgorithmConstraints
instanceKlass jdk/internal/icu/util/CodePointTrie$Data
instanceKlass jdk/internal/icu/util/CodePointTrie$1
instanceKlass jdk/internal/icu/util/CodePointMap
instanceKlass jdk/internal/icu/impl/NormalizerImpl$IsAcceptable
instanceKlass jdk/internal/icu/impl/NormalizerImpl
instanceKlass jdk/internal/icu/impl/Norm2AllModes$Norm2AllModesSingleton
instanceKlass jdk/internal/icu/impl/Norm2AllModes$NFKCSingleton
instanceKlass jdk/internal/icu/impl/Norm2AllModes
instanceKlass jdk/internal/icu/text/Normalizer2
instanceKlass jdk/internal/icu/text/NormalizerBase$ModeImpl
instanceKlass jdk/internal/icu/text/NormalizerBase$NFKDModeImpl
instanceKlass jdk/internal/icu/text/NormalizerBase$1
instanceKlass jdk/internal/icu/text/NormalizerBase$Mode
instanceKlass jdk/internal/icu/text/NormalizerBase
instanceKlass java/text/Normalizer
instanceKlass sun/security/pkcs/SignerInfo
instanceKlass sun/security/pkcs/PKCS9Attribute
instanceKlass sun/security/x509/AVAKeyword
instanceKlass java/util/StringJoiner
instanceKlass java/security/cert/PKIXParameters
instanceKlass java/security/cert/CertPathParameters
instanceKlass java/security/cert/TrustAnchor
instanceKlass sun/security/validator/EndEntityChecker
instanceKlass sun/security/util/SecurityProperties
instanceKlass java/util/concurrent/locks/AbstractQueuedSynchronizer$Node
instanceKlass sun/security/validator/Validator
instanceKlass sun/security/provider/certpath/CertId
instanceKlass sun/security/provider/certpath/OCSPResponse$SingleResponse
instanceKlass sun/security/provider/certpath/OCSP$RevocationStatus
instanceKlass sun/security/provider/certpath/ResponderId
instanceKlass sun/security/provider/certpath/OCSPResponse
instanceKlass sun/security/ssl/CertStatusExtension$CertStatusResponse
instanceKlass sun/security/ssl/CertStatusExtension$CertStatusResponseSpec
instanceKlass sun/security/ssl/CertificateMessage$CertificateEntry
instanceKlass sun/security/ssl/ServerNameExtension$SHServerNamesSpec
instanceKlass sun/security/util/ArrayUtil$$Lambda$389+0x00000008001ddce8
instanceKlass sun/security/util/ArrayUtil
instanceKlass com/sun/crypto/provider/GHASH
instanceKlass javax/crypto/spec/GCMParameterSpec
instanceKlass sun/security/ssl/ChangeCipherSpec$T13ChangeCipherSpecConsumer
instanceKlass sun/security/ssl/ChangeCipherSpec$T10ChangeCipherSpecProducer
instanceKlass sun/security/ssl/ChangeCipherSpec$T10ChangeCipherSpecConsumer
instanceKlass sun/security/ssl/ChangeCipherSpec
instanceKlass javax/crypto/spec/IvParameterSpec
instanceKlass sun/security/ssl/SSLTrafficKeyDerivation$T13TrafficKeyDerivation
instanceKlass sun/security/ssl/SSLTrafficKeyDerivation$1
instanceKlass sun/security/ssl/SSLTrafficKeyDerivation$T13TrafficKeyDerivationGenerator
instanceKlass sun/security/ssl/SSLTrafficKeyDerivation$T12TrafficKeyDerivationGenerator
instanceKlass sun/security/ssl/SSLTrafficKeyDerivation$T10TrafficKeyDerivationGenerator
instanceKlass sun/security/ssl/SSLTrafficKeyDerivation$S30TrafficKeyDerivationGenerator
instanceKlass sun/security/ssl/SSLKeyDerivationGenerator
instanceKlass sun/security/ssl/SSLSecretDerivation
instanceKlass javax/crypto/MacSpi
instanceKlass javax/crypto/Mac
instanceKlass sun/security/ssl/HKDF
instanceKlass javax/crypto/spec/SecretKeySpec
instanceKlass sun/security/ec/XDHKeyAgreement$$Lambda$387+0x00000008001d2e18
instanceKlass sun/security/ec/XDHKeyAgreement$$Lambda$388+0x00000008001d2be0
instanceKlass sun/security/ec/XDHKeyAgreement$$Lambda$386+0x00000008001d29c8
instanceKlass sun/security/ec/XDHKeyAgreement$$Lambda$385+0x00000008001d27b0
instanceKlass sun/security/ec/XDHKeyAgreement$$Lambda$384+0x00000008001d2578
instanceKlass sun/security/ec/XDHKeyAgreement$$Lambda$383+0x00000008001d2340
instanceKlass sun/security/ec/XDHKeyAgreement$$Lambda$381+0x00000008001d2108
instanceKlass sun/security/ec/XDHKeyAgreement$$Lambda$382+0x00000008001d1ed0
instanceKlass javax/crypto/SecretKey
instanceKlass javax/crypto/KeyAgreementSpi
instanceKlass sun/security/ssl/KAKeyDerivation
instanceKlass sun/security/ssl/XDHKeyExchange$XDHEKAGenerator
instanceKlass sun/security/ssl/XDHKeyExchange
instanceKlass sun/security/util/ConstraintsParameters
instanceKlass sun/security/ec/XDHKeyFactory$$Lambda$380+0x00000008001d1a60
instanceKlass sun/security/ec/XDHKeyFactory$$Lambda$379+0x00000008001d1828
