JvmtiExport can_access_local_variables 0
JvmtiExport can_hotswap_or_post_breakpoint 0
JvmtiExport can_post_on_exceptions 0
# 137 ciObject found
instanceKlass java/util/concurrent/atomic/AtomicReferenceFieldUpdater$AtomicReferenceFieldUpdaterImpl$1
instanceKlass java/util/concurrent/atomic/AtomicReferenceFieldUpdater
instanceKlass java/lang/StackTraceElement$HashedModules
instanceKlass java/lang/Throwable$PrintStreamOrWriter
instanceKlass java/util/IdentityHashMap$IdentityHashMapIterator
instanceKlass java/util/concurrent/ConcurrentLinkedQueue$$Lambda$597+0x0000000800269cb8
instanceKlass java/util/concurrent/ConcurrentLinkedQueue$$Lambda$598+0x0000000800269a70
instanceKlass java/util/concurrent/ConcurrentLinkedQueue$$Lambda$596+0x0000000800269828
instanceKlass jdk/internal/net/http/SocketTube$InternalReadPublisher$InternalReadSubscription$$Lambda$594+0x000000080023b088
instanceKlass jdk/internal/net/http/SocketTube$InternalReadPublisher$InternalReadSubscription$$Lambda$595+0x000000080023b2b8
instanceKlass jdk/internal/net/http/SocketTube$InternalReadPublisher$InternalReadSubscription$$Lambda$593+0x000000080023ae58
instanceKlass jdk/internal/net/http/Http2ClientImpl$$Lambda$592+0x000000080023ac28
instanceKlass jdk/internal/net/http/Http2ClientImpl$$Lambda$590+0x000000080023a9f8
instanceKlass jdk/internal/net/http/Http2ClientImpl$$Lambda$591+0x000000080023a7c8
instanceKlass jdk/internal/net/http/ConnectionPool$$Lambda$589+0x000000080023a598
instanceKlass jdk/internal/net/http/ConnectionPool$$Lambda$587+0x000000080023a368
instanceKlass jdk/internal/net/http/ConnectionPool$$Lambda$588+0x000000080023a138
instanceKlass java/util/stream/Collectors$$Lambda$586+0x00000008002695e8
instanceKlass java/util/stream/Collectors$$Lambda$585+0x00000008002693a8
instanceKlass java/util/stream/Collectors$$Lambda$584+0x0000000800269168
instanceKlass java/util/stream/Collectors$$Lambda$583+0x0000000800268f40
instanceKlass java/util/stream/Collectors$$Lambda$582+0x0000000800268d18
instanceKlass java/util/stream/Collectors$$Lambda$581+0x0000000800268af0
instanceKlass java/util/stream/Collectors$$Lambda$580+0x00000008002688d8
instanceKlass java/util/stream/Collectors$$Lambda$579+0x00000008002686c0
instanceKlass java/util/stream/Collectors$$Lambda$578+0x00000008002684a8
instanceKlass jdk/internal/net/http/ConnectionPool$$Lambda$576+0x0000000800239f00
instanceKlass jdk/internal/net/http/ConnectionPool$$Lambda$577+0x0000000800239cc8
instanceKlass jdk/internal/net/http/ConnectionPool$$Lambda$575+0x0000000800239a90
instanceKlass jdk/internal/net/http/ConnectionPool$ExpiryEntry
instanceKlass java/util/LinkedList$LLSpliterator
instanceKlass jdk/internal/access/foreign/MemorySegmentProxy
instanceKlass sun/security/ssl/PreSharedKeyExtension$SHPreSharedKeySpec
instanceKlass sun/security/ssl/PreSharedKeyExtension$CHPreSharedKeySpec
instanceKlass sun/security/ssl/PreSharedKeyExtension$PskIdentity
instanceKlass jdk/internal/math/FDBigInteger
instanceKlass java/util/regex/Pattern$$Lambda$574+0x000000080025ed68
instanceKlass java/sql/ParameterMetaData
instanceKlass sun/nio/cs/ThreadLocalCoders$Cache
instanceKlass sun/nio/cs/ThreadLocalCoders
instanceKlass java/sql/Clob
instanceKlass java/sql/ResultSetMetaData
instanceKlass java/sql/ResultSet
instanceKlass org/sqlite/core/CoreResultSet
instanceKlass org/sqlite/core/CoreStatement
instanceKlass org/sqlite/ProgressHandler
instanceKlass org/sqlite/core/DB$ProgressObserver
instanceKlass org/sqlite/Function
instanceKlass java/lang/Shutdown$Lock
instanceKlass java/lang/Shutdown
instanceKlass java/io/DeleteOnExitHook$1
instanceKlass java/io/DeleteOnExitHook
instanceKlass java/io/FileOutputStream$1
instanceKlass sun/security/util/FilePermCompat
instanceKlass java/io/FilePermission$1
instanceKlass jdk/internal/access/JavaIOFilePermissionAccess
instanceKlass java/util/UUID$Holder
instanceKlass java/util/UUID
instanceKlass java/util/Formattable
instanceKlass java/util/Formatter$Conversion
instanceKlass java/util/Formatter$Flags
instanceKlass java/util/Formatter$FormatSpecifier
instanceKlass java/util/Formatter$FixedString
instanceKlass java/util/Formatter$FormatString
instanceKlass java/lang/StringUTF16$CharsSpliterator
instanceKlass java/util/stream/Sink$ChainedInt
instanceKlass java/util/stream/FindOps$FindSink$OfInt$$Lambda$573+0x000000080025a560
instanceKlass java/util/stream/FindOps$FindSink$OfInt$$Lambda$572+0x000000080025a318
instanceKlass java/util/stream/FindOps$FindSink$OfInt$$Lambda$571+0x000000080025a100
instanceKlass java/util/stream/FindOps$FindSink$OfInt$$Lambda$570+0x0000000800259eb8
instanceKlass java/util/OptionalInt
instanceKlass java/text/DecimalFormatSymbols$$Lambda$569+0x0000000800259240
instanceKlass java/util/function/IntPredicate
instanceKlass java/lang/StringLatin1$CharsSpliterator
instanceKlass sun/util/locale/provider/JRELocaleProviderAdapter$$Lambda$568+0x0000000800258388
instanceKlass java/text/DecimalFormatSymbols
instanceKlass java/util/Locale$1
instanceKlass java/util/Formatter
instanceKlass org/sqlite/util/OSInfo
instanceKlass java/lang/ClassLoader$$Lambda$567+0x0000000800257248
instanceKlass org/sqlite/SQLiteJDBCLoader$1
instanceKlass java/io/FilenameFilter
instanceKlass org/sqlite/SQLiteJDBCLoader
instanceKlass java/util/regex/CharPredicates$$Lambda$564+0x0000000800256c08
instanceKlass java/util/regex/CharPredicates$$Lambda$563+0x00000008002569b0
instanceKlass java/util/regex/CharPredicates$$Lambda$566+0x0000000800256758
instanceKlass java/util/regex/CharPredicates$$Lambda$565+0x0000000800256500
instanceKlass sun/util/locale/provider/LocaleResources
instanceKlass sun/util/cldr/CLDRLocaleProviderAdapter$$Lambda$561+0x0000000800255548
instanceKlass sun/util/cldr/CLDRLocaleProviderAdapter$$Lambda$560+0x0000000800255328
instanceKlass sun/util/cldr/CLDRLocaleProviderAdapter$$Lambda$562+0x0000000800255108
instanceKlass sun/util/cldr/CLDRLocaleProviderAdapter$$Lambda$559+0x0000000800254ee8
instanceKlass sun/util/locale/provider/CalendarDataUtility$CalendarWeekParameterGetter
instanceKlass sun/util/locale/provider/LocaleServiceProviderPool$LocalizedObjectGetter
instanceKlass sun/util/locale/provider/LocaleServiceProviderPool
instanceKlass java/util/Calendar$Builder
instanceKlass sun/util/locale/provider/JRELocaleProviderAdapter$$Lambda$557+0x0000000800252e88
instanceKlass sun/util/locale/provider/JRELocaleProviderAdapter$$Lambda$558+0x0000000800252c68
instanceKlass sun/util/locale/provider/JRELocaleProviderAdapter$$Lambda$555+0x0000000800252a48
instanceKlass sun/util/locale/provider/JRELocaleProviderAdapter$$Lambda$556+0x0000000800252828
instanceKlass sun/util/locale/Extension
instanceKlass java/lang/Character$CharacterCache
instanceKlass sun/util/locale/LocaleExtensions
instanceKlass org/sqlite/date/FastDateParser$Strategy
instanceKlass org/sqlite/date/FastDateParser
instanceKlass org/sqlite/date/FastDatePrinter$TwoDigitNumberField
instanceKlass org/sqlite/date/FastDatePrinter$TwoDigitMonthField
instanceKlass org/sqlite/date/FastDatePrinter$CharacterLiteral
instanceKlass org/sqlite/date/FastDatePrinter$PaddedNumberField
instanceKlass sun/util/resources/Bundles$2
instanceKlass sun/util/resources/Bundles$CacheKeyReference
instanceKlass java/util/ResourceBundle$ResourceBundleProviderHelper$$Lambda$552+0x0000000800250af0
instanceKlass java/util/ResourceBundle$ResourceBundleProviderHelper$$Lambda$551+0x00000008002508d0
instanceKlass java/util/ResourceBundle$ResourceBundleProviderHelper$$Lambda$553+0x00000008002506b0
instanceKlass java/util/ResourceBundle$ResourceBundleProviderHelper$$Lambda$554+0x0000000800250490
instanceKlass java/util/ResourceBundle$ResourceBundleProviderHelper
instanceKlass sun/util/resources/LocaleData$LocaleDataResourceBundleProvider
instanceKlass java/util/spi/ResourceBundleProvider
instanceKlass sun/util/resources/Bundles$CacheKey
instanceKlass java/util/ResourceBundle$1
instanceKlass jdk/internal/access/JavaUtilResourceBundleAccess
instanceKlass sun/util/resources/Bundles
instanceKlass sun/util/resources/LocaleData$LocaleDataStrategy
instanceKlass sun/util/resources/Bundles$Strategy
instanceKlass sun/util/resources/LocaleData$1
instanceKlass java/util/ResourceBundle
instanceKlass java/util/ResourceBundle$Control
instanceKlass sun/util/resources/LocaleData
instanceKlass sun/util/locale/provider/AvailableLanguageTags
instanceKlass sun/util/locale/provider/JRELocaleProviderAdapter$$Lambda$550+0x000000080024cf48
instanceKlass sun/util/locale/provider/JRELocaleProviderAdapter$$Lambda$547+0x000000080024cb08
instanceKlass sun/util/locale/provider/JRELocaleProviderAdapter$$Lambda$548+0x000000080024cd28
instanceKlass sun/util/locale/provider/JRELocaleProviderAdapter$$Lambda$549+0x000000080024c8e8
instanceKlass sun/util/resources/cldr/provider/CLDRLocaleDataMetaInfo
instanceKlass sun/util/cldr/CLDRLocaleProviderAdapter$1
instanceKlass sun/util/locale/LocaleObjectCache
instanceKlass sun/util/locale/BaseLocale$Key
instanceKlass sun/util/locale/StringTokenIterator
instanceKlass sun/util/locale/ParseStatus
instanceKlass sun/util/locale/LanguageTag
instanceKlass sun/util/cldr/CLDRBaseLocaleDataMetaInfo
instanceKlass sun/util/locale/provider/LocaleDataMetaInfo
instanceKlass sun/util/locale/provider/ResourceBundleBasedAdapter
instanceKlass sun/util/locale/provider/LocaleProviderAdapter$1
instanceKlass sun/util/locale/provider/LocaleProviderAdapter
instanceKlass java/util/spi/LocaleServiceProvider
instanceKlass sun/util/locale/InternalLocaleBuilder$CaseInsensitiveChar
instanceKlass sun/util/locale/InternalLocaleBuilder
instanceKlass java/util/Locale$Builder
instanceKlass sun/util/locale/provider/CalendarDataUtility
instanceKlass java/text/DateFormatSymbols
instanceKlass org/sqlite/date/FastDatePrinter$NumberRule
instanceKlass org/sqlite/date/FastDatePrinter$Rule
instanceKlass java/util/Calendar
instanceKlass org/sqlite/date/FastDatePrinter
instanceKlass org/sqlite/date/FormatCache$MultipartKey
instanceKlass sun/util/calendar/ZoneInfoFile$ZoneOffsetTransitionRule
instanceKlass sun/util/calendar/ZoneInfoFile$1
instanceKlass sun/util/calendar/ZoneInfoFile
instanceKlass java/util/TimeZone
instanceKlass org/sqlite/date/FormatCache
instanceKlass java/text/Format
instanceKlass org/sqlite/date/DatePrinter
instanceKlass org/sqlite/date/DateParser
instanceKlass org/sqlite/SQLiteConnectionConfig
instanceKlass org/sqlite/SQLiteConfig$PragmaValue
instanceKlass org/sqlite/SQLiteConfig
instanceKlass java/sql/PreparedStatement
instanceKlass java/sql/Statement
instanceKlass java/sql/Savepoint
instanceKlass org/sqlite/core/CoreDatabaseMetaData
instanceKlass java/sql/DatabaseMetaData
instanceKlass org/sqlite/core/DB
instanceKlass org/sqlite/core/Codes
instanceKlass java/util/BitSet
instanceKlass java/net/URLEncoder
instanceKlass java/net/URLDecoder
instanceKlass com/mysql/cj/util/StringUtils
instanceKlass java/util/regex/CharPredicates$$Lambda$546+0x0000000800226800
instanceKlass com/mysql/cj/conf/ConnectionUrlParser
instanceKlass com/mysql/cj/conf/ConnectionUrl
instanceKlass com/mysql/cj/conf/DatabaseUrlContainer
instanceKlass sun/net/www/MessageHeader
instanceKlass sun/net/www/protocol/jar/JarFileFactory
instanceKlass sun/net/www/protocol/jar/URLJarFile$URLJarFileCloseController
instanceKlass java/net/URLConnection
instanceKlass org/sqlite/SQLiteConnection
instanceKlass org/sqlite/JDBC
instanceKlass java/sql/DriverManager$2
instanceKlass java/sql/DriverManager$1
instanceKlass java/lang/invoke/LambdaForm$MH+0x0000000800234440
instanceKlass java/lang/invoke/LambdaForm$MH+0x0000000800233440
instanceKlass java/lang/invoke/LambdaForm$MH+0x0000000800232840
instanceKlass java/lang/invoke/LambdaForm$MH+0x0000000800231840
instanceKlass java/lang/invoke/LambdaForm$MH+0x0000000800230840
instanceKlass java/sql/DriverInfo
instanceKlass java/sql/DriverManager
instanceKlass java/util/concurrent/Executors$DelegatedExecutorService
instanceKlass com/mysql/cj/jdbc/AbandonedConnectionCleanupThread$$Lambda$545+0x0000000800228e18
instanceKlass com/mysql/cj/jdbc/AbandonedConnectionCleanupThread
instanceKlass com/mysql/cj/jdbc/JdbcPropertySet
instanceKlass com/mysql/cj/conf/PropertySet
instanceKlass java/sql/Connection
instanceKlass java/sql/Wrapper
instanceKlass com/mysql/cj/jdbc/NonRegisteringDriver
instanceKlass java/sql/Driver
instanceKlass planespotter/dataclasses/Frame
instanceKlass java/util/regex/Pattern$$Lambda$543+0x0000000800222e58
instanceKlass java/util/regex/Pattern$$Lambda$544+0x00000008002230b0
instanceKlass jdk/internal/net/http/websocket/RawChannel
instanceKlass jdk/internal/net/http/HttpResponseImpl$RawChannelProvider
instanceKlass jdk/internal/net/http/HttpResponseImpl
instanceKlass jdk/internal/net/http/websocket/RawChannel$Provider
instanceKlass jdk/internal/net/http/MultiExchange$$Lambda$542+0x000000080021d980
instanceKlass jdk/internal/net/http/MultiExchange$$Lambda$541+0x000000080021d740
instanceKlass jdk/internal/net/http/Exchange$$Lambda$540+0x000000080021d510
instanceKlass jdk/internal/net/http/Exchange$$Lambda$539+0x000000080021d2e0
instanceKlass jdk/internal/net/http/ResponseSubscribers$$Lambda$537+0x000000080021d0b0
instanceKlass jdk/internal/net/http/ResponseSubscribers$$Lambda$538+0x000000080021ce80
instanceKlass jdk/internal/net/http/ResponseSubscribers$$Lambda$536+0x000000080021cc60
instanceKlass jdk/internal/net/http/ResponseSubscribers$$Lambda$535+0x000000080021ca40
instanceKlass jdk/internal/net/http/Stream$$Lambda$534+0x000000080021c810
instanceKlass jdk/internal/net/http/Stream$$Lambda$533+0x000000080021c5e0
instanceKlass java/net/http/HttpResponse$BodySubscribers$$Lambda$532+0x000000080021c3a0
instanceKlass java/net/http/HttpResponse$BodySubscribers$$Lambda$531+0x000000080021c160
instanceKlass jdk/internal/net/http/ResponseSubscribers
instanceKlass jdk/internal/net/http/ResponseSubscribers$ByteArraySubscriber
instanceKlass jdk/internal/net/http/ResponseSubscribers$TrustedSubscriber
instanceKlass java/net/http/HttpResponse$BodySubscribers
instanceKlass sun/net/www/HeaderParser
instanceKlass jdk/internal/net/http/ResponseInfoImpl
instanceKlass jdk/internal/net/http/Stream$$Lambda$530+0x000000080021b0b8
instanceKlass java/util/stream/FindOps$FindSink$OfLong$$Lambda$529+0x00000008002222a8
instanceKlass java/util/stream/FindOps$FindSink$OfLong$$Lambda$528+0x0000000800222060
instanceKlass java/util/stream/FindOps$FindSink$OfLong$$Lambda$527+0x0000000800221e48
instanceKlass java/util/stream/FindOps$FindSink$OfLong$$Lambda$526+0x0000000800221c00
instanceKlass java/util/OptionalLong
instanceKlass java/util/stream/Sink$OfLong
instanceKlass java/util/function/LongConsumer
instanceKlass java/util/stream/LongStream
instanceKlass java/net/http/HttpHeaders$$Lambda$525+0x000000080021aea0
instanceKlass java/util/function/ToLongFunction
instanceKlass jdk/internal/net/http/hpack/Decoder$1
instanceKlass jdk/internal/net/http/Stream$$Lambda$524+0x000000080021aa68
instanceKlass jdk/internal/net/http/Stream$$Lambda$522+0x000000080021a830
instanceKlass jdk/internal/net/http/Stream$$Lambda$523+0x000000080021a5f8
instanceKlass jdk/internal/net/http/Stream$$Lambda$521+0x000000080021a3c0
instanceKlass jdk/internal/net/http/Exchange$$Lambda$520+0x000000080021a180
instanceKlass jdk/internal/net/http/Exchange$$Lambda$518+0x0000000800219f40
instanceKlass jdk/internal/net/http/Exchange$$Lambda$519+0x0000000800219d00
instanceKlass jdk/internal/net/http/Exchange$$Lambda$517+0x0000000800219ac0
instanceKlass jdk/internal/net/http/Stream$$Lambda$515+0x0000000800219880
instanceKlass jdk/internal/net/http/Stream$$Lambda$514+0x0000000800219640
instanceKlass jdk/internal/net/http/Stream$$Lambda$516+0x0000000800219400
instanceKlass jdk/internal/net/http/Stream$$Lambda$513+0x00000008002191c0
instanceKlass jdk/internal/net/http/Stream$$Lambda$511+0x0000000800218f90
instanceKlass jdk/internal/net/http/Stream$$Lambda$512+0x0000000800218d60
instanceKlass jdk/internal/net/http/Stream$$Lambda$510+0x0000000800218900
instanceKlass jdk/internal/net/http/Stream$$Lambda$509+0x0000000800218b30
instanceKlass jdk/internal/net/http/Exchange$$Lambda$507+0x00000008002186d0
instanceKlass jdk/internal/net/http/Exchange$$Lambda$508+0x00000008002184a0
instanceKlass jdk/internal/net/http/Exchange$$Lambda$505+0x0000000800218270
instanceKlass jdk/internal/net/http/Exchange$$Lambda$506+0x0000000800218040
instanceKlass jdk/internal/net/http/HttpConnection$PlainHttpPublisher$$Lambda$504+0x0000000800217cb8
instanceKlass jdk/internal/net/http/HttpConnection$PlainHttpPublisher$$Lambda$503+0x0000000800217aa0
instanceKlass jdk/internal/net/http/HttpConnection$PlainHttpPublisher$$Lambda$502+0x0000000800217888
instanceKlass jdk/internal/net/http/HttpConnection$PlainHttpPublisher$$Lambda$501+0x0000000800217670
instanceKlass java/util/AbstractMap$2$1
instanceKlass java/util/Collections$UnmodifiableMap$UnmodifiableEntrySet$UnmodifiableEntry
instanceKlass java/util/Collections$UnmodifiableMap$UnmodifiableEntrySet$1
instanceKlass jdk/internal/net/http/Stream$$Lambda$500+0x0000000800217230
instanceKlass jdk/internal/net/http/Stream$$Lambda$498+0x0000000800216fe0
instanceKlass jdk/internal/net/http/Stream$$Lambda$499+0x0000000800216d90
instanceKlass jdk/internal/net/http/Stream$$Lambda$497+0x0000000800216b40
instanceKlass jdk/internal/net/http/common/Utils$$Lambda$495+0x00000008002166a0
instanceKlass jdk/internal/net/http/common/Utils$$Lambda$494+0x00000008002168f0
instanceKlass jdk/internal/net/http/common/Utils$$Lambda$496+0x0000000800216450
instanceKlass jdk/internal/net/http/common/Utils$$Lambda$493+0x0000000800216200
instanceKlass jdk/internal/net/http/Http2Connection$ValidatingHeadersConsumer
instanceKlass jdk/internal/net/http/Stream$$Lambda$492+0x0000000800215a50
instanceKlass jdk/internal/net/http/Stream$$Lambda$491+0x0000000800215820
instanceKlass jdk/internal/net/http/Stream$$Lambda$489+0x00000008002155f0
instanceKlass jdk/internal/net/http/Stream$$Lambda$490+0x00000008002153c0
instanceKlass jdk/internal/net/http/Stream$$Lambda$487+0x00000008002151a0
instanceKlass jdk/internal/net/http/Stream$$Lambda$488+0x0000000800214f80
instanceKlass jdk/internal/net/http/Stream$$Lambda$486+0x0000000800214d60
instanceKlass jdk/internal/net/http/Stream$$Lambda$485+0x0000000800214b40
instanceKlass jdk/internal/net/http/Stream$$Lambda$484+0x0000000800214920
instanceKlass jdk/internal/net/http/Stream$$Lambda$483+0x0000000800214700
instanceKlass jdk/internal/net/http/Stream$$Lambda$482+0x00000008002144e0
instanceKlass jdk/internal/net/http/Stream$$Lambda$481+0x00000008002142c0
instanceKlass jdk/internal/net/http/Stream$$Lambda$479+0x0000000800213e80
instanceKlass jdk/internal/net/http/Stream$$Lambda$480+0x00000008002140a0
instanceKlass jdk/internal/net/http/Stream$$Lambda$478+0x0000000800213c60
instanceKlass jdk/internal/net/http/Stream$$Lambda$477+0x0000000800213a40
instanceKlass java/util/stream/ReduceOps$5ReducingSink
instanceKlass java/util/stream/Sink$OfInt
instanceKlass java/util/function/IntConsumer
instanceKlass java/util/stream/IntPipeline$$Lambda$475+0x00000008001fd778
instanceKlass java/util/stream/IntPipeline$$Lambda$474+0x00000008001fd560
instanceKlass java/util/stream/IntPipeline$$Lambda$476+0x00000008001fd348
instanceKlass java/util/stream/IntPipeline$$Lambda$473+0x00000008001fd130
instanceKlass java/util/stream/IntStream
instanceKlass jdk/internal/net/http/HttpConnection$PlainHttpPublisher$$Lambda$469+0x0000000800213380
instanceKlass jdk/internal/net/http/HttpConnection$PlainHttpPublisher$$Lambda$470+0x0000000800213168
instanceKlass jdk/internal/net/http/HttpConnection$PlainHttpPublisher$$Lambda$472+0x0000000800212f50
instanceKlass jdk/internal/net/http/HttpConnection$PlainHttpPublisher$$Lambda$471+0x0000000800212d38
instanceKlass java/util/function/ToIntFunction
instanceKlass jdk/internal/net/http/HttpConnection$PlainHttpPublisher$HttpWriteSubscription
instanceKlass jdk/internal/net/http/common/SSLTube$DelegateWrapper$$Lambda$466+0x00000008002128e0
instanceKlass jdk/internal/net/http/common/SSLTube$DelegateWrapper$$Lambda$468+0x00000008002126b0
instanceKlass jdk/internal/net/http/common/SSLTube$DelegateWrapper$$Lambda$467+0x0000000800212480
instanceKlass jdk/internal/net/http/common/SSLTube$DelegateWrapper$$Lambda$465+0x0000000800212250
instanceKlass jdk/internal/net/http/common/SSLTube$DelegateWrapper
instanceKlass jdk/internal/net/http/WindowUpdateSender$$Lambda$463+0x0000000800211db0
instanceKlass jdk/internal/net/http/WindowUpdateSender$$Lambda$461+0x0000000800211970
instanceKlass jdk/internal/net/http/WindowUpdateSender$$Lambda$464+0x0000000800211b90
instanceKlass jdk/internal/net/http/WindowUpdateSender$$Lambda$462+0x0000000800211750
instanceKlass jdk/internal/net/http/WindowUpdateSender
instanceKlass jdk/internal/net/http/hpack/ISO_8859_1$Reader$$Lambda$459+0x0000000800210ec0
instanceKlass jdk/internal/net/http/hpack/ISO_8859_1$Reader$$Lambda$458+0x00000008002110e0
instanceKlass jdk/internal/net/http/hpack/ISO_8859_1$Reader$$Lambda$460+0x0000000800210ca0
instanceKlass jdk/internal/net/http/hpack/ISO_8859_1$Reader$$Lambda$457+0x0000000800210a80
instanceKlass jdk/internal/net/http/hpack/ISO_8859_1$Reader
instanceKlass jdk/internal/net/http/hpack/QuickHuffman$ImmutableNode
instanceKlass jdk/internal/net/http/hpack/QuickHuffman$TemporaryNode
instanceKlass jdk/internal/net/http/hpack/QuickHuffman$Node
instanceKlass jdk/internal/net/http/hpack/QuickHuffman$Reader$$Lambda$453+0x0000000800207890
instanceKlass jdk/internal/net/http/hpack/QuickHuffman$Reader$$Lambda$455+0x0000000800207670
instanceKlass jdk/internal/net/http/hpack/QuickHuffman$Reader$$Lambda$456+0x0000000800207450
instanceKlass jdk/internal/net/http/hpack/QuickHuffman$Reader$$Lambda$454+0x0000000800207230
instanceKlass jdk/internal/net/http/hpack/QuickHuffman$Reader
instanceKlass jdk/internal/net/http/hpack/Huffman$Reader
instanceKlass jdk/internal/net/http/hpack/StringReader
instanceKlass jdk/internal/net/http/hpack/IntegerReader
instanceKlass jdk/internal/net/http/hpack/Decoder
instanceKlass jdk/internal/net/http/hpack/SimpleHeaderTable$CircularBuffer
instanceKlass jdk/internal/net/http/hpack/HeaderTable$$Lambda$452+0x0000000800205f90
instanceKlass jdk/internal/net/http/hpack/SimpleHeaderTable$HeaderField
instanceKlass jdk/internal/net/http/hpack/SimpleHeaderTable
instanceKlass java/lang/invoke/LambdaForm$MH+0x000000080020f040
instanceKlass java/lang/invoke/LambdaForm$MH+0x000000080020e040
instanceKlass java/lang/invoke/LambdaForm$MH+0x000000080020d040
instanceKlass java/lang/invoke/LambdaForm$MH+0x000000080020c040
instanceKlass java/lang/invoke/LambdaForm$MH+0x000000080020b040
instanceKlass java/lang/invoke/LambdaForm$MH+0x000000080020a040
instanceKlass java/lang/invoke/LambdaForm$MH+0x0000000800209040
instanceKlass java/lang/invoke/LambdaForm$MH+0x0000000800208040
instanceKlass jdk/internal/net/http/hpack/HPACK$Logger$$Lambda$451+0x00000008002054b8
instanceKlass jdk/internal/net/http/hpack/HPACK$$Lambda$450+0x0000000800205298
instanceKlass jdk/internal/net/http/hpack/HPACK$Logger
instanceKlass jdk/internal/net/http/hpack/HPACK
instanceKlass jdk/internal/net/http/hpack/BulkSizeUpdateWriter
instanceKlass jdk/internal/net/http/hpack/SizeUpdateWriter
instanceKlass jdk/internal/net/http/hpack/ISO_8859_1$Writer$$Lambda$447+0x0000000800203988
instanceKlass jdk/internal/net/http/hpack/ISO_8859_1$Writer$$Lambda$449+0x0000000800203ba8
instanceKlass jdk/internal/net/http/hpack/ISO_8859_1$Writer$$Lambda$448+0x0000000800203768
instanceKlass jdk/internal/net/http/hpack/ISO_8859_1$Writer$$Lambda$446+0x0000000800203548
instanceKlass jdk/internal/net/http/hpack/ISO_8859_1
instanceKlass jdk/internal/net/http/hpack/ISO_8859_1$Writer
instanceKlass jdk/internal/net/http/hpack/StringWriter
instanceKlass jdk/internal/net/http/hpack/IndexNameValueWriter
instanceKlass jdk/internal/net/http/hpack/IntegerWriter
instanceKlass jdk/internal/net/http/hpack/IndexedWriter
instanceKlass jdk/internal/net/http/hpack/QuickHuffman$Writer$$Lambda$443+0x0000000800202440
instanceKlass jdk/internal/net/http/hpack/QuickHuffman$Writer$$Lambda$442+0x0000000800202220
instanceKlass jdk/internal/net/http/hpack/QuickHuffman$Writer$$Lambda$445+0x0000000800202000
instanceKlass jdk/internal/net/http/hpack/QuickHuffman$Writer$$Lambda$444+0x0000000800201de0
instanceKlass jdk/internal/net/http/hpack/QuickHuffman
instanceKlass java/lang/invoke/LambdaForm$DMH+0x00000008001a3440
instanceKlass jdk/internal/net/http/hpack/HPACK$BufferUpdateConsumer
instanceKlass jdk/internal/net/http/hpack/QuickHuffman$Writer
instanceKlass jdk/internal/net/http/hpack/Huffman$Writer
instanceKlass jdk/internal/net/http/hpack/BinaryRepresentationWriter
instanceKlass jdk/internal/net/http/hpack/Encoder
instanceKlass jdk/internal/net/http/Http2Connection$$Lambda$441+0x0000000800200f68
instanceKlass jdk/internal/net/http/Http2Connection$$Lambda$440+0x0000000800200d48
instanceKlass jdk/internal/net/http/Http2Connection$$Lambda$439+0x0000000800200b28
instanceKlass jdk/internal/net/http/Http2Connection$$Lambda$438+0x0000000800200908
instanceKlass jdk/internal/net/http/fr24Frame/FramesDecoder$FrameProcessor
instanceKlass jdk/internal/net/http/fr24Frame/FramesDecoder$$Lambda$437+0x00000008002004f0
instanceKlass jdk/internal/net/http/fr24Frame/FramesDecoder
instanceKlass jdk/internal/net/http/Http2Connection$Http2TubeSubscriber$$Lambda$436+0x00000008001d75f8
instanceKlass jdk/internal/net/http/Http2Connection$Http2TubeSubscriber$$Lambda$434+0x00000008001d7818
instanceKlass jdk/internal/net/http/Http2Connection$Http2TubeSubscriber$$Lambda$435+0x00000008001d73d8
instanceKlass jdk/internal/net/http/Http2Connection$Http2TubeSubscriber$$Lambda$433+0x00000008001d71b8
instanceKlass jdk/internal/net/http/Http2Connection$Http2TubeSubscriber
instanceKlass jdk/internal/net/http/Http2Connection$FramesController
instanceKlass jdk/internal/net/http/WindowController$$Lambda$432+0x00000008001d6b10
instanceKlass jdk/internal/net/http/WindowController
instanceKlass jdk/internal/net/http/fr24Frame/FramesEncoder
instanceKlass jdk/internal/net/http/Http2Connection$$Lambda$431+0x00000008001d64c8
instanceKlass jdk/internal/net/http/Http2Connection$$Lambda$430+0x00000008001d62a8
instanceKlass jdk/internal/net/http/Http2Connection$$Lambda$429+0x00000008001d6088
instanceKlass jdk/internal/net/http/Http2Connection$$Lambda$428+0x00000008001d5e68
instanceKlass jdk/internal/net/http/Http2Connection$$Lambda$427+0x00000008001d5c48
instanceKlass jdk/internal/net/http/Http2Connection$$Lambda$426+0x00000008001d5a28
instanceKlass jdk/internal/net/http/Http2Connection$$Lambda$424+0x00000008001d5808
instanceKlass jdk/internal/net/http/Http2Connection$$Lambda$425+0x00000008001d55e8
instanceKlass jdk/internal/net/http/Http2Connection$$Lambda$423+0x00000008001d53b8
instanceKlass jdk/internal/net/http/Http2Connection$$Lambda$422+0x00000008001d5188
instanceKlass jdk/internal/net/http/Http2Connection$$Lambda$420+0x00000008001d4d28
instanceKlass jdk/internal/net/http/Http2Connection$$Lambda$421+0x00000008001d4f58
instanceKlass jdk/internal/net/http/Http2Connection$$Lambda$419+0x00000008001d4ae8
instanceKlass jdk/internal/net/http/Http2Connection$$Lambda$418+0x00000008001d4668
instanceKlass jdk/internal/net/http/Http2Connection$$Lambda$417+0x00000008001d48a8
instanceKlass jdk/internal/net/http/Http2Connection$$Lambda$416+0x00000008001d4428
instanceKlass sun/security/ssl/CipherSuite$1
instanceKlass sun/security/ssl/SSLBasicKeyDerivation$SecretSizeSpec
instanceKlass sun/security/ssl/SSLBasicKeyDerivation
instanceKlass sun/security/ssl/Finished$1
instanceKlass sun/security/ssl/Finished$T13VerifyDataGenerator
instanceKlass sun/security/ssl/Finished$T12VerifyDataGenerator
instanceKlass sun/security/ssl/Finished$T10VerifyDataGenerator
instanceKlass sun/security/ssl/Finished$S30VerifyDataGenerator
instanceKlass sun/security/ssl/Finished$VerifyDataGenerator
instanceKlass sun/security/rsa/MGF1
instanceKlass sun/security/ssl/X509Authentication$X509Credentials
instanceKlass sun/security/util/HostnameChecker$$Lambda$415+0x00000008001f9680
instanceKlass sun/security/util/HostnameChecker$$Lambda$414+0x00000008001f9210
instanceKlass sun/security/util/HostnameChecker$$Lambda$412+0x00000008001f8fd8
instanceKlass sun/security/util/HostnameChecker$$Lambda$413+0x00000008001f9448
instanceKlass sun/security/util/HostnameChecker$$Lambda$411+0x00000008001f8d90
instanceKlass sun/security/util/HostnameChecker$$Lambda$409+0x00000008001f8b48
instanceKlass sun/security/util/HostnameChecker$$Lambda$410+0x00000008001f8900
instanceKlass sun/security/util/HostnameChecker$$Lambda$408+0x00000008001f86b8
instanceKlass sun/security/util/DomainName$RegisteredDomainImpl
instanceKlass sun/security/util/DomainName$CommonMatch
instanceKlass sun/security/util/DomainName$Match
instanceKlass sun/security/util/DomainName$1
instanceKlass java/util/LinkedList$DescendingIterator
instanceKlass sun/security/util/DomainName$Rule
instanceKlass sun/security/util/DomainName$Rules$RuleSet
instanceKlass java/util/zip/Checksum$1
instanceKlass java/util/zip/CRC32
instanceKlass java/util/zip/Checksum
instanceKlass sun/security/util/DomainName$Rules$1
instanceKlass sun/security/util/DomainName$Rules$$Lambda$406+0x00000008001f5b60
instanceKlass sun/security/util/DomainName$Rules$$Lambda$407+0x00000008001f5da0
instanceKlass sun/security/util/DomainName$Rules$$Lambda$405+0x00000008001f5920
instanceKlass sun/security/util/DomainName$Rules$$Lambda$404+0x00000008001f56e0
instanceKlass sun/security/util/DomainName$Rules
instanceKlass sun/security/util/DomainName
instanceKlass sun/security/util/RegisteredDomain
instanceKlass sun/security/util/HostnameChecker
instanceKlass java/time/temporal/ValueRange
instanceKlass java/time/temporal/TemporalField
instanceKlass java/time/LocalDate
instanceKlass java/time/chrono/ChronoLocalDate
instanceKlass java/time/temporal/TemporalAdjuster
instanceKlass sun/security/validator/SymantecTLSPolicy
instanceKlass java/util/RegularEnumSet$EnumSetIterator
instanceKlass sun/security/validator/CADistrustPolicy$2
instanceKlass java/util/Vector$Itr
instanceKlass java/security/cert/PKIXCertPathValidatorResult
instanceKlass java/security/cert/CertPathValidatorResult
instanceKlass sun/security/rsa/RSAPadding
instanceKlass sun/security/rsa/RSACore
instanceKlass java/security/interfaces/RSAPrivateCrtKey
instanceKlass java/security/interfaces/RSAPrivateKey
instanceKlass sun/security/util/SignatureUtil
instanceKlass jdk/internal/reflect/UnsafeFieldAccessorFactory
instanceKlass java/security/interfaces/DSAPublicKey
instanceKlass java/security/interfaces/DSAKey
instanceKlass sun/security/util/Length
instanceKlass sun/security/provider/certpath/PKIXMasterCertPathValidator
instanceKlass sun/security/provider/certpath/PolicyNodeImpl
instanceKlass java/security/cert/PolicyNode
instanceKlass sun/security/util/AnchorCertificates$1
instanceKlass sun/security/util/AnchorCertificates
instanceKlass sun/security/x509/X509CertImpl$$Lambda$403+0x00000008001ed300
instanceKlass sun/security/x509/X509CertImpl$$Lambda$401+0x00000008001ed540
instanceKlass sun/security/x509/X509CertImpl$$Lambda$402+0x00000008001ed0c0
instanceKlass sun/security/x509/X509CertImpl$$Lambda$400+0x00000008001ece80
instanceKlass sun/security/util/UntrustedCertificates$1
instanceKlass sun/security/util/UntrustedCertificates
instanceKlass sun/security/provider/certpath/CertPathHelper
instanceKlass java/security/cert/X509CertSelector
instanceKlass java/security/cert/CertSelector
instanceKlass sun/security/provider/certpath/PKIX$ValidatorParams
instanceKlass sun/security/provider/certpath/PKIX
instanceKlass java/security/cert/CertPath
instanceKlass java/security/cert/CertPathValidatorSpi
instanceKlass java/security/cert/CertPathValidator
instanceKlass java/security/cert/PKIXCertPathChecker
instanceKlass java/security/cert/CertPathChecker
instanceKlass java/security/Timestamp
instanceKlass sun/security/ssl/SSLAlgorithmConstraints$SupportedSignatureAlgorithmConstraints
instanceKlass jdk/internal/icu/util/CodePointTrie$Data
instanceKlass jdk/internal/icu/util/CodePointTrie$1
instanceKlass jdk/internal/icu/util/CodePointMap
instanceKlass jdk/internal/icu/impl/NormalizerImpl$IsAcceptable
instanceKlass jdk/internal/icu/impl/NormalizerImpl
instanceKlass jdk/internal/icu/impl/Norm2AllModes$Norm2AllModesSingleton
instanceKlass jdk/internal/icu/impl/Norm2AllModes$NFKCSingleton
instanceKlass jdk/internal/icu/impl/Norm2AllModes
instanceKlass jdk/internal/icu/text/Normalizer2
instanceKlass jdk/internal/icu/text/NormalizerBase$ModeImpl
